running egg_info
writing ../../build/Manipulator_X/Manipulator_X.egg-info/PKG-INFO
writing dependency_links to ../../build/Manipulator_X/Manipulator_X.egg-info/dependency_links.txt
writing entry points to ../../build/Manipulator_X/Manipulator_X.egg-info/entry_points.txt
writing requirements to ../../build/Manipulator_X/Manipulator_X.egg-info/requires.txt
writing top-level names to ../../build/Manipulator_X/Manipulator_X.egg-info/top_level.txt
reading manifest file '../../build/Manipulator_X/Manipulator_X.egg-info/SOURCES.txt'
adding license file 'LICENSE'
writing manifest file '../../build/Manipulator_X/Manipulator_X.egg-info/SOURCES.txt'
running build
running build_py
copying Manipulator_X/inv_kin_server.py -> /home/lucasb/RBE500_Project/build/Manipulator_X/build/lib/Manipulator_X
running install
running install_lib
copying /home/lucasb/RBE500_Project/build/Manipulator_X/build/lib/Manipulator_X/inv_kin_server.py -> /home/lucasb/RBE500_Project/install/Manipulator_X/lib/python3.10/site-packages/Manipulator_X
byte-compiling /home/lucasb/RBE500_Project/install/Manipulator_X/lib/python3.10/site-packages/Manipulator_X/inv_kin_server.py to inv_kin_server.cpython-310.pyc
running install_data
copying package.xml -> /home/lucasb/RBE500_Project/install/Manipulator_X/share/Manipulator_X
running install_egg_info
removing '/home/lucasb/RBE500_Project/install/Manipulator_X/lib/python3.10/site-packages/Manipulator_X-0.0.0-py3.10.egg-info' (and everything under it)
Copying ../../build/Manipulator_X/Manipulator_X.egg-info to /home/lucasb/RBE500_Project/install/Manipulator_X/lib/python3.10/site-packages/Manipulator_X-0.0.0-py3.10.egg-info
running install_scripts
Installing inverse_client script to /home/lucasb/RBE500_Project/install/Manipulator_X/lib/Manipulator_X
Installing inverse_server script to /home/lucasb/RBE500_Project/install/Manipulator_X/lib/Manipulator_X
Installing joint_listener script to /home/lucasb/RBE500_Project/install/Manipulator_X/lib/Manipulator_X
writing list of installed files to '/home/lucasb/RBE500_Project/build/Manipulator_X/install.log'
