[0.353s] Invoking command in '/home/lucasb/RBE500_Project/src/Manipulator_X': PYTHONPATH=/home/lucasb/RBE500_Project/build/Manipulator_X/prefix_override:/usr/lib/python3/dist-packages/colcon_core/task/python/colcon_distutils_commands:/home/lucasb/RBE500_Project/install/Manipulator_X/lib/python3.10/site-packages:${PYTHONPATH} /usr/bin/python3 -W ignore:setup.py install is deprecated setup.py egg_info --egg-base ../../build/Manipulator_X build --build-base /home/lucasb/RBE500_Project/build/Manipulator_X/build install --record /home/lucasb/RBE500_Project/build/Manipulator_X/install.log --single-version-externally-managed install_data
[0.486s] running egg_info
[0.486s] writing ../../build/Manipulator_X/Manipulator_X.egg-info/PKG-INFO
[0.486s] writing dependency_links to ../../build/Manipulator_X/Manipulator_X.egg-info/dependency_links.txt
[0.486s] writing entry points to ../../build/Manipulator_X/Manipulator_X.egg-info/entry_points.txt
[0.486s] writing requirements to ../../build/Manipulator_X/Manipulator_X.egg-info/requires.txt
[0.486s] writing top-level names to ../../build/Manipulator_X/Manipulator_X.egg-info/top_level.txt
[0.487s] reading manifest file '../../build/Manipulator_X/Manipulator_X.egg-info/SOURCES.txt'
[0.487s] adding license file 'LICENSE'
[0.488s] writing manifest file '../../build/Manipulator_X/Manipulator_X.egg-info/SOURCES.txt'
[0.488s] running build
[0.488s] running build_py
[0.488s] copying Manipulator_X/inv_kin_server.py -> /home/lucasb/RBE500_Project/build/Manipulator_X/build/lib/Manipulator_X
[0.488s] running install
[0.488s] running install_lib
[0.489s] copying /home/lucasb/RBE500_Project/build/Manipulator_X/build/lib/Manipulator_X/inv_kin_server.py -> /home/lucasb/RBE500_Project/install/Manipulator_X/lib/python3.10/site-packages/Manipulator_X
[0.489s] byte-compiling /home/lucasb/RBE500_Project/install/Manipulator_X/lib/python3.10/site-packages/Manipulator_X/inv_kin_server.py to inv_kin_server.cpython-310.pyc
[0.489s] running install_data
[0.489s] copying package.xml -> /home/lucasb/RBE500_Project/install/Manipulator_X/share/Manipulator_X
[0.489s] running install_egg_info
[0.490s] removing '/home/lucasb/RBE500_Project/install/Manipulator_X/lib/python3.10/site-packages/Manipulator_X-0.0.0-py3.10.egg-info' (and everything under it)
[0.490s] Copying ../../build/Manipulator_X/Manipulator_X.egg-info to /home/lucasb/RBE500_Project/install/Manipulator_X/lib/python3.10/site-packages/Manipulator_X-0.0.0-py3.10.egg-info
[0.491s] running install_scripts
[0.504s] Installing inverse_client script to /home/lucasb/RBE500_Project/install/Manipulator_X/lib/Manipulator_X
[0.504s] Installing inverse_server script to /home/lucasb/RBE500_Project/install/Manipulator_X/lib/Manipulator_X
[0.504s] Installing joint_listener script to /home/lucasb/RBE500_Project/install/Manipulator_X/lib/Manipulator_X
[0.504s] writing list of installed files to '/home/lucasb/RBE500_Project/build/Manipulator_X/install.log'
[0.517s] Invoked command in '/home/lucasb/RBE500_Project/src/Manipulator_X' returned '0': PYTHONPATH=/home/lucasb/RBE500_Project/build/Manipulator_X/prefix_override:/usr/lib/python3/dist-packages/colcon_core/task/python/colcon_distutils_commands:/home/lucasb/RBE500_Project/install/Manipulator_X/lib/python3.10/site-packages:${PYTHONPATH} /usr/bin/python3 -W ignore:setup.py install is deprecated setup.py egg_info --egg-base ../../build/Manipulator_X build --build-base /home/lucasb/RBE500_Project/build/Manipulator_X/build install --record /home/lucasb/RBE500_Project/build/Manipulator_X/install.log --single-version-externally-managed install_data
