[0.007s] Invoking command in '/home/lucasb/open_mx/build/custom_messages': CMAKE_PREFIX_PATH=${CMAKE_PREFIX_PATH}:/home/lucasb/open_mx/install/robot_omx:/opt/ros/humble /usr/bin/cmake --build /home/lucasb/open_mx/build/custom_messages -- -j20 -l20
[0.022s] -- Found ament_cmake: 1.3.10 (/opt/ros/humble/share/ament_cmake/cmake)
[0.107s] -- Found geometry_msgs: 4.2.4 (/opt/ros/humble/share/geometry_msgs/cmake)
[0.133s] -- Found rosidl_generator_c: 3.1.5 (/opt/ros/humble/share/rosidl_generator_c/cmake)
[0.136s] -- Found rosidl_adapter: 3.1.5 (/opt/ros/humble/share/rosidl_adapter/cmake)
[0.142s] -- Found rosidl_generator_cpp: 3.1.5 (/opt/ros/humble/share/rosidl_generator_cpp/cmake)
[0.151s] -- Using all available rosidl_typesupport_c: rosidl_typesupport_fastrtps_c;rosidl_typesupport_introspection_c
[0.162s] -- Using all available rosidl_typesupport_cpp: rosidl_typesupport_fastrtps_cpp;rosidl_typesupport_introspection_cpp
[0.189s] -- Found rosidl_default_generators: 1.2.0 (/opt/ros/humble/share/rosidl_default_generators/cmake)
[0.374s] -- Found ament_cmake_ros: 0.10.0 (/opt/ros/humble/share/ament_cmake_ros/cmake)
[0.668s] -- Using all available rosidl_typesupport_c: rosidl_typesupport_fastrtps_c;rosidl_typesupport_introspection_c
[0.783s] -- Using all available rosidl_typesupport_cpp: rosidl_typesupport_fastrtps_cpp;rosidl_typesupport_introspection_cpp
[0.802s] -- Found PythonInterp: /usr/bin/python3 (found suitable version "3.10.12", minimum required is "3.6") 
[0.803s] -- Found python_cmake_module: 0.10.0 (/opt/ros/humble/share/python_cmake_module/cmake)
[0.822s] -- Found PythonLibs: /usr/lib/x86_64-linux-gnu/libpython3.10.so (found suitable version "3.10.12", minimum required is "3.5") 
[0.823s] -- Using PYTHON_EXECUTABLE: /usr/bin/python3
[0.823s] -- Using PYTHON_INCLUDE_DIRS: /usr/include/python3.10
[0.823s] -- Using PYTHON_LIBRARIES: /usr/lib/x86_64-linux-gnu/libpython3.10.so
[0.841s] -- Found PythonExtra: .so  
[0.887s] -- Found ament_lint_auto: 0.12.11 (/opt/ros/humble/share/ament_lint_auto/cmake)
[0.894s] -- Added test 'lint_cmake' to check CMake code style
[0.894s] -- Added test 'xmllint' to check XML markup files
[0.895s] -- Configuring done
[0.913s] -- Generating done
[0.915s] -- Build files have been written to: /home/lucasb/open_mx/build/custom_messages
[0.936s] [  3%] [34m[1mGenerating C code for ROS interfaces[0m
[0.941s] [  6%] [34m[1mGenerating C++ code for ROS interfaces[0m
[0.945s] [  6%] Built target ament_cmake_python_copy_custom_messages
[1.082s] running egg_info
[1.083s] creating custom_messages.egg-info
[1.083s] writing custom_messages.egg-info/PKG-INFO
[1.083s] writing dependency_links to custom_messages.egg-info/dependency_links.txt
[1.083s] writing top-level names to custom_messages.egg-info/top_level.txt
[1.083s] writing manifest file 'custom_messages.egg-info/SOURCES.txt'
[1.084s] reading manifest file 'custom_messages.egg-info/SOURCES.txt'
[1.084s] writing manifest file 'custom_messages.egg-info/SOURCES.txt'
[1.101s] [  6%] Built target ament_cmake_python_build_custom_messages_egg
[1.111s] [  6%] Built target custom_messages__cpp
[1.119s] [  9%] [34m[1mGenerating C++ type support dispatch for ROS interfaces[0m
[1.120s] [ 12%] [34m[1mGenerating C++ type support for eProsima Fast-RTPS[0m
[1.120s] [ 16%] [34m[1mGenerating C++ introspection for ROS interfaces[0m
[1.121s] [ 19%] [32mBuilding C object CMakeFiles/custom_messages__rosidl_generator_c.dir/rosidl_generator_c/custom_messages/srv/detail/inv_kin__functions.c.o[0m
[1.178s] [ 22%] [32m[1mLinking C shared library libcustom_messages__rosidl_generator_c.so[0m
[1.214s] [ 22%] Built target custom_messages__rosidl_generator_c
[1.222s] [ 25%] [34m[1mGenerating C type support for eProsima Fast-RTPS[0m
[1.223s] [ 29%] [34m[1mGenerating C type support dispatch for ROS interfaces[0m
[1.224s] [ 32%] [34m[1mGenerating C introspection for ROS interfaces[0m
[1.278s] [ 35%] [32mBuilding CXX object CMakeFiles/custom_messages__rosidl_typesupport_cpp.dir/rosidl_typesupport_cpp/custom_messages/srv/inv_kin__type_support.cpp.o[0m
[1.287s] [ 38%] [32mBuilding CXX object CMakeFiles/custom_messages__rosidl_typesupport_introspection_cpp.dir/rosidl_typesupport_introspection_cpp/custom_messages/srv/detail/inv_kin__type_support.cpp.o[0m
[1.296s] [ 41%] [32mBuilding CXX object CMakeFiles/custom_messages__rosidl_typesupport_fastrtps_cpp.dir/rosidl_typesupport_fastrtps_cpp/custom_messages/srv/detail/dds_fastrtps/inv_kin__type_support.cpp.o[0m
[1.378s] [ 45%] [32mBuilding CXX object CMakeFiles/custom_messages__rosidl_typesupport_c.dir/rosidl_typesupport_c/custom_messages/srv/inv_kin__type_support.cpp.o[0m
[1.391s] [ 48%] [32mBuilding CXX object CMakeFiles/custom_messages__rosidl_typesupport_fastrtps_c.dir/rosidl_typesupport_fastrtps_c/custom_messages/srv/detail/inv_kin__type_support_c.cpp.o[0m
[1.407s] [ 51%] [32mBuilding C object CMakeFiles/custom_messages__rosidl_typesupport_introspection_c.dir/rosidl_typesupport_introspection_c/custom_messages/srv/detail/inv_kin__type_support.c.o[0m
[1.407s] [ 54%] [32m[1mLinking CXX shared library libcustom_messages__rosidl_typesupport_c.so[0m
[1.437s] [ 58%] [32m[1mLinking C shared library libcustom_messages__rosidl_typesupport_introspection_c.so[0m
[1.441s] [ 58%] Built target custom_messages__rosidl_typesupport_c
[1.463s] [ 61%] [32m[1mLinking CXX shared library libcustom_messages__rosidl_typesupport_cpp.so[0m
[1.471s] [ 61%] Built target custom_messages__rosidl_typesupport_introspection_c
[1.496s] [ 61%] Built target custom_messages__rosidl_typesupport_cpp
[1.538s] [ 64%] [32m[1mLinking CXX shared library libcustom_messages__rosidl_typesupport_introspection_cpp.so[0m
[1.541s] [ 67%] [32m[1mLinking CXX shared library libcustom_messages__rosidl_typesupport_fastrtps_cpp.so[0m
[1.586s] [ 67%] Built target custom_messages__rosidl_typesupport_introspection_cpp
[1.595s] [ 70%] [32m[1mLinking CXX shared library libcustom_messages__rosidl_typesupport_fastrtps_c.so[0m
[1.597s] [ 70%] Built target custom_messages__rosidl_typesupport_fastrtps_cpp
[1.652s] [ 70%] Built target custom_messages__rosidl_typesupport_fastrtps_c
[1.672s] [ 70%] Built target custom_messages
[1.696s] [ 74%] [34m[1mGenerating Python code for ROS interfaces[0m
[1.923s] [ 74%] Built target custom_messages__py
[1.945s] [ 77%] [32mBuilding C object CMakeFiles/custom_messages__rosidl_generator_py.dir/rosidl_generator_py/custom_messages/srv/_inv_kin_s.c.o[0m
[2.033s] [ 80%] [32m[1mLinking C shared library rosidl_generator_py/custom_messages/libcustom_messages__rosidl_generator_py.so[0m
[2.074s] [ 80%] Built target custom_messages__rosidl_generator_py
[2.099s] [ 83%] [32mBuilding C object CMakeFiles/custom_messages__rosidl_typesupport_introspection_c__pyext.dir/rosidl_generator_py/custom_messages/_custom_messages_s.ep.rosidl_typesupport_introspection_c.c.o[0m
[2.099s] [ 87%] [32mBuilding C object CMakeFiles/custom_messages__rosidl_typesupport_fastrtps_c__pyext.dir/rosidl_generator_py/custom_messages/_custom_messages_s.ep.rosidl_typesupport_fastrtps_c.c.o[0m
[2.101s] [ 90%] [32mBuilding C object CMakeFiles/custom_messages__rosidl_typesupport_c__pyext.dir/rosidl_generator_py/custom_messages/_custom_messages_s.ep.rosidl_typesupport_c.c.o[0m
[2.173s] [ 93%] [32m[1mLinking C shared library rosidl_generator_py/custom_messages/custom_messages_s__rosidl_typesupport_c.cpython-310-x86_64-linux-gnu.so[0m
[2.175s] [ 96%] [32m[1mLinking C shared library rosidl_generator_py/custom_messages/custom_messages_s__rosidl_typesupport_fastrtps_c.cpython-310-x86_64-linux-gnu.so[0m
[2.176s] [100%] [32m[1mLinking C shared library rosidl_generator_py/custom_messages/custom_messages_s__rosidl_typesupport_introspection_c.cpython-310-x86_64-linux-gnu.so[0m
[2.202s] [100%] Built target custom_messages__rosidl_typesupport_c__pyext
[2.204s] [100%] Built target custom_messages__rosidl_typesupport_introspection_c__pyext
[2.208s] [100%] Built target custom_messages__rosidl_typesupport_fastrtps_c__pyext
[2.220s] Invoked command in '/home/lucasb/open_mx/build/custom_messages' returned '0': CMAKE_PREFIX_PATH=${CMAKE_PREFIX_PATH}:/home/lucasb/open_mx/install/robot_omx:/opt/ros/humble /usr/bin/cmake --build /home/lucasb/open_mx/build/custom_messages -- -j20 -l20
[2.296s] Invoking command in '/home/lucasb/open_mx/build/custom_messages': CMAKE_PREFIX_PATH=${CMAKE_PREFIX_PATH}:/home/lucasb/open_mx/install/robot_omx:/opt/ros/humble /usr/bin/cmake --install /home/lucasb/open_mx/build/custom_messages
[2.305s] -- Install configuration: ""
[2.305s] -- Installing: /home/lucasb/open_mx/install/custom_messages/share/ament_index/resource_index/rosidl_interfaces/custom_messages
[2.306s] -- Installing: /home/lucasb/open_mx/install/custom_messages/include/custom_messages/custom_messages
[2.306s] -- Installing: /home/lucasb/open_mx/install/custom_messages/include/custom_messages/custom_messages/srv
[2.306s] -- Installing: /home/lucasb/open_mx/install/custom_messages/include/custom_messages/custom_messages/srv/inv_kin.h
[2.306s] -- Installing: /home/lucasb/open_mx/install/custom_messages/include/custom_messages/custom_messages/srv/detail
[2.306s] -- Installing: /home/lucasb/open_mx/install/custom_messages/include/custom_messages/custom_messages/srv/detail/inv_kin__functions.h
[2.306s] -- Installing: /home/lucasb/open_mx/install/custom_messages/include/custom_messages/custom_messages/srv/detail/inv_kin__struct.h
[2.306s] -- Installing: /home/lucasb/open_mx/install/custom_messages/include/custom_messages/custom_messages/srv/detail/inv_kin__functions.c
[2.307s] -- Installing: /home/lucasb/open_mx/install/custom_messages/include/custom_messages/custom_messages/srv/detail/inv_kin__type_support.h
[2.307s] -- Installing: /home/lucasb/open_mx/install/custom_messages/include/custom_messages/custom_messages/msg
[2.307s] -- Installing: /home/lucasb/open_mx/install/custom_messages/include/custom_messages/custom_messages/msg/rosidl_generator_c__visibility_control.h
[2.307s] -- Installing: /home/lucasb/open_mx/install/custom_messages/share/custom_messages/environment/library_path.sh
[2.307s] -- Installing: /home/lucasb/open_mx/install/custom_messages/share/custom_messages/environment/library_path.dsv
[2.307s] -- Installing: /home/lucasb/open_mx/install/custom_messages/lib/libcustom_messages__rosidl_generator_c.so
[2.307s] -- Set runtime path of "/home/lucasb/open_mx/install/custom_messages/lib/libcustom_messages__rosidl_generator_c.so" to ""
[2.307s] -- Up-to-date: /home/lucasb/open_mx/install/custom_messages/include/custom_messages/custom_messages
[2.307s] -- Up-to-date: /home/lucasb/open_mx/install/custom_messages/include/custom_messages/custom_messages/srv
[2.307s] -- Up-to-date: /home/lucasb/open_mx/install/custom_messages/include/custom_messages/custom_messages/srv/detail
[2.307s] -- Installing: /home/lucasb/open_mx/install/custom_messages/include/custom_messages/custom_messages/srv/detail/inv_kin__rosidl_typesupport_fastrtps_c.h
[2.307s] -- Up-to-date: /home/lucasb/open_mx/install/custom_messages/include/custom_messages/custom_messages/msg
[2.308s] -- Installing: /home/lucasb/open_mx/install/custom_messages/include/custom_messages/custom_messages/msg/rosidl_typesupport_fastrtps_c__visibility_control.h
[2.308s] -- Installing: /home/lucasb/open_mx/install/custom_messages/lib/libcustom_messages__rosidl_typesupport_fastrtps_c.so
[2.308s] -- Set runtime path of "/home/lucasb/open_mx/install/custom_messages/lib/libcustom_messages__rosidl_typesupport_fastrtps_c.so" to ""
[2.308s] -- Up-to-date: /home/lucasb/open_mx/install/custom_messages/include/custom_messages/custom_messages
[2.308s] -- Up-to-date: /home/lucasb/open_mx/install/custom_messages/include/custom_messages/custom_messages/srv
[2.308s] -- Installing: /home/lucasb/open_mx/install/custom_messages/include/custom_messages/custom_messages/srv/inv_kin.hpp
[2.308s] -- Up-to-date: /home/lucasb/open_mx/install/custom_messages/include/custom_messages/custom_messages/srv/detail
[2.308s] -- Installing: /home/lucasb/open_mx/install/custom_messages/include/custom_messages/custom_messages/srv/detail/inv_kin__builder.hpp
[2.308s] -- Installing: /home/lucasb/open_mx/install/custom_messages/include/custom_messages/custom_messages/srv/detail/inv_kin__traits.hpp
[2.308s] -- Installing: /home/lucasb/open_mx/install/custom_messages/include/custom_messages/custom_messages/srv/detail/inv_kin__struct.hpp
[2.308s] -- Up-to-date: /home/lucasb/open_mx/install/custom_messages/include/custom_messages/custom_messages
[2.308s] -- Up-to-date: /home/lucasb/open_mx/install/custom_messages/include/custom_messages/custom_messages/srv
[2.308s] -- Up-to-date: /home/lucasb/open_mx/install/custom_messages/include/custom_messages/custom_messages/srv/detail
[2.308s] -- Installing: /home/lucasb/open_mx/install/custom_messages/include/custom_messages/custom_messages/srv/detail/inv_kin__rosidl_typesupport_fastrtps_cpp.hpp
[2.309s] -- Installing: /home/lucasb/open_mx/install/custom_messages/include/custom_messages/custom_messages/srv/detail/dds_fastrtps
[2.309s] -- Up-to-date: /home/lucasb/open_mx/install/custom_messages/include/custom_messages/custom_messages/msg
[2.309s] -- Installing: /home/lucasb/open_mx/install/custom_messages/include/custom_messages/custom_messages/msg/rosidl_typesupport_fastrtps_cpp__visibility_control.h
[2.309s] -- Installing: /home/lucasb/open_mx/install/custom_messages/lib/libcustom_messages__rosidl_typesupport_fastrtps_cpp.so
[2.309s] -- Set runtime path of "/home/lucasb/open_mx/install/custom_messages/lib/libcustom_messages__rosidl_typesupport_fastrtps_cpp.so" to ""
[2.309s] -- Up-to-date: /home/lucasb/open_mx/install/custom_messages/include/custom_messages/custom_messages
[2.309s] -- Up-to-date: /home/lucasb/open_mx/install/custom_messages/include/custom_messages/custom_messages/srv
[2.309s] -- Up-to-date: /home/lucasb/open_mx/install/custom_messages/include/custom_messages/custom_messages/srv/detail
[2.309s] -- Installing: /home/lucasb/open_mx/install/custom_messages/include/custom_messages/custom_messages/srv/detail/inv_kin__rosidl_typesupport_introspection_c.h
[2.309s] -- Installing: /home/lucasb/open_mx/install/custom_messages/include/custom_messages/custom_messages/srv/detail/inv_kin__type_support.c
[2.309s] -- Up-to-date: /home/lucasb/open_mx/install/custom_messages/include/custom_messages/custom_messages/msg
[2.309s] -- Installing: /home/lucasb/open_mx/install/custom_messages/include/custom_messages/custom_messages/msg/rosidl_typesupport_introspection_c__visibility_control.h
[2.309s] -- Installing: /home/lucasb/open_mx/install/custom_messages/lib/libcustom_messages__rosidl_typesupport_introspection_c.so
[2.309s] -- Set runtime path of "/home/lucasb/open_mx/install/custom_messages/lib/libcustom_messages__rosidl_typesupport_introspection_c.so" to ""
[2.310s] -- Installing: /home/lucasb/open_mx/install/custom_messages/lib/libcustom_messages__rosidl_typesupport_c.so
[2.310s] -- Set runtime path of "/home/lucasb/open_mx/install/custom_messages/lib/libcustom_messages__rosidl_typesupport_c.so" to ""
[2.310s] -- Up-to-date: /home/lucasb/open_mx/install/custom_messages/include/custom_messages/custom_messages
[2.310s] -- Up-to-date: /home/lucasb/open_mx/install/custom_messages/include/custom_messages/custom_messages/srv
[2.310s] -- Up-to-date: /home/lucasb/open_mx/install/custom_messages/include/custom_messages/custom_messages/srv/detail
[2.310s] -- Installing: /home/lucasb/open_mx/install/custom_messages/include/custom_messages/custom_messages/srv/detail/inv_kin__rosidl_typesupport_introspection_cpp.hpp
[2.310s] -- Installing: /home/lucasb/open_mx/install/custom_messages/include/custom_messages/custom_messages/srv/detail/inv_kin__type_support.cpp
[2.310s] -- Installing: /home/lucasb/open_mx/install/custom_messages/lib/libcustom_messages__rosidl_typesupport_introspection_cpp.so
[2.310s] -- Set runtime path of "/home/lucasb/open_mx/install/custom_messages/lib/libcustom_messages__rosidl_typesupport_introspection_cpp.so" to ""
[2.310s] -- Installing: /home/lucasb/open_mx/install/custom_messages/lib/libcustom_messages__rosidl_typesupport_cpp.so
[2.310s] -- Set runtime path of "/home/lucasb/open_mx/install/custom_messages/lib/libcustom_messages__rosidl_typesupport_cpp.so" to ""
[2.310s] -- Installing: /home/lucasb/open_mx/install/custom_messages/share/custom_messages/environment/pythonpath.sh
[2.310s] -- Installing: /home/lucasb/open_mx/install/custom_messages/share/custom_messages/environment/pythonpath.dsv
[2.310s] -- Installing: /home/lucasb/open_mx/install/custom_messages/local/lib/python3.10/dist-packages/custom_messages-0.0.0-py3.10.egg-info
[2.310s] -- Installing: /home/lucasb/open_mx/install/custom_messages/local/lib/python3.10/dist-packages/custom_messages-0.0.0-py3.10.egg-info/SOURCES.txt
[2.311s] -- Installing: /home/lucasb/open_mx/install/custom_messages/local/lib/python3.10/dist-packages/custom_messages-0.0.0-py3.10.egg-info/top_level.txt
[2.311s] -- Installing: /home/lucasb/open_mx/install/custom_messages/local/lib/python3.10/dist-packages/custom_messages-0.0.0-py3.10.egg-info/PKG-INFO
[2.311s] -- Installing: /home/lucasb/open_mx/install/custom_messages/local/lib/python3.10/dist-packages/custom_messages-0.0.0-py3.10.egg-info/dependency_links.txt
[2.311s] -- Installing: /home/lucasb/open_mx/install/custom_messages/local/lib/python3.10/dist-packages/custom_messages
[2.311s] -- Installing: /home/lucasb/open_mx/install/custom_messages/local/lib/python3.10/dist-packages/custom_messages/custom_messages_s__rosidl_typesupport_fastrtps_c.cpython-310-x86_64-linux-gnu.so
[2.311s] -- Installing: /home/lucasb/open_mx/install/custom_messages/local/lib/python3.10/dist-packages/custom_messages/custom_messages_s__rosidl_typesupport_c.cpython-310-x86_64-linux-gnu.so
[2.311s] -- Installing: /home/lucasb/open_mx/install/custom_messages/local/lib/python3.10/dist-packages/custom_messages/__init__.py
[2.311s] -- Installing: /home/lucasb/open_mx/install/custom_messages/local/lib/python3.10/dist-packages/custom_messages/_custom_messages_s.ep.rosidl_typesupport_introspection_c.c
[2.311s] -- Installing: /home/lucasb/open_mx/install/custom_messages/local/lib/python3.10/dist-packages/custom_messages/libcustom_messages__rosidl_generator_py.so
[2.311s] -- Installing: /home/lucasb/open_mx/install/custom_messages/local/lib/python3.10/dist-packages/custom_messages/_custom_messages_s.ep.rosidl_typesupport_c.c
[2.311s] -- Installing: /home/lucasb/open_mx/install/custom_messages/local/lib/python3.10/dist-packages/custom_messages/_custom_messages_s.ep.rosidl_typesupport_fastrtps_c.c
[2.312s] -- Installing: /home/lucasb/open_mx/install/custom_messages/local/lib/python3.10/dist-packages/custom_messages/srv
[2.312s] -- Installing: /home/lucasb/open_mx/install/custom_messages/local/lib/python3.10/dist-packages/custom_messages/srv/_inv_kin_s.c
[2.312s] -- Installing: /home/lucasb/open_mx/install/custom_messages/local/lib/python3.10/dist-packages/custom_messages/srv/__init__.py
[2.312s] -- Installing: /home/lucasb/open_mx/install/custom_messages/local/lib/python3.10/dist-packages/custom_messages/srv/_inv_kin.py
[2.312s] -- Installing: /home/lucasb/open_mx/install/custom_messages/local/lib/python3.10/dist-packages/custom_messages/custom_messages_s__rosidl_typesupport_introspection_c.cpython-310-x86_64-linux-gnu.so
[2.346s] Listing '/home/lucasb/open_mx/install/custom_messages/local/lib/python3.10/dist-packages/custom_messages'...
[2.346s] Compiling '/home/lucasb/open_mx/install/custom_messages/local/lib/python3.10/dist-packages/custom_messages/__init__.py'...
[2.346s] Listing '/home/lucasb/open_mx/install/custom_messages/local/lib/python3.10/dist-packages/custom_messages/srv'...
[2.346s] Compiling '/home/lucasb/open_mx/install/custom_messages/local/lib/python3.10/dist-packages/custom_messages/srv/__init__.py'...
[2.346s] Compiling '/home/lucasb/open_mx/install/custom_messages/local/lib/python3.10/dist-packages/custom_messages/srv/_inv_kin.py'...
[2.348s] -- Installing: /home/lucasb/open_mx/install/custom_messages/local/lib/python3.10/dist-packages/custom_messages/custom_messages_s__rosidl_typesupport_fastrtps_c.cpython-310-x86_64-linux-gnu.so
[2.349s] -- Set runtime path of "/home/lucasb/open_mx/install/custom_messages/local/lib/python3.10/dist-packages/custom_messages/custom_messages_s__rosidl_typesupport_fastrtps_c.cpython-310-x86_64-linux-gnu.so" to ""
[2.349s] -- Installing: /home/lucasb/open_mx/install/custom_messages/local/lib/python3.10/dist-packages/custom_messages/custom_messages_s__rosidl_typesupport_introspection_c.cpython-310-x86_64-linux-gnu.so
[2.349s] -- Set runtime path of "/home/lucasb/open_mx/install/custom_messages/local/lib/python3.10/dist-packages/custom_messages/custom_messages_s__rosidl_typesupport_introspection_c.cpython-310-x86_64-linux-gnu.so" to ""
[2.349s] -- Installing: /home/lucasb/open_mx/install/custom_messages/local/lib/python3.10/dist-packages/custom_messages/custom_messages_s__rosidl_typesupport_c.cpython-310-x86_64-linux-gnu.so
[2.349s] -- Set runtime path of "/home/lucasb/open_mx/install/custom_messages/local/lib/python3.10/dist-packages/custom_messages/custom_messages_s__rosidl_typesupport_c.cpython-310-x86_64-linux-gnu.so" to ""
[2.349s] -- Installing: /home/lucasb/open_mx/install/custom_messages/lib/libcustom_messages__rosidl_generator_py.so
[2.349s] -- Set runtime path of "/home/lucasb/open_mx/install/custom_messages/lib/libcustom_messages__rosidl_generator_py.so" to ""
[2.349s] -- Installing: /home/lucasb/open_mx/install/custom_messages/share/custom_messages/srv/InvKin.idl
[2.349s] -- Installing: /home/lucasb/open_mx/install/custom_messages/share/custom_messages/srv/InvKin.srv
[2.349s] -- Installing: /home/lucasb/open_mx/install/custom_messages/share/custom_messages/srv/InvKin_Request.msg
[2.349s] -- Installing: /home/lucasb/open_mx/install/custom_messages/share/custom_messages/srv/InvKin_Response.msg
[2.349s] -- Installing: /home/lucasb/open_mx/install/custom_messages/share/ament_index/resource_index/package_run_dependencies/custom_messages
[2.349s] -- Up-to-date: /home/lucasb/open_mx/install/custom_messages/share/ament_index/resource_index/parent_prefix_path/custom_messages
[2.349s] -- Up-to-date: /home/lucasb/open_mx/install/custom_messages/share/custom_messages/environment/ament_prefix_path.sh
[2.349s] -- Installing: /home/lucasb/open_mx/install/custom_messages/share/custom_messages/environment/ament_prefix_path.dsv
[2.349s] -- Up-to-date: /home/lucasb/open_mx/install/custom_messages/share/custom_messages/environment/path.sh
[2.349s] -- Installing: /home/lucasb/open_mx/install/custom_messages/share/custom_messages/environment/path.dsv
[2.349s] -- Up-to-date: /home/lucasb/open_mx/install/custom_messages/share/custom_messages/local_setup.bash
[2.350s] -- Installing: /home/lucasb/open_mx/install/custom_messages/share/custom_messages/local_setup.sh
[2.350s] -- Up-to-date: /home/lucasb/open_mx/install/custom_messages/share/custom_messages/local_setup.zsh
[2.350s] -- Installing: /home/lucasb/open_mx/install/custom_messages/share/custom_messages/local_setup.dsv
[2.350s] -- Installing: /home/lucasb/open_mx/install/custom_messages/share/custom_messages/package.dsv
[2.350s] -- Up-to-date: /home/lucasb/open_mx/install/custom_messages/share/ament_index/resource_index/packages/custom_messages
[2.350s] -- Installing: /home/lucasb/open_mx/install/custom_messages/share/custom_messages/cmake/export_custom_messages__rosidl_generator_cExport.cmake
[2.350s] -- Installing: /home/lucasb/open_mx/install/custom_messages/share/custom_messages/cmake/export_custom_messages__rosidl_generator_cExport-noconfig.cmake
[2.350s] -- Installing: /home/lucasb/open_mx/install/custom_messages/share/custom_messages/cmake/export_custom_messages__rosidl_typesupport_fastrtps_cExport.cmake
[2.350s] -- Installing: /home/lucasb/open_mx/install/custom_messages/share/custom_messages/cmake/export_custom_messages__rosidl_typesupport_fastrtps_cExport-noconfig.cmake
[2.350s] -- Installing: /home/lucasb/open_mx/install/custom_messages/share/custom_messages/cmake/export_custom_messages__rosidl_generator_cppExport.cmake
[2.350s] -- Installing: /home/lucasb/open_mx/install/custom_messages/share/custom_messages/cmake/export_custom_messages__rosidl_typesupport_fastrtps_cppExport.cmake
[2.350s] -- Installing: /home/lucasb/open_mx/install/custom_messages/share/custom_messages/cmake/export_custom_messages__rosidl_typesupport_fastrtps_cppExport-noconfig.cmake
[2.350s] -- Installing: /home/lucasb/open_mx/install/custom_messages/share/custom_messages/cmake/custom_messages__rosidl_typesupport_introspection_cExport.cmake
[2.350s] -- Installing: /home/lucasb/open_mx/install/custom_messages/share/custom_messages/cmake/custom_messages__rosidl_typesupport_introspection_cExport-noconfig.cmake
[2.350s] -- Installing: /home/lucasb/open_mx/install/custom_messages/share/custom_messages/cmake/custom_messages__rosidl_typesupport_cExport.cmake
[2.350s] -- Installing: /home/lucasb/open_mx/install/custom_messages/share/custom_messages/cmake/custom_messages__rosidl_typesupport_cExport-noconfig.cmake
[2.350s] -- Installing: /home/lucasb/open_mx/install/custom_messages/share/custom_messages/cmake/custom_messages__rosidl_typesupport_introspection_cppExport.cmake
[2.350s] -- Installing: /home/lucasb/open_mx/install/custom_messages/share/custom_messages/cmake/custom_messages__rosidl_typesupport_introspection_cppExport-noconfig.cmake
[2.350s] -- Installing: /home/lucasb/open_mx/install/custom_messages/share/custom_messages/cmake/custom_messages__rosidl_typesupport_cppExport.cmake
[2.350s] -- Installing: /home/lucasb/open_mx/install/custom_messages/share/custom_messages/cmake/custom_messages__rosidl_typesupport_cppExport-noconfig.cmake
[2.350s] -- Installing: /home/lucasb/open_mx/install/custom_messages/share/custom_messages/cmake/export_custom_messages__rosidl_generator_pyExport.cmake
[2.350s] -- Installing: /home/lucasb/open_mx/install/custom_messages/share/custom_messages/cmake/export_custom_messages__rosidl_generator_pyExport-noconfig.cmake
[2.351s] -- Installing: /home/lucasb/open_mx/install/custom_messages/share/custom_messages/cmake/rosidl_cmake-extras.cmake
[2.351s] -- Installing: /home/lucasb/open_mx/install/custom_messages/share/custom_messages/cmake/ament_cmake_export_dependencies-extras.cmake
[2.351s] -- Installing: /home/lucasb/open_mx/install/custom_messages/share/custom_messages/cmake/ament_cmake_export_include_directories-extras.cmake
[2.351s] -- Installing: /home/lucasb/open_mx/install/custom_messages/share/custom_messages/cmake/ament_cmake_export_libraries-extras.cmake
[2.351s] -- Installing: /home/lucasb/open_mx/install/custom_messages/share/custom_messages/cmake/ament_cmake_export_targets-extras.cmake
[2.351s] -- Installing: /home/lucasb/open_mx/install/custom_messages/share/custom_messages/cmake/rosidl_cmake_export_typesupport_targets-extras.cmake
[2.351s] -- Installing: /home/lucasb/open_mx/install/custom_messages/share/custom_messages/cmake/rosidl_cmake_export_typesupport_libraries-extras.cmake
[2.351s] -- Installing: /home/lucasb/open_mx/install/custom_messages/share/custom_messages/cmake/custom_messagesConfig.cmake
[2.351s] -- Up-to-date: /home/lucasb/open_mx/install/custom_messages/share/custom_messages/cmake/custom_messagesConfig-version.cmake
[2.351s] -- Installing: /home/lucasb/open_mx/install/custom_messages/share/custom_messages/package.xml
[2.353s] Invoked command in '/home/lucasb/open_mx/build/custom_messages' returned '0': CMAKE_PREFIX_PATH=${CMAKE_PREFIX_PATH}:/home/lucasb/open_mx/install/robot_omx:/opt/ros/humble /usr/bin/cmake --install /home/lucasb/open_mx/build/custom_messages
