running egg_info
creating ../../build/Manipulator_X/Manipulator_X.egg-info
writing ../../build/Manipulator_X/Manipulator_X.egg-info/PKG-INFO
writing dependency_links to ../../build/Manipulator_X/Manipulator_X.egg-info/dependency_links.txt
writing entry points to ../../build/Manipulator_X/Manipulator_X.egg-info/entry_points.txt
writing requirements to ../../build/Manipulator_X/Manipulator_X.egg-info/requires.txt
writing top-level names to ../../build/Manipulator_X/Manipulator_X.egg-info/top_level.txt
writing manifest file '../../build/Manipulator_X/Manipulator_X.egg-info/SOURCES.txt'
reading manifest file '../../build/Manipulator_X/Manipulator_X.egg-info/SOURCES.txt'
adding license file 'LICENSE'
writing manifest file '../../build/Manipulator_X/Manipulator_X.egg-info/SOURCES.txt'
running build
running build_py
creating /home/lucasb/RBE500_Project/build/Manipulator_X/build
creating /home/lucasb/RBE500_Project/build/Manipulator_X/build/lib
creating /home/lucasb/RBE500_Project/build/Manipulator_X/build/lib/Manipulator_X
copying Manipulator_X/ros_wrapper.py -> /home/lucasb/RBE500_Project/build/Manipulator_X/build/lib/Manipulator_X
copying Manipulator_X/__init__.py -> /home/lucasb/RBE500_Project/build/Manipulator_X/build/lib/Manipulator_X
copying Manipulator_X/kinematic_library.py -> /home/lucasb/RBE500_Project/build/Manipulator_X/build/lib/Manipulator_X
copying Manipulator_X/inv_kin_client.py -> /home/lucasb/RBE500_Project/build/Manipulator_X/build/lib/Manipulator_X
copying Manipulator_X/inv_kin_server.py -> /home/lucasb/RBE500_Project/build/Manipulator_X/build/lib/Manipulator_X
running install
running install_lib
creating /home/lucasb/RBE500_Project/install/Manipulator_X/lib/python3.10/site-packages/Manipulator_X
copying /home/lucasb/RBE500_Project/build/Manipulator_X/build/lib/Manipulator_X/ros_wrapper.py -> /home/lucasb/RBE500_Project/install/Manipulator_X/lib/python3.10/site-packages/Manipulator_X
copying /home/lucasb/RBE500_Project/build/Manipulator_X/build/lib/Manipulator_X/__init__.py -> /home/lucasb/RBE500_Project/install/Manipulator_X/lib/python3.10/site-packages/Manipulator_X
copying /home/lucasb/RBE500_Project/build/Manipulator_X/build/lib/Manipulator_X/kinematic_library.py -> /home/lucasb/RBE500_Project/install/Manipulator_X/lib/python3.10/site-packages/Manipulator_X
copying /home/lucasb/RBE500_Project/build/Manipulator_X/build/lib/Manipulator_X/inv_kin_client.py -> /home/lucasb/RBE500_Project/install/Manipulator_X/lib/python3.10/site-packages/Manipulator_X
copying /home/lucasb/RBE500_Project/build/Manipulator_X/build/lib/Manipulator_X/inv_kin_server.py -> /home/lucasb/RBE500_Project/install/Manipulator_X/lib/python3.10/site-packages/Manipulator_X
byte-compiling /home/lucasb/RBE500_Project/install/Manipulator_X/lib/python3.10/site-packages/Manipulator_X/ros_wrapper.py to ros_wrapper.cpython-310.pyc
byte-compiling /home/lucasb/RBE500_Project/install/Manipulator_X/lib/python3.10/site-packages/Manipulator_X/__init__.py to __init__.cpython-310.pyc
byte-compiling /home/lucasb/RBE500_Project/install/Manipulator_X/lib/python3.10/site-packages/Manipulator_X/kinematic_library.py to kinematic_library.cpython-310.pyc
byte-compiling /home/lucasb/RBE500_Project/install/Manipulator_X/lib/python3.10/site-packages/Manipulator_X/inv_kin_client.py to inv_kin_client.cpython-310.pyc
byte-compiling /home/lucasb/RBE500_Project/install/Manipulator_X/lib/python3.10/site-packages/Manipulator_X/inv_kin_server.py to inv_kin_server.cpython-310.pyc
running install_data
creating /home/lucasb/RBE500_Project/install/Manipulator_X/share/ament_index
creating /home/lucasb/RBE500_Project/install/Manipulator_X/share/ament_index/resource_index
creating /home/lucasb/RBE500_Project/install/Manipulator_X/share/ament_index/resource_index/packages
copying resource/Manipulator_X -> /home/lucasb/RBE500_Project/install/Manipulator_X/share/ament_index/resource_index/packages
copying package.xml -> /home/lucasb/RBE500_Project/install/Manipulator_X/share/Manipulator_X
running install_egg_info
Copying ../../build/Manipulator_X/Manipulator_X.egg-info to /home/lucasb/RBE500_Project/install/Manipulator_X/lib/python3.10/site-packages/Manipulator_X-0.0.0-py3.10.egg-info
running install_scripts
Installing inverse_client script to /home/lucasb/RBE500_Project/install/Manipulator_X/lib/Manipulator_X
Installing inverse_server script to /home/lucasb/RBE500_Project/install/Manipulator_X/lib/Manipulator_X
Installing joint_listener script to /home/lucasb/RBE500_Project/install/Manipulator_X/lib/Manipulator_X
writing list of installed files to '/home/lucasb/RBE500_Project/build/Manipulator_X/install.log'
