[0.341s] Invoking command in '/home/lucasb/open_mx/src/robot_omx': LD_LIBRARY_PATH=/home/lucasb/open_mx/install/custom_messages/lib:${LD_LIBRARY_PATH} PYTHONPATH=/home/lucasb/open_mx/build/robot_omx/prefix_override:/usr/lib/python3/dist-packages/colcon_core/task/python/colcon_distutils_commands:/home/lucasb/open_mx/install/robot_omx/lib/python3.10/site-packages:/home/lucasb/open_mx/install/custom_messages/local/lib/python3.10/dist-packages:/home/lucasb/open_mx/install/custom_messages/lib/python3.10/site-packages:/home/lucasb/open_mx/install/robot_omx/lib/python3.10/site-packages:/opt/ros/humble/lib/python3.10/site-packages:/opt/ros/humble/local/lib/python3.10/dist-packages /usr/bin/python3 -W ignore:setup.py install is deprecated setup.py egg_info --egg-base ../../build/robot_omx build --build-base /home/lucasb/open_mx/build/robot_omx/build install --record /home/lucasb/open_mx/build/robot_omx/install.log --single-version-externally-managed install_data
[0.474s] running egg_info
[0.474s] writing ../../build/robot_omx/robot_omx.egg-info/PKG-INFO
[0.474s] writing dependency_links to ../../build/robot_omx/robot_omx.egg-info/dependency_links.txt
[0.474s] writing entry points to ../../build/robot_omx/robot_omx.egg-info/entry_points.txt
[0.474s] writing requirements to ../../build/robot_omx/robot_omx.egg-info/requires.txt
[0.475s] writing top-level names to ../../build/robot_omx/robot_omx.egg-info/top_level.txt
[0.476s] reading manifest file '../../build/robot_omx/robot_omx.egg-info/SOURCES.txt'
[0.476s] adding license file 'LICENSE'
[0.476s] writing manifest file '../../build/robot_omx/robot_omx.egg-info/SOURCES.txt'
[0.476s] running build
[0.476s] running build_py
[0.476s] running install
[0.476s] running install_lib
[0.477s] running install_data
[0.477s] running install_egg_info
[0.478s] removing '/home/lucasb/open_mx/install/robot_omx/lib/python3.10/site-packages/robot_omx-0.0.0-py3.10.egg-info' (and everything under it)
[0.478s] Copying ../../build/robot_omx/robot_omx.egg-info to /home/lucasb/open_mx/install/robot_omx/lib/python3.10/site-packages/robot_omx-0.0.0-py3.10.egg-info
[0.479s] running install_scripts
[0.492s] Installing inverse_client script to /home/lucasb/open_mx/install/robot_omx/lib/robot_omx
[0.492s] Installing inverse_server script to /home/lucasb/open_mx/install/robot_omx/lib/robot_omx
[0.492s] Installing joint_listener script to /home/lucasb/open_mx/install/robot_omx/lib/robot_omx
[0.492s] writing list of installed files to '/home/lucasb/open_mx/build/robot_omx/install.log'
[0.506s] Invoked command in '/home/lucasb/open_mx/src/robot_omx' returned '0': LD_LIBRARY_PATH=/home/lucasb/open_mx/install/custom_messages/lib:${LD_LIBRARY_PATH} PYTHONPATH=/home/lucasb/open_mx/build/robot_omx/prefix_override:/usr/lib/python3/dist-packages/colcon_core/task/python/colcon_distutils_commands:/home/lucasb/open_mx/install/robot_omx/lib/python3.10/site-packages:/home/lucasb/open_mx/install/custom_messages/local/lib/python3.10/dist-packages:/home/lucasb/open_mx/install/custom_messages/lib/python3.10/site-packages:/home/lucasb/open_mx/install/robot_omx/lib/python3.10/site-packages:/opt/ros/humble/lib/python3.10/site-packages:/opt/ros/humble/local/lib/python3.10/dist-packages /usr/bin/python3 -W ignore:setup.py install is deprecated setup.py egg_info --egg-base ../../build/robot_omx build --build-base /home/lucasb/open_mx/build/robot_omx/build install --record /home/lucasb/open_mx/build/robot_omx/install.log --single-version-externally-managed install_data
