[0.365s] Invoking command in '/home/lucasb/OpenManipulatorXRoboticArmKinematics/open_mx/build/rbe500_example_py': PYTHONPATH=/home/lucasb/OpenManipulatorXRoboticArmKinematics/open_mx/build/rbe500_example_py/prefix_override:/usr/lib/python3/dist-packages/colcon_core/task/python/colcon_distutils_commands:/home/lucasb/OpenManipulatorXRoboticArmKinematics/open_mx/install/rbe500_example_py/lib/python3.10/site-packages:${PYTHONPATH} /usr/bin/python3 -W ignore:setup.py install is deprecated setup.py develop --editable --build-directory /home/lucasb/OpenManipulatorXRoboticArmKinematics/open_mx/build/rbe500_example_py/build --no-deps symlink_data
[0.513s] running develop
[0.513s] /usr/lib/python3/dist-packages/setuptools/command/easy_install.py:158: EasyInstallDeprecationWarning: easy_install command is deprecated. Use build and pip and other standards-based tools.
[0.514s]   warnings.warn(
[0.595s] running egg_info
[0.595s] creating rbe500_example_py.egg-info
[0.595s] writing rbe500_example_py.egg-info/PKG-INFO
[0.595s] writing dependency_links to rbe500_example_py.egg-info/dependency_links.txt
[0.595s] writing entry points to rbe500_example_py.egg-info/entry_points.txt
[0.595s] writing requirements to rbe500_example_py.egg-info/requires.txt
[0.595s] writing top-level names to rbe500_example_py.egg-info/top_level.txt
[0.595s] writing manifest file 'rbe500_example_py.egg-info/SOURCES.txt'
[0.597s] reading manifest file 'rbe500_example_py.egg-info/SOURCES.txt'
[0.597s] writing manifest file 'rbe500_example_py.egg-info/SOURCES.txt'
[0.598s] running build_ext
[0.598s] Creating /home/lucasb/OpenManipulatorXRoboticArmKinematics/open_mx/install/rbe500_example_py/lib/python3.10/site-packages/rbe500-example-py.egg-link (link to .)
[0.598s] Installing basic_robot_control script to /home/lucasb/OpenManipulatorXRoboticArmKinematics/open_mx/install/rbe500_example_py/lib/rbe500_example_py
[0.598s] 
[0.599s] Installed /home/lucasb/OpenManipulatorXRoboticArmKinematics/open_mx/build/rbe500_example_py
[0.599s] running symlink_data
[0.599s] creating /home/lucasb/OpenManipulatorXRoboticArmKinematics/open_mx/install/rbe500_example_py/share/ament_index
[0.599s] creating /home/lucasb/OpenManipulatorXRoboticArmKinematics/open_mx/install/rbe500_example_py/share/ament_index/resource_index
[0.599s] creating /home/lucasb/OpenManipulatorXRoboticArmKinematics/open_mx/install/rbe500_example_py/share/ament_index/resource_index/packages
[0.599s] symbolically linking /home/lucasb/OpenManipulatorXRoboticArmKinematics/open_mx/build/rbe500_example_py/resource/rbe500_example_py -> /home/lucasb/OpenManipulatorXRoboticArmKinematics/open_mx/install/rbe500_example_py/share/ament_index/resource_index/packages
[0.599s] symbolically linking /home/lucasb/OpenManipulatorXRoboticArmKinematics/open_mx/build/rbe500_example_py/package.xml -> /home/lucasb/OpenManipulatorXRoboticArmKinematics/open_mx/install/rbe500_example_py/share/rbe500_example_py
[0.620s] Invoked command in '/home/lucasb/OpenManipulatorXRoboticArmKinematics/open_mx/build/rbe500_example_py' returned '0': PYTHONPATH=/home/lucasb/OpenManipulatorXRoboticArmKinematics/open_mx/build/rbe500_example_py/prefix_override:/usr/lib/python3/dist-packages/colcon_core/task/python/colcon_distutils_commands:/home/lucasb/OpenManipulatorXRoboticArmKinematics/open_mx/install/rbe500_example_py/lib/python3.10/site-packages:${PYTHONPATH} /usr/bin/python3 -W ignore:setup.py install is deprecated setup.py develop --editable --build-directory /home/lucasb/OpenManipulatorXRoboticArmKinematics/open_mx/build/rbe500_example_py/build --no-deps symlink_data
