[0.017s] Invoking command in '/home/lucasb/OpenManipulatorXRoboticArmKinematics/open_mx/build/dynamixel_sdk': CMAKE_PREFIX_PATH=${CMAKE_PREFIX_PATH}:/home/lucasb/OpenManipulatorXRoboticArmKinematics/open_mx/install/robot_omx:/opt/ros/humble /usr/bin/cmake /home/lucasb/OpenManipulatorXRoboticArmKinematics/open_mx/src/DynamixelSDK/dynamixel_sdk -DAMENT_CMAKE_SYMLINK_INSTALL=1 -DCMAKE_INSTALL_PREFIX=/home/lucasb/OpenManipulatorXRoboticArmKinematics/open_mx/install/dynamixel_sdk
[0.063s] -- The C compiler identification is GNU 11.4.0
[0.107s] -- The CXX compiler identification is GNU 11.4.0
[0.113s] -- Detecting C compiler ABI info
[0.162s] -- Detecting C compiler ABI info - done
[0.171s] -- Check for working C compiler: /usr/bin/cc - skipped
[0.171s] -- Detecting C compile features
[0.172s] -- Detecting C compile features - done
[0.174s] -- Detecting CXX compiler ABI info
[0.235s] -- Detecting CXX compiler ABI info - done
[0.240s] -- Check for working CXX compiler: /usr/bin/c++ - skipped
[0.240s] -- Detecting CXX compile features
[0.241s] -- Detecting CXX compile features - done
[0.242s] -- Found ament_cmake: 1.3.10 (/opt/ros/humble/share/ament_cmake/cmake)
[0.351s] -- Found Python3: /usr/bin/python3 (found version "3.10.12") found components: Interpreter 
[0.392s] -- Override CMake install command with custom implementation using symlinks instead of copying resources
[0.455s] -- Configuring done
[0.460s] -- Generating done
[0.461s] -- Build files have been written to: /home/lucasb/OpenManipulatorXRoboticArmKinematics/open_mx/build/dynamixel_sdk
[0.466s] Invoked command in '/home/lucasb/OpenManipulatorXRoboticArmKinematics/open_mx/build/dynamixel_sdk' returned '0': CMAKE_PREFIX_PATH=${CMAKE_PREFIX_PATH}:/home/lucasb/OpenManipulatorXRoboticArmKinematics/open_mx/install/robot_omx:/opt/ros/humble /usr/bin/cmake /home/lucasb/OpenManipulatorXRoboticArmKinematics/open_mx/src/DynamixelSDK/dynamixel_sdk -DAMENT_CMAKE_SYMLINK_INSTALL=1 -DCMAKE_INSTALL_PREFIX=/home/lucasb/OpenManipulatorXRoboticArmKinematics/open_mx/install/dynamixel_sdk
[0.468s] Invoking command in '/home/lucasb/OpenManipulatorXRoboticArmKinematics/open_mx/build/dynamixel_sdk': CMAKE_PREFIX_PATH=${CMAKE_PREFIX_PATH}:/home/lucasb/OpenManipulatorXRoboticArmKinematics/open_mx/install/robot_omx:/opt/ros/humble /usr/bin/cmake --build /home/lucasb/OpenManipulatorXRoboticArmKinematics/open_mx/build/dynamixel_sdk -- -j20 -l20
[0.508s] [ 10%] [32mBuilding CXX object CMakeFiles/dynamixel_sdk.dir/src/dynamixel_sdk/protocol2_packet_handler.cpp.o[0m
[0.508s] [ 20%] [32mBuilding CXX object CMakeFiles/dynamixel_sdk.dir/src/dynamixel_sdk/protocol1_packet_handler.cpp.o[0m
[0.509s] [ 30%] [32mBuilding CXX object CMakeFiles/dynamixel_sdk.dir/src/dynamixel_sdk/port_handler_linux.cpp.o[0m
[0.509s] [ 40%] [32mBuilding CXX object CMakeFiles/dynamixel_sdk.dir/src/dynamixel_sdk/packet_handler.cpp.o[0m
[0.510s] [ 50%] [32mBuilding CXX object CMakeFiles/dynamixel_sdk.dir/src/dynamixel_sdk/group_bulk_read.cpp.o[0m
[0.510s] [ 60%] [32mBuilding CXX object CMakeFiles/dynamixel_sdk.dir/src/dynamixel_sdk/group_bulk_write.cpp.o[0m
[0.510s] [ 70%] [32mBuilding CXX object CMakeFiles/dynamixel_sdk.dir/src/dynamixel_sdk/group_sync_read.cpp.o[0m
[0.512s] [ 80%] [32mBuilding CXX object CMakeFiles/dynamixel_sdk.dir/src/dynamixel_sdk/port_handler.cpp.o[0m
[0.512s] [ 90%] [32mBuilding CXX object CMakeFiles/dynamixel_sdk.dir/src/dynamixel_sdk/group_sync_write.cpp.o[0m
[0.891s] [100%] [32m[1mLinking CXX shared library libdynamixel_sdk.so[0m
[0.949s] [100%] Built target dynamixel_sdk
[0.956s] Invoked command in '/home/lucasb/OpenManipulatorXRoboticArmKinematics/open_mx/build/dynamixel_sdk' returned '0': CMAKE_PREFIX_PATH=${CMAKE_PREFIX_PATH}:/home/lucasb/OpenManipulatorXRoboticArmKinematics/open_mx/install/robot_omx:/opt/ros/humble /usr/bin/cmake --build /home/lucasb/OpenManipulatorXRoboticArmKinematics/open_mx/build/dynamixel_sdk -- -j20 -l20
[0.993s] Invoking command in '/home/lucasb/OpenManipulatorXRoboticArmKinematics/open_mx/build/dynamixel_sdk': CMAKE_PREFIX_PATH=${CMAKE_PREFIX_PATH}:/home/lucasb/OpenManipulatorXRoboticArmKinematics/open_mx/install/robot_omx:/opt/ros/humble /usr/bin/cmake --install /home/lucasb/OpenManipulatorXRoboticArmKinematics/open_mx/build/dynamixel_sdk
[0.999s] -- Install configuration: ""
[0.999s] -- Execute custom install script
[0.999s] -- Symlinking: /home/lucasb/OpenManipulatorXRoboticArmKinematics/open_mx/install/dynamixel_sdk/include//dynamixel_sdk/dynamixel_sdk.h
[1.005s] -- Symlinking: /home/lucasb/OpenManipulatorXRoboticArmKinematics/open_mx/install/dynamixel_sdk/include//dynamixel_sdk/group_bulk_read.h
[1.014s] -- Symlinking: /home/lucasb/OpenManipulatorXRoboticArmKinematics/open_mx/install/dynamixel_sdk/include//dynamixel_sdk/group_bulk_write.h
[1.022s] -- Symlinking: /home/lucasb/OpenManipulatorXRoboticArmKinematics/open_mx/install/dynamixel_sdk/include//dynamixel_sdk/group_sync_read.h
[1.031s] -- Symlinking: /home/lucasb/OpenManipulatorXRoboticArmKinematics/open_mx/install/dynamixel_sdk/include//dynamixel_sdk/group_sync_write.h
[1.036s] -- Symlinking: /home/lucasb/OpenManipulatorXRoboticArmKinematics/open_mx/install/dynamixel_sdk/include//dynamixel_sdk/packet_handler.h
[1.043s] -- Symlinking: /home/lucasb/OpenManipulatorXRoboticArmKinematics/open_mx/install/dynamixel_sdk/include//dynamixel_sdk/port_handler.h
[1.052s] -- Symlinking: /home/lucasb/OpenManipulatorXRoboticArmKinematics/open_mx/install/dynamixel_sdk/include//dynamixel_sdk/port_handler_arduino.h
[1.058s] -- Symlinking: /home/lucasb/OpenManipulatorXRoboticArmKinematics/open_mx/install/dynamixel_sdk/include//dynamixel_sdk/port_handler_linux.h
[1.066s] -- Symlinking: /home/lucasb/OpenManipulatorXRoboticArmKinematics/open_mx/install/dynamixel_sdk/include//dynamixel_sdk/port_handler_mac.h
[1.071s] -- Symlinking: /home/lucasb/OpenManipulatorXRoboticArmKinematics/open_mx/install/dynamixel_sdk/include//dynamixel_sdk/port_handler_windows.h
[1.077s] -- Symlinking: /home/lucasb/OpenManipulatorXRoboticArmKinematics/open_mx/install/dynamixel_sdk/include//dynamixel_sdk/protocol1_packet_handler.h
[1.085s] -- Symlinking: /home/lucasb/OpenManipulatorXRoboticArmKinematics/open_mx/install/dynamixel_sdk/include//dynamixel_sdk/protocol2_packet_handler.h
[1.090s] -- Symlinking: /home/lucasb/OpenManipulatorXRoboticArmKinematics/open_mx/install/dynamixel_sdk/lib/libdynamixel_sdk.so
[1.095s] -- Symlinking: /home/lucasb/OpenManipulatorXRoboticArmKinematics/open_mx/install/dynamixel_sdk/share/dynamixel_sdk/environment/library_path.sh
[1.100s] -- Symlinking: /home/lucasb/OpenManipulatorXRoboticArmKinematics/open_mx/install/dynamixel_sdk/share/dynamixel_sdk/environment/library_path.dsv
[1.109s] -- Symlinking: /home/lucasb/OpenManipulatorXRoboticArmKinematics/open_mx/install/dynamixel_sdk/share/ament_index/resource_index/package_run_dependencies/dynamixel_sdk
[1.115s] -- Symlinking: /home/lucasb/OpenManipulatorXRoboticArmKinematics/open_mx/install/dynamixel_sdk/share/ament_index/resource_index/parent_prefix_path/dynamixel_sdk
[1.124s] -- Symlinking: /home/lucasb/OpenManipulatorXRoboticArmKinematics/open_mx/install/dynamixel_sdk/share/dynamixel_sdk/environment/ament_prefix_path.sh
[1.131s] -- Symlinking: /home/lucasb/OpenManipulatorXRoboticArmKinematics/open_mx/install/dynamixel_sdk/share/dynamixel_sdk/environment/ament_prefix_path.dsv
[1.137s] -- Symlinking: /home/lucasb/OpenManipulatorXRoboticArmKinematics/open_mx/install/dynamixel_sdk/share/dynamixel_sdk/environment/path.sh
[1.145s] -- Symlinking: /home/lucasb/OpenManipulatorXRoboticArmKinematics/open_mx/install/dynamixel_sdk/share/dynamixel_sdk/environment/path.dsv
[1.150s] -- Symlinking: /home/lucasb/OpenManipulatorXRoboticArmKinematics/open_mx/install/dynamixel_sdk/share/dynamixel_sdk/local_setup.bash
[1.156s] -- Symlinking: /home/lucasb/OpenManipulatorXRoboticArmKinematics/open_mx/install/dynamixel_sdk/share/dynamixel_sdk/local_setup.sh
[1.163s] -- Symlinking: /home/lucasb/OpenManipulatorXRoboticArmKinematics/open_mx/install/dynamixel_sdk/share/dynamixel_sdk/local_setup.zsh
[1.167s] -- Symlinking: /home/lucasb/OpenManipulatorXRoboticArmKinematics/open_mx/install/dynamixel_sdk/share/dynamixel_sdk/local_setup.dsv
[1.175s] -- Symlinking: /home/lucasb/OpenManipulatorXRoboticArmKinematics/open_mx/install/dynamixel_sdk/share/dynamixel_sdk/package.dsv
[1.181s] -- Symlinking: /home/lucasb/OpenManipulatorXRoboticArmKinematics/open_mx/install/dynamixel_sdk/share/ament_index/resource_index/packages/dynamixel_sdk
[1.186s] -- Symlinking: /home/lucasb/OpenManipulatorXRoboticArmKinematics/open_mx/install/dynamixel_sdk/share/dynamixel_sdk/cmake/ament_cmake_export_include_directories-extras.cmake
[1.195s] -- Symlinking: /home/lucasb/OpenManipulatorXRoboticArmKinematics/open_mx/install/dynamixel_sdk/share/dynamixel_sdk/cmake/ament_cmake_export_libraries-extras.cmake
[1.203s] -- Symlinking: /home/lucasb/OpenManipulatorXRoboticArmKinematics/open_mx/install/dynamixel_sdk/share/dynamixel_sdk/cmake/dynamixel_sdkConfig.cmake
[1.208s] -- Symlinking: /home/lucasb/OpenManipulatorXRoboticArmKinematics/open_mx/install/dynamixel_sdk/share/dynamixel_sdk/cmake/dynamixel_sdkConfig-version.cmake
[1.216s] -- Symlinking: /home/lucasb/OpenManipulatorXRoboticArmKinematics/open_mx/install/dynamixel_sdk/share/dynamixel_sdk/package.xml
[1.227s] Invoked command in '/home/lucasb/OpenManipulatorXRoboticArmKinematics/open_mx/build/dynamixel_sdk' returned '0': CMAKE_PREFIX_PATH=${CMAKE_PREFIX_PATH}:/home/lucasb/OpenManipulatorXRoboticArmKinematics/open_mx/install/robot_omx:/opt/ros/humble /usr/bin/cmake --install /home/lucasb/OpenManipulatorXRoboticArmKinematics/open_mx/build/dynamixel_sdk
