[0.028s] Invoking command in '/home/lucasb/OpenManipulatorXRoboticArmKinematics/open_mx/build/open_manipulator_x_controller': AMENT_PREFIX_PATH=/home/lucasb/OpenManipulatorXRoboticArmKinematics/open_mx/install/open_manipulator_x_libs:/home/lucasb/OpenManipulatorXRoboticArmKinematics/open_mx/install/robotis_manipulator:/home/lucasb/OpenManipulatorXRoboticArmKinematics/open_mx/install/dynamixel_workbench_toolbox:/home/lucasb/OpenManipulatorXRoboticArmKinematics/open_mx/install/open_manipulator_msgs:/home/lucasb/OpenManipulatorXRoboticArmKinematics/open_mx/install/dynamixel_sdk:/home/lucasb/OpenManipulatorXRoboticArmKinematics/open_mx/install/cmake_modules:${AMENT_PREFIX_PATH} CMAKE_PREFIX_PATH=/home/lucasb/OpenManipulatorXRoboticArmKinematics/open_mx/install/open_manipulator_x_libs:/home/lucasb/OpenManipulatorXRoboticArmKinematics/open_mx/install/robotis_manipulator:/home/lucasb/OpenManipulatorXRoboticArmKinematics/open_mx/install/dynamixel_workbench_toolbox:/home/lucasb/OpenManipulatorXRoboticArmKinematics/open_mx/install/open_manipulator_msgs:/home/lucasb/OpenManipulatorXRoboticArmKinematics/open_mx/install/dynamixel_sdk:/home/lucasb/OpenManipulatorXRoboticArmKinematics/open_mx/install/cmake_modules:/home/lucasb/OpenManipulatorXRoboticArmKinematics/open_mx/install/custom_messages:/home/lucasb/OpenManipulatorXRoboticArmKinematics/open_mx/install/robot_omx:/opt/ros/humble LD_LIBRARY_PATH=/home/lucasb/OpenManipulatorXRoboticArmKinematics/open_mx/install/open_manipulator_x_libs/lib:/home/lucasb/OpenManipulatorXRoboticArmKinematics/open_mx/install/robotis_manipulator/lib:/home/lucasb/OpenManipulatorXRoboticArmKinematics/open_mx/install/dynamixel_workbench_toolbox/lib:/home/lucasb/OpenManipulatorXRoboticArmKinematics/open_mx/install/open_manipulator_msgs/lib:/home/lucasb/OpenManipulatorXRoboticArmKinematics/open_mx/install/dynamixel_sdk/lib:${LD_LIBRARY_PATH} PYTHONPATH=/home/lucasb/OpenManipulatorXRoboticArmKinematics/open_mx/install/open_manipulator_msgs/local/lib/python3.10/dist-packages:${PYTHONPATH} /usr/bin/cmake /home/lucasb/OpenManipulatorXRoboticArmKinematics/open_mx/src/open_manipulator/open_manipulator_x_controller -DAMENT_CMAKE_SYMLINK_INSTALL=1 -DCMAKE_INSTALL_PREFIX=/home/lucasb/OpenManipulatorXRoboticArmKinematics/open_mx/install/open_manipulator_x_controller
[0.104s] -- The C compiler identification is GNU 11.4.0
[0.154s] -- The CXX compiler identification is GNU 11.4.0
[0.159s] -- Detecting C compiler ABI info
[0.243s] -- Detecting C compiler ABI info - done
[0.253s] -- Check for working C compiler: /usr/bin/cc - skipped
[0.253s] -- Detecting C compile features
[0.254s] -- Detecting C compile features - done
[0.257s] -- Detecting CXX compiler ABI info
[0.340s] -- Detecting CXX compiler ABI info - done
[0.350s] -- Check for working CXX compiler: /usr/bin/c++ - skipped
[0.350s] -- Detecting CXX compile features
[0.351s] -- Detecting CXX compile features - done
[0.354s] -- Found ament_cmake: 1.3.10 (/opt/ros/humble/share/ament_cmake/cmake)
[0.469s] -- Found Python3: /usr/bin/python3 (found version "3.10.12") found components: Interpreter 
[0.512s] -- Override CMake install command with custom implementation using symlinks instead of copying resources
[0.530s] -- Found geometry_msgs: 4.2.4 (/opt/ros/humble/share/geometry_msgs/cmake)
[0.555s] -- Found rosidl_generator_c: 3.1.5 (/opt/ros/humble/share/rosidl_generator_c/cmake)
[0.558s] -- Found rosidl_adapter: 3.1.5 (/opt/ros/humble/share/rosidl_adapter/cmake)
[0.563s] -- Found rosidl_generator_cpp: 3.1.5 (/opt/ros/humble/share/rosidl_generator_cpp/cmake)
[0.571s] -- Using all available rosidl_typesupport_c: rosidl_typesupport_fastrtps_c;rosidl_typesupport_introspection_c
[0.581s] -- Using all available rosidl_typesupport_cpp: rosidl_typesupport_fastrtps_cpp;rosidl_typesupport_introspection_cpp
[0.606s] -- Found open_manipulator_msgs: 2.2.0 (/home/lucasb/OpenManipulatorXRoboticArmKinematics/open_mx/install/open_manipulator_msgs/share/open_manipulator_msgs/cmake)
[0.616s] -- Found open_manipulator_x_libs: 2.3.0 (/home/lucasb/OpenManipulatorXRoboticArmKinematics/open_mx/install/open_manipulator_x_libs/share/open_manipulator_x_libs/cmake)
[0.649s] -- Found rmw_implementation_cmake: 6.1.2 (/opt/ros/humble/share/rmw_implementation_cmake/cmake)
[0.650s] -- Found rmw_fastrtps_cpp: 6.2.7 (/opt/ros/humble/share/rmw_fastrtps_cpp/cmake)
[0.734s] -- Found OpenSSL: /usr/lib/x86_64-linux-gnu/libcrypto.so (found version "3.0.2")  
[0.760s] -- Found FastRTPS: /opt/ros/humble/include  
[0.789s] -- Using RMW implementation 'rmw_fastrtps_cpp' as default
[0.794s] -- Looking for pthread.h
[0.875s] -- Looking for pthread.h - found
[0.875s] -- Performing Test CMAKE_HAVE_LIBC_PTHREAD
[0.979s] -- Performing Test CMAKE_HAVE_LIBC_PTHREAD - Success
[0.981s] -- Found Threads: TRUE  
[1.024s] -- Found sensor_msgs: 4.2.4 (/opt/ros/humble/share/sensor_msgs/cmake)
[1.037s] -- Found trajectory_msgs: 4.2.4 (/opt/ros/humble/share/trajectory_msgs/cmake)
[1.096s] -- Configuring done
[1.106s] -- Generating done
[1.107s] -- Build files have been written to: /home/lucasb/OpenManipulatorXRoboticArmKinematics/open_mx/build/open_manipulator_x_controller
[1.114s] Invoked command in '/home/lucasb/OpenManipulatorXRoboticArmKinematics/open_mx/build/open_manipulator_x_controller' returned '0': AMENT_PREFIX_PATH=/home/lucasb/OpenManipulatorXRoboticArmKinematics/open_mx/install/open_manipulator_x_libs:/home/lucasb/OpenManipulatorXRoboticArmKinematics/open_mx/install/robotis_manipulator:/home/lucasb/OpenManipulatorXRoboticArmKinematics/open_mx/install/dynamixel_workbench_toolbox:/home/lucasb/OpenManipulatorXRoboticArmKinematics/open_mx/install/open_manipulator_msgs:/home/lucasb/OpenManipulatorXRoboticArmKinematics/open_mx/install/dynamixel_sdk:/home/lucasb/OpenManipulatorXRoboticArmKinematics/open_mx/install/cmake_modules:${AMENT_PREFIX_PATH} CMAKE_PREFIX_PATH=/home/lucasb/OpenManipulatorXRoboticArmKinematics/open_mx/install/open_manipulator_x_libs:/home/lucasb/OpenManipulatorXRoboticArmKinematics/open_mx/install/robotis_manipulator:/home/lucasb/OpenManipulatorXRoboticArmKinematics/open_mx/install/dynamixel_workbench_toolbox:/home/lucasb/OpenManipulatorXRoboticArmKinematics/open_mx/install/open_manipulator_msgs:/home/lucasb/OpenManipulatorXRoboticArmKinematics/open_mx/install/dynamixel_sdk:/home/lucasb/OpenManipulatorXRoboticArmKinematics/open_mx/install/cmake_modules:/home/lucasb/OpenManipulatorXRoboticArmKinematics/open_mx/install/custom_messages:/home/lucasb/OpenManipulatorXRoboticArmKinematics/open_mx/install/robot_omx:/opt/ros/humble LD_LIBRARY_PATH=/home/lucasb/OpenManipulatorXRoboticArmKinematics/open_mx/install/open_manipulator_x_libs/lib:/home/lucasb/OpenManipulatorXRoboticArmKinematics/open_mx/install/robotis_manipulator/lib:/home/lucasb/OpenManipulatorXRoboticArmKinematics/open_mx/install/dynamixel_workbench_toolbox/lib:/home/lucasb/OpenManipulatorXRoboticArmKinematics/open_mx/install/open_manipulator_msgs/lib:/home/lucasb/OpenManipulatorXRoboticArmKinematics/open_mx/install/dynamixel_sdk/lib:${LD_LIBRARY_PATH} PYTHONPATH=/home/lucasb/OpenManipulatorXRoboticArmKinematics/open_mx/install/open_manipulator_msgs/local/lib/python3.10/dist-packages:${PYTHONPATH} /usr/bin/cmake /home/lucasb/OpenManipulatorXRoboticArmKinematics/open_mx/src/open_manipulator/open_manipulator_x_controller -DAMENT_CMAKE_SYMLINK_INSTALL=1 -DCMAKE_INSTALL_PREFIX=/home/lucasb/OpenManipulatorXRoboticArmKinematics/open_mx/install/open_manipulator_x_controller
[1.115s] Invoking command in '/home/lucasb/OpenManipulatorXRoboticArmKinematics/open_mx/build/open_manipulator_x_controller': AMENT_PREFIX_PATH=/home/lucasb/OpenManipulatorXRoboticArmKinematics/open_mx/install/open_manipulator_x_libs:/home/lucasb/OpenManipulatorXRoboticArmKinematics/open_mx/install/robotis_manipulator:/home/lucasb/OpenManipulatorXRoboticArmKinematics/open_mx/install/dynamixel_workbench_toolbox:/home/lucasb/OpenManipulatorXRoboticArmKinematics/open_mx/install/open_manipulator_msgs:/home/lucasb/OpenManipulatorXRoboticArmKinematics/open_mx/install/dynamixel_sdk:/home/lucasb/OpenManipulatorXRoboticArmKinematics/open_mx/install/cmake_modules:${AMENT_PREFIX_PATH} CMAKE_PREFIX_PATH=/home/lucasb/OpenManipulatorXRoboticArmKinematics/open_mx/install/open_manipulator_x_libs:/home/lucasb/OpenManipulatorXRoboticArmKinematics/open_mx/install/robotis_manipulator:/home/lucasb/OpenManipulatorXRoboticArmKinematics/open_mx/install/dynamixel_workbench_toolbox:/home/lucasb/OpenManipulatorXRoboticArmKinematics/open_mx/install/open_manipulator_msgs:/home/lucasb/OpenManipulatorXRoboticArmKinematics/open_mx/install/dynamixel_sdk:/home/lucasb/OpenManipulatorXRoboticArmKinematics/open_mx/install/cmake_modules:/home/lucasb/OpenManipulatorXRoboticArmKinematics/open_mx/install/custom_messages:/home/lucasb/OpenManipulatorXRoboticArmKinematics/open_mx/install/robot_omx:/opt/ros/humble LD_LIBRARY_PATH=/home/lucasb/OpenManipulatorXRoboticArmKinematics/open_mx/install/open_manipulator_x_libs/lib:/home/lucasb/OpenManipulatorXRoboticArmKinematics/open_mx/install/robotis_manipulator/lib:/home/lucasb/OpenManipulatorXRoboticArmKinematics/open_mx/install/dynamixel_workbench_toolbox/lib:/home/lucasb/OpenManipulatorXRoboticArmKinematics/open_mx/install/open_manipulator_msgs/lib:/home/lucasb/OpenManipulatorXRoboticArmKinematics/open_mx/install/dynamixel_sdk/lib:${LD_LIBRARY_PATH} PYTHONPATH=/home/lucasb/OpenManipulatorXRoboticArmKinematics/open_mx/install/open_manipulator_msgs/local/lib/python3.10/dist-packages:${PYTHONPATH} /usr/bin/cmake --build /home/lucasb/OpenManipulatorXRoboticArmKinematics/open_mx/build/open_manipulator_x_controller -- -j20 -l20
[1.168s] [ 50%] [32mBuilding CXX object CMakeFiles/open_manipulator_x_controller.dir/src/open_manipulator_x_controller.cpp.o[0m
[3.099s] [01m[K/home/lucasb/OpenManipulatorXRoboticArmKinematics/open_mx/src/open_manipulator/open_manipulator_x_controller/src/open_manipulator_x_controller.cpp:[m[K In member function ‘[01m[Kvoid open_manipulator_x_controller::OpenManipulatorXController::init_publisher()[m[K’:
[3.099s] [01m[K/home/lucasb/OpenManipulatorXRoboticArmKinematics/open_mx/src/open_manipulator/open_manipulator_x_controller/src/open_manipulator_x_controller.cpp:103:21:[m[K [01;35m[Kwarning: [m[Kunused variable ‘[01m[Kname[m[K’ [[01;35m[K]8;;https://gcc.gnu.org/onlinedocs/gcc/Warning-Options.html#index-Wunused-variable-Wunused-variable]8;;[m[K]
[3.099s]   103 |   for (auto const & [01;35m[Kname[m[K:tools_name)
[3.099s]       |                     [01;35m[K^~~~[m[K
[9.438s] [100%] [32m[1mLinking CXX executable open_manipulator_x_controller[0m
[9.956s] [100%] Built target open_manipulator_x_controller
[9.969s] Invoked command in '/home/lucasb/OpenManipulatorXRoboticArmKinematics/open_mx/build/open_manipulator_x_controller' returned '0': AMENT_PREFIX_PATH=/home/lucasb/OpenManipulatorXRoboticArmKinematics/open_mx/install/open_manipulator_x_libs:/home/lucasb/OpenManipulatorXRoboticArmKinematics/open_mx/install/robotis_manipulator:/home/lucasb/OpenManipulatorXRoboticArmKinematics/open_mx/install/dynamixel_workbench_toolbox:/home/lucasb/OpenManipulatorXRoboticArmKinematics/open_mx/install/open_manipulator_msgs:/home/lucasb/OpenManipulatorXRoboticArmKinematics/open_mx/install/dynamixel_sdk:/home/lucasb/OpenManipulatorXRoboticArmKinematics/open_mx/install/cmake_modules:${AMENT_PREFIX_PATH} CMAKE_PREFIX_PATH=/home/lucasb/OpenManipulatorXRoboticArmKinematics/open_mx/install/open_manipulator_x_libs:/home/lucasb/OpenManipulatorXRoboticArmKinematics/open_mx/install/robotis_manipulator:/home/lucasb/OpenManipulatorXRoboticArmKinematics/open_mx/install/dynamixel_workbench_toolbox:/home/lucasb/OpenManipulatorXRoboticArmKinematics/open_mx/install/open_manipulator_msgs:/home/lucasb/OpenManipulatorXRoboticArmKinematics/open_mx/install/dynamixel_sdk:/home/lucasb/OpenManipulatorXRoboticArmKinematics/open_mx/install/cmake_modules:/home/lucasb/OpenManipulatorXRoboticArmKinematics/open_mx/install/custom_messages:/home/lucasb/OpenManipulatorXRoboticArmKinematics/open_mx/install/robot_omx:/opt/ros/humble LD_LIBRARY_PATH=/home/lucasb/OpenManipulatorXRoboticArmKinematics/open_mx/install/open_manipulator_x_libs/lib:/home/lucasb/OpenManipulatorXRoboticArmKinematics/open_mx/install/robotis_manipulator/lib:/home/lucasb/OpenManipulatorXRoboticArmKinematics/open_mx/install/dynamixel_workbench_toolbox/lib:/home/lucasb/OpenManipulatorXRoboticArmKinematics/open_mx/install/open_manipulator_msgs/lib:/home/lucasb/OpenManipulatorXRoboticArmKinematics/open_mx/install/dynamixel_sdk/lib:${LD_LIBRARY_PATH} PYTHONPATH=/home/lucasb/OpenManipulatorXRoboticArmKinematics/open_mx/install/open_manipulator_msgs/local/lib/python3.10/dist-packages:${PYTHONPATH} /usr/bin/cmake --build /home/lucasb/OpenManipulatorXRoboticArmKinematics/open_mx/build/open_manipulator_x_controller -- -j20 -l20
[10.006s] Invoking command in '/home/lucasb/OpenManipulatorXRoboticArmKinematics/open_mx/build/open_manipulator_x_controller': AMENT_PREFIX_PATH=/home/lucasb/OpenManipulatorXRoboticArmKinematics/open_mx/install/open_manipulator_x_libs:/home/lucasb/OpenManipulatorXRoboticArmKinematics/open_mx/install/robotis_manipulator:/home/lucasb/OpenManipulatorXRoboticArmKinematics/open_mx/install/dynamixel_workbench_toolbox:/home/lucasb/OpenManipulatorXRoboticArmKinematics/open_mx/install/open_manipulator_msgs:/home/lucasb/OpenManipulatorXRoboticArmKinematics/open_mx/install/dynamixel_sdk:/home/lucasb/OpenManipulatorXRoboticArmKinematics/open_mx/install/cmake_modules:${AMENT_PREFIX_PATH} CMAKE_PREFIX_PATH=/home/lucasb/OpenManipulatorXRoboticArmKinematics/open_mx/install/open_manipulator_x_libs:/home/lucasb/OpenManipulatorXRoboticArmKinematics/open_mx/install/robotis_manipulator:/home/lucasb/OpenManipulatorXRoboticArmKinematics/open_mx/install/dynamixel_workbench_toolbox:/home/lucasb/OpenManipulatorXRoboticArmKinematics/open_mx/install/open_manipulator_msgs:/home/lucasb/OpenManipulatorXRoboticArmKinematics/open_mx/install/dynamixel_sdk:/home/lucasb/OpenManipulatorXRoboticArmKinematics/open_mx/install/cmake_modules:/home/lucasb/OpenManipulatorXRoboticArmKinematics/open_mx/install/custom_messages:/home/lucasb/OpenManipulatorXRoboticArmKinematics/open_mx/install/robot_omx:/opt/ros/humble LD_LIBRARY_PATH=/home/lucasb/OpenManipulatorXRoboticArmKinematics/open_mx/install/open_manipulator_x_libs/lib:/home/lucasb/OpenManipulatorXRoboticArmKinematics/open_mx/install/robotis_manipulator/lib:/home/lucasb/OpenManipulatorXRoboticArmKinematics/open_mx/install/dynamixel_workbench_toolbox/lib:/home/lucasb/OpenManipulatorXRoboticArmKinematics/open_mx/install/open_manipulator_msgs/lib:/home/lucasb/OpenManipulatorXRoboticArmKinematics/open_mx/install/dynamixel_sdk/lib:${LD_LIBRARY_PATH} PYTHONPATH=/home/lucasb/OpenManipulatorXRoboticArmKinematics/open_mx/install/open_manipulator_msgs/local/lib/python3.10/dist-packages:${PYTHONPATH} /usr/bin/cmake --install /home/lucasb/OpenManipulatorXRoboticArmKinematics/open_mx/build/open_manipulator_x_controller
[10.016s] -- Install configuration: ""
[10.016s] -- Execute custom install script
[10.017s] -- Symlinking: /home/lucasb/OpenManipulatorXRoboticArmKinematics/open_mx/install/open_manipulator_x_controller/lib/open_manipulator_x_controller/open_manipulator_x_controller
[10.027s] -- Symlinking: /home/lucasb/OpenManipulatorXRoboticArmKinematics/open_mx/install/open_manipulator_x_controller/share/open_manipulator_x_controller/99-open-manipulator-cdc.rules
[10.038s] -- Symlinking: /home/lucasb/OpenManipulatorXRoboticArmKinematics/open_mx/install/open_manipulator_x_controller/share/open_manipulator_x_controller/launch/open_manipulator_x_controller.launch.py
[10.050s] -- Symlinking: /home/lucasb/OpenManipulatorXRoboticArmKinematics/open_mx/install/open_manipulator_x_controller/share/open_manipulator_x_controller/param/open_manipulator_x_controller_params.yaml
[10.060s] -- Symlinking: /home/lucasb/OpenManipulatorXRoboticArmKinematics/open_mx/install/open_manipulator_x_controller/lib/open_manipulator_x_controller/create_udev_rules
[10.071s] -- Symlinking: /home/lucasb/OpenManipulatorXRoboticArmKinematics/open_mx/install/open_manipulator_x_controller/share/ament_index/resource_index/package_run_dependencies/open_manipulator_x_controller
[10.082s] -- Symlinking: /home/lucasb/OpenManipulatorXRoboticArmKinematics/open_mx/install/open_manipulator_x_controller/share/ament_index/resource_index/parent_prefix_path/open_manipulator_x_controller
[10.094s] -- Symlinking: /home/lucasb/OpenManipulatorXRoboticArmKinematics/open_mx/install/open_manipulator_x_controller/share/open_manipulator_x_controller/environment/ament_prefix_path.sh
[10.105s] -- Symlinking: /home/lucasb/OpenManipulatorXRoboticArmKinematics/open_mx/install/open_manipulator_x_controller/share/open_manipulator_x_controller/environment/ament_prefix_path.dsv
[10.117s] -- Symlinking: /home/lucasb/OpenManipulatorXRoboticArmKinematics/open_mx/install/open_manipulator_x_controller/share/open_manipulator_x_controller/environment/path.sh
[10.127s] -- Symlinking: /home/lucasb/OpenManipulatorXRoboticArmKinematics/open_mx/install/open_manipulator_x_controller/share/open_manipulator_x_controller/environment/path.dsv
[10.137s] -- Symlinking: /home/lucasb/OpenManipulatorXRoboticArmKinematics/open_mx/install/open_manipulator_x_controller/share/open_manipulator_x_controller/local_setup.bash
[10.147s] -- Symlinking: /home/lucasb/OpenManipulatorXRoboticArmKinematics/open_mx/install/open_manipulator_x_controller/share/open_manipulator_x_controller/local_setup.sh
[10.157s] -- Symlinking: /home/lucasb/OpenManipulatorXRoboticArmKinematics/open_mx/install/open_manipulator_x_controller/share/open_manipulator_x_controller/local_setup.zsh
[10.167s] -- Symlinking: /home/lucasb/OpenManipulatorXRoboticArmKinematics/open_mx/install/open_manipulator_x_controller/share/open_manipulator_x_controller/local_setup.dsv
[10.176s] -- Symlinking: /home/lucasb/OpenManipulatorXRoboticArmKinematics/open_mx/install/open_manipulator_x_controller/share/open_manipulator_x_controller/package.dsv
[10.183s] -- Symlinking: /home/lucasb/OpenManipulatorXRoboticArmKinematics/open_mx/install/open_manipulator_x_controller/share/ament_index/resource_index/packages/open_manipulator_x_controller
[10.193s] -- Symlinking: /home/lucasb/OpenManipulatorXRoboticArmKinematics/open_mx/install/open_manipulator_x_controller/share/open_manipulator_x_controller/cmake/ament_cmake_export_include_directories-extras.cmake
[10.203s] -- Symlinking: /home/lucasb/OpenManipulatorXRoboticArmKinematics/open_mx/install/open_manipulator_x_controller/share/open_manipulator_x_controller/cmake/ament_cmake_export_dependencies-extras.cmake
[10.214s] -- Symlinking: /home/lucasb/OpenManipulatorXRoboticArmKinematics/open_mx/install/open_manipulator_x_controller/share/open_manipulator_x_controller/cmake/open_manipulator_x_controllerConfig.cmake
[10.225s] -- Symlinking: /home/lucasb/OpenManipulatorXRoboticArmKinematics/open_mx/install/open_manipulator_x_controller/share/open_manipulator_x_controller/cmake/open_manipulator_x_controllerConfig-version.cmake
[10.236s] -- Symlinking: /home/lucasb/OpenManipulatorXRoboticArmKinematics/open_mx/install/open_manipulator_x_controller/share/open_manipulator_x_controller/package.xml
[10.247s] Invoked command in '/home/lucasb/OpenManipulatorXRoboticArmKinematics/open_mx/build/open_manipulator_x_controller' returned '0': AMENT_PREFIX_PATH=/home/lucasb/OpenManipulatorXRoboticArmKinematics/open_mx/install/open_manipulator_x_libs:/home/lucasb/OpenManipulatorXRoboticArmKinematics/open_mx/install/robotis_manipulator:/home/lucasb/OpenManipulatorXRoboticArmKinematics/open_mx/install/dynamixel_workbench_toolbox:/home/lucasb/OpenManipulatorXRoboticArmKinematics/open_mx/install/open_manipulator_msgs:/home/lucasb/OpenManipulatorXRoboticArmKinematics/open_mx/install/dynamixel_sdk:/home/lucasb/OpenManipulatorXRoboticArmKinematics/open_mx/install/cmake_modules:${AMENT_PREFIX_PATH} CMAKE_PREFIX_PATH=/home/lucasb/OpenManipulatorXRoboticArmKinematics/open_mx/install/open_manipulator_x_libs:/home/lucasb/OpenManipulatorXRoboticArmKinematics/open_mx/install/robotis_manipulator:/home/lucasb/OpenManipulatorXRoboticArmKinematics/open_mx/install/dynamixel_workbench_toolbox:/home/lucasb/OpenManipulatorXRoboticArmKinematics/open_mx/install/open_manipulator_msgs:/home/lucasb/OpenManipulatorXRoboticArmKinematics/open_mx/install/dynamixel_sdk:/home/lucasb/OpenManipulatorXRoboticArmKinematics/open_mx/install/cmake_modules:/home/lucasb/OpenManipulatorXRoboticArmKinematics/open_mx/install/custom_messages:/home/lucasb/OpenManipulatorXRoboticArmKinematics/open_mx/install/robot_omx:/opt/ros/humble LD_LIBRARY_PATH=/home/lucasb/OpenManipulatorXRoboticArmKinematics/open_mx/install/open_manipulator_x_libs/lib:/home/lucasb/OpenManipulatorXRoboticArmKinematics/open_mx/install/robotis_manipulator/lib:/home/lucasb/OpenManipulatorXRoboticArmKinematics/open_mx/install/dynamixel_workbench_toolbox/lib:/home/lucasb/OpenManipulatorXRoboticArmKinematics/open_mx/install/open_manipulator_msgs/lib:/home/lucasb/OpenManipulatorXRoboticArmKinematics/open_mx/install/dynamixel_sdk/lib:${LD_LIBRARY_PATH} PYTHONPATH=/home/lucasb/OpenManipulatorXRoboticArmKinematics/open_mx/install/open_manipulator_msgs/local/lib/python3.10/dist-packages:${PYTHONPATH} /usr/bin/cmake --install /home/lucasb/OpenManipulatorXRoboticArmKinematics/open_mx/build/open_manipulator_x_controller
