[0.154s] Invoking command in '/home/lucasb/RBE500_Project/build/custom_messages': CMAKE_PREFIX_PATH=/home/lucasb/RBE500_Project/install/Manipulator_X:/opt/ros/humble /usr/bin/cmake /home/lucasb/RBE500_Project/src/custom_messages -DCMAKE_INSTALL_PREFIX=/home/lucasb/RBE500_Project/install/custom_messages
[0.163s] -- Found ament_cmake: 1.3.10 (/opt/ros/humble/share/ament_cmake/cmake)
[0.250s] -- Found geometry_msgs: 4.2.4 (/opt/ros/humble/share/geometry_msgs/cmake)
[0.266s] -- Found rosidl_generator_c: 3.1.5 (/opt/ros/humble/share/rosidl_generator_c/cmake)
[0.267s] -- Found rosidl_adapter: 3.1.5 (/opt/ros/humble/share/rosidl_adapter/cmake)
[0.271s] -- Found rosidl_generator_cpp: 3.1.5 (/opt/ros/humble/share/rosidl_generator_cpp/cmake)
[0.277s] -- Using all available rosidl_typesupport_c: rosidl_typesupport_fastrtps_c;rosidl_typesupport_introspection_c
[0.284s] -- Using all available rosidl_typesupport_cpp: rosidl_typesupport_fastrtps_cpp;rosidl_typesupport_introspection_cpp
[0.307s] -- Found rosidl_default_generators: 1.2.0 (/opt/ros/humble/share/rosidl_default_generators/cmake)
[0.421s] [31mCMake Error at /opt/ros/humble/share/rosidl_adapter/cmake/rosidl_adapt_interfaces.cmake:59 (message):
[0.421s]   execute_process(/usr/bin/python3 -m rosidl_adapter --package-name
[0.421s]   custom_messages --arguments-file
[0.421s]   /home/lucasb/RBE500_Project/build/custom_messages/rosidl_adapter__arguments__custom_messages.json
[0.421s]   --output-dir
[0.421s]   /home/lucasb/RBE500_Project/build/custom_messages/rosidl_adapter/custom_messages
[0.422s]   --output-file
[0.422s]   /home/lucasb/RBE500_Project/build/custom_messages/rosidl_adapter/custom_messages.idls)
[0.422s]   returned error code 1:
[0.422s] 
[0.422s]   Error processing 'geometry_msgs/Pose.msg pose' of
[0.422s]   'custom_messages/inv_kin_Request': ''Pose.msg' is an invalid message name.
[0.422s]   It should have the pattern '^[A-Z][A-Za-z0-9]*$''
[0.422s] 
[0.422s]   Traceback (most recent call last):
[0.422s] 
[0.422s]     File "/usr/lib/python3.10/runpy.py", line 196, in _run_module_as_main
[0.422s]       return _run_code(code, main_globals, None,
[0.423s]     File "/usr/lib/python3.10/runpy.py", line 86, in _run_code
[0.423s]       exec(code, run_globals)
[0.423s]     File "/opt/ros/humble/local/lib/python3.10/dist-packages/rosidl_adapter/__main__.py", line 19, in <module>
[0.423s]       sys.exit(main())
[0.423s]     File "/opt/ros/humble/local/lib/python3.10/dist-packages/rosidl_adapter/main.py", line 53, in main
[0.423s]       abs_idl_file = convert_to_idl(
[0.423s]     File "/opt/ros/humble/local/lib/python3.10/dist-packages/rosidl_adapter/__init__.py", line 24, in convert_to_idl
[0.423s]       return convert_srv_to_idl(
[0.423s]     File "/opt/ros/humble/local/lib/python3.10/dist-packages/rosidl_adapter/srv/__init__.py", line 28, in convert_srv_to_idl
[0.423s]       srv = parse_service_string(package_name, input_file.stem, content)
[0.423s]     File "/opt/ros/humble/local/lib/python3.10/dist-packages/rosidl_adapter/parser.py", line 859, in parse_service_string
[0.423s]       request_message = parse_message_string(
[0.423s]     File "/opt/ros/humble/local/lib/python3.10/dist-packages/rosidl_adapter/parser.py", line 520, in parse_message_string
[0.424s]       Type(type_string, context_package_name=pkg_name),
[0.424s]     File "/opt/ros/humble/local/lib/python3.10/dist-packages/rosidl_adapter/parser.py", line 277, in __init__
[0.424s]       super(Type, self).__init__(
[0.424s]     File "/opt/ros/humble/local/lib/python3.10/dist-packages/rosidl_adapter/parser.py", line 205, in __init__
[0.424s]       raise InvalidResourceName(
[0.424s] 
[0.424s]   rosidl_adapter.parser.InvalidResourceName: 'Pose.msg' is an invalid message
[0.424s]   name.  It should have the pattern '^[A-Z][A-Za-z0-9]*$'
[0.424s] 
[0.424s] Call Stack (most recent call first):
[0.424s]   /opt/ros/humble/share/rosidl_cmake/cmake/rosidl_generate_interfaces.cmake:130 (rosidl_adapt_interfaces)
[0.424s]   CMakeLists.txt:16 (rosidl_generate_interfaces)
[0.424s] 
[0.425s] [0m
[0.425s] -- Configuring incomplete, errors occurred!
[0.425s] See also "/home/lucasb/RBE500_Project/build/custom_messages/CMakeFiles/CMakeOutput.log".
[0.426s] Invoked command in '/home/lucasb/RBE500_Project/build/custom_messages' returned '1': CMAKE_PREFIX_PATH=/home/lucasb/RBE500_Project/install/Manipulator_X:/opt/ros/humble /usr/bin/cmake /home/lucasb/RBE500_Project/src/custom_messages -DCMAKE_INSTALL_PREFIX=/home/lucasb/RBE500_Project/install/custom_messages
