[0.709s] Invoking command in '/home/lucasb/OpenManipulatorXRoboticArmKinematics/open_mx/src/rbe500_example_py': PYTHONPATH=/home/lucasb/OpenManipulatorXRoboticArmKinematics/open_mx/build/rbe500_example_py/prefix_override:/usr/lib/python3/dist-packages/colcon_core/task/python/colcon_distutils_commands:/home/lucasb/OpenManipulatorXRoboticArmKinematics/open_mx/install/rbe500_example_py/lib/python3.10/site-packages:${PYTHONPATH} /usr/bin/python3 -W ignore:setup.py install is deprecated setup.py egg_info --egg-base ../../build/rbe500_example_py build --build-base /home/lucasb/OpenManipulatorXRoboticArmKinematics/open_mx/build/rbe500_example_py/build install --record /home/lucasb/OpenManipulatorXRoboticArmKinematics/open_mx/build/rbe500_example_py/install.log --single-version-externally-managed install_data
[1.000s] running egg_info
[1.001s] writing ../../build/rbe500_example_py/rbe500_example_py.egg-info/PKG-INFO
[1.001s] writing dependency_links to ../../build/rbe500_example_py/rbe500_example_py.egg-info/dependency_links.txt
[1.001s] writing entry points to ../../build/rbe500_example_py/rbe500_example_py.egg-info/entry_points.txt
[1.001s] writing requirements to ../../build/rbe500_example_py/rbe500_example_py.egg-info/requires.txt
[1.001s] writing top-level names to ../../build/rbe500_example_py/rbe500_example_py.egg-info/top_level.txt
[1.005s] reading manifest file '../../build/rbe500_example_py/rbe500_example_py.egg-info/SOURCES.txt'
[1.007s] writing manifest file '../../build/rbe500_example_py/rbe500_example_py.egg-info/SOURCES.txt'
[1.007s] running build
[1.007s] running build_py
[1.008s] running install
[1.009s] running install_lib
[1.017s] running install_data
[1.017s] copying resource/rbe500_example_py -> /home/lucasb/OpenManipulatorXRoboticArmKinematics/open_mx/install/rbe500_example_py/share/ament_index/resource_index/packages
[1.017s] copying package.xml -> /home/lucasb/OpenManipulatorXRoboticArmKinematics/open_mx/install/rbe500_example_py/share/rbe500_example_py
[1.017s] running install_egg_info
[1.020s] removing '/home/lucasb/OpenManipulatorXRoboticArmKinematics/open_mx/install/rbe500_example_py/lib/python3.10/site-packages/rbe500_example_py-0.0.0-py3.10.egg-info' (and everything under it)
[1.024s] Copying ../../build/rbe500_example_py/rbe500_example_py.egg-info to /home/lucasb/OpenManipulatorXRoboticArmKinematics/open_mx/install/rbe500_example_py/lib/python3.10/site-packages/rbe500_example_py-0.0.0-py3.10.egg-info
[1.025s] running install_scripts
[1.060s] Installing basic_robot_control script to /home/lucasb/OpenManipulatorXRoboticArmKinematics/open_mx/install/rbe500_example_py/lib/rbe500_example_py
[1.063s] writing list of installed files to '/home/lucasb/OpenManipulatorXRoboticArmKinematics/open_mx/build/rbe500_example_py/install.log'
[1.148s] Invoked command in '/home/lucasb/OpenManipulatorXRoboticArmKinematics/open_mx/src/rbe500_example_py' returned '0': PYTHONPATH=/home/lucasb/OpenManipulatorXRoboticArmKinematics/open_mx/build/rbe500_example_py/prefix_override:/usr/lib/python3/dist-packages/colcon_core/task/python/colcon_distutils_commands:/home/lucasb/OpenManipulatorXRoboticArmKinematics/open_mx/install/rbe500_example_py/lib/python3.10/site-packages:${PYTHONPATH} /usr/bin/python3 -W ignore:setup.py install is deprecated setup.py egg_info --egg-base ../../build/rbe500_example_py build --build-base /home/lucasb/OpenManipulatorXRoboticArmKinematics/open_mx/build/rbe500_example_py/build install --record /home/lucasb/OpenManipulatorXRoboticArmKinematics/open_mx/build/rbe500_example_py/install.log --single-version-externally-managed install_data
