[0.325s] Invoking command in '/home/lucasb/open_mx/src/robot_omx': PYTHONPATH=/home/lucasb/open_mx/build/robot_omx/prefix_override:/usr/lib/python3/dist-packages/colcon_core/task/python/colcon_distutils_commands:/home/lucasb/open_mx/install/robot_omx/lib/python3.10/site-packages:${PYTHONPATH} /usr/bin/python3 -W ignore:setup.py install is deprecated setup.py egg_info --egg-base ../../build/robot_omx build --build-base /home/lucasb/open_mx/build/robot_omx/build install --record /home/lucasb/open_mx/build/robot_omx/install.log --single-version-externally-managed install_data
[0.464s] running egg_info
[0.464s] creating ../../build/robot_omx/robot_omx.egg-info
[0.464s] writing ../../build/robot_omx/robot_omx.egg-info/PKG-INFO
[0.464s] writing dependency_links to ../../build/robot_omx/robot_omx.egg-info/dependency_links.txt
[0.464s] writing entry points to ../../build/robot_omx/robot_omx.egg-info/entry_points.txt
[0.464s] writing requirements to ../../build/robot_omx/robot_omx.egg-info/requires.txt
[0.464s] writing top-level names to ../../build/robot_omx/robot_omx.egg-info/top_level.txt
[0.464s] writing manifest file '../../build/robot_omx/robot_omx.egg-info/SOURCES.txt'
[0.465s] reading manifest file '../../build/robot_omx/robot_omx.egg-info/SOURCES.txt'
[0.465s] adding license file 'LICENSE'
[0.465s] writing manifest file '../../build/robot_omx/robot_omx.egg-info/SOURCES.txt'
[0.466s] running build
[0.466s] running build_py
[0.466s] creating /home/lucasb/open_mx/build/robot_omx/build
[0.466s] creating /home/lucasb/open_mx/build/robot_omx/build/lib
[0.466s] creating /home/lucasb/open_mx/build/robot_omx/build/lib/robot_omx
[0.466s] copying robot_omx/__init__.py -> /home/lucasb/open_mx/build/robot_omx/build/lib/robot_omx
[0.466s] copying robot_omx/kinematic_library.py -> /home/lucasb/open_mx/build/robot_omx/build/lib/robot_omx
[0.466s] copying robot_omx/inv_kin_client.py -> /home/lucasb/open_mx/build/robot_omx/build/lib/robot_omx
[0.466s] copying robot_omx/inv_kin_server.py -> /home/lucasb/open_mx/build/robot_omx/build/lib/robot_omx
[0.466s] copying robot_omx/forward_kin_subscriber.py -> /home/lucasb/open_mx/build/robot_omx/build/lib/robot_omx
[0.466s] running install
[0.466s] running install_lib
[0.467s] creating /home/lucasb/open_mx/install/robot_omx/lib/python3.10/site-packages/robot_omx
[0.467s] copying /home/lucasb/open_mx/build/robot_omx/build/lib/robot_omx/__init__.py -> /home/lucasb/open_mx/install/robot_omx/lib/python3.10/site-packages/robot_omx
[0.467s] copying /home/lucasb/open_mx/build/robot_omx/build/lib/robot_omx/kinematic_library.py -> /home/lucasb/open_mx/install/robot_omx/lib/python3.10/site-packages/robot_omx
[0.467s] copying /home/lucasb/open_mx/build/robot_omx/build/lib/robot_omx/inv_kin_client.py -> /home/lucasb/open_mx/install/robot_omx/lib/python3.10/site-packages/robot_omx
[0.467s] copying /home/lucasb/open_mx/build/robot_omx/build/lib/robot_omx/inv_kin_server.py -> /home/lucasb/open_mx/install/robot_omx/lib/python3.10/site-packages/robot_omx
[0.467s] copying /home/lucasb/open_mx/build/robot_omx/build/lib/robot_omx/forward_kin_subscriber.py -> /home/lucasb/open_mx/install/robot_omx/lib/python3.10/site-packages/robot_omx
[0.467s] byte-compiling /home/lucasb/open_mx/install/robot_omx/lib/python3.10/site-packages/robot_omx/__init__.py to __init__.cpython-310.pyc
[0.467s] byte-compiling /home/lucasb/open_mx/install/robot_omx/lib/python3.10/site-packages/robot_omx/kinematic_library.py to kinematic_library.cpython-310.pyc
[0.468s] byte-compiling /home/lucasb/open_mx/install/robot_omx/lib/python3.10/site-packages/robot_omx/inv_kin_client.py to inv_kin_client.cpython-310.pyc
[0.468s] byte-compiling /home/lucasb/open_mx/install/robot_omx/lib/python3.10/site-packages/robot_omx/inv_kin_server.py to inv_kin_server.cpython-310.pyc
[0.468s] byte-compiling /home/lucasb/open_mx/install/robot_omx/lib/python3.10/site-packages/robot_omx/forward_kin_subscriber.py to forward_kin_subscriber.cpython-310.pyc
[0.468s] running install_data
[0.468s] creating /home/lucasb/open_mx/install/robot_omx/share/ament_index
[0.468s] creating /home/lucasb/open_mx/install/robot_omx/share/ament_index/resource_index
[0.468s] creating /home/lucasb/open_mx/install/robot_omx/share/ament_index/resource_index/packages
[0.468s] copying resource/robot_omx -> /home/lucasb/open_mx/install/robot_omx/share/ament_index/resource_index/packages
[0.468s] copying package.xml -> /home/lucasb/open_mx/install/robot_omx/share/robot_omx
[0.468s] running install_egg_info
[0.470s] Copying ../../build/robot_omx/robot_omx.egg-info to /home/lucasb/open_mx/install/robot_omx/lib/python3.10/site-packages/robot_omx-0.0.0-py3.10.egg-info
[0.470s] running install_scripts
[0.483s] Installing inverse_client script to /home/lucasb/open_mx/install/robot_omx/lib/robot_omx
[0.483s] Installing inverse_server script to /home/lucasb/open_mx/install/robot_omx/lib/robot_omx
[0.483s] Installing joint_listener script to /home/lucasb/open_mx/install/robot_omx/lib/robot_omx
[0.483s] writing list of installed files to '/home/lucasb/open_mx/build/robot_omx/install.log'
[0.496s] Invoked command in '/home/lucasb/open_mx/src/robot_omx' returned '0': PYTHONPATH=/home/lucasb/open_mx/build/robot_omx/prefix_override:/usr/lib/python3/dist-packages/colcon_core/task/python/colcon_distutils_commands:/home/lucasb/open_mx/install/robot_omx/lib/python3.10/site-packages:${PYTHONPATH} /usr/bin/python3 -W ignore:setup.py install is deprecated setup.py egg_info --egg-base ../../build/robot_omx build --build-base /home/lucasb/open_mx/build/robot_omx/build install --record /home/lucasb/open_mx/build/robot_omx/install.log --single-version-externally-managed install_data
