[0.336s] Invoking command in '/home/lucasb/open_mx/src/robot_omx': PYTHONPATH=/home/lucasb/open_mx/build/robot_omx/prefix_override:/usr/lib/python3/dist-packages/colcon_core/task/python/colcon_distutils_commands:/home/lucasb/open_mx/install/robot_omx/lib/python3.10/site-packages:/home/lucasb/open_mx/install/custom_messages/lib/python3.10/site-packages:/home/lucasb/open_mx/install/robot_omx/lib/python3.10/site-packages:/home/lucasb/open_mx/install/custom_messages/local/lib/python3.10/dist-packages:/opt/ros/humble/lib/python3.10/site-packages:/opt/ros/humble/local/lib/python3.10/dist-packages /usr/bin/python3 -W ignore:setup.py install is deprecated setup.py egg_info --egg-base ../../build/robot_omx build --build-base /home/lucasb/open_mx/build/robot_omx/build install --record /home/lucasb/open_mx/build/robot_omx/install.log --single-version-externally-managed install_data
[0.466s] running egg_info
[0.466s] writing ../../build/robot_omx/robot_omx.egg-info/PKG-INFO
[0.466s] writing dependency_links to ../../build/robot_omx/robot_omx.egg-info/dependency_links.txt
[0.467s] writing entry points to ../../build/robot_omx/robot_omx.egg-info/entry_points.txt
[0.467s] writing requirements to ../../build/robot_omx/robot_omx.egg-info/requires.txt
[0.467s] writing top-level names to ../../build/robot_omx/robot_omx.egg-info/top_level.txt
[0.468s] reading manifest file '../../build/robot_omx/robot_omx.egg-info/SOURCES.txt'
[0.468s] adding license file 'LICENSE'
[0.468s] writing manifest file '../../build/robot_omx/robot_omx.egg-info/SOURCES.txt'
[0.468s] running build
[0.468s] running build_py
[0.468s] copying robot_omx/inv_kin_client.py -> /home/lucasb/open_mx/build/robot_omx/build/lib/robot_omx
[0.468s] running install
[0.468s] running install_lib
[0.469s] copying /home/lucasb/open_mx/build/robot_omx/build/lib/robot_omx/inv_kin_client.py -> /home/lucasb/open_mx/install/robot_omx/lib/python3.10/site-packages/robot_omx
[0.469s] byte-compiling /home/lucasb/open_mx/install/robot_omx/lib/python3.10/site-packages/robot_omx/inv_kin_client.py to inv_kin_client.cpython-310.pyc
[0.470s] running install_data
[0.470s] running install_egg_info
[0.471s] removing '/home/lucasb/open_mx/install/robot_omx/lib/python3.10/site-packages/robot_omx-0.0.0-py3.10.egg-info' (and everything under it)
[0.471s] Copying ../../build/robot_omx/robot_omx.egg-info to /home/lucasb/open_mx/install/robot_omx/lib/python3.10/site-packages/robot_omx-0.0.0-py3.10.egg-info
[0.471s] running install_scripts
[0.484s] Installing inverse_client script to /home/lucasb/open_mx/install/robot_omx/lib/robot_omx
[0.484s] Installing inverse_server script to /home/lucasb/open_mx/install/robot_omx/lib/robot_omx
[0.484s] Installing joint_listener script to /home/lucasb/open_mx/install/robot_omx/lib/robot_omx
[0.484s] writing list of installed files to '/home/lucasb/open_mx/build/robot_omx/install.log'
[0.498s] Invoked command in '/home/lucasb/open_mx/src/robot_omx' returned '0': PYTHONPATH=/home/lucasb/open_mx/build/robot_omx/prefix_override:/usr/lib/python3/dist-packages/colcon_core/task/python/colcon_distutils_commands:/home/lucasb/open_mx/install/robot_omx/lib/python3.10/site-packages:/home/lucasb/open_mx/install/custom_messages/lib/python3.10/site-packages:/home/lucasb/open_mx/install/robot_omx/lib/python3.10/site-packages:/home/lucasb/open_mx/install/custom_messages/local/lib/python3.10/dist-packages:/opt/ros/humble/lib/python3.10/site-packages:/opt/ros/humble/local/lib/python3.10/dist-packages /usr/bin/python3 -W ignore:setup.py install is deprecated setup.py egg_info --egg-base ../../build/robot_omx build --build-base /home/lucasb/open_mx/build/robot_omx/build install --record /home/lucasb/open_mx/build/robot_omx/install.log --single-version-externally-managed install_data
