-- The C compiler identification is GNU 11.4.0
-- The CXX compiler identification is GNU 11.4.0
-- Detecting C compiler ABI info
-- Detecting C compiler ABI info - done
-- Check for working C compiler: /usr/bin/cc - skipped
-- Detecting C compile features
-- Detecting C compile features - done
-- Detecting CXX compiler ABI info
-- Detecting CXX compiler ABI info - done
-- Check for working CXX compiler: /usr/bin/c++ - skipped
-- Detecting CXX compile features
-- Detecting CXX compile features - done
-- Found ament_cmake: 1.3.10 (/opt/ros/humble/share/ament_cmake/cmake)
-- Found Python3: /usr/bin/python3 (found version "3.10.12") found components: Interpreter 
-- Override CMake install command with custom implementation using symlinks instead of copying resources
-- Found geometry_msgs: 4.2.4 (/opt/ros/humble/share/geometry_msgs/cmake)
-- Found rosidl_generator_c: 3.1.5 (/opt/ros/humble/share/rosidl_generator_c/cmake)
-- Found rosidl_adapter: 3.1.5 (/opt/ros/humble/share/rosidl_adapter/cmake)
-- Found rosidl_generator_cpp: 3.1.5 (/opt/ros/humble/share/rosidl_generator_cpp/cmake)
-- Using all available rosidl_typesupport_c: rosidl_typesupport_fastrtps_c;rosidl_typesupport_introspection_c
-- Using all available rosidl_typesupport_cpp: rosidl_typesupport_fastrtps_cpp;rosidl_typesupport_introspection_cpp
-- Found rosidl_default_generators: 1.2.0 (/opt/ros/humble/share/rosidl_default_generators/cmake)
-- Found ament_cmake_cppcheck: 0.12.11 (/opt/ros/humble/share/ament_cmake_cppcheck/cmake)
-- Found ament_cmake_cpplint: 0.12.11 (/opt/ros/humble/share/ament_cmake_cpplint/cmake)
-- Found ament_cmake_uncrustify: 0.12.11 (/opt/ros/humble/share/ament_cmake_uncrustify/cmake)
-- Found ament_cmake_ros: 0.10.0 (/opt/ros/humble/share/ament_cmake_ros/cmake)
-- Using all available rosidl_typesupport_c: rosidl_typesupport_fastrtps_c;rosidl_typesupport_introspection_c
-- Using all available rosidl_typesupport_cpp: rosidl_typesupport_fastrtps_cpp;rosidl_typesupport_introspection_cpp
-- Found PythonInterp: /usr/bin/python3 (found suitable version "3.10.12", minimum required is "3.6") 
-- Found python_cmake_module: 0.10.0 (/opt/ros/humble/share/python_cmake_module/cmake)
-- Found PythonLibs: /usr/lib/x86_64-linux-gnu/libpython3.10.so (found suitable version "3.10.12", minimum required is "3.5") 
-- Using PYTHON_EXECUTABLE: /usr/bin/python3
-- Using PYTHON_INCLUDE_DIRS: /usr/include/python3.10
-- Using PYTHON_LIBRARIES: /usr/lib/x86_64-linux-gnu/libpython3.10.so
-- Found PythonExtra: .so  
-- Found ament_cmake_flake8: 0.12.11 (/opt/ros/humble/share/ament_cmake_flake8/cmake)
-- Found ament_cmake_pep257: 0.12.11 (/opt/ros/humble/share/ament_cmake_pep257/cmake)
-- Configuring done
-- Generating done
-- Build files have been written to: /home/lucasb/OpenManipulatorXRoboticArmKinematics/open_mx/build/open_manipulator_msgs
[  1%] [34m[1mGenerating C code for ROS interfaces[0m
[  2%] [34m[1mGenerating C++ code for ROS interfaces[0m
[  2%] Built target ament_cmake_python_symlink_open_manipulator_msgs
running egg_info
creating open_manipulator_msgs.egg-info
writing open_manipulator_msgs.egg-info/PKG-INFO
writing dependency_links to open_manipulator_msgs.egg-info/dependency_links.txt
writing top-level names to open_manipulator_msgs.egg-info/top_level.txt
writing manifest file 'open_manipulator_msgs.egg-info/SOURCES.txt'
reading manifest file 'open_manipulator_msgs.egg-info/SOURCES.txt'
writing manifest file 'open_manipulator_msgs.egg-info/SOURCES.txt'
[  2%] Built target ament_cmake_python_build_open_manipulator_msgs_egg
[  3%] [32mBuilding C object CMakeFiles/open_manipulator_msgs__rosidl_generator_c.dir/rosidl_generator_c/open_manipulator_msgs/msg/detail/joint_position__functions.c.o[0m
[  4%] [32mBuilding C object CMakeFiles/open_manipulator_msgs__rosidl_generator_c.dir/rosidl_generator_c/open_manipulator_msgs/srv/detail/get_joint_position__functions.c.o[0m
[  5%] [32mBuilding C object CMakeFiles/open_manipulator_msgs__rosidl_generator_c.dir/rosidl_generator_c/open_manipulator_msgs/msg/detail/kinematics_pose__functions.c.o[0m
[  6%] [32mBuilding C object CMakeFiles/open_manipulator_msgs__rosidl_generator_c.dir/rosidl_generator_c/open_manipulator_msgs/msg/detail/open_manipulator_state__functions.c.o[0m
[  7%] [32mBuilding C object CMakeFiles/open_manipulator_msgs__rosidl_generator_c.dir/rosidl_generator_c/open_manipulator_msgs/srv/detail/get_kinematics_pose__functions.c.o[0m
[  8%] [32mBuilding C object CMakeFiles/open_manipulator_msgs__rosidl_generator_c.dir/rosidl_generator_c/open_manipulator_msgs/srv/detail/set_drawing_trajectory__functions.c.o[0m
[  9%] [32mBuilding C object CMakeFiles/open_manipulator_msgs__rosidl_generator_c.dir/rosidl_generator_c/open_manipulator_msgs/srv/detail/set_kinematics_pose__functions.c.o[0m
[ 10%] [32mBuilding C object CMakeFiles/open_manipulator_msgs__rosidl_generator_c.dir/rosidl_generator_c/open_manipulator_msgs/srv/detail/set_joint_position__functions.c.o[0m
[ 11%] [32mBuilding C object CMakeFiles/open_manipulator_msgs__rosidl_generator_c.dir/rosidl_generator_c/open_manipulator_msgs/srv/detail/set_actuator_state__functions.c.o[0m
[ 11%] Built target open_manipulator_msgs__cpp
[ 12%] [34m[1mGenerating C++ type support for eProsima Fast-RTPS[0m
[ 13%] [34m[1mGenerating C++ introspection for ROS interfaces[0m
[ 14%] [34m[1mGenerating C++ type support dispatch for ROS interfaces[0m
[ 15%] [32m[1mLinking C shared library libopen_manipulator_msgs__rosidl_generator_c.so[0m
[ 15%] Built target open_manipulator_msgs__rosidl_generator_c
[ 16%] [34m[1mGenerating C type support for eProsima Fast-RTPS[0m
[ 17%] [34m[1mGenerating C introspection for ROS interfaces[0m
[ 18%] [34m[1mGenerating C type support dispatch for ROS interfaces[0m
[ 20%] [32mBuilding CXX object CMakeFiles/open_manipulator_msgs__rosidl_typesupport_cpp.dir/rosidl_typesupport_cpp/open_manipulator_msgs/msg/kinematics_pose__type_support.cpp.o[0m
[ 21%] [32mBuilding CXX object CMakeFiles/open_manipulator_msgs__rosidl_typesupport_cpp.dir/rosidl_typesupport_cpp/open_manipulator_msgs/srv/get_joint_position__type_support.cpp.o[0m
[ 22%] [32mBuilding CXX object CMakeFiles/open_manipulator_msgs__rosidl_typesupport_cpp.dir/rosidl_typesupport_cpp/open_manipulator_msgs/srv/get_kinematics_pose__type_support.cpp.o[0m
[ 23%] [32mBuilding CXX object CMakeFiles/open_manipulator_msgs__rosidl_typesupport_cpp.dir/rosidl_typesupport_cpp/open_manipulator_msgs/msg/open_manipulator_state__type_support.cpp.o[0m
[ 24%] [32mBuilding CXX object CMakeFiles/open_manipulator_msgs__rosidl_typesupport_cpp.dir/rosidl_typesupport_cpp/open_manipulator_msgs/srv/set_actuator_state__type_support.cpp.o[0m
[ 25%] [32mBuilding CXX object CMakeFiles/open_manipulator_msgs__rosidl_typesupport_cpp.dir/rosidl_typesupport_cpp/open_manipulator_msgs/msg/joint_position__type_support.cpp.o[0m
[ 26%] [32mBuilding CXX object CMakeFiles/open_manipulator_msgs__rosidl_typesupport_cpp.dir/rosidl_typesupport_cpp/open_manipulator_msgs/srv/set_drawing_trajectory__type_support.cpp.o[0m
[ 27%] [32mBuilding CXX object CMakeFiles/open_manipulator_msgs__rosidl_typesupport_cpp.dir/rosidl_typesupport_cpp/open_manipulator_msgs/srv/set_kinematics_pose__type_support.cpp.o[0m
[ 28%] [32mBuilding CXX object CMakeFiles/open_manipulator_msgs__rosidl_typesupport_cpp.dir/rosidl_typesupport_cpp/open_manipulator_msgs/srv/set_joint_position__type_support.cpp.o[0m
[ 29%] [32mBuilding CXX object CMakeFiles/open_manipulator_msgs__rosidl_typesupport_c.dir/rosidl_typesupport_c/open_manipulator_msgs/msg/joint_position__type_support.cpp.o[0m
[ 30%] [32mBuilding CXX object CMakeFiles/open_manipulator_msgs__rosidl_typesupport_c.dir/rosidl_typesupport_c/open_manipulator_msgs/msg/open_manipulator_state__type_support.cpp.o[0m
[ 31%] [32mBuilding CXX object CMakeFiles/open_manipulator_msgs__rosidl_typesupport_c.dir/rosidl_typesupport_c/open_manipulator_msgs/srv/get_kinematics_pose__type_support.cpp.o[0m
[ 32%] [32mBuilding CXX object CMakeFiles/open_manipulator_msgs__rosidl_typesupport_c.dir/rosidl_typesupport_c/open_manipulator_msgs/msg/kinematics_pose__type_support.cpp.o[0m
[ 33%] [32mBuilding CXX object CMakeFiles/open_manipulator_msgs__rosidl_typesupport_c.dir/rosidl_typesupport_c/open_manipulator_msgs/srv/get_joint_position__type_support.cpp.o[0m
[ 34%] [32mBuilding CXX object CMakeFiles/open_manipulator_msgs__rosidl_typesupport_c.dir/rosidl_typesupport_c/open_manipulator_msgs/srv/set_kinematics_pose__type_support.cpp.o[0m
[ 35%] [32mBuilding CXX object CMakeFiles/open_manipulator_msgs__rosidl_typesupport_c.dir/rosidl_typesupport_c/open_manipulator_msgs/srv/set_joint_position__type_support.cpp.o[0m
[ 36%] [32mBuilding CXX object CMakeFiles/open_manipulator_msgs__rosidl_typesupport_c.dir/rosidl_typesupport_c/open_manipulator_msgs/srv/set_drawing_trajectory__type_support.cpp.o[0m
[ 37%] [32mBuilding CXX object CMakeFiles/open_manipulator_msgs__rosidl_typesupport_c.dir/rosidl_typesupport_c/open_manipulator_msgs/srv/set_actuator_state__type_support.cpp.o[0m
[ 38%] [32m[1mLinking CXX shared library libopen_manipulator_msgs__rosidl_typesupport_c.so[0m
[ 40%] [32mBuilding CXX object CMakeFiles/open_manipulator_msgs__rosidl_typesupport_introspection_cpp.dir/rosidl_typesupport_introspection_cpp/open_manipulator_msgs/msg/detail/kinematics_pose__type_support.cpp.o[0m
[ 41%] [32mBuilding CXX object CMakeFiles/open_manipulator_msgs__rosidl_typesupport_introspection_cpp.dir/rosidl_typesupport_introspection_cpp/open_manipulator_msgs/srv/detail/get_joint_position__type_support.cpp.o[0m
[ 42%] [32mBuilding CXX object CMakeFiles/open_manipulator_msgs__rosidl_typesupport_introspection_cpp.dir/rosidl_typesupport_introspection_cpp/open_manipulator_msgs/srv/detail/set_joint_position__type_support.cpp.o[0m
[ 43%] [32mBuilding CXX object CMakeFiles/open_manipulator_msgs__rosidl_typesupport_introspection_cpp.dir/rosidl_typesupport_introspection_cpp/open_manipulator_msgs/msg/detail/open_manipulator_state__type_support.cpp.o[0m
[ 44%] [32mBuilding CXX object CMakeFiles/open_manipulator_msgs__rosidl_typesupport_introspection_cpp.dir/rosidl_typesupport_introspection_cpp/open_manipulator_msgs/msg/detail/joint_position__type_support.cpp.o[0m
[ 45%] [32mBuilding CXX object CMakeFiles/open_manipulator_msgs__rosidl_typesupport_introspection_cpp.dir/rosidl_typesupport_introspection_cpp/open_manipulator_msgs/srv/detail/get_kinematics_pose__type_support.cpp.o[0m
[ 46%] [32mBuilding C object CMakeFiles/open_manipulator_msgs__rosidl_typesupport_introspection_c.dir/rosidl_typesupport_introspection_c/open_manipulator_msgs/msg/detail/joint_position__type_support.c.o[0m
[ 47%] [32mBuilding CXX object CMakeFiles/open_manipulator_msgs__rosidl_typesupport_introspection_cpp.dir/rosidl_typesupport_introspection_cpp/open_manipulator_msgs/srv/detail/set_kinematics_pose__type_support.cpp.o[0m
[ 47%] Built target open_manipulator_msgs__rosidl_typesupport_c
[ 48%] [32mBuilding CXX object CMakeFiles/open_manipulator_msgs__rosidl_typesupport_introspection_cpp.dir/rosidl_typesupport_introspection_cpp/open_manipulator_msgs/srv/detail/set_drawing_trajectory__type_support.cpp.o[0m
[ 49%] [32mBuilding CXX object CMakeFiles/open_manipulator_msgs__rosidl_typesupport_introspection_cpp.dir/rosidl_typesupport_introspection_cpp/open_manipulator_msgs/srv/detail/set_actuator_state__type_support.cpp.o[0m
[ 50%] [32mBuilding C object CMakeFiles/open_manipulator_msgs__rosidl_typesupport_introspection_c.dir/rosidl_typesupport_introspection_c/open_manipulator_msgs/msg/detail/open_manipulator_state__type_support.c.o[0m
[ 51%] [32mBuilding C object CMakeFiles/open_manipulator_msgs__rosidl_typesupport_introspection_c.dir/rosidl_typesupport_introspection_c/open_manipulator_msgs/msg/detail/kinematics_pose__type_support.c.o[0m
[ 52%] [32mBuilding C object CMakeFiles/open_manipulator_msgs__rosidl_typesupport_introspection_c.dir/rosidl_typesupport_introspection_c/open_manipulator_msgs/srv/detail/get_joint_position__type_support.c.o[0m
[ 53%] [32mBuilding C object CMakeFiles/open_manipulator_msgs__rosidl_typesupport_introspection_c.dir/rosidl_typesupport_introspection_c/open_manipulator_msgs/srv/detail/set_joint_position__type_support.c.o[0m
[ 54%] [32mBuilding C object CMakeFiles/open_manipulator_msgs__rosidl_typesupport_introspection_c.dir/rosidl_typesupport_introspection_c/open_manipulator_msgs/srv/detail/set_kinematics_pose__type_support.c.o[0m
[ 55%] [32mBuilding C object CMakeFiles/open_manipulator_msgs__rosidl_typesupport_introspection_c.dir/rosidl_typesupport_introspection_c/open_manipulator_msgs/srv/detail/get_kinematics_pose__type_support.c.o[0m
[ 56%] [32mBuilding C object CMakeFiles/open_manipulator_msgs__rosidl_typesupport_introspection_c.dir/rosidl_typesupport_introspection_c/open_manipulator_msgs/srv/detail/set_drawing_trajectory__type_support.c.o[0m
[ 57%] [32mBuilding C object CMakeFiles/open_manipulator_msgs__rosidl_typesupport_introspection_c.dir/rosidl_typesupport_introspection_c/open_manipulator_msgs/srv/detail/set_actuator_state__type_support.c.o[0m
[ 58%] [32mBuilding CXX object CMakeFiles/open_manipulator_msgs__rosidl_typesupport_fastrtps_cpp.dir/rosidl_typesupport_fastrtps_cpp/open_manipulator_msgs/srv/detail/dds_fastrtps/get_joint_position__type_support.cpp.o[0m
[ 60%] [32mBuilding CXX object CMakeFiles/open_manipulator_msgs__rosidl_typesupport_fastrtps_cpp.dir/rosidl_typesupport_fastrtps_cpp/open_manipulator_msgs/srv/detail/dds_fastrtps/set_joint_position__type_support.cpp.o[0m
[ 61%] [32mBuilding CXX object CMakeFiles/open_manipulator_msgs__rosidl_typesupport_fastrtps_cpp.dir/rosidl_typesupport_fastrtps_cpp/open_manipulator_msgs/msg/detail/dds_fastrtps/open_manipulator_state__type_support.cpp.o[0m
[ 62%] [32mBuilding CXX object CMakeFiles/open_manipulator_msgs__rosidl_typesupport_fastrtps_cpp.dir/rosidl_typesupport_fastrtps_cpp/open_manipulator_msgs/msg/detail/dds_fastrtps/joint_position__type_support.cpp.o[0m
[ 63%] [32mBuilding CXX object CMakeFiles/open_manipulator_msgs__rosidl_typesupport_fastrtps_cpp.dir/rosidl_typesupport_fastrtps_cpp/open_manipulator_msgs/srv/detail/dds_fastrtps/get_kinematics_pose__type_support.cpp.o[0m
[ 64%] [32mBuilding CXX object CMakeFiles/open_manipulator_msgs__rosidl_typesupport_fastrtps_cpp.dir/rosidl_typesupport_fastrtps_cpp/open_manipulator_msgs/msg/detail/dds_fastrtps/kinematics_pose__type_support.cpp.o[0m
[ 65%] [32mBuilding CXX object CMakeFiles/open_manipulator_msgs__rosidl_typesupport_fastrtps_cpp.dir/rosidl_typesupport_fastrtps_cpp/open_manipulator_msgs/srv/detail/dds_fastrtps/set_kinematics_pose__type_support.cpp.o[0m
[ 66%] [32m[1mLinking C shared library libopen_manipulator_msgs__rosidl_typesupport_introspection_c.so[0m
[ 67%] [32mBuilding CXX object CMakeFiles/open_manipulator_msgs__rosidl_typesupport_fastrtps_cpp.dir/rosidl_typesupport_fastrtps_cpp/open_manipulator_msgs/srv/detail/dds_fastrtps/set_drawing_trajectory__type_support.cpp.o[0m
[ 68%] [32m[1mLinking CXX shared library libopen_manipulator_msgs__rosidl_typesupport_cpp.so[0m
[ 68%] Built target open_manipulator_msgs__rosidl_typesupport_introspection_c
[ 69%] [32mBuilding CXX object CMakeFiles/open_manipulator_msgs__rosidl_typesupport_fastrtps_cpp.dir/rosidl_typesupport_fastrtps_cpp/open_manipulator_msgs/srv/detail/dds_fastrtps/set_actuator_state__type_support.cpp.o[0m
[ 69%] Built target open_manipulator_msgs__rosidl_typesupport_cpp
[ 70%] [32mBuilding CXX object CMakeFiles/open_manipulator_msgs__rosidl_typesupport_fastrtps_c.dir/rosidl_typesupport_fastrtps_c/open_manipulator_msgs/msg/detail/kinematics_pose__type_support_c.cpp.o[0m
[ 71%] [32mBuilding CXX object CMakeFiles/open_manipulator_msgs__rosidl_typesupport_fastrtps_c.dir/rosidl_typesupport_fastrtps_c/open_manipulator_msgs/msg/detail/joint_position__type_support_c.cpp.o[0m
[ 72%] [32mBuilding CXX object CMakeFiles/open_manipulator_msgs__rosidl_typesupport_fastrtps_c.dir/rosidl_typesupport_fastrtps_c/open_manipulator_msgs/msg/detail/open_manipulator_state__type_support_c.cpp.o[0m
[ 73%] [32mBuilding CXX object CMakeFiles/open_manipulator_msgs__rosidl_typesupport_fastrtps_c.dir/rosidl_typesupport_fastrtps_c/open_manipulator_msgs/srv/detail/get_joint_position__type_support_c.cpp.o[0m
[ 74%] [32mBuilding CXX object CMakeFiles/open_manipulator_msgs__rosidl_typesupport_fastrtps_c.dir/rosidl_typesupport_fastrtps_c/open_manipulator_msgs/srv/detail/get_kinematics_pose__type_support_c.cpp.o[0m
[ 75%] [32mBuilding CXX object CMakeFiles/open_manipulator_msgs__rosidl_typesupport_fastrtps_c.dir/rosidl_typesupport_fastrtps_c/open_manipulator_msgs/srv/detail/set_joint_position__type_support_c.cpp.o[0m
[ 76%] [32mBuilding CXX object CMakeFiles/open_manipulator_msgs__rosidl_typesupport_fastrtps_c.dir/rosidl_typesupport_fastrtps_c/open_manipulator_msgs/srv/detail/set_kinematics_pose__type_support_c.cpp.o[0m
[ 77%] [32mBuilding CXX object CMakeFiles/open_manipulator_msgs__rosidl_typesupport_fastrtps_c.dir/rosidl_typesupport_fastrtps_c/open_manipulator_msgs/srv/detail/set_drawing_trajectory__type_support_c.cpp.o[0m
[ 78%] [32mBuilding CXX object CMakeFiles/open_manipulator_msgs__rosidl_typesupport_fastrtps_c.dir/rosidl_typesupport_fastrtps_c/open_manipulator_msgs/srv/detail/set_actuator_state__type_support_c.cpp.o[0m
[ 80%] [32m[1mLinking CXX shared library libopen_manipulator_msgs__rosidl_typesupport_introspection_cpp.so[0m
[ 80%] Built target open_manipulator_msgs__rosidl_typesupport_introspection_cpp
[ 81%] [32m[1mLinking CXX shared library libopen_manipulator_msgs__rosidl_typesupport_fastrtps_cpp.so[0m
[ 82%] [32m[1mLinking CXX shared library libopen_manipulator_msgs__rosidl_typesupport_fastrtps_c.so[0m
[ 82%] Built target open_manipulator_msgs__rosidl_typesupport_fastrtps_cpp
[ 82%] Built target open_manipulator_msgs__rosidl_typesupport_fastrtps_c
[ 82%] Built target open_manipulator_msgs
[ 83%] [34m[1mGenerating Python code for ROS interfaces[0m
[ 83%] Built target open_manipulator_msgs__py
[ 84%] [32mBuilding C object CMakeFiles/open_manipulator_msgs__rosidl_generator_py.dir/rosidl_generator_py/open_manipulator_msgs/srv/_get_joint_position_s.c.o[0m
[ 85%] [32mBuilding C object CMakeFiles/open_manipulator_msgs__rosidl_generator_py.dir/rosidl_generator_py/open_manipulator_msgs/msg/_open_manipulator_state_s.c.o[0m
[ 86%] [32mBuilding C object CMakeFiles/open_manipulator_msgs__rosidl_generator_py.dir/rosidl_generator_py/open_manipulator_msgs/srv/_set_kinematics_pose_s.c.o[0m
[ 87%] [32mBuilding C object CMakeFiles/open_manipulator_msgs__rosidl_generator_py.dir/rosidl_generator_py/open_manipulator_msgs/srv/_set_actuator_state_s.c.o[0m
[ 88%] [32mBuilding C object CMakeFiles/open_manipulator_msgs__rosidl_generator_py.dir/rosidl_generator_py/open_manipulator_msgs/srv/_set_drawing_trajectory_s.c.o[0m
[ 89%] [32mBuilding C object CMakeFiles/open_manipulator_msgs__rosidl_generator_py.dir/rosidl_generator_py/open_manipulator_msgs/srv/_get_kinematics_pose_s.c.o[0m
[ 90%] [32mBuilding C object CMakeFiles/open_manipulator_msgs__rosidl_generator_py.dir/rosidl_generator_py/open_manipulator_msgs/msg/_joint_position_s.c.o[0m
[ 91%] [32mBuilding C object CMakeFiles/open_manipulator_msgs__rosidl_generator_py.dir/rosidl_generator_py/open_manipulator_msgs/msg/_kinematics_pose_s.c.o[0m
[ 92%] [32mBuilding C object CMakeFiles/open_manipulator_msgs__rosidl_generator_py.dir/rosidl_generator_py/open_manipulator_msgs/srv/_set_joint_position_s.c.o[0m
[ 93%] [32m[1mLinking C shared library rosidl_generator_py/open_manipulator_msgs/libopen_manipulator_msgs__rosidl_generator_py.so[0m
[ 93%] Built target open_manipulator_msgs__rosidl_generator_py
[ 94%] [32mBuilding C object CMakeFiles/open_manipulator_msgs__rosidl_typesupport_fastrtps_c__pyext.dir/rosidl_generator_py/open_manipulator_msgs/_open_manipulator_msgs_s.ep.rosidl_typesupport_fastrtps_c.c.o[0m
[ 95%] [32mBuilding C object CMakeFiles/open_manipulator_msgs__rosidl_typesupport_introspection_c__pyext.dir/rosidl_generator_py/open_manipulator_msgs/_open_manipulator_msgs_s.ep.rosidl_typesupport_introspection_c.c.o[0m
[ 96%] [32mBuilding C object CMakeFiles/open_manipulator_msgs__rosidl_typesupport_c__pyext.dir/rosidl_generator_py/open_manipulator_msgs/_open_manipulator_msgs_s.ep.rosidl_typesupport_c.c.o[0m
[ 97%] [32m[1mLinking C shared library rosidl_generator_py/open_manipulator_msgs/open_manipulator_msgs_s__rosidl_typesupport_introspection_c.cpython-310-x86_64-linux-gnu.so[0m
[ 98%] [32m[1mLinking C shared library rosidl_generator_py/open_manipulator_msgs/open_manipulator_msgs_s__rosidl_typesupport_c.cpython-310-x86_64-linux-gnu.so[0m
[100%] [32m[1mLinking C shared library rosidl_generator_py/open_manipulator_msgs/open_manipulator_msgs_s__rosidl_typesupport_fastrtps_c.cpython-310-x86_64-linux-gnu.so[0m
[100%] Built target open_manipulator_msgs__rosidl_typesupport_fastrtps_c__pyext
[100%] Built target open_manipulator_msgs__rosidl_typesupport_introspection_c__pyext
[100%] Built target open_manipulator_msgs__rosidl_typesupport_c__pyext
-- Install configuration: ""
-- Execute custom install script
-- Symlinking: /home/lucasb/OpenManipulatorXRoboticArmKinematics/open_mx/install/open_manipulator_msgs/share/ament_index/resource_index/rosidl_interfaces/open_manipulator_msgs
-- Symlinking: /home/lucasb/OpenManipulatorXRoboticArmKinematics/open_mx/install/open_manipulator_msgs/include/open_manipulator_msgs/open_manipulator_msgs/msg/detail/joint_position__functions.h
-- Symlinking: /home/lucasb/OpenManipulatorXRoboticArmKinematics/open_mx/install/open_manipulator_msgs/include/open_manipulator_msgs/open_manipulator_msgs/msg/detail/joint_position__struct.h
-- Symlinking: /home/lucasb/OpenManipulatorXRoboticArmKinematics/open_mx/install/open_manipulator_msgs/include/open_manipulator_msgs/open_manipulator_msgs/msg/detail/joint_position__type_support.h
-- Symlinking: /home/lucasb/OpenManipulatorXRoboticArmKinematics/open_mx/install/open_manipulator_msgs/include/open_manipulator_msgs/open_manipulator_msgs/msg/detail/kinematics_pose__functions.h
-- Symlinking: /home/lucasb/OpenManipulatorXRoboticArmKinematics/open_mx/install/open_manipulator_msgs/include/open_manipulator_msgs/open_manipulator_msgs/msg/detail/kinematics_pose__struct.h
-- Symlinking: /home/lucasb/OpenManipulatorXRoboticArmKinematics/open_mx/install/open_manipulator_msgs/include/open_manipulator_msgs/open_manipulator_msgs/msg/detail/kinematics_pose__type_support.h
-- Symlinking: /home/lucasb/OpenManipulatorXRoboticArmKinematics/open_mx/install/open_manipulator_msgs/include/open_manipulator_msgs/open_manipulator_msgs/msg/detail/open_manipulator_state__functions.h
-- Symlinking: /home/lucasb/OpenManipulatorXRoboticArmKinematics/open_mx/install/open_manipulator_msgs/include/open_manipulator_msgs/open_manipulator_msgs/msg/detail/open_manipulator_state__struct.h
-- Symlinking: /home/lucasb/OpenManipulatorXRoboticArmKinematics/open_mx/install/open_manipulator_msgs/include/open_manipulator_msgs/open_manipulator_msgs/msg/detail/open_manipulator_state__type_support.h
-- Symlinking: /home/lucasb/OpenManipulatorXRoboticArmKinematics/open_mx/install/open_manipulator_msgs/include/open_manipulator_msgs/open_manipulator_msgs/msg/joint_position.h
-- Symlinking: /home/lucasb/OpenManipulatorXRoboticArmKinematics/open_mx/install/open_manipulator_msgs/include/open_manipulator_msgs/open_manipulator_msgs/msg/kinematics_pose.h
-- Symlinking: /home/lucasb/OpenManipulatorXRoboticArmKinematics/open_mx/install/open_manipulator_msgs/include/open_manipulator_msgs/open_manipulator_msgs/msg/open_manipulator_state.h
-- Symlinking: /home/lucasb/OpenManipulatorXRoboticArmKinematics/open_mx/install/open_manipulator_msgs/include/open_manipulator_msgs/open_manipulator_msgs/msg/rosidl_generator_c__visibility_control.h
-- Symlinking: /home/lucasb/OpenManipulatorXRoboticArmKinematics/open_mx/install/open_manipulator_msgs/include/open_manipulator_msgs/open_manipulator_msgs/srv/detail/get_joint_position__functions.h
-- Symlinking: /home/lucasb/OpenManipulatorXRoboticArmKinematics/open_mx/install/open_manipulator_msgs/include/open_manipulator_msgs/open_manipulator_msgs/srv/detail/get_joint_position__struct.h
-- Symlinking: /home/lucasb/OpenManipulatorXRoboticArmKinematics/open_mx/install/open_manipulator_msgs/include/open_manipulator_msgs/open_manipulator_msgs/srv/detail/get_joint_position__type_support.h
-- Symlinking: /home/lucasb/OpenManipulatorXRoboticArmKinematics/open_mx/install/open_manipulator_msgs/include/open_manipulator_msgs/open_manipulator_msgs/srv/detail/get_kinematics_pose__functions.h
-- Symlinking: /home/lucasb/OpenManipulatorXRoboticArmKinematics/open_mx/install/open_manipulator_msgs/include/open_manipulator_msgs/open_manipulator_msgs/srv/detail/get_kinematics_pose__struct.h
-- Symlinking: /home/lucasb/OpenManipulatorXRoboticArmKinematics/open_mx/install/open_manipulator_msgs/include/open_manipulator_msgs/open_manipulator_msgs/srv/detail/get_kinematics_pose__type_support.h
-- Symlinking: /home/lucasb/OpenManipulatorXRoboticArmKinematics/open_mx/install/open_manipulator_msgs/include/open_manipulator_msgs/open_manipulator_msgs/srv/detail/set_actuator_state__functions.h
-- Symlinking: /home/lucasb/OpenManipulatorXRoboticArmKinematics/open_mx/install/open_manipulator_msgs/include/open_manipulator_msgs/open_manipulator_msgs/srv/detail/set_actuator_state__struct.h
-- Symlinking: /home/lucasb/OpenManipulatorXRoboticArmKinematics/open_mx/install/open_manipulator_msgs/include/open_manipulator_msgs/open_manipulator_msgs/srv/detail/set_actuator_state__type_support.h
-- Symlinking: /home/lucasb/OpenManipulatorXRoboticArmKinematics/open_mx/install/open_manipulator_msgs/include/open_manipulator_msgs/open_manipulator_msgs/srv/detail/set_drawing_trajectory__functions.h
-- Symlinking: /home/lucasb/OpenManipulatorXRoboticArmKinematics/open_mx/install/open_manipulator_msgs/include/open_manipulator_msgs/open_manipulator_msgs/srv/detail/set_drawing_trajectory__struct.h
-- Symlinking: /home/lucasb/OpenManipulatorXRoboticArmKinematics/open_mx/install/open_manipulator_msgs/include/open_manipulator_msgs/open_manipulator_msgs/srv/detail/set_drawing_trajectory__type_support.h
-- Symlinking: /home/lucasb/OpenManipulatorXRoboticArmKinematics/open_mx/install/open_manipulator_msgs/include/open_manipulator_msgs/open_manipulator_msgs/srv/detail/set_joint_position__functions.h
-- Symlinking: /home/lucasb/OpenManipulatorXRoboticArmKinematics/open_mx/install/open_manipulator_msgs/include/open_manipulator_msgs/open_manipulator_msgs/srv/detail/set_joint_position__struct.h
-- Symlinking: /home/lucasb/OpenManipulatorXRoboticArmKinematics/open_mx/install/open_manipulator_msgs/include/open_manipulator_msgs/open_manipulator_msgs/srv/detail/set_joint_position__type_support.h
-- Symlinking: /home/lucasb/OpenManipulatorXRoboticArmKinematics/open_mx/install/open_manipulator_msgs/include/open_manipulator_msgs/open_manipulator_msgs/srv/detail/set_kinematics_pose__functions.h
-- Symlinking: /home/lucasb/OpenManipulatorXRoboticArmKinematics/open_mx/install/open_manipulator_msgs/include/open_manipulator_msgs/open_manipulator_msgs/srv/detail/set_kinematics_pose__struct.h
-- Symlinking: /home/lucasb/OpenManipulatorXRoboticArmKinematics/open_mx/install/open_manipulator_msgs/include/open_manipulator_msgs/open_manipulator_msgs/srv/detail/set_kinematics_pose__type_support.h
-- Symlinking: /home/lucasb/OpenManipulatorXRoboticArmKinematics/open_mx/install/open_manipulator_msgs/include/open_manipulator_msgs/open_manipulator_msgs/srv/get_joint_position.h
-- Symlinking: /home/lucasb/OpenManipulatorXRoboticArmKinematics/open_mx/install/open_manipulator_msgs/include/open_manipulator_msgs/open_manipulator_msgs/srv/get_kinematics_pose.h
-- Symlinking: /home/lucasb/OpenManipulatorXRoboticArmKinematics/open_mx/install/open_manipulator_msgs/include/open_manipulator_msgs/open_manipulator_msgs/srv/set_actuator_state.h
-- Symlinking: /home/lucasb/OpenManipulatorXRoboticArmKinematics/open_mx/install/open_manipulator_msgs/include/open_manipulator_msgs/open_manipulator_msgs/srv/set_drawing_trajectory.h
-- Symlinking: /home/lucasb/OpenManipulatorXRoboticArmKinematics/open_mx/install/open_manipulator_msgs/include/open_manipulator_msgs/open_manipulator_msgs/srv/set_joint_position.h
-- Symlinking: /home/lucasb/OpenManipulatorXRoboticArmKinematics/open_mx/install/open_manipulator_msgs/include/open_manipulator_msgs/open_manipulator_msgs/srv/set_kinematics_pose.h
-- Symlinking: /home/lucasb/OpenManipulatorXRoboticArmKinematics/open_mx/install/open_manipulator_msgs/share/open_manipulator_msgs/environment/library_path.sh
-- Symlinking: /home/lucasb/OpenManipulatorXRoboticArmKinematics/open_mx/install/open_manipulator_msgs/share/open_manipulator_msgs/environment/library_path.dsv
-- Symlinking: /home/lucasb/OpenManipulatorXRoboticArmKinematics/open_mx/install/open_manipulator_msgs/include/open_manipulator_msgs/open_manipulator_msgs/msg/detail/joint_position__rosidl_typesupport_fastrtps_c.h
-- Symlinking: /home/lucasb/OpenManipulatorXRoboticArmKinematics/open_mx/install/open_manipulator_msgs/include/open_manipulator_msgs/open_manipulator_msgs/msg/detail/kinematics_pose__rosidl_typesupport_fastrtps_c.h
-- Symlinking: /home/lucasb/OpenManipulatorXRoboticArmKinematics/open_mx/install/open_manipulator_msgs/include/open_manipulator_msgs/open_manipulator_msgs/msg/detail/open_manipulator_state__rosidl_typesupport_fastrtps_c.h
-- Symlinking: /home/lucasb/OpenManipulatorXRoboticArmKinematics/open_mx/install/open_manipulator_msgs/include/open_manipulator_msgs/open_manipulator_msgs/msg/rosidl_typesupport_fastrtps_c__visibility_control.h
-- Symlinking: /home/lucasb/OpenManipulatorXRoboticArmKinematics/open_mx/install/open_manipulator_msgs/include/open_manipulator_msgs/open_manipulator_msgs/srv/detail/get_joint_position__rosidl_typesupport_fastrtps_c.h
-- Symlinking: /home/lucasb/OpenManipulatorXRoboticArmKinematics/open_mx/install/open_manipulator_msgs/include/open_manipulator_msgs/open_manipulator_msgs/srv/detail/get_kinematics_pose__rosidl_typesupport_fastrtps_c.h
-- Symlinking: /home/lucasb/OpenManipulatorXRoboticArmKinematics/open_mx/install/open_manipulator_msgs/include/open_manipulator_msgs/open_manipulator_msgs/srv/detail/set_actuator_state__rosidl_typesupport_fastrtps_c.h
-- Symlinking: /home/lucasb/OpenManipulatorXRoboticArmKinematics/open_mx/install/open_manipulator_msgs/include/open_manipulator_msgs/open_manipulator_msgs/srv/detail/set_drawing_trajectory__rosidl_typesupport_fastrtps_c.h
-- Symlinking: /home/lucasb/OpenManipulatorXRoboticArmKinematics/open_mx/install/open_manipulator_msgs/include/open_manipulator_msgs/open_manipulator_msgs/srv/detail/set_joint_position__rosidl_typesupport_fastrtps_c.h
-- Symlinking: /home/lucasb/OpenManipulatorXRoboticArmKinematics/open_mx/install/open_manipulator_msgs/include/open_manipulator_msgs/open_manipulator_msgs/srv/detail/set_kinematics_pose__rosidl_typesupport_fastrtps_c.h
-- Symlinking: /home/lucasb/OpenManipulatorXRoboticArmKinematics/open_mx/install/open_manipulator_msgs/include/open_manipulator_msgs/open_manipulator_msgs/msg/detail/joint_position__builder.hpp
-- Symlinking: /home/lucasb/OpenManipulatorXRoboticArmKinematics/open_mx/install/open_manipulator_msgs/include/open_manipulator_msgs/open_manipulator_msgs/msg/detail/joint_position__struct.hpp
-- Symlinking: /home/lucasb/OpenManipulatorXRoboticArmKinematics/open_mx/install/open_manipulator_msgs/include/open_manipulator_msgs/open_manipulator_msgs/msg/detail/joint_position__traits.hpp
-- Symlinking: /home/lucasb/OpenManipulatorXRoboticArmKinematics/open_mx/install/open_manipulator_msgs/include/open_manipulator_msgs/open_manipulator_msgs/msg/detail/kinematics_pose__builder.hpp
-- Symlinking: /home/lucasb/OpenManipulatorXRoboticArmKinematics/open_mx/install/open_manipulator_msgs/include/open_manipulator_msgs/open_manipulator_msgs/msg/detail/kinematics_pose__struct.hpp
-- Symlinking: /home/lucasb/OpenManipulatorXRoboticArmKinematics/open_mx/install/open_manipulator_msgs/include/open_manipulator_msgs/open_manipulator_msgs/msg/detail/kinematics_pose__traits.hpp
-- Symlinking: /home/lucasb/OpenManipulatorXRoboticArmKinematics/open_mx/install/open_manipulator_msgs/include/open_manipulator_msgs/open_manipulator_msgs/msg/detail/open_manipulator_state__builder.hpp
-- Symlinking: /home/lucasb/OpenManipulatorXRoboticArmKinematics/open_mx/install/open_manipulator_msgs/include/open_manipulator_msgs/open_manipulator_msgs/msg/detail/open_manipulator_state__struct.hpp
-- Symlinking: /home/lucasb/OpenManipulatorXRoboticArmKinematics/open_mx/install/open_manipulator_msgs/include/open_manipulator_msgs/open_manipulator_msgs/msg/detail/open_manipulator_state__traits.hpp
-- Symlinking: /home/lucasb/OpenManipulatorXRoboticArmKinematics/open_mx/install/open_manipulator_msgs/include/open_manipulator_msgs/open_manipulator_msgs/msg/joint_position.hpp
-- Symlinking: /home/lucasb/OpenManipulatorXRoboticArmKinematics/open_mx/install/open_manipulator_msgs/include/open_manipulator_msgs/open_manipulator_msgs/msg/kinematics_pose.hpp
-- Symlinking: /home/lucasb/OpenManipulatorXRoboticArmKinematics/open_mx/install/open_manipulator_msgs/include/open_manipulator_msgs/open_manipulator_msgs/msg/open_manipulator_state.hpp
-- Symlinking: /home/lucasb/OpenManipulatorXRoboticArmKinematics/open_mx/install/open_manipulator_msgs/include/open_manipulator_msgs/open_manipulator_msgs/srv/detail/get_joint_position__builder.hpp
-- Symlinking: /home/lucasb/OpenManipulatorXRoboticArmKinematics/open_mx/install/open_manipulator_msgs/include/open_manipulator_msgs/open_manipulator_msgs/srv/detail/get_joint_position__struct.hpp
-- Symlinking: /home/lucasb/OpenManipulatorXRoboticArmKinematics/open_mx/install/open_manipulator_msgs/include/open_manipulator_msgs/open_manipulator_msgs/srv/detail/get_joint_position__traits.hpp
-- Symlinking: /home/lucasb/OpenManipulatorXRoboticArmKinematics/open_mx/install/open_manipulator_msgs/include/open_manipulator_msgs/open_manipulator_msgs/srv/detail/get_kinematics_pose__builder.hpp
-- Symlinking: /home/lucasb/OpenManipulatorXRoboticArmKinematics/open_mx/install/open_manipulator_msgs/include/open_manipulator_msgs/open_manipulator_msgs/srv/detail/get_kinematics_pose__struct.hpp
-- Symlinking: /home/lucasb/OpenManipulatorXRoboticArmKinematics/open_mx/install/open_manipulator_msgs/include/open_manipulator_msgs/open_manipulator_msgs/srv/detail/get_kinematics_pose__traits.hpp
-- Symlinking: /home/lucasb/OpenManipulatorXRoboticArmKinematics/open_mx/install/open_manipulator_msgs/include/open_manipulator_msgs/open_manipulator_msgs/srv/detail/set_actuator_state__builder.hpp
-- Symlinking: /home/lucasb/OpenManipulatorXRoboticArmKinematics/open_mx/install/open_manipulator_msgs/include/open_manipulator_msgs/open_manipulator_msgs/srv/detail/set_actuator_state__struct.hpp
-- Symlinking: /home/lucasb/OpenManipulatorXRoboticArmKinematics/open_mx/install/open_manipulator_msgs/include/open_manipulator_msgs/open_manipulator_msgs/srv/detail/set_actuator_state__traits.hpp
-- Symlinking: /home/lucasb/OpenManipulatorXRoboticArmKinematics/open_mx/install/open_manipulator_msgs/include/open_manipulator_msgs/open_manipulator_msgs/srv/detail/set_drawing_trajectory__builder.hpp
-- Symlinking: /home/lucasb/OpenManipulatorXRoboticArmKinematics/open_mx/install/open_manipulator_msgs/include/open_manipulator_msgs/open_manipulator_msgs/srv/detail/set_drawing_trajectory__struct.hpp
-- Symlinking: /home/lucasb/OpenManipulatorXRoboticArmKinematics/open_mx/install/open_manipulator_msgs/include/open_manipulator_msgs/open_manipulator_msgs/srv/detail/set_drawing_trajectory__traits.hpp
-- Symlinking: /home/lucasb/OpenManipulatorXRoboticArmKinematics/open_mx/install/open_manipulator_msgs/include/open_manipulator_msgs/open_manipulator_msgs/srv/detail/set_joint_position__builder.hpp
-- Symlinking: /home/lucasb/OpenManipulatorXRoboticArmKinematics/open_mx/install/open_manipulator_msgs/include/open_manipulator_msgs/open_manipulator_msgs/srv/detail/set_joint_position__struct.hpp
-- Symlinking: /home/lucasb/OpenManipulatorXRoboticArmKinematics/open_mx/install/open_manipulator_msgs/include/open_manipulator_msgs/open_manipulator_msgs/srv/detail/set_joint_position__traits.hpp
-- Symlinking: /home/lucasb/OpenManipulatorXRoboticArmKinematics/open_mx/install/open_manipulator_msgs/include/open_manipulator_msgs/open_manipulator_msgs/srv/detail/set_kinematics_pose__builder.hpp
-- Symlinking: /home/lucasb/OpenManipulatorXRoboticArmKinematics/open_mx/install/open_manipulator_msgs/include/open_manipulator_msgs/open_manipulator_msgs/srv/detail/set_kinematics_pose__struct.hpp
-- Symlinking: /home/lucasb/OpenManipulatorXRoboticArmKinematics/open_mx/install/open_manipulator_msgs/include/open_manipulator_msgs/open_manipulator_msgs/srv/detail/set_kinematics_pose__traits.hpp
-- Symlinking: /home/lucasb/OpenManipulatorXRoboticArmKinematics/open_mx/install/open_manipulator_msgs/include/open_manipulator_msgs/open_manipulator_msgs/srv/get_joint_position.hpp
-- Symlinking: /home/lucasb/OpenManipulatorXRoboticArmKinematics/open_mx/install/open_manipulator_msgs/include/open_manipulator_msgs/open_manipulator_msgs/srv/get_kinematics_pose.hpp
-- Symlinking: /home/lucasb/OpenManipulatorXRoboticArmKinematics/open_mx/install/open_manipulator_msgs/include/open_manipulator_msgs/open_manipulator_msgs/srv/set_actuator_state.hpp
-- Symlinking: /home/lucasb/OpenManipulatorXRoboticArmKinematics/open_mx/install/open_manipulator_msgs/include/open_manipulator_msgs/open_manipulator_msgs/srv/set_drawing_trajectory.hpp
-- Symlinking: /home/lucasb/OpenManipulatorXRoboticArmKinematics/open_mx/install/open_manipulator_msgs/include/open_manipulator_msgs/open_manipulator_msgs/srv/set_joint_position.hpp
-- Symlinking: /home/lucasb/OpenManipulatorXRoboticArmKinematics/open_mx/install/open_manipulator_msgs/include/open_manipulator_msgs/open_manipulator_msgs/srv/set_kinematics_pose.hpp
-- Symlinking: /home/lucasb/OpenManipulatorXRoboticArmKinematics/open_mx/install/open_manipulator_msgs/include/open_manipulator_msgs/open_manipulator_msgs/msg/detail/joint_position__rosidl_typesupport_fastrtps_cpp.hpp
-- Symlinking: /home/lucasb/OpenManipulatorXRoboticArmKinematics/open_mx/install/open_manipulator_msgs/include/open_manipulator_msgs/open_manipulator_msgs/msg/detail/kinematics_pose__rosidl_typesupport_fastrtps_cpp.hpp
-- Symlinking: /home/lucasb/OpenManipulatorXRoboticArmKinematics/open_mx/install/open_manipulator_msgs/include/open_manipulator_msgs/open_manipulator_msgs/msg/detail/open_manipulator_state__rosidl_typesupport_fastrtps_cpp.hpp
-- Symlinking: /home/lucasb/OpenManipulatorXRoboticArmKinematics/open_mx/install/open_manipulator_msgs/include/open_manipulator_msgs/open_manipulator_msgs/msg/rosidl_typesupport_fastrtps_cpp__visibility_control.h
-- Symlinking: /home/lucasb/OpenManipulatorXRoboticArmKinematics/open_mx/install/open_manipulator_msgs/include/open_manipulator_msgs/open_manipulator_msgs/srv/detail/get_joint_position__rosidl_typesupport_fastrtps_cpp.hpp
-- Symlinking: /home/lucasb/OpenManipulatorXRoboticArmKinematics/open_mx/install/open_manipulator_msgs/include/open_manipulator_msgs/open_manipulator_msgs/srv/detail/get_kinematics_pose__rosidl_typesupport_fastrtps_cpp.hpp
-- Symlinking: /home/lucasb/OpenManipulatorXRoboticArmKinematics/open_mx/install/open_manipulator_msgs/include/open_manipulator_msgs/open_manipulator_msgs/srv/detail/set_actuator_state__rosidl_typesupport_fastrtps_cpp.hpp
-- Symlinking: /home/lucasb/OpenManipulatorXRoboticArmKinematics/open_mx/install/open_manipulator_msgs/include/open_manipulator_msgs/open_manipulator_msgs/srv/detail/set_drawing_trajectory__rosidl_typesupport_fastrtps_cpp.hpp
-- Symlinking: /home/lucasb/OpenManipulatorXRoboticArmKinematics/open_mx/install/open_manipulator_msgs/include/open_manipulator_msgs/open_manipulator_msgs/srv/detail/set_joint_position__rosidl_typesupport_fastrtps_cpp.hpp
-- Symlinking: /home/lucasb/OpenManipulatorXRoboticArmKinematics/open_mx/install/open_manipulator_msgs/include/open_manipulator_msgs/open_manipulator_msgs/srv/detail/set_kinematics_pose__rosidl_typesupport_fastrtps_cpp.hpp
-- Symlinking: /home/lucasb/OpenManipulatorXRoboticArmKinematics/open_mx/install/open_manipulator_msgs/include/open_manipulator_msgs/open_manipulator_msgs/msg/detail/joint_position__rosidl_typesupport_introspection_c.h
-- Symlinking: /home/lucasb/OpenManipulatorXRoboticArmKinematics/open_mx/install/open_manipulator_msgs/include/open_manipulator_msgs/open_manipulator_msgs/msg/detail/kinematics_pose__rosidl_typesupport_introspection_c.h
-- Symlinking: /home/lucasb/OpenManipulatorXRoboticArmKinematics/open_mx/install/open_manipulator_msgs/include/open_manipulator_msgs/open_manipulator_msgs/msg/detail/open_manipulator_state__rosidl_typesupport_introspection_c.h
-- Symlinking: /home/lucasb/OpenManipulatorXRoboticArmKinematics/open_mx/install/open_manipulator_msgs/include/open_manipulator_msgs/open_manipulator_msgs/msg/rosidl_typesupport_introspection_c__visibility_control.h
-- Symlinking: /home/lucasb/OpenManipulatorXRoboticArmKinematics/open_mx/install/open_manipulator_msgs/include/open_manipulator_msgs/open_manipulator_msgs/srv/detail/get_joint_position__rosidl_typesupport_introspection_c.h
-- Symlinking: /home/lucasb/OpenManipulatorXRoboticArmKinematics/open_mx/install/open_manipulator_msgs/include/open_manipulator_msgs/open_manipulator_msgs/srv/detail/get_kinematics_pose__rosidl_typesupport_introspection_c.h
-- Symlinking: /home/lucasb/OpenManipulatorXRoboticArmKinematics/open_mx/install/open_manipulator_msgs/include/open_manipulator_msgs/open_manipulator_msgs/srv/detail/set_actuator_state__rosidl_typesupport_introspection_c.h
-- Symlinking: /home/lucasb/OpenManipulatorXRoboticArmKinematics/open_mx/install/open_manipulator_msgs/include/open_manipulator_msgs/open_manipulator_msgs/srv/detail/set_drawing_trajectory__rosidl_typesupport_introspection_c.h
-- Symlinking: /home/lucasb/OpenManipulatorXRoboticArmKinematics/open_mx/install/open_manipulator_msgs/include/open_manipulator_msgs/open_manipulator_msgs/srv/detail/set_joint_position__rosidl_typesupport_introspection_c.h
-- Symlinking: /home/lucasb/OpenManipulatorXRoboticArmKinematics/open_mx/install/open_manipulator_msgs/include/open_manipulator_msgs/open_manipulator_msgs/srv/detail/set_kinematics_pose__rosidl_typesupport_introspection_c.h
-- Symlinking: /home/lucasb/OpenManipulatorXRoboticArmKinematics/open_mx/install/open_manipulator_msgs/include/open_manipulator_msgs/open_manipulator_msgs/msg/detail/joint_position__rosidl_typesupport_introspection_cpp.hpp
-- Symlinking: /home/lucasb/OpenManipulatorXRoboticArmKinematics/open_mx/install/open_manipulator_msgs/include/open_manipulator_msgs/open_manipulator_msgs/msg/detail/kinematics_pose__rosidl_typesupport_introspection_cpp.hpp
-- Symlinking: /home/lucasb/OpenManipulatorXRoboticArmKinematics/open_mx/install/open_manipulator_msgs/include/open_manipulator_msgs/open_manipulator_msgs/msg/detail/open_manipulator_state__rosidl_typesupport_introspection_cpp.hpp
-- Symlinking: /home/lucasb/OpenManipulatorXRoboticArmKinematics/open_mx/install/open_manipulator_msgs/include/open_manipulator_msgs/open_manipulator_msgs/srv/detail/get_joint_position__rosidl_typesupport_introspection_cpp.hpp
-- Symlinking: /home/lucasb/OpenManipulatorXRoboticArmKinematics/open_mx/install/open_manipulator_msgs/include/open_manipulator_msgs/open_manipulator_msgs/srv/detail/get_kinematics_pose__rosidl_typesupport_introspection_cpp.hpp
-- Symlinking: /home/lucasb/OpenManipulatorXRoboticArmKinematics/open_mx/install/open_manipulator_msgs/include/open_manipulator_msgs/open_manipulator_msgs/srv/detail/set_actuator_state__rosidl_typesupport_introspection_cpp.hpp
-- Symlinking: /home/lucasb/OpenManipulatorXRoboticArmKinematics/open_mx/install/open_manipulator_msgs/include/open_manipulator_msgs/open_manipulator_msgs/srv/detail/set_drawing_trajectory__rosidl_typesupport_introspection_cpp.hpp
-- Symlinking: /home/lucasb/OpenManipulatorXRoboticArmKinematics/open_mx/install/open_manipulator_msgs/include/open_manipulator_msgs/open_manipulator_msgs/srv/detail/set_joint_position__rosidl_typesupport_introspection_cpp.hpp
-- Symlinking: /home/lucasb/OpenManipulatorXRoboticArmKinematics/open_mx/install/open_manipulator_msgs/include/open_manipulator_msgs/open_manipulator_msgs/srv/detail/set_kinematics_pose__rosidl_typesupport_introspection_cpp.hpp
-- Symlinking: /home/lucasb/OpenManipulatorXRoboticArmKinematics/open_mx/install/open_manipulator_msgs/share/open_manipulator_msgs/environment/pythonpath.sh
-- Symlinking: /home/lucasb/OpenManipulatorXRoboticArmKinematics/open_mx/install/open_manipulator_msgs/share/open_manipulator_msgs/environment/pythonpath.dsv
-- Symlinking: /home/lucasb/OpenManipulatorXRoboticArmKinematics/open_mx/install/open_manipulator_msgs/local/lib/python3.10/dist-packages/open_manipulator_msgs-2.2.0-py3.10.egg-info/PKG-INFO
-- Symlinking: /home/lucasb/OpenManipulatorXRoboticArmKinematics/open_mx/install/open_manipulator_msgs/local/lib/python3.10/dist-packages/open_manipulator_msgs-2.2.0-py3.10.egg-info/SOURCES.txt
-- Symlinking: /home/lucasb/OpenManipulatorXRoboticArmKinematics/open_mx/install/open_manipulator_msgs/local/lib/python3.10/dist-packages/open_manipulator_msgs-2.2.0-py3.10.egg-info/dependency_links.txt
-- Symlinking: /home/lucasb/OpenManipulatorXRoboticArmKinematics/open_mx/install/open_manipulator_msgs/local/lib/python3.10/dist-packages/open_manipulator_msgs-2.2.0-py3.10.egg-info/top_level.txt
-- Symlinking: /home/lucasb/OpenManipulatorXRoboticArmKinematics/open_mx/install/open_manipulator_msgs/local/lib/python3.10/dist-packages/open_manipulator_msgs/__init__.py
-- Symlinking: /home/lucasb/OpenManipulatorXRoboticArmKinematics/open_mx/install/open_manipulator_msgs/local/lib/python3.10/dist-packages/open_manipulator_msgs/_open_manipulator_msgs_s.ep.rosidl_typesupport_c.c
-- Symlinking: /home/lucasb/OpenManipulatorXRoboticArmKinematics/open_mx/install/open_manipulator_msgs/local/lib/python3.10/dist-packages/open_manipulator_msgs/_open_manipulator_msgs_s.ep.rosidl_typesupport_fastrtps_c.c
-- Symlinking: /home/lucasb/OpenManipulatorXRoboticArmKinematics/open_mx/install/open_manipulator_msgs/local/lib/python3.10/dist-packages/open_manipulator_msgs/_open_manipulator_msgs_s.ep.rosidl_typesupport_introspection_c.c
-- Symlinking: /home/lucasb/OpenManipulatorXRoboticArmKinematics/open_mx/install/open_manipulator_msgs/local/lib/python3.10/dist-packages/open_manipulator_msgs/libopen_manipulator_msgs__rosidl_generator_py.so
-- Symlinking: /home/lucasb/OpenManipulatorXRoboticArmKinematics/open_mx/install/open_manipulator_msgs/local/lib/python3.10/dist-packages/open_manipulator_msgs/msg/__init__.py
-- Symlinking: /home/lucasb/OpenManipulatorXRoboticArmKinematics/open_mx/install/open_manipulator_msgs/local/lib/python3.10/dist-packages/open_manipulator_msgs/msg/_joint_position.py
-- Symlinking: /home/lucasb/OpenManipulatorXRoboticArmKinematics/open_mx/install/open_manipulator_msgs/local/lib/python3.10/dist-packages/open_manipulator_msgs/msg/_joint_position_s.c
-- Symlinking: /home/lucasb/OpenManipulatorXRoboticArmKinematics/open_mx/install/open_manipulator_msgs/local/lib/python3.10/dist-packages/open_manipulator_msgs/msg/_kinematics_pose.py
-- Symlinking: /home/lucasb/OpenManipulatorXRoboticArmKinematics/open_mx/install/open_manipulator_msgs/local/lib/python3.10/dist-packages/open_manipulator_msgs/msg/_kinematics_pose_s.c
-- Symlinking: /home/lucasb/OpenManipulatorXRoboticArmKinematics/open_mx/install/open_manipulator_msgs/local/lib/python3.10/dist-packages/open_manipulator_msgs/msg/_open_manipulator_state.py
-- Symlinking: /home/lucasb/OpenManipulatorXRoboticArmKinematics/open_mx/install/open_manipulator_msgs/local/lib/python3.10/dist-packages/open_manipulator_msgs/msg/_open_manipulator_state_s.c
-- Symlinking: /home/lucasb/OpenManipulatorXRoboticArmKinematics/open_mx/install/open_manipulator_msgs/local/lib/python3.10/dist-packages/open_manipulator_msgs/open_manipulator_msgs_s__rosidl_typesupport_c.cpython-310-x86_64-linux-gnu.so
-- Symlinking: /home/lucasb/OpenManipulatorXRoboticArmKinematics/open_mx/install/open_manipulator_msgs/local/lib/python3.10/dist-packages/open_manipulator_msgs/open_manipulator_msgs_s__rosidl_typesupport_fastrtps_c.cpython-310-x86_64-linux-gnu.so
-- Symlinking: /home/lucasb/OpenManipulatorXRoboticArmKinematics/open_mx/install/open_manipulator_msgs/local/lib/python3.10/dist-packages/open_manipulator_msgs/open_manipulator_msgs_s__rosidl_typesupport_introspection_c.cpython-310-x86_64-linux-gnu.so
-- Symlinking: /home/lucasb/OpenManipulatorXRoboticArmKinematics/open_mx/install/open_manipulator_msgs/local/lib/python3.10/dist-packages/open_manipulator_msgs/srv/__init__.py
-- Symlinking: /home/lucasb/OpenManipulatorXRoboticArmKinematics/open_mx/install/open_manipulator_msgs/local/lib/python3.10/dist-packages/open_manipulator_msgs/srv/_get_joint_position.py
-- Symlinking: /home/lucasb/OpenManipulatorXRoboticArmKinematics/open_mx/install/open_manipulator_msgs/local/lib/python3.10/dist-packages/open_manipulator_msgs/srv/_get_joint_position_s.c
-- Symlinking: /home/lucasb/OpenManipulatorXRoboticArmKinematics/open_mx/install/open_manipulator_msgs/local/lib/python3.10/dist-packages/open_manipulator_msgs/srv/_get_kinematics_pose.py
-- Symlinking: /home/lucasb/OpenManipulatorXRoboticArmKinematics/open_mx/install/open_manipulator_msgs/local/lib/python3.10/dist-packages/open_manipulator_msgs/srv/_get_kinematics_pose_s.c
-- Symlinking: /home/lucasb/OpenManipulatorXRoboticArmKinematics/open_mx/install/open_manipulator_msgs/local/lib/python3.10/dist-packages/open_manipulator_msgs/srv/_set_actuator_state.py
-- Symlinking: /home/lucasb/OpenManipulatorXRoboticArmKinematics/open_mx/install/open_manipulator_msgs/local/lib/python3.10/dist-packages/open_manipulator_msgs/srv/_set_actuator_state_s.c
-- Symlinking: /home/lucasb/OpenManipulatorXRoboticArmKinematics/open_mx/install/open_manipulator_msgs/local/lib/python3.10/dist-packages/open_manipulator_msgs/srv/_set_drawing_trajectory.py
-- Symlinking: /home/lucasb/OpenManipulatorXRoboticArmKinematics/open_mx/install/open_manipulator_msgs/local/lib/python3.10/dist-packages/open_manipulator_msgs/srv/_set_drawing_trajectory_s.c
-- Symlinking: /home/lucasb/OpenManipulatorXRoboticArmKinematics/open_mx/install/open_manipulator_msgs/local/lib/python3.10/dist-packages/open_manipulator_msgs/srv/_set_joint_position.py
-- Symlinking: /home/lucasb/OpenManipulatorXRoboticArmKinematics/open_mx/install/open_manipulator_msgs/local/lib/python3.10/dist-packages/open_manipulator_msgs/srv/_set_joint_position_s.c
-- Symlinking: /home/lucasb/OpenManipulatorXRoboticArmKinematics/open_mx/install/open_manipulator_msgs/local/lib/python3.10/dist-packages/open_manipulator_msgs/srv/_set_kinematics_pose.py
-- Symlinking: /home/lucasb/OpenManipulatorXRoboticArmKinematics/open_mx/install/open_manipulator_msgs/local/lib/python3.10/dist-packages/open_manipulator_msgs/srv/_set_kinematics_pose_s.c
-- Up-to-date symlink: /home/lucasb/OpenManipulatorXRoboticArmKinematics/open_mx/install/open_manipulator_msgs/local/lib/python3.10/dist-packages/open_manipulator_msgs/open_manipulator_msgs_s__rosidl_typesupport_fastrtps_c.cpython-310-x86_64-linux-gnu.so
-- Up-to-date symlink: /home/lucasb/OpenManipulatorXRoboticArmKinematics/open_mx/install/open_manipulator_msgs/local/lib/python3.10/dist-packages/open_manipulator_msgs/open_manipulator_msgs_s__rosidl_typesupport_introspection_c.cpython-310-x86_64-linux-gnu.so
-- Up-to-date symlink: /home/lucasb/OpenManipulatorXRoboticArmKinematics/open_mx/install/open_manipulator_msgs/local/lib/python3.10/dist-packages/open_manipulator_msgs/open_manipulator_msgs_s__rosidl_typesupport_c.cpython-310-x86_64-linux-gnu.so
-- Symlinking: /home/lucasb/OpenManipulatorXRoboticArmKinematics/open_mx/install/open_manipulator_msgs/share/open_manipulator_msgs/msg/JointPosition.idl
-- Symlinking: /home/lucasb/OpenManipulatorXRoboticArmKinematics/open_mx/install/open_manipulator_msgs/share/open_manipulator_msgs/msg/KinematicsPose.idl
-- Symlinking: /home/lucasb/OpenManipulatorXRoboticArmKinematics/open_mx/install/open_manipulator_msgs/share/open_manipulator_msgs/msg/OpenManipulatorState.idl
-- Symlinking: /home/lucasb/OpenManipulatorXRoboticArmKinematics/open_mx/install/open_manipulator_msgs/share/open_manipulator_msgs/srv/GetJointPosition.idl
-- Symlinking: /home/lucasb/OpenManipulatorXRoboticArmKinematics/open_mx/install/open_manipulator_msgs/share/open_manipulator_msgs/srv/GetKinematicsPose.idl
-- Symlinking: /home/lucasb/OpenManipulatorXRoboticArmKinematics/open_mx/install/open_manipulator_msgs/share/open_manipulator_msgs/srv/SetJointPosition.idl
-- Symlinking: /home/lucasb/OpenManipulatorXRoboticArmKinematics/open_mx/install/open_manipulator_msgs/share/open_manipulator_msgs/srv/SetKinematicsPose.idl
-- Symlinking: /home/lucasb/OpenManipulatorXRoboticArmKinematics/open_mx/install/open_manipulator_msgs/share/open_manipulator_msgs/srv/SetDrawingTrajectory.idl
-- Symlinking: /home/lucasb/OpenManipulatorXRoboticArmKinematics/open_mx/install/open_manipulator_msgs/share/open_manipulator_msgs/srv/SetActuatorState.idl
-- Symlinking: /home/lucasb/OpenManipulatorXRoboticArmKinematics/open_mx/install/open_manipulator_msgs/share/open_manipulator_msgs/msg/JointPosition.msg
-- Symlinking: /home/lucasb/OpenManipulatorXRoboticArmKinematics/open_mx/install/open_manipulator_msgs/share/open_manipulator_msgs/msg/KinematicsPose.msg
-- Symlinking: /home/lucasb/OpenManipulatorXRoboticArmKinematics/open_mx/install/open_manipulator_msgs/share/open_manipulator_msgs/msg/OpenManipulatorState.msg
-- Symlinking: /home/lucasb/OpenManipulatorXRoboticArmKinematics/open_mx/install/open_manipulator_msgs/share/open_manipulator_msgs/srv/GetJointPosition.srv
-- Symlinking: /home/lucasb/OpenManipulatorXRoboticArmKinematics/open_mx/install/open_manipulator_msgs/share/open_manipulator_msgs/srv/GetJointPosition_Request.msg
-- Symlinking: /home/lucasb/OpenManipulatorXRoboticArmKinematics/open_mx/install/open_manipulator_msgs/share/open_manipulator_msgs/srv/GetJointPosition_Response.msg
-- Symlinking: /home/lucasb/OpenManipulatorXRoboticArmKinematics/open_mx/install/open_manipulator_msgs/share/open_manipulator_msgs/srv/GetKinematicsPose.srv
-- Symlinking: /home/lucasb/OpenManipulatorXRoboticArmKinematics/open_mx/install/open_manipulator_msgs/share/open_manipulator_msgs/srv/GetKinematicsPose_Request.msg
-- Symlinking: /home/lucasb/OpenManipulatorXRoboticArmKinematics/open_mx/install/open_manipulator_msgs/share/open_manipulator_msgs/srv/GetKinematicsPose_Response.msg
-- Symlinking: /home/lucasb/OpenManipulatorXRoboticArmKinematics/open_mx/install/open_manipulator_msgs/share/open_manipulator_msgs/srv/SetJointPosition.srv
-- Symlinking: /home/lucasb/OpenManipulatorXRoboticArmKinematics/open_mx/install/open_manipulator_msgs/share/open_manipulator_msgs/srv/SetJointPosition_Request.msg
-- Symlinking: /home/lucasb/OpenManipulatorXRoboticArmKinematics/open_mx/install/open_manipulator_msgs/share/open_manipulator_msgs/srv/SetJointPosition_Response.msg
-- Symlinking: /home/lucasb/OpenManipulatorXRoboticArmKinematics/open_mx/install/open_manipulator_msgs/share/open_manipulator_msgs/srv/SetKinematicsPose.srv
-- Symlinking: /home/lucasb/OpenManipulatorXRoboticArmKinematics/open_mx/install/open_manipulator_msgs/share/open_manipulator_msgs/srv/SetKinematicsPose_Request.msg
-- Symlinking: /home/lucasb/OpenManipulatorXRoboticArmKinematics/open_mx/install/open_manipulator_msgs/share/open_manipulator_msgs/srv/SetKinematicsPose_Response.msg
-- Symlinking: /home/lucasb/OpenManipulatorXRoboticArmKinematics/open_mx/install/open_manipulator_msgs/share/open_manipulator_msgs/srv/SetDrawingTrajectory.srv
-- Symlinking: /home/lucasb/OpenManipulatorXRoboticArmKinematics/open_mx/install/open_manipulator_msgs/share/open_manipulator_msgs/srv/SetDrawingTrajectory_Request.msg
-- Symlinking: /home/lucasb/OpenManipulatorXRoboticArmKinematics/open_mx/install/open_manipulator_msgs/share/open_manipulator_msgs/srv/SetDrawingTrajectory_Response.msg
-- Symlinking: /home/lucasb/OpenManipulatorXRoboticArmKinematics/open_mx/install/open_manipulator_msgs/share/open_manipulator_msgs/srv/SetActuatorState.srv
-- Symlinking: /home/lucasb/OpenManipulatorXRoboticArmKinematics/open_mx/install/open_manipulator_msgs/share/open_manipulator_msgs/srv/SetActuatorState_Request.msg
-- Symlinking: /home/lucasb/OpenManipulatorXRoboticArmKinematics/open_mx/install/open_manipulator_msgs/share/open_manipulator_msgs/srv/SetActuatorState_Response.msg
-- Symlinking: /home/lucasb/OpenManipulatorXRoboticArmKinematics/open_mx/install/open_manipulator_msgs/share/ament_index/resource_index/package_run_dependencies/open_manipulator_msgs
-- Symlinking: /home/lucasb/OpenManipulatorXRoboticArmKinematics/open_mx/install/open_manipulator_msgs/share/ament_index/resource_index/parent_prefix_path/open_manipulator_msgs
-- Symlinking: /home/lucasb/OpenManipulatorXRoboticArmKinematics/open_mx/install/open_manipulator_msgs/share/open_manipulator_msgs/environment/ament_prefix_path.sh
-- Symlinking: /home/lucasb/OpenManipulatorXRoboticArmKinematics/open_mx/install/open_manipulator_msgs/share/open_manipulator_msgs/environment/ament_prefix_path.dsv
-- Symlinking: /home/lucasb/OpenManipulatorXRoboticArmKinematics/open_mx/install/open_manipulator_msgs/share/open_manipulator_msgs/environment/path.sh
-- Symlinking: /home/lucasb/OpenManipulatorXRoboticArmKinematics/open_mx/install/open_manipulator_msgs/share/open_manipulator_msgs/environment/path.dsv
-- Symlinking: /home/lucasb/OpenManipulatorXRoboticArmKinematics/open_mx/install/open_manipulator_msgs/share/open_manipulator_msgs/local_setup.bash
-- Symlinking: /home/lucasb/OpenManipulatorXRoboticArmKinematics/open_mx/install/open_manipulator_msgs/share/open_manipulator_msgs/local_setup.sh
-- Symlinking: /home/lucasb/OpenManipulatorXRoboticArmKinematics/open_mx/install/open_manipulator_msgs/share/open_manipulator_msgs/local_setup.zsh
-- Symlinking: /home/lucasb/OpenManipulatorXRoboticArmKinematics/open_mx/install/open_manipulator_msgs/share/open_manipulator_msgs/local_setup.dsv
-- Symlinking: /home/lucasb/OpenManipulatorXRoboticArmKinematics/open_mx/install/open_manipulator_msgs/share/open_manipulator_msgs/package.dsv
-- Symlinking: /home/lucasb/OpenManipulatorXRoboticArmKinematics/open_mx/install/open_manipulator_msgs/share/ament_index/resource_index/packages/open_manipulator_msgs
-- Symlinking: /home/lucasb/OpenManipulatorXRoboticArmKinematics/open_mx/install/open_manipulator_msgs/share/open_manipulator_msgs/cmake/rosidl_cmake-extras.cmake
-- Symlinking: /home/lucasb/OpenManipulatorXRoboticArmKinematics/open_mx/install/open_manipulator_msgs/share/open_manipulator_msgs/cmake/ament_cmake_export_dependencies-extras.cmake
-- Symlinking: /home/lucasb/OpenManipulatorXRoboticArmKinematics/open_mx/install/open_manipulator_msgs/share/open_manipulator_msgs/cmake/ament_cmake_export_include_directories-extras.cmake
-- Symlinking: /home/lucasb/OpenManipulatorXRoboticArmKinematics/open_mx/install/open_manipulator_msgs/share/open_manipulator_msgs/cmake/ament_cmake_export_libraries-extras.cmake
-- Symlinking: /home/lucasb/OpenManipulatorXRoboticArmKinematics/open_mx/install/open_manipulator_msgs/share/open_manipulator_msgs/cmake/ament_cmake_export_targets-extras.cmake
-- Symlinking: /home/lucasb/OpenManipulatorXRoboticArmKinematics/open_mx/install/open_manipulator_msgs/share/open_manipulator_msgs/cmake/rosidl_cmake_export_typesupport_targets-extras.cmake
-- Symlinking: /home/lucasb/OpenManipulatorXRoboticArmKinematics/open_mx/install/open_manipulator_msgs/share/open_manipulator_msgs/cmake/rosidl_cmake_export_typesupport_libraries-extras.cmake
-- Symlinking: /home/lucasb/OpenManipulatorXRoboticArmKinematics/open_mx/install/open_manipulator_msgs/share/open_manipulator_msgs/cmake/open_manipulator_msgsConfig.cmake
-- Symlinking: /home/lucasb/OpenManipulatorXRoboticArmKinematics/open_mx/install/open_manipulator_msgs/share/open_manipulator_msgs/cmake/open_manipulator_msgsConfig-version.cmake
-- Symlinking: /home/lucasb/OpenManipulatorXRoboticArmKinematics/open_mx/install/open_manipulator_msgs/share/open_manipulator_msgs/package.xml
-- Installing: /home/lucasb/OpenManipulatorXRoboticArmKinematics/open_mx/install/open_manipulator_msgs/lib/libopen_manipulator_msgs__rosidl_generator_c.so
-- Set runtime path of "/home/lucasb/OpenManipulatorXRoboticArmKinematics/open_mx/install/open_manipulator_msgs/lib/libopen_manipulator_msgs__rosidl_generator_c.so" to ""
-- Installing: /home/lucasb/OpenManipulatorXRoboticArmKinematics/open_mx/install/open_manipulator_msgs/lib/libopen_manipulator_msgs__rosidl_typesupport_fastrtps_c.so
-- Set runtime path of "/home/lucasb/OpenManipulatorXRoboticArmKinematics/open_mx/install/open_manipulator_msgs/lib/libopen_manipulator_msgs__rosidl_typesupport_fastrtps_c.so" to ""
-- Installing: /home/lucasb/OpenManipulatorXRoboticArmKinematics/open_mx/install/open_manipulator_msgs/lib/libopen_manipulator_msgs__rosidl_typesupport_fastrtps_cpp.so
-- Set runtime path of "/home/lucasb/OpenManipulatorXRoboticArmKinematics/open_mx/install/open_manipulator_msgs/lib/libopen_manipulator_msgs__rosidl_typesupport_fastrtps_cpp.so" to ""
-- Installing: /home/lucasb/OpenManipulatorXRoboticArmKinematics/open_mx/install/open_manipulator_msgs/lib/libopen_manipulator_msgs__rosidl_typesupport_introspection_c.so
-- Set runtime path of "/home/lucasb/OpenManipulatorXRoboticArmKinematics/open_mx/install/open_manipulator_msgs/lib/libopen_manipulator_msgs__rosidl_typesupport_introspection_c.so" to ""
-- Installing: /home/lucasb/OpenManipulatorXRoboticArmKinematics/open_mx/install/open_manipulator_msgs/lib/libopen_manipulator_msgs__rosidl_typesupport_c.so
-- Set runtime path of "/home/lucasb/OpenManipulatorXRoboticArmKinematics/open_mx/install/open_manipulator_msgs/lib/libopen_manipulator_msgs__rosidl_typesupport_c.so" to ""
-- Installing: /home/lucasb/OpenManipulatorXRoboticArmKinematics/open_mx/install/open_manipulator_msgs/lib/libopen_manipulator_msgs__rosidl_typesupport_introspection_cpp.so
-- Set runtime path of "/home/lucasb/OpenManipulatorXRoboticArmKinematics/open_mx/install/open_manipulator_msgs/lib/libopen_manipulator_msgs__rosidl_typesupport_introspection_cpp.so" to ""
-- Installing: /home/lucasb/OpenManipulatorXRoboticArmKinematics/open_mx/install/open_manipulator_msgs/lib/libopen_manipulator_msgs__rosidl_typesupport_cpp.so
-- Set runtime path of "/home/lucasb/OpenManipulatorXRoboticArmKinematics/open_mx/install/open_manipulator_msgs/lib/libopen_manipulator_msgs__rosidl_typesupport_cpp.so" to ""
Listing '/home/lucasb/OpenManipulatorXRoboticArmKinematics/open_mx/install/open_manipulator_msgs/local/lib/python3.10/dist-packages/open_manipulator_msgs'...
Compiling '/home/lucasb/OpenManipulatorXRoboticArmKinematics/open_mx/install/open_manipulator_msgs/local/lib/python3.10/dist-packages/open_manipulator_msgs/__init__.py'...
Listing '/home/lucasb/OpenManipulatorXRoboticArmKinematics/open_mx/install/open_manipulator_msgs/local/lib/python3.10/dist-packages/open_manipulator_msgs/msg'...
Compiling '/home/lucasb/OpenManipulatorXRoboticArmKinematics/open_mx/install/open_manipulator_msgs/local/lib/python3.10/dist-packages/open_manipulator_msgs/msg/__init__.py'...
Compiling '/home/lucasb/OpenManipulatorXRoboticArmKinematics/open_mx/install/open_manipulator_msgs/local/lib/python3.10/dist-packages/open_manipulator_msgs/msg/_joint_position.py'...
Compiling '/home/lucasb/OpenManipulatorXRoboticArmKinematics/open_mx/install/open_manipulator_msgs/local/lib/python3.10/dist-packages/open_manipulator_msgs/msg/_kinematics_pose.py'...
Compiling '/home/lucasb/OpenManipulatorXRoboticArmKinematics/open_mx/install/open_manipulator_msgs/local/lib/python3.10/dist-packages/open_manipulator_msgs/msg/_open_manipulator_state.py'...
Listing '/home/lucasb/OpenManipulatorXRoboticArmKinematics/open_mx/install/open_manipulator_msgs/local/lib/python3.10/dist-packages/open_manipulator_msgs/srv'...
Compiling '/home/lucasb/OpenManipulatorXRoboticArmKinematics/open_mx/install/open_manipulator_msgs/local/lib/python3.10/dist-packages/open_manipulator_msgs/srv/__init__.py'...
Compiling '/home/lucasb/OpenManipulatorXRoboticArmKinematics/open_mx/install/open_manipulator_msgs/local/lib/python3.10/dist-packages/open_manipulator_msgs/srv/_get_joint_position.py'...
Compiling '/home/lucasb/OpenManipulatorXRoboticArmKinematics/open_mx/install/open_manipulator_msgs/local/lib/python3.10/dist-packages/open_manipulator_msgs/srv/_get_kinematics_pose.py'...
Compiling '/home/lucasb/OpenManipulatorXRoboticArmKinematics/open_mx/install/open_manipulator_msgs/local/lib/python3.10/dist-packages/open_manipulator_msgs/srv/_set_actuator_state.py'...
Compiling '/home/lucasb/OpenManipulatorXRoboticArmKinematics/open_mx/install/open_manipulator_msgs/local/lib/python3.10/dist-packages/open_manipulator_msgs/srv/_set_drawing_trajectory.py'...
Compiling '/home/lucasb/OpenManipulatorXRoboticArmKinematics/open_mx/install/open_manipulator_msgs/local/lib/python3.10/dist-packages/open_manipulator_msgs/srv/_set_joint_position.py'...
Compiling '/home/lucasb/OpenManipulatorXRoboticArmKinematics/open_mx/install/open_manipulator_msgs/local/lib/python3.10/dist-packages/open_manipulator_msgs/srv/_set_kinematics_pose.py'...
-- Installing: /home/lucasb/OpenManipulatorXRoboticArmKinematics/open_mx/install/open_manipulator_msgs/lib/libopen_manipulator_msgs__rosidl_generator_py.so
-- Set runtime path of "/home/lucasb/OpenManipulatorXRoboticArmKinematics/open_mx/install/open_manipulator_msgs/lib/libopen_manipulator_msgs__rosidl_generator_py.so" to ""
-- Installing: /home/lucasb/OpenManipulatorXRoboticArmKinematics/open_mx/install/open_manipulator_msgs/share/open_manipulator_msgs/cmake/export_open_manipulator_msgs__rosidl_generator_cExport.cmake
-- Installing: /home/lucasb/OpenManipulatorXRoboticArmKinematics/open_mx/install/open_manipulator_msgs/share/open_manipulator_msgs/cmake/export_open_manipulator_msgs__rosidl_generator_cExport-noconfig.cmake
-- Installing: /home/lucasb/OpenManipulatorXRoboticArmKinematics/open_mx/install/open_manipulator_msgs/share/open_manipulator_msgs/cmake/export_open_manipulator_msgs__rosidl_typesupport_fastrtps_cExport.cmake
-- Installing: /home/lucasb/OpenManipulatorXRoboticArmKinematics/open_mx/install/open_manipulator_msgs/share/open_manipulator_msgs/cmake/export_open_manipulator_msgs__rosidl_typesupport_fastrtps_cExport-noconfig.cmake
-- Installing: /home/lucasb/OpenManipulatorXRoboticArmKinematics/open_mx/install/open_manipulator_msgs/share/open_manipulator_msgs/cmake/export_open_manipulator_msgs__rosidl_generator_cppExport.cmake
-- Installing: /home/lucasb/OpenManipulatorXRoboticArmKinematics/open_mx/install/open_manipulator_msgs/share/open_manipulator_msgs/cmake/export_open_manipulator_msgs__rosidl_typesupport_fastrtps_cppExport.cmake
-- Installing: /home/lucasb/OpenManipulatorXRoboticArmKinematics/open_mx/install/open_manipulator_msgs/share/open_manipulator_msgs/cmake/export_open_manipulator_msgs__rosidl_typesupport_fastrtps_cppExport-noconfig.cmake
-- Installing: /home/lucasb/OpenManipulatorXRoboticArmKinematics/open_mx/install/open_manipulator_msgs/share/open_manipulator_msgs/cmake/open_manipulator_msgs__rosidl_typesupport_introspection_cExport.cmake
-- Installing: /home/lucasb/OpenManipulatorXRoboticArmKinematics/open_mx/install/open_manipulator_msgs/share/open_manipulator_msgs/cmake/open_manipulator_msgs__rosidl_typesupport_introspection_cExport-noconfig.cmake
-- Installing: /home/lucasb/OpenManipulatorXRoboticArmKinematics/open_mx/install/open_manipulator_msgs/share/open_manipulator_msgs/cmake/open_manipulator_msgs__rosidl_typesupport_cExport.cmake
-- Installing: /home/lucasb/OpenManipulatorXRoboticArmKinematics/open_mx/install/open_manipulator_msgs/share/open_manipulator_msgs/cmake/open_manipulator_msgs__rosidl_typesupport_cExport-noconfig.cmake
-- Installing: /home/lucasb/OpenManipulatorXRoboticArmKinematics/open_mx/install/open_manipulator_msgs/share/open_manipulator_msgs/cmake/open_manipulator_msgs__rosidl_typesupport_introspection_cppExport.cmake
-- Installing: /home/lucasb/OpenManipulatorXRoboticArmKinematics/open_mx/install/open_manipulator_msgs/share/open_manipulator_msgs/cmake/open_manipulator_msgs__rosidl_typesupport_introspection_cppExport-noconfig.cmake
-- Installing: /home/lucasb/OpenManipulatorXRoboticArmKinematics/open_mx/install/open_manipulator_msgs/share/open_manipulator_msgs/cmake/open_manipulator_msgs__rosidl_typesupport_cppExport.cmake
-- Installing: /home/lucasb/OpenManipulatorXRoboticArmKinematics/open_mx/install/open_manipulator_msgs/share/open_manipulator_msgs/cmake/open_manipulator_msgs__rosidl_typesupport_cppExport-noconfig.cmake
-- Installing: /home/lucasb/OpenManipulatorXRoboticArmKinematics/open_mx/install/open_manipulator_msgs/share/open_manipulator_msgs/cmake/export_open_manipulator_msgs__rosidl_generator_pyExport.cmake
-- Installing: /home/lucasb/OpenManipulatorXRoboticArmKinematics/open_mx/install/open_manipulator_msgs/share/open_manipulator_msgs/cmake/export_open_manipulator_msgs__rosidl_generator_pyExport-noconfig.cmake
