[0.120s] DEBUG:colcon:Command line arguments: ['/usr/bin/colcon', 'build']
[0.120s] DEBUG:colcon:Parsed command line arguments: Namespace(log_base=None, log_level=None, verb_name='build', build_base='build', install_base='install', merge_install=False, symlink_install=False, test_result_base=None, continue_on_error=False, executor='parallel', parallel_workers=20, event_handlers=None, ignore_user_meta=False, metas=['./colcon.meta'], base_paths=['.'], packages_ignore=None, packages_ignore_regex=None, paths=None, packages_up_to=None, packages_up_to_regex=None, packages_above=None, packages_above_and_dependencies=None, packages_above_depth=None, packages_select_by_dep=None, packages_skip_by_dep=None, packages_skip_up_to=None, packages_select_build_failed=False, packages_skip_build_finished=False, packages_select_test_failures=False, packages_skip_test_passed=False, packages_select=None, packages_skip=None, packages_select_regex=None, packages_skip_regex=None, packages_start=None, packages_end=None, allow_overriding=[], cmake_args=None, cmake_target=None, cmake_target_skip_unavailable=False, cmake_clean_cache=False, cmake_clean_first=False, cmake_force_configure=False, ament_cmake_args=None, catkin_cmake_args=None, catkin_skip_building_tests=False, verb_parser=<colcon_defaults.argument_parser.defaults.DefaultArgumentsDecorator object at 0x7e4a3975c3d0>, verb_extension=<colcon_core.verb.build.BuildVerb object at 0x7e4a39717e80>, main=<bound method BuildVerb.main of <colcon_core.verb.build.BuildVerb object at 0x7e4a39717e80>>)
[0.236s] Level 1:colcon.colcon_core.package_discovery:discover_packages(colcon_meta) check parameters
[0.236s] Level 1:colcon.colcon_core.package_discovery:discover_packages(recursive) check parameters
[0.236s] Level 1:colcon.colcon_core.package_discovery:discover_packages(ignore) check parameters
[0.236s] Level 1:colcon.colcon_core.package_discovery:discover_packages(path) check parameters
[0.236s] Level 1:colcon.colcon_core.package_discovery:discover_packages(colcon_meta) discover
[0.236s] Level 1:colcon.colcon_core.package_discovery:discover_packages(recursive) discover
[0.236s] INFO:colcon.colcon_core.package_discovery:Crawling recursively for packages in '/home/lucasb/RBE500_Project'
[0.236s] Level 1:colcon.colcon_core.package_identification:_identify(.) by extensions ['ignore', 'ignore_ament_install']
[0.236s] Level 1:colcon.colcon_core.package_identification:_identify(.) by extension 'ignore'
[0.236s] Level 1:colcon.colcon_core.package_identification:_identify(.) by extension 'ignore_ament_install'
[0.236s] Level 1:colcon.colcon_core.package_identification:_identify(.) by extensions ['colcon_pkg']
[0.236s] Level 1:colcon.colcon_core.package_identification:_identify(.) by extension 'colcon_pkg'
[0.236s] Level 1:colcon.colcon_core.package_identification:_identify(.) by extensions ['colcon_meta']
[0.236s] Level 1:colcon.colcon_core.package_identification:_identify(.) by extension 'colcon_meta'
[0.236s] Level 1:colcon.colcon_core.package_identification:_identify(.) by extensions ['ros']
[0.236s] Level 1:colcon.colcon_core.package_identification:_identify(.) by extension 'ros'
[0.244s] Level 1:colcon.colcon_core.package_identification:_identify(.) by extensions ['cmake', 'python']
[0.244s] Level 1:colcon.colcon_core.package_identification:_identify(.) by extension 'cmake'
[0.244s] Level 1:colcon.colcon_core.package_identification:_identify(.) by extension 'python'
[0.244s] Level 1:colcon.colcon_core.package_identification:_identify(.) by extensions ['python_setup_py']
[0.244s] Level 1:colcon.colcon_core.package_identification:_identify(.) by extension 'python_setup_py'
[0.244s] Level 1:colcon.colcon_core.package_identification:_identify(build) by extensions ['ignore', 'ignore_ament_install']
[0.244s] Level 1:colcon.colcon_core.package_identification:_identify(build) by extension 'ignore'
[0.244s] Level 1:colcon.colcon_core.package_identification:_identify(build) ignored
[0.244s] Level 1:colcon.colcon_core.package_identification:_identify(install) by extensions ['ignore', 'ignore_ament_install']
[0.244s] Level 1:colcon.colcon_core.package_identification:_identify(install) by extension 'ignore'
[0.244s] Level 1:colcon.colcon_core.package_identification:_identify(install) ignored
[0.244s] Level 1:colcon.colcon_core.package_identification:_identify(log) by extensions ['ignore', 'ignore_ament_install']
[0.244s] Level 1:colcon.colcon_core.package_identification:_identify(log) by extension 'ignore'
[0.244s] Level 1:colcon.colcon_core.package_identification:_identify(log) ignored
[0.244s] Level 1:colcon.colcon_core.package_identification:_identify(src) by extensions ['ignore', 'ignore_ament_install']
[0.244s] Level 1:colcon.colcon_core.package_identification:_identify(src) by extension 'ignore'
[0.244s] Level 1:colcon.colcon_core.package_identification:_identify(src) by extension 'ignore_ament_install'
[0.244s] Level 1:colcon.colcon_core.package_identification:_identify(src) by extensions ['colcon_pkg']
[0.244s] Level 1:colcon.colcon_core.package_identification:_identify(src) by extension 'colcon_pkg'
[0.244s] Level 1:colcon.colcon_core.package_identification:_identify(src) by extensions ['colcon_meta']
[0.244s] Level 1:colcon.colcon_core.package_identification:_identify(src) by extension 'colcon_meta'
[0.244s] Level 1:colcon.colcon_core.package_identification:_identify(src) by extensions ['ros']
[0.244s] Level 1:colcon.colcon_core.package_identification:_identify(src) by extension 'ros'
[0.244s] Level 1:colcon.colcon_core.package_identification:_identify(src) by extensions ['cmake', 'python']
[0.244s] Level 1:colcon.colcon_core.package_identification:_identify(src) by extension 'cmake'
[0.245s] Level 1:colcon.colcon_core.package_identification:_identify(src) by extension 'python'
[0.245s] Level 1:colcon.colcon_core.package_identification:_identify(src) by extensions ['python_setup_py']
[0.245s] Level 1:colcon.colcon_core.package_identification:_identify(src) by extension 'python_setup_py'
[0.245s] Level 1:colcon.colcon_core.package_identification:_identify(src/Manipulator_X) by extensions ['ignore', 'ignore_ament_install']
[0.245s] Level 1:colcon.colcon_core.package_identification:_identify(src/Manipulator_X) by extension 'ignore'
[0.245s] Level 1:colcon.colcon_core.package_identification:_identify(src/Manipulator_X) by extension 'ignore_ament_install'
[0.245s] Level 1:colcon.colcon_core.package_identification:_identify(src/Manipulator_X) by extensions ['colcon_pkg']
[0.245s] Level 1:colcon.colcon_core.package_identification:_identify(src/Manipulator_X) by extension 'colcon_pkg'
[0.245s] Level 1:colcon.colcon_core.package_identification:_identify(src/Manipulator_X) by extensions ['colcon_meta']
[0.245s] Level 1:colcon.colcon_core.package_identification:_identify(src/Manipulator_X) by extension 'colcon_meta'
[0.245s] Level 1:colcon.colcon_core.package_identification:_identify(src/Manipulator_X) by extensions ['ros']
[0.245s] Level 1:colcon.colcon_core.package_identification:_identify(src/Manipulator_X) by extension 'ros'
[0.247s] DEBUG:colcon.colcon_core.package_identification:Package 'src/Manipulator_X' with type 'ros.ament_python' and name 'Manipulator_X'
[0.247s] Level 1:colcon.colcon_core.package_identification:_identify(src/build) by extensions ['ignore', 'ignore_ament_install']
[0.247s] Level 1:colcon.colcon_core.package_identification:_identify(src/build) by extension 'ignore'
[0.247s] Level 1:colcon.colcon_core.package_identification:_identify(src/build) ignored
[0.247s] Level 1:colcon.colcon_core.package_identification:_identify(src/custom_messages) by extensions ['ignore', 'ignore_ament_install']
[0.247s] Level 1:colcon.colcon_core.package_identification:_identify(src/custom_messages) by extension 'ignore'
[0.247s] Level 1:colcon.colcon_core.package_identification:_identify(src/custom_messages) by extension 'ignore_ament_install'
[0.247s] Level 1:colcon.colcon_core.package_identification:_identify(src/custom_messages) by extensions ['colcon_pkg']
[0.248s] Level 1:colcon.colcon_core.package_identification:_identify(src/custom_messages) by extension 'colcon_pkg'
[0.248s] Level 1:colcon.colcon_core.package_identification:_identify(src/custom_messages) by extensions ['colcon_meta']
[0.248s] Level 1:colcon.colcon_core.package_identification:_identify(src/custom_messages) by extension 'colcon_meta'
[0.248s] Level 1:colcon.colcon_core.package_identification:_identify(src/custom_messages) by extensions ['ros']
[0.248s] Level 1:colcon.colcon_core.package_identification:_identify(src/custom_messages) by extension 'ros'
[0.248s] DEBUG:colcon.colcon_core.package_identification:Package 'src/custom_messages' with type 'ros.ament_cmake' and name 'custom_messages'
[0.248s] Level 1:colcon.colcon_core.package_identification:_identify(src/install) by extensions ['ignore', 'ignore_ament_install']
[0.248s] Level 1:colcon.colcon_core.package_identification:_identify(src/install) by extension 'ignore'
[0.248s] Level 1:colcon.colcon_core.package_identification:_identify(src/install) ignored
[0.248s] Level 1:colcon.colcon_core.package_identification:_identify(src/log) by extensions ['ignore', 'ignore_ament_install']
[0.248s] Level 1:colcon.colcon_core.package_identification:_identify(src/log) by extension 'ignore'
[0.248s] Level 1:colcon.colcon_core.package_identification:_identify(src/log) ignored
[0.248s] Level 1:colcon.colcon_core.package_discovery:discover_packages(recursive) using defaults
[0.248s] Level 1:colcon.colcon_core.package_discovery:discover_packages(ignore) discover
[0.248s] Level 1:colcon.colcon_core.package_discovery:discover_packages(ignore) using defaults
[0.248s] Level 1:colcon.colcon_core.package_discovery:discover_packages(path) discover
[0.248s] Level 1:colcon.colcon_core.package_discovery:discover_packages(path) using defaults
[0.265s] Level 1:colcon.colcon_core.package_discovery:discover_packages(prefix_path) check parameters
[0.265s] Level 1:colcon.colcon_core.package_discovery:discover_packages(prefix_path) discover
[0.266s] DEBUG:colcon.colcon_installed_package_information.package_discovery:Found 2 installed packages in /home/lucasb/RBE500_Project/install
[0.267s] DEBUG:colcon.colcon_installed_package_information.package_discovery:Found 270 installed packages in /opt/ros/humble
[0.268s] Level 1:colcon.colcon_core.package_discovery:discover_packages(prefix_path) using defaults
[0.294s] Level 5:colcon.colcon_core.verb:set package 'custom_messages' build argument 'cmake_args' from command line to 'None'
[0.294s] Level 5:colcon.colcon_core.verb:set package 'custom_messages' build argument 'cmake_target' from command line to 'None'
[0.294s] Level 5:colcon.colcon_core.verb:set package 'custom_messages' build argument 'cmake_target_skip_unavailable' from command line to 'False'
[0.294s] Level 5:colcon.colcon_core.verb:set package 'custom_messages' build argument 'cmake_clean_cache' from command line to 'False'
[0.294s] Level 5:colcon.colcon_core.verb:set package 'custom_messages' build argument 'cmake_clean_first' from command line to 'False'
[0.294s] Level 5:colcon.colcon_core.verb:set package 'custom_messages' build argument 'cmake_force_configure' from command line to 'False'
[0.294s] Level 5:colcon.colcon_core.verb:set package 'custom_messages' build argument 'ament_cmake_args' from command line to 'None'
[0.294s] Level 5:colcon.colcon_core.verb:set package 'custom_messages' build argument 'catkin_cmake_args' from command line to 'None'
[0.294s] Level 5:colcon.colcon_core.verb:set package 'custom_messages' build argument 'catkin_skip_building_tests' from command line to 'False'
[0.294s] DEBUG:colcon.colcon_core.verb:Building package 'custom_messages' with the following arguments: {'ament_cmake_args': None, 'build_base': '/home/lucasb/RBE500_Project/build/custom_messages', 'catkin_cmake_args': None, 'catkin_skip_building_tests': False, 'cmake_args': None, 'cmake_clean_cache': False, 'cmake_clean_first': False, 'cmake_force_configure': False, 'cmake_target': None, 'cmake_target_skip_unavailable': False, 'install_base': '/home/lucasb/RBE500_Project/install/custom_messages', 'merge_install': False, 'path': '/home/lucasb/RBE500_Project/src/custom_messages', 'symlink_install': False, 'test_result_base': None}
[0.294s] Level 5:colcon.colcon_core.verb:set package 'Manipulator_X' build argument 'cmake_args' from command line to 'None'
[0.294s] Level 5:colcon.colcon_core.verb:set package 'Manipulator_X' build argument 'cmake_target' from command line to 'None'
[0.294s] Level 5:colcon.colcon_core.verb:set package 'Manipulator_X' build argument 'cmake_target_skip_unavailable' from command line to 'False'
[0.294s] Level 5:colcon.colcon_core.verb:set package 'Manipulator_X' build argument 'cmake_clean_cache' from command line to 'False'
[0.294s] Level 5:colcon.colcon_core.verb:set package 'Manipulator_X' build argument 'cmake_clean_first' from command line to 'False'
[0.294s] Level 5:colcon.colcon_core.verb:set package 'Manipulator_X' build argument 'cmake_force_configure' from command line to 'False'
[0.294s] Level 5:colcon.colcon_core.verb:set package 'Manipulator_X' build argument 'ament_cmake_args' from command line to 'None'
[0.294s] Level 5:colcon.colcon_core.verb:set package 'Manipulator_X' build argument 'catkin_cmake_args' from command line to 'None'
[0.294s] Level 5:colcon.colcon_core.verb:set package 'Manipulator_X' build argument 'catkin_skip_building_tests' from command line to 'False'
[0.294s] DEBUG:colcon.colcon_core.verb:Building package 'Manipulator_X' with the following arguments: {'ament_cmake_args': None, 'build_base': '/home/lucasb/RBE500_Project/build/Manipulator_X', 'catkin_cmake_args': None, 'catkin_skip_building_tests': False, 'cmake_args': None, 'cmake_clean_cache': False, 'cmake_clean_first': False, 'cmake_force_configure': False, 'cmake_target': None, 'cmake_target_skip_unavailable': False, 'install_base': '/home/lucasb/RBE500_Project/install/Manipulator_X', 'merge_install': False, 'path': '/home/lucasb/RBE500_Project/src/Manipulator_X', 'symlink_install': False, 'test_result_base': None}
[0.294s] INFO:colcon.colcon_core.executor:Executing jobs using 'parallel' executor
[0.295s] DEBUG:colcon.colcon_parallel_executor.executor.parallel:run_until_complete
[0.295s] INFO:colcon.colcon_ros.task.ament_cmake.build:Building ROS package in '/home/lucasb/RBE500_Project/src/custom_messages' with build type 'ament_cmake'
[0.295s] INFO:colcon.colcon_cmake.task.cmake.build:Building CMake package in '/home/lucasb/RBE500_Project/src/custom_messages'
[0.298s] INFO:colcon.colcon_core.plugin_system:Skipping extension 'colcon_core.shell.bat': Not used on non-Windows systems
[0.298s] INFO:colcon.colcon_core.shell:Skip shell extension 'powershell' for command environment: Not usable outside of PowerShell
[0.298s] DEBUG:colcon.colcon_core.shell:Skip shell extension 'dsv' for command environment
[0.303s] DEBUG:colcon.colcon_core.event_handler.log_command:Invoking command in '/home/lucasb/RBE500_Project/build/custom_messages': CMAKE_PREFIX_PATH=${CMAKE_PREFIX_PATH}:/home/lucasb/RBE500_Project/install/Manipulator_X:/opt/ros/humble /usr/bin/cmake --build /home/lucasb/RBE500_Project/build/custom_messages -- -j20 -l20
[0.586s] DEBUG:colcon.colcon_core.event_handler.log_command:Invoked command in '/home/lucasb/RBE500_Project/build/custom_messages' returned '0': CMAKE_PREFIX_PATH=${CMAKE_PREFIX_PATH}:/home/lucasb/RBE500_Project/install/Manipulator_X:/opt/ros/humble /usr/bin/cmake --build /home/lucasb/RBE500_Project/build/custom_messages -- -j20 -l20
[0.656s] DEBUG:colcon.colcon_core.event_handler.log_command:Invoking command in '/home/lucasb/RBE500_Project/build/custom_messages': CMAKE_PREFIX_PATH=${CMAKE_PREFIX_PATH}:/home/lucasb/RBE500_Project/install/Manipulator_X:/opt/ros/humble /usr/bin/cmake --install /home/lucasb/RBE500_Project/build/custom_messages
[0.699s] Level 1:colcon.colcon_core.environment:create_environment_scripts_only(custom_messages)
[0.699s] DEBUG:colcon.colcon_core.event_handler.log_command:Invoked command in '/home/lucasb/RBE500_Project/build/custom_messages' returned '0': CMAKE_PREFIX_PATH=${CMAKE_PREFIX_PATH}:/home/lucasb/RBE500_Project/install/Manipulator_X:/opt/ros/humble /usr/bin/cmake --install /home/lucasb/RBE500_Project/build/custom_messages
[0.704s] Level 1:colcon.colcon_core.environment:checking '/home/lucasb/RBE500_Project/install/custom_messages' for CMake module files
[0.705s] Level 1:colcon.colcon_core.environment:checking '/home/lucasb/RBE500_Project/install/custom_messages' for CMake config files
[0.706s] Level 1:colcon.colcon_core.shell:create_environment_hook('custom_messages', 'cmake_prefix_path')
[0.706s] INFO:colcon.colcon_core.shell:Creating environment hook '/home/lucasb/RBE500_Project/install/custom_messages/share/custom_messages/hook/cmake_prefix_path.ps1'
[0.707s] INFO:colcon.colcon_core.shell:Creating environment descriptor '/home/lucasb/RBE500_Project/install/custom_messages/share/custom_messages/hook/cmake_prefix_path.dsv'
[0.707s] INFO:colcon.colcon_core.shell:Creating environment hook '/home/lucasb/RBE500_Project/install/custom_messages/share/custom_messages/hook/cmake_prefix_path.sh'
[0.708s] Level 1:colcon.colcon_core.environment:checking '/home/lucasb/RBE500_Project/install/custom_messages/lib'
[0.709s] Level 1:colcon.colcon_core.shell:create_environment_hook('custom_messages', 'ld_library_path_lib')
[0.709s] INFO:colcon.colcon_core.shell:Creating environment hook '/home/lucasb/RBE500_Project/install/custom_messages/share/custom_messages/hook/ld_library_path_lib.ps1'
[0.709s] INFO:colcon.colcon_core.shell:Creating environment descriptor '/home/lucasb/RBE500_Project/install/custom_messages/share/custom_messages/hook/ld_library_path_lib.dsv'
[0.710s] INFO:colcon.colcon_core.shell:Creating environment hook '/home/lucasb/RBE500_Project/install/custom_messages/share/custom_messages/hook/ld_library_path_lib.sh'
[0.710s] Level 1:colcon.colcon_core.environment:checking '/home/lucasb/RBE500_Project/install/custom_messages/bin'
[0.710s] Level 1:colcon.colcon_core.environment:checking '/home/lucasb/RBE500_Project/install/custom_messages/lib/pkgconfig/custom_messages.pc'
[0.711s] Level 1:colcon.colcon_core.environment:checking '/home/lucasb/RBE500_Project/install/custom_messages/lib/python3.10/site-packages'
[0.711s] Level 1:colcon.colcon_core.environment:checking '/home/lucasb/RBE500_Project/install/custom_messages/bin'
[0.712s] INFO:colcon.colcon_core.shell:Creating package script '/home/lucasb/RBE500_Project/install/custom_messages/share/custom_messages/package.ps1'
[0.713s] INFO:colcon.colcon_core.shell:Creating package descriptor '/home/lucasb/RBE500_Project/install/custom_messages/share/custom_messages/package.dsv'
[0.714s] INFO:colcon.colcon_core.shell:Creating package script '/home/lucasb/RBE500_Project/install/custom_messages/share/custom_messages/package.sh'
[0.715s] INFO:colcon.colcon_core.shell:Creating package script '/home/lucasb/RBE500_Project/install/custom_messages/share/custom_messages/package.bash'
[0.716s] INFO:colcon.colcon_core.shell:Creating package script '/home/lucasb/RBE500_Project/install/custom_messages/share/custom_messages/package.zsh'
[0.717s] Level 1:colcon.colcon_core.environment:create_file_with_runtime_dependencies(/home/lucasb/RBE500_Project/install/custom_messages/share/colcon-core/packages/custom_messages)
[0.772s] Level 1:colcon.colcon_core.environment:create_environment_scripts_only(custom_messages)
[0.773s] Level 1:colcon.colcon_core.environment:checking '/home/lucasb/RBE500_Project/install/custom_messages' for CMake module files
[0.774s] Level 1:colcon.colcon_core.environment:checking '/home/lucasb/RBE500_Project/install/custom_messages' for CMake config files
[0.774s] Level 1:colcon.colcon_core.shell:create_environment_hook('custom_messages', 'cmake_prefix_path')
[0.774s] INFO:colcon.colcon_core.shell:Creating environment hook '/home/lucasb/RBE500_Project/install/custom_messages/share/custom_messages/hook/cmake_prefix_path.ps1'
[0.774s] INFO:colcon.colcon_core.shell:Creating environment descriptor '/home/lucasb/RBE500_Project/install/custom_messages/share/custom_messages/hook/cmake_prefix_path.dsv'
[0.775s] INFO:colcon.colcon_core.shell:Creating environment hook '/home/lucasb/RBE500_Project/install/custom_messages/share/custom_messages/hook/cmake_prefix_path.sh'
[0.775s] Level 1:colcon.colcon_core.environment:checking '/home/lucasb/RBE500_Project/install/custom_messages/lib'
[0.775s] Level 1:colcon.colcon_core.shell:create_environment_hook('custom_messages', 'ld_library_path_lib')
[0.775s] INFO:colcon.colcon_core.shell:Creating environment hook '/home/lucasb/RBE500_Project/install/custom_messages/share/custom_messages/hook/ld_library_path_lib.ps1'
[0.775s] INFO:colcon.colcon_core.shell:Creating environment descriptor '/home/lucasb/RBE500_Project/install/custom_messages/share/custom_messages/hook/ld_library_path_lib.dsv'
[0.775s] INFO:colcon.colcon_core.shell:Creating environment hook '/home/lucasb/RBE500_Project/install/custom_messages/share/custom_messages/hook/ld_library_path_lib.sh'
[0.776s] Level 1:colcon.colcon_core.environment:checking '/home/lucasb/RBE500_Project/install/custom_messages/bin'
[0.776s] Level 1:colcon.colcon_core.environment:checking '/home/lucasb/RBE500_Project/install/custom_messages/lib/pkgconfig/custom_messages.pc'
[0.776s] Level 1:colcon.colcon_core.environment:checking '/home/lucasb/RBE500_Project/install/custom_messages/lib/python3.10/site-packages'
[0.776s] Level 1:colcon.colcon_core.environment:checking '/home/lucasb/RBE500_Project/install/custom_messages/bin'
[0.776s] INFO:colcon.colcon_core.shell:Creating package script '/home/lucasb/RBE500_Project/install/custom_messages/share/custom_messages/package.ps1'
[0.776s] INFO:colcon.colcon_core.shell:Creating package descriptor '/home/lucasb/RBE500_Project/install/custom_messages/share/custom_messages/package.dsv'
[0.777s] INFO:colcon.colcon_core.shell:Creating package script '/home/lucasb/RBE500_Project/install/custom_messages/share/custom_messages/package.sh'
[0.777s] INFO:colcon.colcon_core.shell:Creating package script '/home/lucasb/RBE500_Project/install/custom_messages/share/custom_messages/package.bash'
[0.777s] INFO:colcon.colcon_core.shell:Creating package script '/home/lucasb/RBE500_Project/install/custom_messages/share/custom_messages/package.zsh'
[0.777s] Level 1:colcon.colcon_core.environment:create_file_with_runtime_dependencies(/home/lucasb/RBE500_Project/install/custom_messages/share/colcon-core/packages/custom_messages)
[0.777s] INFO:colcon.colcon_ros.task.ament_python.build:Building ROS package in '/home/lucasb/RBE500_Project/src/Manipulator_X' with build type 'ament_python'
[0.777s] Level 1:colcon.colcon_core.shell:create_environment_hook('Manipulator_X', 'ament_prefix_path')
[0.777s] INFO:colcon.colcon_core.shell:Creating environment hook '/home/lucasb/RBE500_Project/install/Manipulator_X/share/Manipulator_X/hook/ament_prefix_path.ps1'
[0.778s] INFO:colcon.colcon_core.shell:Creating environment descriptor '/home/lucasb/RBE500_Project/install/Manipulator_X/share/Manipulator_X/hook/ament_prefix_path.dsv'
[0.778s] INFO:colcon.colcon_core.shell:Creating environment hook '/home/lucasb/RBE500_Project/install/Manipulator_X/share/Manipulator_X/hook/ament_prefix_path.sh'
[0.779s] INFO:colcon.colcon_core.shell:Skip shell extension 'powershell' for command environment: Not usable outside of PowerShell
[0.779s] DEBUG:colcon.colcon_core.shell:Skip shell extension 'dsv' for command environment
[0.926s] INFO:colcon.colcon_core.task.python.build:Building Python package in '/home/lucasb/RBE500_Project/src/Manipulator_X'
[0.926s] INFO:colcon.colcon_core.shell:Skip shell extension 'powershell' for command environment: Not usable outside of PowerShell
[0.926s] DEBUG:colcon.colcon_core.shell:Skip shell extension 'dsv' for command environment
[1.127s] DEBUG:colcon.colcon_core.event_handler.log_command:Invoking command in '/home/lucasb/RBE500_Project/src/Manipulator_X': PYTHONPATH=/home/lucasb/RBE500_Project/build/Manipulator_X/prefix_override:/usr/lib/python3/dist-packages/colcon_core/task/python/colcon_distutils_commands:/home/lucasb/RBE500_Project/install/Manipulator_X/lib/python3.10/site-packages:${PYTHONPATH} /usr/bin/python3 -W ignore:setup.py install is deprecated setup.py egg_info --egg-base ../../build/Manipulator_X build --build-base /home/lucasb/RBE500_Project/build/Manipulator_X/build install --record /home/lucasb/RBE500_Project/build/Manipulator_X/install.log --single-version-externally-managed install_data
[1.304s] Level 1:colcon.colcon_core.environment:checking '/home/lucasb/RBE500_Project/install/Manipulator_X' for CMake module files
[1.304s] DEBUG:colcon.colcon_core.event_handler.log_command:Invoked command in '/home/lucasb/RBE500_Project/src/Manipulator_X' returned '0': PYTHONPATH=/home/lucasb/RBE500_Project/build/Manipulator_X/prefix_override:/usr/lib/python3/dist-packages/colcon_core/task/python/colcon_distutils_commands:/home/lucasb/RBE500_Project/install/Manipulator_X/lib/python3.10/site-packages:${PYTHONPATH} /usr/bin/python3 -W ignore:setup.py install is deprecated setup.py egg_info --egg-base ../../build/Manipulator_X build --build-base /home/lucasb/RBE500_Project/build/Manipulator_X/build install --record /home/lucasb/RBE500_Project/build/Manipulator_X/install.log --single-version-externally-managed install_data
[1.304s] Level 1:colcon.colcon_core.environment:checking '/home/lucasb/RBE500_Project/install/Manipulator_X' for CMake config files
[1.305s] Level 1:colcon.colcon_core.environment:checking '/home/lucasb/RBE500_Project/install/Manipulator_X/lib'
[1.305s] Level 1:colcon.colcon_core.environment:checking '/home/lucasb/RBE500_Project/install/Manipulator_X/bin'
[1.305s] Level 1:colcon.colcon_core.environment:checking '/home/lucasb/RBE500_Project/install/Manipulator_X/lib/pkgconfig/Manipulator_X.pc'
[1.305s] Level 1:colcon.colcon_core.environment:checking '/home/lucasb/RBE500_Project/install/Manipulator_X/lib/python3.10/site-packages'
[1.305s] Level 1:colcon.colcon_core.shell:create_environment_hook('Manipulator_X', 'pythonpath')
[1.305s] INFO:colcon.colcon_core.shell:Creating environment hook '/home/lucasb/RBE500_Project/install/Manipulator_X/share/Manipulator_X/hook/pythonpath.ps1'
[1.305s] INFO:colcon.colcon_core.shell:Creating environment descriptor '/home/lucasb/RBE500_Project/install/Manipulator_X/share/Manipulator_X/hook/pythonpath.dsv'
[1.306s] INFO:colcon.colcon_core.shell:Creating environment hook '/home/lucasb/RBE500_Project/install/Manipulator_X/share/Manipulator_X/hook/pythonpath.sh'
[1.306s] Level 1:colcon.colcon_core.environment:checking '/home/lucasb/RBE500_Project/install/Manipulator_X/bin'
[1.306s] Level 1:colcon.colcon_core.environment:create_environment_scripts_only(Manipulator_X)
[1.306s] INFO:colcon.colcon_core.shell:Creating package script '/home/lucasb/RBE500_Project/install/Manipulator_X/share/Manipulator_X/package.ps1'
[1.307s] INFO:colcon.colcon_core.shell:Creating package descriptor '/home/lucasb/RBE500_Project/install/Manipulator_X/share/Manipulator_X/package.dsv'
[1.307s] INFO:colcon.colcon_core.shell:Creating package script '/home/lucasb/RBE500_Project/install/Manipulator_X/share/Manipulator_X/package.sh'
[1.307s] INFO:colcon.colcon_core.shell:Creating package script '/home/lucasb/RBE500_Project/install/Manipulator_X/share/Manipulator_X/package.bash'
[1.307s] INFO:colcon.colcon_core.shell:Creating package script '/home/lucasb/RBE500_Project/install/Manipulator_X/share/Manipulator_X/package.zsh'
[1.307s] Level 1:colcon.colcon_core.environment:create_file_with_runtime_dependencies(/home/lucasb/RBE500_Project/install/Manipulator_X/share/colcon-core/packages/Manipulator_X)
[1.307s] DEBUG:colcon.colcon_parallel_executor.executor.parallel:closing loop
[1.308s] DEBUG:colcon.colcon_parallel_executor.executor.parallel:loop closed
[1.308s] DEBUG:colcon.colcon_parallel_executor.executor.parallel:run_until_complete finished with '0'
[1.308s] DEBUG:colcon.colcon_core.event_reactor:joining thread
[1.311s] INFO:colcon.colcon_core.plugin_system:Skipping extension 'colcon_notification.desktop_notification.terminal_notifier': Not used on non-Darwin systems
[1.311s] INFO:colcon.colcon_core.plugin_system:Skipping extension 'colcon_notification.desktop_notification.win32': Not used on non-Windows systems
[1.311s] INFO:colcon.colcon_notification.desktop_notification:Sending desktop notification using 'notify2'
[1.319s] DEBUG:colcon.colcon_core.event_reactor:joined thread
[1.319s] INFO:colcon.colcon_core.shell:Creating prefix script '/home/lucasb/RBE500_Project/install/local_setup.ps1'
[1.320s] INFO:colcon.colcon_core.shell:Creating prefix util module '/home/lucasb/RBE500_Project/install/_local_setup_util_ps1.py'
[1.321s] INFO:colcon.colcon_core.shell:Creating prefix chain script '/home/lucasb/RBE500_Project/install/setup.ps1'
[1.322s] INFO:colcon.colcon_core.shell:Creating prefix script '/home/lucasb/RBE500_Project/install/local_setup.sh'
[1.322s] INFO:colcon.colcon_core.shell:Creating prefix util module '/home/lucasb/RBE500_Project/install/_local_setup_util_sh.py'
[1.322s] INFO:colcon.colcon_core.shell:Creating prefix chain script '/home/lucasb/RBE500_Project/install/setup.sh'
[1.323s] INFO:colcon.colcon_core.shell:Creating prefix script '/home/lucasb/RBE500_Project/install/local_setup.bash'
[1.324s] INFO:colcon.colcon_core.shell:Creating prefix chain script '/home/lucasb/RBE500_Project/install/setup.bash'
[1.324s] INFO:colcon.colcon_core.shell:Creating prefix script '/home/lucasb/RBE500_Project/install/local_setup.zsh'
[1.325s] INFO:colcon.colcon_core.shell:Creating prefix chain script '/home/lucasb/RBE500_Project/install/setup.zsh'
