[0.372s] Invoking command in '/home/lucasb/OpenManipulatorXRoboticArmKinematics/open_mx/src/robot_omx': CMAKE_PREFIX_PATH=/home/lucasb/OpenManipulatorXRoboticArmKinematics/open_mx/install/custom_messages:/home/lucasb/OpenManipulatorXRoboticArmKinematics/open_mx/install/open_manipulator:/home/lucasb/OpenManipulatorXRoboticArmKinematics/open_mx/install/open_manipulator_x_controller:/home/lucasb/OpenManipulatorXRoboticArmKinematics/open_mx/install/open_manipulator_x_libs:/home/lucasb/OpenManipulatorXRoboticArmKinematics/open_mx/install/robotis_manipulator:/home/lucasb/OpenManipulatorXRoboticArmKinematics/open_mx/install/rbe500-example:/home/lucasb/OpenManipulatorXRoboticArmKinematics/open_mx/install/open_manipulator_x_description:/home/lucasb/OpenManipulatorXRoboticArmKinematics/open_mx/install/open_manipulator_msgs:/home/lucasb/OpenManipulatorXRoboticArmKinematics/open_mx/install/dynamixel_workbench:/home/lucasb/OpenManipulatorXRoboticArmKinematics/open_mx/install/dynamixel_workbench_toolbox:/home/lucasb/OpenManipulatorXRoboticArmKinematics/open_mx/install/dynamixel_sdk_examples:/home/lucasb/OpenManipulatorXRoboticArmKinematics/open_mx/install/dynamixel_sdk_custom_interfaces:/home/lucasb/OpenManipulatorXRoboticArmKinematics/open_mx/install/dynamixel_sdk:/home/lucasb/OpenManipulatorXRoboticArmKinematics/open_mx/install/cmake_modules LD_LIBRARY_PATH=/home/lucasb/OpenManipulatorXRoboticArmKinematics/open_mx/install/custom_messages/lib:/home/lucasb/OpenManipulatorXRoboticArmKinematics/open_mx/install/open_manipulator_x_libs/lib:/home/lucasb/OpenManipulatorXRoboticArmKinematics/open_mx/install/robotis_manipulator/lib:/home/lucasb/OpenManipulatorXRoboticArmKinematics/open_mx/install/open_manipulator_msgs/lib:/home/lucasb/OpenManipulatorXRoboticArmKinematics/open_mx/install/dynamixel_workbench_toolbox/lib:/home/lucasb/OpenManipulatorXRoboticArmKinematics/open_mx/install/dynamixel_sdk_custom_interfaces/lib:/home/lucasb/OpenManipulatorXRoboticArmKinematics/open_mx/install/dynamixel_sdk/lib:/opt/ros/humble/opt/rviz_ogre_vendor/lib:/opt/ros/humble/lib/x86_64-linux-gnu:/opt/ros/humble/lib PYTHONPATH=/home/lucasb/OpenManipulatorXRoboticArmKinematics/open_mx/build/robot_omx/prefix_override:/usr/lib/python3/dist-packages/colcon_core/task/python/colcon_distutils_commands:/home/lucasb/OpenManipulatorXRoboticArmKinematics/open_mx/install/robot_omx/lib/python3.10/site-packages:${PYTHONPATH} /usr/bin/python3 -W ignore:setup.py install is deprecated setup.py egg_info --egg-base ../../build/robot_omx build --build-base /home/lucasb/OpenManipulatorXRoboticArmKinematics/open_mx/build/robot_omx/build install --record /home/lucasb/OpenManipulatorXRoboticArmKinematics/open_mx/build/robot_omx/install.log --single-version-externally-managed install_data
[0.508s] running egg_info
[0.509s] writing ../../build/robot_omx/robot_omx.egg-info/PKG-INFO
[0.509s] writing dependency_links to ../../build/robot_omx/robot_omx.egg-info/dependency_links.txt
[0.509s] writing entry points to ../../build/robot_omx/robot_omx.egg-info/entry_points.txt
[0.509s] writing requirements to ../../build/robot_omx/robot_omx.egg-info/requires.txt
[0.509s] writing top-level names to ../../build/robot_omx/robot_omx.egg-info/top_level.txt
[0.510s] reading manifest file '../../build/robot_omx/robot_omx.egg-info/SOURCES.txt'
[0.511s] adding license file 'LICENSE'
[0.511s] writing manifest file '../../build/robot_omx/robot_omx.egg-info/SOURCES.txt'
[0.511s] running build
[0.511s] running build_py
[0.511s] copying robot_omx/kinematic_library.py -> /home/lucasb/OpenManipulatorXRoboticArmKinematics/open_mx/build/robot_omx/build/lib/robot_omx
[0.511s] copying robot_omx/velocity_server.py -> /home/lucasb/OpenManipulatorXRoboticArmKinematics/open_mx/build/robot_omx/build/lib/robot_omx
[0.511s] copying robot_omx/inv_kin_server.py -> /home/lucasb/OpenManipulatorXRoboticArmKinematics/open_mx/build/robot_omx/build/lib/robot_omx
[0.512s] copying robot_omx/robot_node.py -> /home/lucasb/OpenManipulatorXRoboticArmKinematics/open_mx/build/robot_omx/build/lib/robot_omx
[0.512s] running install
[0.512s] running install_lib
[0.512s] copying /home/lucasb/OpenManipulatorXRoboticArmKinematics/open_mx/build/robot_omx/build/lib/robot_omx/kinematic_library.py -> /home/lucasb/OpenManipulatorXRoboticArmKinematics/open_mx/install/robot_omx/lib/python3.10/site-packages/robot_omx
[0.512s] copying /home/lucasb/OpenManipulatorXRoboticArmKinematics/open_mx/build/robot_omx/build/lib/robot_omx/velocity_server.py -> /home/lucasb/OpenManipulatorXRoboticArmKinematics/open_mx/install/robot_omx/lib/python3.10/site-packages/robot_omx
[0.512s] copying /home/lucasb/OpenManipulatorXRoboticArmKinematics/open_mx/build/robot_omx/build/lib/robot_omx/inv_kin_server.py -> /home/lucasb/OpenManipulatorXRoboticArmKinematics/open_mx/install/robot_omx/lib/python3.10/site-packages/robot_omx
[0.512s] copying /home/lucasb/OpenManipulatorXRoboticArmKinematics/open_mx/build/robot_omx/build/lib/robot_omx/robot_node.py -> /home/lucasb/OpenManipulatorXRoboticArmKinematics/open_mx/install/robot_omx/lib/python3.10/site-packages/robot_omx
[0.513s] byte-compiling /home/lucasb/OpenManipulatorXRoboticArmKinematics/open_mx/install/robot_omx/lib/python3.10/site-packages/robot_omx/kinematic_library.py to kinematic_library.cpython-310.pyc
[0.514s] byte-compiling /home/lucasb/OpenManipulatorXRoboticArmKinematics/open_mx/install/robot_omx/lib/python3.10/site-packages/robot_omx/velocity_server.py to velocity_server.cpython-310.pyc
[0.514s] byte-compiling /home/lucasb/OpenManipulatorXRoboticArmKinematics/open_mx/install/robot_omx/lib/python3.10/site-packages/robot_omx/inv_kin_server.py to inv_kin_server.cpython-310.pyc
[0.515s] byte-compiling /home/lucasb/OpenManipulatorXRoboticArmKinematics/open_mx/install/robot_omx/lib/python3.10/site-packages/robot_omx/robot_node.py to robot_node.cpython-310.pyc
[0.515s] Sorry: IndentationError: expected an indented block after function definition on line 38 (robot_node.py, line 42)
[0.515s] running install_data
[0.515s] running install_egg_info
[0.516s] removing '/home/lucasb/OpenManipulatorXRoboticArmKinematics/open_mx/install/robot_omx/lib/python3.10/site-packages/robot_omx-0.0.0-py3.10.egg-info' (and everything under it)
[0.516s] Copying ../../build/robot_omx/robot_omx.egg-info to /home/lucasb/OpenManipulatorXRoboticArmKinematics/open_mx/install/robot_omx/lib/python3.10/site-packages/robot_omx-0.0.0-py3.10.egg-info
[0.517s] running install_scripts
[0.530s] Installing inverse_client script to /home/lucasb/OpenManipulatorXRoboticArmKinematics/open_mx/install/robot_omx/lib/robot_omx
[0.530s] Installing inverse_server script to /home/lucasb/OpenManipulatorXRoboticArmKinematics/open_mx/install/robot_omx/lib/robot_omx
[0.530s] Installing joint_listener script to /home/lucasb/OpenManipulatorXRoboticArmKinematics/open_mx/install/robot_omx/lib/robot_omx
[0.530s] Installing robot script to /home/lucasb/OpenManipulatorXRoboticArmKinematics/open_mx/install/robot_omx/lib/robot_omx
[0.530s] Installing velocity_server script to /home/lucasb/OpenManipulatorXRoboticArmKinematics/open_mx/install/robot_omx/lib/robot_omx
[0.530s] writing list of installed files to '/home/lucasb/OpenManipulatorXRoboticArmKinematics/open_mx/build/robot_omx/install.log'
[0.546s] Invoked command in '/home/lucasb/OpenManipulatorXRoboticArmKinematics/open_mx/src/robot_omx' returned '0': CMAKE_PREFIX_PATH=/home/lucasb/OpenManipulatorXRoboticArmKinematics/open_mx/install/custom_messages:/home/lucasb/OpenManipulatorXRoboticArmKinematics/open_mx/install/open_manipulator:/home/lucasb/OpenManipulatorXRoboticArmKinematics/open_mx/install/open_manipulator_x_controller:/home/lucasb/OpenManipulatorXRoboticArmKinematics/open_mx/install/open_manipulator_x_libs:/home/lucasb/OpenManipulatorXRoboticArmKinematics/open_mx/install/robotis_manipulator:/home/lucasb/OpenManipulatorXRoboticArmKinematics/open_mx/install/rbe500-example:/home/lucasb/OpenManipulatorXRoboticArmKinematics/open_mx/install/open_manipulator_x_description:/home/lucasb/OpenManipulatorXRoboticArmKinematics/open_mx/install/open_manipulator_msgs:/home/lucasb/OpenManipulatorXRoboticArmKinematics/open_mx/install/dynamixel_workbench:/home/lucasb/OpenManipulatorXRoboticArmKinematics/open_mx/install/dynamixel_workbench_toolbox:/home/lucasb/OpenManipulatorXRoboticArmKinematics/open_mx/install/dynamixel_sdk_examples:/home/lucasb/OpenManipulatorXRoboticArmKinematics/open_mx/install/dynamixel_sdk_custom_interfaces:/home/lucasb/OpenManipulatorXRoboticArmKinematics/open_mx/install/dynamixel_sdk:/home/lucasb/OpenManipulatorXRoboticArmKinematics/open_mx/install/cmake_modules LD_LIBRARY_PATH=/home/lucasb/OpenManipulatorXRoboticArmKinematics/open_mx/install/custom_messages/lib:/home/lucasb/OpenManipulatorXRoboticArmKinematics/open_mx/install/open_manipulator_x_libs/lib:/home/lucasb/OpenManipulatorXRoboticArmKinematics/open_mx/install/robotis_manipulator/lib:/home/lucasb/OpenManipulatorXRoboticArmKinematics/open_mx/install/open_manipulator_msgs/lib:/home/lucasb/OpenManipulatorXRoboticArmKinematics/open_mx/install/dynamixel_workbench_toolbox/lib:/home/lucasb/OpenManipulatorXRoboticArmKinematics/open_mx/install/dynamixel_sdk_custom_interfaces/lib:/home/lucasb/OpenManipulatorXRoboticArmKinematics/open_mx/install/dynamixel_sdk/lib:/opt/ros/humble/opt/rviz_ogre_vendor/lib:/opt/ros/humble/lib/x86_64-linux-gnu:/opt/ros/humble/lib PYTHONPATH=/home/lucasb/OpenManipulatorXRoboticArmKinematics/open_mx/build/robot_omx/prefix_override:/usr/lib/python3/dist-packages/colcon_core/task/python/colcon_distutils_commands:/home/lucasb/OpenManipulatorXRoboticArmKinematics/open_mx/install/robot_omx/lib/python3.10/site-packages:${PYTHONPATH} /usr/bin/python3 -W ignore:setup.py install is deprecated setup.py egg_info --egg-base ../../build/robot_omx build --build-base /home/lucasb/OpenManipulatorXRoboticArmKinematics/open_mx/build/robot_omx/build install --record /home/lucasb/OpenManipulatorXRoboticArmKinematics/open_mx/build/robot_omx/install.log --single-version-externally-managed install_data
