[0.022s] Invoking command in '/home/lucasb/OpenManipulatorXRoboticArmKinematics/open_mx/build/custom_messages': CMAKE_PREFIX_PATH=${CMAKE_PREFIX_PATH}:/home/lucasb/OpenManipulatorXRoboticArmKinematics/open_mx/install/robot_omx:/home/lucasb/OpenManipulatorXRoboticArmKinematics/open_mx/install/rbe500_example_py:/opt/ros/humble /usr/bin/cmake --build /home/lucasb/OpenManipulatorXRoboticArmKinematics/open_mx/build/custom_messages -- -j20 -l20
[0.053s] -- Found ament_cmake: 1.3.10 (/opt/ros/humble/share/ament_cmake/cmake)
[0.175s] -- Override CMake install command with custom implementation using symlinks instead of copying resources
[0.184s] -- Found geometry_msgs: 4.2.4 (/opt/ros/humble/share/geometry_msgs/cmake)
[0.209s] -- Found rosidl_generator_c: 3.1.5 (/opt/ros/humble/share/rosidl_generator_c/cmake)
[0.213s] -- Found rosidl_adapter: 3.1.5 (/opt/ros/humble/share/rosidl_adapter/cmake)
[0.219s] -- Found rosidl_generator_cpp: 3.1.5 (/opt/ros/humble/share/rosidl_generator_cpp/cmake)
[0.227s] -- Using all available rosidl_typesupport_c: rosidl_typesupport_fastrtps_c;rosidl_typesupport_introspection_c
[0.239s] -- Using all available rosidl_typesupport_cpp: rosidl_typesupport_fastrtps_cpp;rosidl_typesupport_introspection_cpp
[0.287s] -- Found rosidl_default_generators: 1.2.0 (/opt/ros/humble/share/rosidl_default_generators/cmake)
[0.545s] -- Found ament_cmake_ros: 0.10.0 (/opt/ros/humble/share/ament_cmake_ros/cmake)
[0.894s] -- Using all available rosidl_typesupport_c: rosidl_typesupport_fastrtps_c;rosidl_typesupport_introspection_c
[1.026s] -- Using all available rosidl_typesupport_cpp: rosidl_typesupport_fastrtps_cpp;rosidl_typesupport_introspection_cpp
[1.048s] -- Found python_cmake_module: 0.10.0 (/opt/ros/humble/share/python_cmake_module/cmake)
[1.070s] -- Using PYTHON_EXECUTABLE: /usr/bin/python3
[1.070s] -- Using PYTHON_INCLUDE_DIRS: /usr/include/python3.10
[1.070s] -- Using PYTHON_LIBRARIES: /usr/lib/x86_64-linux-gnu/libpython3.10.so
[1.098s] -- Found ament_lint_auto: 0.12.11 (/opt/ros/humble/share/ament_lint_auto/cmake)
[1.108s] -- Added test 'lint_cmake' to check CMake code style
[1.109s] -- Added test 'xmllint' to check XML markup files
[1.111s] -- Configuring done
[1.137s] -- Generating done
[1.139s] -- Build files have been written to: /home/lucasb/OpenManipulatorXRoboticArmKinematics/open_mx/build/custom_messages
[1.162s] [  2%] [34m[1mGenerating C code for ROS interfaces[0m
[1.171s] [  5%] [34m[1mGenerating C++ code for ROS interfaces[0m
[1.176s] [  5%] Built target ament_cmake_python_symlink_custom_messages
[1.317s] running egg_info
[1.318s] writing custom_messages.egg-info/PKG-INFO
[1.318s] writing dependency_links to custom_messages.egg-info/dependency_links.txt
[1.318s] writing top-level names to custom_messages.egg-info/top_level.txt
[1.319s] reading manifest file 'custom_messages.egg-info/SOURCES.txt'
[1.319s] writing manifest file 'custom_messages.egg-info/SOURCES.txt'
[1.336s] [  5%] Built target ament_cmake_python_build_custom_messages_egg
[1.382s] [35m[1mConsolidate compiler generated dependencies of target custom_messages__rosidl_generator_c[0m
[1.383s] [  5%] Built target custom_messages__cpp
[1.392s] [ 10%] [32mBuilding C object CMakeFiles/custom_messages__rosidl_generator_c.dir/rosidl_generator_c/custom_messages/srv/detail/velocity__functions.c.o[0m
[1.392s] [ 10%] [34m[1mGenerating C++ introspection for ROS interfaces[0m
[1.392s] [ 12%] [34m[1mGenerating C++ type support for eProsima Fast-RTPS[0m
[1.394s] [ 15%] [34m[1mGenerating C++ type support dispatch for ROS interfaces[0m
[1.394s] [ 17%] [32mBuilding C object CMakeFiles/custom_messages__rosidl_generator_c.dir/rosidl_generator_c/custom_messages/srv/detail/inv_kin__functions.c.o[0m
[1.459s] [ 20%] [32m[1mLinking C shared library libcustom_messages__rosidl_generator_c.so[0m
[1.496s] [ 20%] Built target custom_messages__rosidl_generator_c
[1.505s] [ 23%] [34m[1mGenerating C type support for eProsima Fast-RTPS[0m
[1.506s] [ 25%] [34m[1mGenerating C introspection for ROS interfaces[0m
[1.506s] [ 28%] [34m[1mGenerating C type support dispatch for ROS interfaces[0m
[1.567s] [35m[1mConsolidate compiler generated dependencies of target custom_messages__rosidl_typesupport_cpp[0m
[1.578s] [ 30%] [32mBuilding CXX object CMakeFiles/custom_messages__rosidl_typesupport_cpp.dir/rosidl_typesupport_cpp/custom_messages/srv/inv_kin__type_support.cpp.o[0m
[1.580s] [ 33%] [32mBuilding CXX object CMakeFiles/custom_messages__rosidl_typesupport_cpp.dir/rosidl_typesupport_cpp/custom_messages/srv/velocity__type_support.cpp.o[0m
[1.580s] [35m[1mConsolidate compiler generated dependencies of target custom_messages__rosidl_typesupport_introspection_cpp[0m
[1.591s] [ 35%] [32mBuilding CXX object CMakeFiles/custom_messages__rosidl_typesupport_introspection_cpp.dir/rosidl_typesupport_introspection_cpp/custom_messages/srv/detail/inv_kin__type_support.cpp.o[0m
[1.592s] [ 38%] [32mBuilding CXX object CMakeFiles/custom_messages__rosidl_typesupport_introspection_cpp.dir/rosidl_typesupport_introspection_cpp/custom_messages/srv/detail/velocity__type_support.cpp.o[0m
[1.600s] [35m[1mConsolidate compiler generated dependencies of target custom_messages__rosidl_typesupport_fastrtps_cpp[0m
[1.610s] [ 41%] [32mBuilding CXX object CMakeFiles/custom_messages__rosidl_typesupport_fastrtps_cpp.dir/rosidl_typesupport_fastrtps_cpp/custom_messages/srv/detail/dds_fastrtps/inv_kin__type_support.cpp.o[0m
[1.610s] [ 43%] [32mBuilding CXX object CMakeFiles/custom_messages__rosidl_typesupport_fastrtps_cpp.dir/rosidl_typesupport_fastrtps_cpp/custom_messages/srv/detail/dds_fastrtps/velocity__type_support.cpp.o[0m
[1.680s] [35m[1mConsolidate compiler generated dependencies of target custom_messages__rosidl_typesupport_c[0m
[1.693s] [ 48%] [32mBuilding CXX object CMakeFiles/custom_messages__rosidl_typesupport_c.dir/rosidl_typesupport_c/custom_messages/srv/velocity__type_support.cpp.o[0m
[1.693s] [ 48%] [32mBuilding CXX object CMakeFiles/custom_messages__rosidl_typesupport_c.dir/rosidl_typesupport_c/custom_messages/srv/inv_kin__type_support.cpp.o[0m
[1.716s] [35m[1mConsolidate compiler generated dependencies of target custom_messages__rosidl_typesupport_introspection_c[0m
[1.726s] [ 51%] [32mBuilding C object CMakeFiles/custom_messages__rosidl_typesupport_introspection_c.dir/rosidl_typesupport_introspection_c/custom_messages/srv/detail/velocity__type_support.c.o[0m
[1.730s] [ 53%] [32mBuilding C object CMakeFiles/custom_messages__rosidl_typesupport_introspection_c.dir/rosidl_typesupport_introspection_c/custom_messages/srv/detail/inv_kin__type_support.c.o[0m
[1.732s] [ 56%] [32m[1mLinking CXX shared library libcustom_messages__rosidl_typesupport_c.so[0m
[1.743s] [35m[1mConsolidate compiler generated dependencies of target custom_messages__rosidl_typesupport_fastrtps_c[0m
[1.753s] [ 58%] [32mBuilding CXX object CMakeFiles/custom_messages__rosidl_typesupport_fastrtps_c.dir/rosidl_typesupport_fastrtps_c/custom_messages/srv/detail/inv_kin__type_support_c.cpp.o[0m
[1.757s] [ 61%] [32mBuilding CXX object CMakeFiles/custom_messages__rosidl_typesupport_fastrtps_c.dir/rosidl_typesupport_fastrtps_c/custom_messages/srv/detail/velocity__type_support_c.cpp.o[0m
[1.765s] [ 64%] [32m[1mLinking C shared library libcustom_messages__rosidl_typesupport_introspection_c.so[0m
[1.773s] [ 64%] Built target custom_messages__rosidl_typesupport_c
[1.793s] [ 66%] [32m[1mLinking CXX shared library libcustom_messages__rosidl_typesupport_cpp.so[0m
[1.796s] [ 66%] Built target custom_messages__rosidl_typesupport_introspection_c
[1.832s] [ 66%] Built target custom_messages__rosidl_typesupport_cpp
[1.936s] [ 69%] [32m[1mLinking CXX shared library libcustom_messages__rosidl_typesupport_fastrtps_cpp.so[0m
[1.938s] [ 71%] [32m[1mLinking CXX shared library libcustom_messages__rosidl_typesupport_introspection_cpp.so[0m
[1.986s] [ 71%] Built target custom_messages__rosidl_typesupport_introspection_cpp
[1.990s] [ 74%] [32m[1mLinking CXX shared library libcustom_messages__rosidl_typesupport_fastrtps_c.so[0m
[1.992s] [ 74%] Built target custom_messages__rosidl_typesupport_fastrtps_cpp
[2.047s] [ 74%] Built target custom_messages__rosidl_typesupport_fastrtps_c
[2.071s] [ 74%] Built target custom_messages
[2.097s] [ 76%] [34m[1mGenerating Python code for ROS interfaces[0m
[2.416s] [ 76%] Built target custom_messages__py
[2.425s] [35m[1mConsolidate compiler generated dependencies of target custom_messages__rosidl_generator_py[0m
[2.441s] [ 79%] [32mBuilding C object CMakeFiles/custom_messages__rosidl_generator_py.dir/rosidl_generator_py/custom_messages/srv/_inv_kin_s.c.o[0m
[2.441s] [ 82%] [32mBuilding C object CMakeFiles/custom_messages__rosidl_generator_py.dir/rosidl_generator_py/custom_messages/srv/_velocity_s.c.o[0m
[2.532s] [ 84%] [32m[1mLinking C shared library rosidl_generator_py/custom_messages/libcustom_messages__rosidl_generator_py.so[0m
[2.572s] [ 84%] Built target custom_messages__rosidl_generator_py
[2.584s] [35m[1mConsolidate compiler generated dependencies of target custom_messages__rosidl_typesupport_fastrtps_c__pyext[0m
[2.585s] [35m[1mConsolidate compiler generated dependencies of target custom_messages__rosidl_typesupport_introspection_c__pyext[0m
[2.585s] [35m[1mConsolidate compiler generated dependencies of target custom_messages__rosidl_typesupport_c__pyext[0m
[2.598s] [ 87%] [32mBuilding C object CMakeFiles/custom_messages__rosidl_typesupport_fastrtps_c__pyext.dir/rosidl_generator_py/custom_messages/_custom_messages_s.ep.rosidl_typesupport_fastrtps_c.c.o[0m
[2.602s] [ 89%] [32mBuilding C object CMakeFiles/custom_messages__rosidl_typesupport_introspection_c__pyext.dir/rosidl_generator_py/custom_messages/_custom_messages_s.ep.rosidl_typesupport_introspection_c.c.o[0m
[2.602s] [ 92%] [32mBuilding C object CMakeFiles/custom_messages__rosidl_typesupport_c__pyext.dir/rosidl_generator_py/custom_messages/_custom_messages_s.ep.rosidl_typesupport_c.c.o[0m
[2.672s] [ 94%] [32m[1mLinking C shared library rosidl_generator_py/custom_messages/custom_messages_s__rosidl_typesupport_fastrtps_c.cpython-310-x86_64-linux-gnu.so[0m
[2.672s] [ 97%] [32m[1mLinking C shared library rosidl_generator_py/custom_messages/custom_messages_s__rosidl_typesupport_introspection_c.cpython-310-x86_64-linux-gnu.so[0m
[2.672s] [100%] [32m[1mLinking C shared library rosidl_generator_py/custom_messages/custom_messages_s__rosidl_typesupport_c.cpython-310-x86_64-linux-gnu.so[0m
[2.700s] [100%] Built target custom_messages__rosidl_typesupport_fastrtps_c__pyext
[2.702s] [100%] Built target custom_messages__rosidl_typesupport_introspection_c__pyext
[2.704s] [100%] Built target custom_messages__rosidl_typesupport_c__pyext
[2.715s] Invoked command in '/home/lucasb/OpenManipulatorXRoboticArmKinematics/open_mx/build/custom_messages' returned '0': CMAKE_PREFIX_PATH=${CMAKE_PREFIX_PATH}:/home/lucasb/OpenManipulatorXRoboticArmKinematics/open_mx/install/robot_omx:/home/lucasb/OpenManipulatorXRoboticArmKinematics/open_mx/install/rbe500_example_py:/opt/ros/humble /usr/bin/cmake --build /home/lucasb/OpenManipulatorXRoboticArmKinematics/open_mx/build/custom_messages -- -j20 -l20
[2.803s] Invoking command in '/home/lucasb/OpenManipulatorXRoboticArmKinematics/open_mx/build/custom_messages': CMAKE_PREFIX_PATH=${CMAKE_PREFIX_PATH}:/home/lucasb/OpenManipulatorXRoboticArmKinematics/open_mx/install/robot_omx:/home/lucasb/OpenManipulatorXRoboticArmKinematics/open_mx/install/rbe500_example_py:/opt/ros/humble /usr/bin/cmake --install /home/lucasb/OpenManipulatorXRoboticArmKinematics/open_mx/build/custom_messages
[2.809s] -- Install configuration: ""
[2.810s] -- Execute custom install script
[2.810s] -- Up-to-date symlink: /home/lucasb/OpenManipulatorXRoboticArmKinematics/open_mx/install/custom_messages/share/ament_index/resource_index/rosidl_interfaces/custom_messages
[2.810s] -- Up-to-date symlink: /home/lucasb/OpenManipulatorXRoboticArmKinematics/open_mx/install/custom_messages/include/custom_messages/custom_messages/msg/rosidl_generator_c__visibility_control.h
[2.810s] -- Up-to-date symlink: /home/lucasb/OpenManipulatorXRoboticArmKinematics/open_mx/install/custom_messages/include/custom_messages/custom_messages/srv/detail/inv_kin__functions.h
[2.810s] -- Up-to-date symlink: /home/lucasb/OpenManipulatorXRoboticArmKinematics/open_mx/install/custom_messages/include/custom_messages/custom_messages/srv/detail/inv_kin__struct.h
[2.810s] -- Up-to-date symlink: /home/lucasb/OpenManipulatorXRoboticArmKinematics/open_mx/install/custom_messages/include/custom_messages/custom_messages/srv/detail/inv_kin__type_support.h
[2.810s] -- Symlinking: /home/lucasb/OpenManipulatorXRoboticArmKinematics/open_mx/install/custom_messages/include/custom_messages/custom_messages/srv/detail/velocity__functions.h
[2.816s] -- Symlinking: /home/lucasb/OpenManipulatorXRoboticArmKinematics/open_mx/install/custom_messages/include/custom_messages/custom_messages/srv/detail/velocity__struct.h
[2.823s] -- Symlinking: /home/lucasb/OpenManipulatorXRoboticArmKinematics/open_mx/install/custom_messages/include/custom_messages/custom_messages/srv/detail/velocity__type_support.h
[2.832s] -- Up-to-date symlink: /home/lucasb/OpenManipulatorXRoboticArmKinematics/open_mx/install/custom_messages/include/custom_messages/custom_messages/srv/inv_kin.h
[2.832s] -- Symlinking: /home/lucasb/OpenManipulatorXRoboticArmKinematics/open_mx/install/custom_messages/include/custom_messages/custom_messages/srv/velocity.h
[2.841s] -- Up-to-date symlink: /home/lucasb/OpenManipulatorXRoboticArmKinematics/open_mx/install/custom_messages/share/custom_messages/environment/library_path.sh
[2.841s] -- Up-to-date symlink: /home/lucasb/OpenManipulatorXRoboticArmKinematics/open_mx/install/custom_messages/share/custom_messages/environment/library_path.dsv
[2.841s] -- Up-to-date symlink: /home/lucasb/OpenManipulatorXRoboticArmKinematics/open_mx/install/custom_messages/include/custom_messages/custom_messages/msg/rosidl_typesupport_fastrtps_c__visibility_control.h
[2.841s] -- Up-to-date symlink: /home/lucasb/OpenManipulatorXRoboticArmKinematics/open_mx/install/custom_messages/include/custom_messages/custom_messages/srv/detail/inv_kin__rosidl_typesupport_fastrtps_c.h
[2.841s] -- Symlinking: /home/lucasb/OpenManipulatorXRoboticArmKinematics/open_mx/install/custom_messages/include/custom_messages/custom_messages/srv/detail/velocity__rosidl_typesupport_fastrtps_c.h
[2.849s] -- Up-to-date symlink: /home/lucasb/OpenManipulatorXRoboticArmKinematics/open_mx/install/custom_messages/include/custom_messages/custom_messages/srv/detail/inv_kin__builder.hpp
[2.849s] -- Up-to-date symlink: /home/lucasb/OpenManipulatorXRoboticArmKinematics/open_mx/install/custom_messages/include/custom_messages/custom_messages/srv/detail/inv_kin__struct.hpp
[2.849s] -- Up-to-date symlink: /home/lucasb/OpenManipulatorXRoboticArmKinematics/open_mx/install/custom_messages/include/custom_messages/custom_messages/srv/detail/inv_kin__traits.hpp
[2.849s] -- Symlinking: /home/lucasb/OpenManipulatorXRoboticArmKinematics/open_mx/install/custom_messages/include/custom_messages/custom_messages/srv/detail/velocity__builder.hpp
[2.856s] -- Symlinking: /home/lucasb/OpenManipulatorXRoboticArmKinematics/open_mx/install/custom_messages/include/custom_messages/custom_messages/srv/detail/velocity__struct.hpp
[2.864s] -- Symlinking: /home/lucasb/OpenManipulatorXRoboticArmKinematics/open_mx/install/custom_messages/include/custom_messages/custom_messages/srv/detail/velocity__traits.hpp
[2.873s] -- Up-to-date symlink: /home/lucasb/OpenManipulatorXRoboticArmKinematics/open_mx/install/custom_messages/include/custom_messages/custom_messages/srv/inv_kin.hpp
[2.874s] -- Symlinking: /home/lucasb/OpenManipulatorXRoboticArmKinematics/open_mx/install/custom_messages/include/custom_messages/custom_messages/srv/velocity.hpp
[2.882s] -- Up-to-date symlink: /home/lucasb/OpenManipulatorXRoboticArmKinematics/open_mx/install/custom_messages/include/custom_messages/custom_messages/msg/rosidl_typesupport_fastrtps_cpp__visibility_control.h
[2.882s] -- Up-to-date symlink: /home/lucasb/OpenManipulatorXRoboticArmKinematics/open_mx/install/custom_messages/include/custom_messages/custom_messages/srv/detail/inv_kin__rosidl_typesupport_fastrtps_cpp.hpp
[2.882s] -- Symlinking: /home/lucasb/OpenManipulatorXRoboticArmKinematics/open_mx/install/custom_messages/include/custom_messages/custom_messages/srv/detail/velocity__rosidl_typesupport_fastrtps_cpp.hpp
[2.887s] -- Up-to-date symlink: /home/lucasb/OpenManipulatorXRoboticArmKinematics/open_mx/install/custom_messages/include/custom_messages/custom_messages/msg/rosidl_typesupport_introspection_c__visibility_control.h
[2.888s] -- Up-to-date symlink: /home/lucasb/OpenManipulatorXRoboticArmKinematics/open_mx/install/custom_messages/include/custom_messages/custom_messages/srv/detail/inv_kin__rosidl_typesupport_introspection_c.h
[2.888s] -- Symlinking: /home/lucasb/OpenManipulatorXRoboticArmKinematics/open_mx/install/custom_messages/include/custom_messages/custom_messages/srv/detail/velocity__rosidl_typesupport_introspection_c.h
[2.896s] -- Up-to-date symlink: /home/lucasb/OpenManipulatorXRoboticArmKinematics/open_mx/install/custom_messages/include/custom_messages/custom_messages/srv/detail/inv_kin__rosidl_typesupport_introspection_cpp.hpp
[2.896s] -- Symlinking: /home/lucasb/OpenManipulatorXRoboticArmKinematics/open_mx/install/custom_messages/include/custom_messages/custom_messages/srv/detail/velocity__rosidl_typesupport_introspection_cpp.hpp
[2.906s] -- Up-to-date symlink: /home/lucasb/OpenManipulatorXRoboticArmKinematics/open_mx/install/custom_messages/share/custom_messages/environment/pythonpath.sh
[2.906s] -- Up-to-date symlink: /home/lucasb/OpenManipulatorXRoboticArmKinematics/open_mx/install/custom_messages/share/custom_messages/environment/pythonpath.dsv
[2.906s] -- Up-to-date symlink: /home/lucasb/OpenManipulatorXRoboticArmKinematics/open_mx/install/custom_messages/local/lib/python3.10/dist-packages/custom_messages-0.0.0-py3.10.egg-info/PKG-INFO
[2.906s] -- Up-to-date symlink: /home/lucasb/OpenManipulatorXRoboticArmKinematics/open_mx/install/custom_messages/local/lib/python3.10/dist-packages/custom_messages-0.0.0-py3.10.egg-info/SOURCES.txt
[2.906s] -- Up-to-date symlink: /home/lucasb/OpenManipulatorXRoboticArmKinematics/open_mx/install/custom_messages/local/lib/python3.10/dist-packages/custom_messages-0.0.0-py3.10.egg-info/dependency_links.txt
[2.906s] -- Up-to-date symlink: /home/lucasb/OpenManipulatorXRoboticArmKinematics/open_mx/install/custom_messages/local/lib/python3.10/dist-packages/custom_messages-0.0.0-py3.10.egg-info/top_level.txt
[2.907s] -- Up-to-date symlink: /home/lucasb/OpenManipulatorXRoboticArmKinematics/open_mx/install/custom_messages/local/lib/python3.10/dist-packages/custom_messages/__init__.py
[2.907s] -- Up-to-date symlink: /home/lucasb/OpenManipulatorXRoboticArmKinematics/open_mx/install/custom_messages/local/lib/python3.10/dist-packages/custom_messages/_custom_messages_s.ep.rosidl_typesupport_c.c
[2.907s] -- Up-to-date symlink: /home/lucasb/OpenManipulatorXRoboticArmKinematics/open_mx/install/custom_messages/local/lib/python3.10/dist-packages/custom_messages/_custom_messages_s.ep.rosidl_typesupport_fastrtps_c.c
[2.907s] -- Up-to-date symlink: /home/lucasb/OpenManipulatorXRoboticArmKinematics/open_mx/install/custom_messages/local/lib/python3.10/dist-packages/custom_messages/_custom_messages_s.ep.rosidl_typesupport_introspection_c.c
[2.908s] -- Up-to-date symlink: /home/lucasb/OpenManipulatorXRoboticArmKinematics/open_mx/install/custom_messages/local/lib/python3.10/dist-packages/custom_messages/custom_messages_s__rosidl_typesupport_c.cpython-310-x86_64-linux-gnu.so
[2.908s] -- Up-to-date symlink: /home/lucasb/OpenManipulatorXRoboticArmKinematics/open_mx/install/custom_messages/local/lib/python3.10/dist-packages/custom_messages/custom_messages_s__rosidl_typesupport_fastrtps_c.cpython-310-x86_64-linux-gnu.so
[2.908s] -- Up-to-date symlink: /home/lucasb/OpenManipulatorXRoboticArmKinematics/open_mx/install/custom_messages/local/lib/python3.10/dist-packages/custom_messages/custom_messages_s__rosidl_typesupport_introspection_c.cpython-310-x86_64-linux-gnu.so
[2.908s] -- Up-to-date symlink: /home/lucasb/OpenManipulatorXRoboticArmKinematics/open_mx/install/custom_messages/local/lib/python3.10/dist-packages/custom_messages/libcustom_messages__rosidl_generator_py.so
[2.908s] -- Up-to-date symlink: /home/lucasb/OpenManipulatorXRoboticArmKinematics/open_mx/install/custom_messages/local/lib/python3.10/dist-packages/custom_messages/srv/__init__.py
[2.908s] -- Up-to-date symlink: /home/lucasb/OpenManipulatorXRoboticArmKinematics/open_mx/install/custom_messages/local/lib/python3.10/dist-packages/custom_messages/srv/_inv_kin.py
[2.908s] -- Up-to-date symlink: /home/lucasb/OpenManipulatorXRoboticArmKinematics/open_mx/install/custom_messages/local/lib/python3.10/dist-packages/custom_messages/srv/_inv_kin_s.c
[2.908s] -- Symlinking: /home/lucasb/OpenManipulatorXRoboticArmKinematics/open_mx/install/custom_messages/local/lib/python3.10/dist-packages/custom_messages/srv/_velocity.py
[2.917s] -- Symlinking: /home/lucasb/OpenManipulatorXRoboticArmKinematics/open_mx/install/custom_messages/local/lib/python3.10/dist-packages/custom_messages/srv/_velocity_s.c
[2.926s] -- Up-to-date symlink: /home/lucasb/OpenManipulatorXRoboticArmKinematics/open_mx/install/custom_messages/local/lib/python3.10/dist-packages/custom_messages/custom_messages_s__rosidl_typesupport_fastrtps_c.cpython-310-x86_64-linux-gnu.so
[2.927s] -- Up-to-date symlink: /home/lucasb/OpenManipulatorXRoboticArmKinematics/open_mx/install/custom_messages/local/lib/python3.10/dist-packages/custom_messages/custom_messages_s__rosidl_typesupport_introspection_c.cpython-310-x86_64-linux-gnu.so
[2.927s] -- Up-to-date symlink: /home/lucasb/OpenManipulatorXRoboticArmKinematics/open_mx/install/custom_messages/local/lib/python3.10/dist-packages/custom_messages/custom_messages_s__rosidl_typesupport_c.cpython-310-x86_64-linux-gnu.so
[2.927s] -- Up-to-date symlink: /home/lucasb/OpenManipulatorXRoboticArmKinematics/open_mx/install/custom_messages/share/custom_messages/srv/InvKin.idl
[2.928s] -- Symlinking: /home/lucasb/OpenManipulatorXRoboticArmKinematics/open_mx/install/custom_messages/share/custom_messages/srv/Velocity.idl
[2.937s] -- Up-to-date symlink: /home/lucasb/OpenManipulatorXRoboticArmKinematics/open_mx/install/custom_messages/share/custom_messages/srv/InvKin.srv
[2.937s] -- Up-to-date symlink: /home/lucasb/OpenManipulatorXRoboticArmKinematics/open_mx/install/custom_messages/share/custom_messages/srv/InvKin_Request.msg
[2.937s] -- Up-to-date symlink: /home/lucasb/OpenManipulatorXRoboticArmKinematics/open_mx/install/custom_messages/share/custom_messages/srv/InvKin_Response.msg
[2.937s] -- Symlinking: /home/lucasb/OpenManipulatorXRoboticArmKinematics/open_mx/install/custom_messages/share/custom_messages/srv/Velocity.srv
[2.948s] -- Symlinking: /home/lucasb/OpenManipulatorXRoboticArmKinematics/open_mx/install/custom_messages/share/custom_messages/srv/Velocity_Request.msg
[2.955s] -- Symlinking: /home/lucasb/OpenManipulatorXRoboticArmKinematics/open_mx/install/custom_messages/share/custom_messages/srv/Velocity_Response.msg
[2.962s] -- Up-to-date symlink: /home/lucasb/OpenManipulatorXRoboticArmKinematics/open_mx/install/custom_messages/share/ament_index/resource_index/package_run_dependencies/custom_messages
[2.962s] -- Up-to-date symlink: /home/lucasb/OpenManipulatorXRoboticArmKinematics/open_mx/install/custom_messages/share/ament_index/resource_index/parent_prefix_path/custom_messages
[2.962s] -- Up-to-date symlink: /home/lucasb/OpenManipulatorXRoboticArmKinematics/open_mx/install/custom_messages/share/custom_messages/environment/ament_prefix_path.sh
[2.962s] -- Up-to-date symlink: /home/lucasb/OpenManipulatorXRoboticArmKinematics/open_mx/install/custom_messages/share/custom_messages/environment/ament_prefix_path.dsv
[2.962s] -- Up-to-date symlink: /home/lucasb/OpenManipulatorXRoboticArmKinematics/open_mx/install/custom_messages/share/custom_messages/environment/path.sh
[2.963s] -- Up-to-date symlink: /home/lucasb/OpenManipulatorXRoboticArmKinematics/open_mx/install/custom_messages/share/custom_messages/environment/path.dsv
[2.963s] -- Up-to-date symlink: /home/lucasb/OpenManipulatorXRoboticArmKinematics/open_mx/install/custom_messages/share/custom_messages/local_setup.bash
[2.963s] -- Up-to-date symlink: /home/lucasb/OpenManipulatorXRoboticArmKinematics/open_mx/install/custom_messages/share/custom_messages/local_setup.sh
[2.963s] -- Up-to-date symlink: /home/lucasb/OpenManipulatorXRoboticArmKinematics/open_mx/install/custom_messages/share/custom_messages/local_setup.zsh
[2.963s] -- Up-to-date symlink: /home/lucasb/OpenManipulatorXRoboticArmKinematics/open_mx/install/custom_messages/share/custom_messages/local_setup.dsv
[2.963s] -- Symlinking: /home/lucasb/OpenManipulatorXRoboticArmKinematics/open_mx/install/custom_messages/share/custom_messages/package.dsv
[2.971s] -- Up-to-date symlink: /home/lucasb/OpenManipulatorXRoboticArmKinematics/open_mx/install/custom_messages/share/ament_index/resource_index/packages/custom_messages
[2.971s] -- Up-to-date symlink: /home/lucasb/OpenManipulatorXRoboticArmKinematics/open_mx/install/custom_messages/share/custom_messages/cmake/rosidl_cmake-extras.cmake
[2.972s] -- Up-to-date symlink: /home/lucasb/OpenManipulatorXRoboticArmKinematics/open_mx/install/custom_messages/share/custom_messages/cmake/ament_cmake_export_dependencies-extras.cmake
[2.972s] -- Up-to-date symlink: /home/lucasb/OpenManipulatorXRoboticArmKinematics/open_mx/install/custom_messages/share/custom_messages/cmake/ament_cmake_export_include_directories-extras.cmake
[2.972s] -- Up-to-date symlink: /home/lucasb/OpenManipulatorXRoboticArmKinematics/open_mx/install/custom_messages/share/custom_messages/cmake/ament_cmake_export_libraries-extras.cmake
[2.972s] -- Up-to-date symlink: /home/lucasb/OpenManipulatorXRoboticArmKinematics/open_mx/install/custom_messages/share/custom_messages/cmake/ament_cmake_export_targets-extras.cmake
[2.972s] -- Up-to-date symlink: /home/lucasb/OpenManipulatorXRoboticArmKinematics/open_mx/install/custom_messages/share/custom_messages/cmake/rosidl_cmake_export_typesupport_targets-extras.cmake
[2.972s] -- Up-to-date symlink: /home/lucasb/OpenManipulatorXRoboticArmKinematics/open_mx/install/custom_messages/share/custom_messages/cmake/rosidl_cmake_export_typesupport_libraries-extras.cmake
[2.972s] -- Up-to-date symlink: /home/lucasb/OpenManipulatorXRoboticArmKinematics/open_mx/install/custom_messages/share/custom_messages/cmake/custom_messagesConfig.cmake
[2.972s] -- Up-to-date symlink: /home/lucasb/OpenManipulatorXRoboticArmKinematics/open_mx/install/custom_messages/share/custom_messages/cmake/custom_messagesConfig-version.cmake
[2.972s] -- Up-to-date symlink: /home/lucasb/OpenManipulatorXRoboticArmKinematics/open_mx/install/custom_messages/share/custom_messages/package.xml
[2.973s] -- Installing: /home/lucasb/OpenManipulatorXRoboticArmKinematics/open_mx/install/custom_messages/lib/libcustom_messages__rosidl_generator_c.so
[2.973s] -- Set runtime path of "/home/lucasb/OpenManipulatorXRoboticArmKinematics/open_mx/install/custom_messages/lib/libcustom_messages__rosidl_generator_c.so" to ""
[2.973s] -- Installing: /home/lucasb/OpenManipulatorXRoboticArmKinematics/open_mx/install/custom_messages/lib/libcustom_messages__rosidl_typesupport_fastrtps_c.so
[2.973s] -- Set runtime path of "/home/lucasb/OpenManipulatorXRoboticArmKinematics/open_mx/install/custom_messages/lib/libcustom_messages__rosidl_typesupport_fastrtps_c.so" to ""
[2.973s] -- Installing: /home/lucasb/OpenManipulatorXRoboticArmKinematics/open_mx/install/custom_messages/lib/libcustom_messages__rosidl_typesupport_fastrtps_cpp.so
[2.974s] -- Set runtime path of "/home/lucasb/OpenManipulatorXRoboticArmKinematics/open_mx/install/custom_messages/lib/libcustom_messages__rosidl_typesupport_fastrtps_cpp.so" to ""
[2.974s] -- Installing: /home/lucasb/OpenManipulatorXRoboticArmKinematics/open_mx/install/custom_messages/lib/libcustom_messages__rosidl_typesupport_introspection_c.so
[2.974s] -- Set runtime path of "/home/lucasb/OpenManipulatorXRoboticArmKinematics/open_mx/install/custom_messages/lib/libcustom_messages__rosidl_typesupport_introspection_c.so" to ""
[2.974s] -- Installing: /home/lucasb/OpenManipulatorXRoboticArmKinematics/open_mx/install/custom_messages/lib/libcustom_messages__rosidl_typesupport_c.so
[2.974s] -- Set runtime path of "/home/lucasb/OpenManipulatorXRoboticArmKinematics/open_mx/install/custom_messages/lib/libcustom_messages__rosidl_typesupport_c.so" to ""
[2.974s] -- Installing: /home/lucasb/OpenManipulatorXRoboticArmKinematics/open_mx/install/custom_messages/lib/libcustom_messages__rosidl_typesupport_introspection_cpp.so
[2.975s] -- Set runtime path of "/home/lucasb/OpenManipulatorXRoboticArmKinematics/open_mx/install/custom_messages/lib/libcustom_messages__rosidl_typesupport_introspection_cpp.so" to ""
[2.975s] -- Installing: /home/lucasb/OpenManipulatorXRoboticArmKinematics/open_mx/install/custom_messages/lib/libcustom_messages__rosidl_typesupport_cpp.so
[2.975s] -- Set runtime path of "/home/lucasb/OpenManipulatorXRoboticArmKinematics/open_mx/install/custom_messages/lib/libcustom_messages__rosidl_typesupport_cpp.so" to ""
[3.016s] Listing '/home/lucasb/OpenManipulatorXRoboticArmKinematics/open_mx/install/custom_messages/local/lib/python3.10/dist-packages/custom_messages'...
[3.016s] Compiling '/home/lucasb/OpenManipulatorXRoboticArmKinematics/open_mx/install/custom_messages/local/lib/python3.10/dist-packages/custom_messages/__init__.py'...
[3.016s] Listing '/home/lucasb/OpenManipulatorXRoboticArmKinematics/open_mx/install/custom_messages/local/lib/python3.10/dist-packages/custom_messages/srv'...
[3.016s] Compiling '/home/lucasb/OpenManipulatorXRoboticArmKinematics/open_mx/install/custom_messages/local/lib/python3.10/dist-packages/custom_messages/srv/__init__.py'...
[3.016s] Compiling '/home/lucasb/OpenManipulatorXRoboticArmKinematics/open_mx/install/custom_messages/local/lib/python3.10/dist-packages/custom_messages/srv/_inv_kin.py'...
[3.016s] Compiling '/home/lucasb/OpenManipulatorXRoboticArmKinematics/open_mx/install/custom_messages/local/lib/python3.10/dist-packages/custom_messages/srv/_velocity.py'...
[3.019s] -- Installing: /home/lucasb/OpenManipulatorXRoboticArmKinematics/open_mx/install/custom_messages/lib/libcustom_messages__rosidl_generator_py.so
[3.019s] -- Set runtime path of "/home/lucasb/OpenManipulatorXRoboticArmKinematics/open_mx/install/custom_messages/lib/libcustom_messages__rosidl_generator_py.so" to ""
[3.019s] -- Up-to-date: /home/lucasb/OpenManipulatorXRoboticArmKinematics/open_mx/install/custom_messages/share/custom_messages/cmake/export_custom_messages__rosidl_generator_cExport.cmake
[3.019s] -- Up-to-date: /home/lucasb/OpenManipulatorXRoboticArmKinematics/open_mx/install/custom_messages/share/custom_messages/cmake/export_custom_messages__rosidl_generator_cExport-noconfig.cmake
[3.019s] -- Up-to-date: /home/lucasb/OpenManipulatorXRoboticArmKinematics/open_mx/install/custom_messages/share/custom_messages/cmake/export_custom_messages__rosidl_typesupport_fastrtps_cExport.cmake
[3.019s] -- Up-to-date: /home/lucasb/OpenManipulatorXRoboticArmKinematics/open_mx/install/custom_messages/share/custom_messages/cmake/export_custom_messages__rosidl_typesupport_fastrtps_cExport-noconfig.cmake
[3.020s] -- Up-to-date: /home/lucasb/OpenManipulatorXRoboticArmKinematics/open_mx/install/custom_messages/share/custom_messages/cmake/export_custom_messages__rosidl_generator_cppExport.cmake
[3.020s] -- Up-to-date: /home/lucasb/OpenManipulatorXRoboticArmKinematics/open_mx/install/custom_messages/share/custom_messages/cmake/export_custom_messages__rosidl_typesupport_fastrtps_cppExport.cmake
[3.020s] -- Up-to-date: /home/lucasb/OpenManipulatorXRoboticArmKinematics/open_mx/install/custom_messages/share/custom_messages/cmake/export_custom_messages__rosidl_typesupport_fastrtps_cppExport-noconfig.cmake
[3.020s] -- Up-to-date: /home/lucasb/OpenManipulatorXRoboticArmKinematics/open_mx/install/custom_messages/share/custom_messages/cmake/custom_messages__rosidl_typesupport_introspection_cExport.cmake
[3.020s] -- Up-to-date: /home/lucasb/OpenManipulatorXRoboticArmKinematics/open_mx/install/custom_messages/share/custom_messages/cmake/custom_messages__rosidl_typesupport_introspection_cExport-noconfig.cmake
[3.020s] -- Up-to-date: /home/lucasb/OpenManipulatorXRoboticArmKinematics/open_mx/install/custom_messages/share/custom_messages/cmake/custom_messages__rosidl_typesupport_cExport.cmake
[3.020s] -- Up-to-date: /home/lucasb/OpenManipulatorXRoboticArmKinematics/open_mx/install/custom_messages/share/custom_messages/cmake/custom_messages__rosidl_typesupport_cExport-noconfig.cmake
[3.020s] -- Up-to-date: /home/lucasb/OpenManipulatorXRoboticArmKinematics/open_mx/install/custom_messages/share/custom_messages/cmake/custom_messages__rosidl_typesupport_introspection_cppExport.cmake
[3.020s] -- Up-to-date: /home/lucasb/OpenManipulatorXRoboticArmKinematics/open_mx/install/custom_messages/share/custom_messages/cmake/custom_messages__rosidl_typesupport_introspection_cppExport-noconfig.cmake
[3.020s] -- Up-to-date: /home/lucasb/OpenManipulatorXRoboticArmKinematics/open_mx/install/custom_messages/share/custom_messages/cmake/custom_messages__rosidl_typesupport_cppExport.cmake
[3.020s] -- Up-to-date: /home/lucasb/OpenManipulatorXRoboticArmKinematics/open_mx/install/custom_messages/share/custom_messages/cmake/custom_messages__rosidl_typesupport_cppExport-noconfig.cmake
[3.020s] -- Up-to-date: /home/lucasb/OpenManipulatorXRoboticArmKinematics/open_mx/install/custom_messages/share/custom_messages/cmake/export_custom_messages__rosidl_generator_pyExport.cmake
[3.020s] -- Up-to-date: /home/lucasb/OpenManipulatorXRoboticArmKinematics/open_mx/install/custom_messages/share/custom_messages/cmake/export_custom_messages__rosidl_generator_pyExport-noconfig.cmake
[3.022s] Invoked command in '/home/lucasb/OpenManipulatorXRoboticArmKinematics/open_mx/build/custom_messages' returned '0': CMAKE_PREFIX_PATH=${CMAKE_PREFIX_PATH}:/home/lucasb/OpenManipulatorXRoboticArmKinematics/open_mx/install/robot_omx:/home/lucasb/OpenManipulatorXRoboticArmKinematics/open_mx/install/rbe500_example_py:/opt/ros/humble /usr/bin/cmake --install /home/lucasb/OpenManipulatorXRoboticArmKinematics/open_mx/build/custom_messages
