[0.565s] Invoking command in '/home/lucasb/OpenManipulatorXRoboticArmKinematics/open_mx/src/robot_omx': PYTHONPATH=/home/lucasb/OpenManipulatorXRoboticArmKinematics/open_mx/build/robot_omx/prefix_override:/usr/lib/python3/dist-packages/colcon_core/task/python/colcon_distutils_commands:/home/lucasb/OpenManipulatorXRoboticArmKinematics/open_mx/install/robot_omx/lib/python3.10/site-packages:${PYTHONPATH} /usr/bin/python3 -W ignore:setup.py install is deprecated setup.py egg_info --egg-base ../../build/robot_omx build --build-base /home/lucasb/OpenManipulatorXRoboticArmKinematics/open_mx/build/robot_omx/build install --record /home/lucasb/OpenManipulatorXRoboticArmKinematics/open_mx/build/robot_omx/install.log --single-version-externally-managed install_data
[0.702s] running egg_info
[0.703s] writing ../../build/robot_omx/robot_omx.egg-info/PKG-INFO
[0.703s] writing dependency_links to ../../build/robot_omx/robot_omx.egg-info/dependency_links.txt
[0.703s] writing entry points to ../../build/robot_omx/robot_omx.egg-info/entry_points.txt
[0.703s] writing requirements to ../../build/robot_omx/robot_omx.egg-info/requires.txt
[0.703s] writing top-level names to ../../build/robot_omx/robot_omx.egg-info/top_level.txt
[0.704s] reading manifest file '../../build/robot_omx/robot_omx.egg-info/SOURCES.txt'
[0.704s] adding license file 'LICENSE'
[0.705s] writing manifest file '../../build/robot_omx/robot_omx.egg-info/SOURCES.txt'
[0.705s] running build
[0.705s] running build_py
[0.705s] copying robot_omx/kinematic_library.py -> /home/lucasb/OpenManipulatorXRoboticArmKinematics/open_mx/build/robot_omx/build/lib/robot_omx
[0.705s] running install
[0.706s] running install_lib
[0.706s] copying /home/lucasb/OpenManipulatorXRoboticArmKinematics/open_mx/build/robot_omx/build/lib/robot_omx/kinematic_library.py -> /home/lucasb/OpenManipulatorXRoboticArmKinematics/open_mx/install/robot_omx/lib/python3.10/site-packages/robot_omx
[0.706s] byte-compiling /home/lucasb/OpenManipulatorXRoboticArmKinematics/open_mx/install/robot_omx/lib/python3.10/site-packages/robot_omx/kinematic_library.py to kinematic_library.cpython-310.pyc
[0.707s] running install_data
[0.707s] copying package.xml -> /home/lucasb/OpenManipulatorXRoboticArmKinematics/open_mx/install/robot_omx/share/robot_omx
[0.707s] running install_egg_info
[0.708s] removing '/home/lucasb/OpenManipulatorXRoboticArmKinematics/open_mx/install/robot_omx/lib/python3.10/site-packages/robot_omx-0.0.0-py3.10.egg-info' (and everything under it)
[0.708s] Copying ../../build/robot_omx/robot_omx.egg-info to /home/lucasb/OpenManipulatorXRoboticArmKinematics/open_mx/install/robot_omx/lib/python3.10/site-packages/robot_omx-0.0.0-py3.10.egg-info
[0.709s] running install_scripts
[0.723s] Installing inverse_client script to /home/lucasb/OpenManipulatorXRoboticArmKinematics/open_mx/install/robot_omx/lib/robot_omx
[0.723s] Installing inverse_server script to /home/lucasb/OpenManipulatorXRoboticArmKinematics/open_mx/install/robot_omx/lib/robot_omx
[0.723s] Installing joint_listener script to /home/lucasb/OpenManipulatorXRoboticArmKinematics/open_mx/install/robot_omx/lib/robot_omx
[0.723s] writing list of installed files to '/home/lucasb/OpenManipulatorXRoboticArmKinematics/open_mx/build/robot_omx/install.log'
[0.744s] Invoked command in '/home/lucasb/OpenManipulatorXRoboticArmKinematics/open_mx/src/robot_omx' returned '0': PYTHONPATH=/home/lucasb/OpenManipulatorXRoboticArmKinematics/open_mx/build/robot_omx/prefix_override:/usr/lib/python3/dist-packages/colcon_core/task/python/colcon_distutils_commands:/home/lucasb/OpenManipulatorXRoboticArmKinematics/open_mx/install/robot_omx/lib/python3.10/site-packages:${PYTHONPATH} /usr/bin/python3 -W ignore:setup.py install is deprecated setup.py egg_info --egg-base ../../build/robot_omx build --build-base /home/lucasb/OpenManipulatorXRoboticArmKinematics/open_mx/build/robot_omx/build install --record /home/lucasb/OpenManipulatorXRoboticArmKinematics/open_mx/build/robot_omx/install.log --single-version-externally-managed install_data
