[0.016s] Invoking command in '/home/lucasb/OpenManipulatorXRoboticArmKinematics/open_mx/build/cmake_modules': CMAKE_PREFIX_PATH=${CMAKE_PREFIX_PATH}:/home/lucasb/OpenManipulatorXRoboticArmKinematics/open_mx/install/robot_omx:/opt/ros/humble /usr/bin/cmake /home/lucasb/OpenManipulatorXRoboticArmKinematics/open_mx/src/open_manipulator_dependencies/cmake_modules -DAMENT_CMAKE_SYMLINK_INSTALL=1 -DCMAKE_INSTALL_PREFIX=/home/lucasb/OpenManipulatorXRoboticArmKinematics/open_mx/install/cmake_modules
[0.054s] -- The C compiler identification is GNU 11.4.0
[0.101s] -- The CXX compiler identification is GNU 11.4.0
[0.106s] -- Detecting C compiler ABI info
[0.155s] -- Detecting C compiler ABI info - done
[0.160s] -- Check for working C compiler: /usr/bin/cc - skipped
[0.160s] -- Detecting C compile features
[0.160s] -- Detecting C compile features - done
[0.162s] -- Detecting CXX compiler ABI info
[0.213s] -- Detecting CXX compiler ABI info - done
[0.224s] -- Check for working CXX compiler: /usr/bin/c++ - skipped
[0.224s] -- Detecting CXX compile features
[0.224s] -- Detecting CXX compile features - done
[0.227s] -- Found ament_cmake: 1.3.10 (/opt/ros/humble/share/ament_cmake/cmake)
[0.334s] -- Found Python3: /usr/bin/python3 (found version "3.10.12") found components: Interpreter 
[0.408s] -- Override CMake install command with custom implementation using symlinks instead of copying resources
[0.471s] -- Configuring done
[0.472s] -- Generating done
[0.473s] -- Build files have been written to: /home/lucasb/OpenManipulatorXRoboticArmKinematics/open_mx/build/cmake_modules
[0.476s] Invoked command in '/home/lucasb/OpenManipulatorXRoboticArmKinematics/open_mx/build/cmake_modules' returned '0': CMAKE_PREFIX_PATH=${CMAKE_PREFIX_PATH}:/home/lucasb/OpenManipulatorXRoboticArmKinematics/open_mx/install/robot_omx:/opt/ros/humble /usr/bin/cmake /home/lucasb/OpenManipulatorXRoboticArmKinematics/open_mx/src/open_manipulator_dependencies/cmake_modules -DAMENT_CMAKE_SYMLINK_INSTALL=1 -DCMAKE_INSTALL_PREFIX=/home/lucasb/OpenManipulatorXRoboticArmKinematics/open_mx/install/cmake_modules
[0.478s] Invoking command in '/home/lucasb/OpenManipulatorXRoboticArmKinematics/open_mx/build/cmake_modules': CMAKE_PREFIX_PATH=${CMAKE_PREFIX_PATH}:/home/lucasb/OpenManipulatorXRoboticArmKinematics/open_mx/install/robot_omx:/opt/ros/humble /usr/bin/cmake --build /home/lucasb/OpenManipulatorXRoboticArmKinematics/open_mx/build/cmake_modules -- -j20 -l20
[0.507s] Invoked command in '/home/lucasb/OpenManipulatorXRoboticArmKinematics/open_mx/build/cmake_modules' returned '0': CMAKE_PREFIX_PATH=${CMAKE_PREFIX_PATH}:/home/lucasb/OpenManipulatorXRoboticArmKinematics/open_mx/install/robot_omx:/opt/ros/humble /usr/bin/cmake --build /home/lucasb/OpenManipulatorXRoboticArmKinematics/open_mx/build/cmake_modules -- -j20 -l20
[0.528s] Invoking command in '/home/lucasb/OpenManipulatorXRoboticArmKinematics/open_mx/build/cmake_modules': CMAKE_PREFIX_PATH=${CMAKE_PREFIX_PATH}:/home/lucasb/OpenManipulatorXRoboticArmKinematics/open_mx/install/robot_omx:/opt/ros/humble /usr/bin/cmake --install /home/lucasb/OpenManipulatorXRoboticArmKinematics/open_mx/build/cmake_modules
[0.532s] -- Install configuration: ""
[0.532s] -- Execute custom install script
[0.533s] -- Symlinking: /home/lucasb/OpenManipulatorXRoboticArmKinematics/open_mx/install/cmake_modules/share/cmake_modules/cmake/Modules/FindGSL.cmake
[0.538s] -- Symlinking: /home/lucasb/OpenManipulatorXRoboticArmKinematics/open_mx/install/cmake_modules/share/cmake_modules/cmake/Modules/FindGflags.cmake
[0.544s] -- Symlinking: /home/lucasb/OpenManipulatorXRoboticArmKinematics/open_mx/install/cmake_modules/share/cmake_modules/cmake/Modules/FindNUMPY.cmake
[0.549s] -- Symlinking: /home/lucasb/OpenManipulatorXRoboticArmKinematics/open_mx/install/cmake_modules/share/cmake_modules/cmake/Modules/FindPoco.cmake
[0.554s] -- Symlinking: /home/lucasb/OpenManipulatorXRoboticArmKinematics/open_mx/install/cmake_modules/share/cmake_modules/cmake/Modules/FindTBB.cmake
[0.560s] -- Symlinking: /home/lucasb/OpenManipulatorXRoboticArmKinematics/open_mx/install/cmake_modules/share/cmake_modules/cmake/Modules/FindTinyXML.cmake
[0.565s] -- Symlinking: /home/lucasb/OpenManipulatorXRoboticArmKinematics/open_mx/install/cmake_modules/share/cmake_modules/cmake/Modules/FindTinyXML2.cmake
[0.570s] -- Symlinking: /home/lucasb/OpenManipulatorXRoboticArmKinematics/open_mx/install/cmake_modules/share/cmake_modules/cmake/Modules/FindUUID.cmake
[0.575s] -- Symlinking: /home/lucasb/OpenManipulatorXRoboticArmKinematics/open_mx/install/cmake_modules/share/cmake_modules/cmake/Modules/FindXenomai.cmake
[0.580s] -- Symlinking: /home/lucasb/OpenManipulatorXRoboticArmKinematics/open_mx/install/cmake_modules/share/ament_index/resource_index/package_run_dependencies/cmake_modules
[0.586s] -- Symlinking: /home/lucasb/OpenManipulatorXRoboticArmKinematics/open_mx/install/cmake_modules/share/ament_index/resource_index/parent_prefix_path/cmake_modules
[0.591s] -- Symlinking: /home/lucasb/OpenManipulatorXRoboticArmKinematics/open_mx/install/cmake_modules/share/cmake_modules/environment/ament_prefix_path.sh
[0.596s] -- Symlinking: /home/lucasb/OpenManipulatorXRoboticArmKinematics/open_mx/install/cmake_modules/share/cmake_modules/environment/ament_prefix_path.dsv
[0.602s] -- Symlinking: /home/lucasb/OpenManipulatorXRoboticArmKinematics/open_mx/install/cmake_modules/share/cmake_modules/environment/path.sh
[0.607s] -- Symlinking: /home/lucasb/OpenManipulatorXRoboticArmKinematics/open_mx/install/cmake_modules/share/cmake_modules/environment/path.dsv
[0.614s] -- Symlinking: /home/lucasb/OpenManipulatorXRoboticArmKinematics/open_mx/install/cmake_modules/share/cmake_modules/local_setup.bash
[0.619s] -- Symlinking: /home/lucasb/OpenManipulatorXRoboticArmKinematics/open_mx/install/cmake_modules/share/cmake_modules/local_setup.sh
[0.630s] -- Symlinking: /home/lucasb/OpenManipulatorXRoboticArmKinematics/open_mx/install/cmake_modules/share/cmake_modules/local_setup.zsh
[0.635s] -- Symlinking: /home/lucasb/OpenManipulatorXRoboticArmKinematics/open_mx/install/cmake_modules/share/cmake_modules/local_setup.dsv
[0.642s] -- Symlinking: /home/lucasb/OpenManipulatorXRoboticArmKinematics/open_mx/install/cmake_modules/share/cmake_modules/package.dsv
[0.647s] -- Symlinking: /home/lucasb/OpenManipulatorXRoboticArmKinematics/open_mx/install/cmake_modules/share/ament_index/resource_index/packages/cmake_modules
[0.653s] -- Symlinking: /home/lucasb/OpenManipulatorXRoboticArmKinematics/open_mx/install/cmake_modules/share/cmake_modules/cmake/cmake_modules-extras.cmake
[0.659s] -- Symlinking: /home/lucasb/OpenManipulatorXRoboticArmKinematics/open_mx/install/cmake_modules/share/cmake_modules/cmake/ament_cmake_export_dependencies-extras.cmake
[0.667s] -- Symlinking: /home/lucasb/OpenManipulatorXRoboticArmKinematics/open_mx/install/cmake_modules/share/cmake_modules/cmake/cmake_modulesConfig.cmake
[0.673s] -- Symlinking: /home/lucasb/OpenManipulatorXRoboticArmKinematics/open_mx/install/cmake_modules/share/cmake_modules/cmake/cmake_modulesConfig-version.cmake
[0.678s] -- Symlinking: /home/lucasb/OpenManipulatorXRoboticArmKinematics/open_mx/install/cmake_modules/share/cmake_modules/package.xml
[0.686s] Invoked command in '/home/lucasb/OpenManipulatorXRoboticArmKinematics/open_mx/build/cmake_modules' returned '0': CMAKE_PREFIX_PATH=${CMAKE_PREFIX_PATH}:/home/lucasb/OpenManipulatorXRoboticArmKinematics/open_mx/install/robot_omx:/opt/ros/humble /usr/bin/cmake --install /home/lucasb/OpenManipulatorXRoboticArmKinematics/open_mx/build/cmake_modules
