[0.008s] Invoking command in '/home/lucasb/RBE500_Project/build/custom_messages': CMAKE_PREFIX_PATH=${CMAKE_PREFIX_PATH}:/home/lucasb/RBE500_Project/install/Manipulator_X:/opt/ros/humble /usr/bin/cmake --build /home/lucasb/RBE500_Project/build/custom_messages -- -j20 -l20
[0.080s] [35m[1mConsolidate compiler generated dependencies of target custom_messages__rosidl_generator_c[0m
[0.090s] [  3%] Built target custom_messages__cpp
[0.094s] [ 12%] Built target custom_messages__rosidl_generator_c
[0.096s] [ 12%] Built target ament_cmake_python_copy_custom_messages
[0.100s] [35m[1mConsolidate compiler generated dependencies of target custom_messages__rosidl_typesupport_introspection_cpp[0m
[0.101s] [35m[1mConsolidate compiler generated dependencies of target custom_messages__rosidl_typesupport_introspection_c[0m
[0.101s] [35m[1mConsolidate compiler generated dependencies of target custom_messages__rosidl_typesupport_c[0m
[0.102s] [35m[1mConsolidate compiler generated dependencies of target custom_messages__rosidl_typesupport_cpp[0m
[0.102s] [35m[1mConsolidate compiler generated dependencies of target custom_messages__rosidl_typesupport_fastrtps_cpp[0m
[0.104s] [35m[1mConsolidate compiler generated dependencies of target custom_messages__rosidl_typesupport_fastrtps_c[0m
[0.112s] [ 22%] Built target custom_messages__rosidl_typesupport_c
[0.112s] [ 32%] Built target custom_messages__rosidl_typesupport_introspection_c
[0.116s] [ 41%] Built target custom_messages__rosidl_typesupport_introspection_cpp
[0.116s] [ 51%] Built target custom_messages__rosidl_typesupport_cpp
[0.120s] [ 70%] Built target custom_messages__rosidl_typesupport_fastrtps_cpp
[0.120s] [ 70%] Built target custom_messages__rosidl_typesupport_fastrtps_c
[0.141s] [ 70%] Built target custom_messages
[0.162s] [ 74%] Built target custom_messages__py
[0.169s] [35m[1mConsolidate compiler generated dependencies of target custom_messages__rosidl_generator_py[0m
[0.182s] [ 80%] Built target custom_messages__rosidl_generator_py
[0.191s] [35m[1mConsolidate compiler generated dependencies of target custom_messages__rosidl_typesupport_introspection_c__pyext[0m
[0.191s] [35m[1mConsolidate compiler generated dependencies of target custom_messages__rosidl_typesupport_fastrtps_c__pyext[0m
[0.191s] [35m[1mConsolidate compiler generated dependencies of target custom_messages__rosidl_typesupport_c__pyext[0m
[0.200s] [ 93%] Built target custom_messages__rosidl_typesupport_introspection_c__pyext
[0.200s] [ 93%] Built target custom_messages__rosidl_typesupport_c__pyext
[0.202s] [100%] Built target custom_messages__rosidl_typesupport_fastrtps_c__pyext
[0.259s] running egg_info
[0.260s] writing custom_messages.egg-info/PKG-INFO
[0.260s] writing dependency_links to custom_messages.egg-info/dependency_links.txt
[0.260s] writing top-level names to custom_messages.egg-info/top_level.txt
[0.261s] reading manifest file 'custom_messages.egg-info/SOURCES.txt'
[0.262s] writing manifest file 'custom_messages.egg-info/SOURCES.txt'
[0.280s] [100%] Built target ament_cmake_python_build_custom_messages_egg
[0.290s] Invoked command in '/home/lucasb/RBE500_Project/build/custom_messages' returned '0': CMAKE_PREFIX_PATH=${CMAKE_PREFIX_PATH}:/home/lucasb/RBE500_Project/install/Manipulator_X:/opt/ros/humble /usr/bin/cmake --build /home/lucasb/RBE500_Project/build/custom_messages -- -j20 -l20
[0.360s] Invoking command in '/home/lucasb/RBE500_Project/build/custom_messages': CMAKE_PREFIX_PATH=${CMAKE_PREFIX_PATH}:/home/lucasb/RBE500_Project/install/Manipulator_X:/opt/ros/humble /usr/bin/cmake --install /home/lucasb/RBE500_Project/build/custom_messages
[0.368s] -- Install configuration: ""
[0.369s] -- Up-to-date: /home/lucasb/RBE500_Project/install/custom_messages/share/ament_index/resource_index/rosidl_interfaces/custom_messages
[0.369s] -- Up-to-date: /home/lucasb/RBE500_Project/install/custom_messages/include/custom_messages/custom_messages
[0.369s] -- Up-to-date: /home/lucasb/RBE500_Project/install/custom_messages/include/custom_messages/custom_messages/srv
[0.369s] -- Up-to-date: /home/lucasb/RBE500_Project/install/custom_messages/include/custom_messages/custom_messages/srv/inv_kin.h
[0.369s] -- Up-to-date: /home/lucasb/RBE500_Project/install/custom_messages/include/custom_messages/custom_messages/srv/detail
[0.369s] -- Up-to-date: /home/lucasb/RBE500_Project/install/custom_messages/include/custom_messages/custom_messages/srv/detail/inv_kin__functions.h
[0.369s] -- Up-to-date: /home/lucasb/RBE500_Project/install/custom_messages/include/custom_messages/custom_messages/srv/detail/inv_kin__struct.h
[0.369s] -- Up-to-date: /home/lucasb/RBE500_Project/install/custom_messages/include/custom_messages/custom_messages/srv/detail/inv_kin__functions.c
[0.369s] -- Up-to-date: /home/lucasb/RBE500_Project/install/custom_messages/include/custom_messages/custom_messages/srv/detail/inv_kin__type_support.h
[0.369s] -- Up-to-date: /home/lucasb/RBE500_Project/install/custom_messages/include/custom_messages/custom_messages/msg
[0.369s] -- Up-to-date: /home/lucasb/RBE500_Project/install/custom_messages/include/custom_messages/custom_messages/msg/rosidl_generator_c__visibility_control.h
[0.370s] -- Up-to-date: /home/lucasb/RBE500_Project/install/custom_messages/share/custom_messages/environment/library_path.sh
[0.370s] -- Up-to-date: /home/lucasb/RBE500_Project/install/custom_messages/share/custom_messages/environment/library_path.dsv
[0.370s] -- Up-to-date: /home/lucasb/RBE500_Project/install/custom_messages/lib/libcustom_messages__rosidl_generator_c.so
[0.370s] -- Up-to-date: /home/lucasb/RBE500_Project/install/custom_messages/include/custom_messages/custom_messages
[0.370s] -- Up-to-date: /home/lucasb/RBE500_Project/install/custom_messages/include/custom_messages/custom_messages/srv
[0.370s] -- Up-to-date: /home/lucasb/RBE500_Project/install/custom_messages/include/custom_messages/custom_messages/srv/detail
[0.370s] -- Up-to-date: /home/lucasb/RBE500_Project/install/custom_messages/include/custom_messages/custom_messages/srv/detail/inv_kin__rosidl_typesupport_fastrtps_c.h
[0.370s] -- Up-to-date: /home/lucasb/RBE500_Project/install/custom_messages/include/custom_messages/custom_messages/msg
[0.370s] -- Up-to-date: /home/lucasb/RBE500_Project/install/custom_messages/include/custom_messages/custom_messages/msg/rosidl_typesupport_fastrtps_c__visibility_control.h
[0.370s] -- Up-to-date: /home/lucasb/RBE500_Project/install/custom_messages/lib/libcustom_messages__rosidl_typesupport_fastrtps_c.so
[0.370s] -- Up-to-date: /home/lucasb/RBE500_Project/install/custom_messages/include/custom_messages/custom_messages
[0.371s] -- Up-to-date: /home/lucasb/RBE500_Project/install/custom_messages/include/custom_messages/custom_messages/srv
[0.371s] -- Up-to-date: /home/lucasb/RBE500_Project/install/custom_messages/include/custom_messages/custom_messages/srv/inv_kin.hpp
[0.371s] -- Up-to-date: /home/lucasb/RBE500_Project/install/custom_messages/include/custom_messages/custom_messages/srv/detail
[0.371s] -- Up-to-date: /home/lucasb/RBE500_Project/install/custom_messages/include/custom_messages/custom_messages/srv/detail/inv_kin__builder.hpp
[0.371s] -- Up-to-date: /home/lucasb/RBE500_Project/install/custom_messages/include/custom_messages/custom_messages/srv/detail/inv_kin__traits.hpp
[0.371s] -- Up-to-date: /home/lucasb/RBE500_Project/install/custom_messages/include/custom_messages/custom_messages/srv/detail/inv_kin__struct.hpp
[0.371s] -- Up-to-date: /home/lucasb/RBE500_Project/install/custom_messages/include/custom_messages/custom_messages
[0.371s] -- Up-to-date: /home/lucasb/RBE500_Project/install/custom_messages/include/custom_messages/custom_messages/srv
[0.371s] -- Up-to-date: /home/lucasb/RBE500_Project/install/custom_messages/include/custom_messages/custom_messages/srv/detail
[0.371s] -- Up-to-date: /home/lucasb/RBE500_Project/install/custom_messages/include/custom_messages/custom_messages/srv/detail/inv_kin__rosidl_typesupport_fastrtps_cpp.hpp
[0.371s] -- Up-to-date: /home/lucasb/RBE500_Project/install/custom_messages/include/custom_messages/custom_messages/srv/detail/dds_fastrtps
[0.371s] -- Up-to-date: /home/lucasb/RBE500_Project/install/custom_messages/include/custom_messages/custom_messages/msg
[0.371s] -- Up-to-date: /home/lucasb/RBE500_Project/install/custom_messages/include/custom_messages/custom_messages/msg/rosidl_typesupport_fastrtps_cpp__visibility_control.h
[0.371s] -- Up-to-date: /home/lucasb/RBE500_Project/install/custom_messages/lib/libcustom_messages__rosidl_typesupport_fastrtps_cpp.so
[0.371s] -- Up-to-date: /home/lucasb/RBE500_Project/install/custom_messages/include/custom_messages/custom_messages
[0.371s] -- Up-to-date: /home/lucasb/RBE500_Project/install/custom_messages/include/custom_messages/custom_messages/srv
[0.371s] -- Up-to-date: /home/lucasb/RBE500_Project/install/custom_messages/include/custom_messages/custom_messages/srv/detail
[0.372s] -- Up-to-date: /home/lucasb/RBE500_Project/install/custom_messages/include/custom_messages/custom_messages/srv/detail/inv_kin__rosidl_typesupport_introspection_c.h
[0.372s] -- Up-to-date: /home/lucasb/RBE500_Project/install/custom_messages/include/custom_messages/custom_messages/srv/detail/inv_kin__type_support.c
[0.372s] -- Up-to-date: /home/lucasb/RBE500_Project/install/custom_messages/include/custom_messages/custom_messages/msg
[0.372s] -- Up-to-date: /home/lucasb/RBE500_Project/install/custom_messages/include/custom_messages/custom_messages/msg/rosidl_typesupport_introspection_c__visibility_control.h
[0.372s] -- Up-to-date: /home/lucasb/RBE500_Project/install/custom_messages/lib/libcustom_messages__rosidl_typesupport_introspection_c.so
[0.372s] -- Up-to-date: /home/lucasb/RBE500_Project/install/custom_messages/lib/libcustom_messages__rosidl_typesupport_c.so
[0.372s] -- Up-to-date: /home/lucasb/RBE500_Project/install/custom_messages/include/custom_messages/custom_messages
[0.372s] -- Up-to-date: /home/lucasb/RBE500_Project/install/custom_messages/include/custom_messages/custom_messages/srv
[0.372s] -- Up-to-date: /home/lucasb/RBE500_Project/install/custom_messages/include/custom_messages/custom_messages/srv/detail
[0.372s] -- Up-to-date: /home/lucasb/RBE500_Project/install/custom_messages/include/custom_messages/custom_messages/srv/detail/inv_kin__rosidl_typesupport_introspection_cpp.hpp
[0.372s] -- Up-to-date: /home/lucasb/RBE500_Project/install/custom_messages/include/custom_messages/custom_messages/srv/detail/inv_kin__type_support.cpp
[0.373s] -- Up-to-date: /home/lucasb/RBE500_Project/install/custom_messages/lib/libcustom_messages__rosidl_typesupport_introspection_cpp.so
[0.373s] -- Up-to-date: /home/lucasb/RBE500_Project/install/custom_messages/lib/libcustom_messages__rosidl_typesupport_cpp.so
[0.373s] -- Up-to-date: /home/lucasb/RBE500_Project/install/custom_messages/share/custom_messages/environment/pythonpath.sh
[0.373s] -- Up-to-date: /home/lucasb/RBE500_Project/install/custom_messages/share/custom_messages/environment/pythonpath.dsv
[0.373s] -- Up-to-date: /home/lucasb/RBE500_Project/install/custom_messages/local/lib/python3.10/dist-packages/custom_messages-0.0.0-py3.10.egg-info
[0.373s] -- Installing: /home/lucasb/RBE500_Project/install/custom_messages/local/lib/python3.10/dist-packages/custom_messages-0.0.0-py3.10.egg-info/SOURCES.txt
[0.373s] -- Installing: /home/lucasb/RBE500_Project/install/custom_messages/local/lib/python3.10/dist-packages/custom_messages-0.0.0-py3.10.egg-info/top_level.txt
[0.374s] -- Installing: /home/lucasb/RBE500_Project/install/custom_messages/local/lib/python3.10/dist-packages/custom_messages-0.0.0-py3.10.egg-info/PKG-INFO
[0.374s] -- Installing: /home/lucasb/RBE500_Project/install/custom_messages/local/lib/python3.10/dist-packages/custom_messages-0.0.0-py3.10.egg-info/dependency_links.txt
[0.374s] -- Up-to-date: /home/lucasb/RBE500_Project/install/custom_messages/local/lib/python3.10/dist-packages/custom_messages
[0.374s] -- Up-to-date: /home/lucasb/RBE500_Project/install/custom_messages/local/lib/python3.10/dist-packages/custom_messages/custom_messages_s__rosidl_typesupport_fastrtps_c.cpython-310-x86_64-linux-gnu.so
[0.374s] -- Up-to-date: /home/lucasb/RBE500_Project/install/custom_messages/local/lib/python3.10/dist-packages/custom_messages/custom_messages_s__rosidl_typesupport_c.cpython-310-x86_64-linux-gnu.so
[0.374s] -- Up-to-date: /home/lucasb/RBE500_Project/install/custom_messages/local/lib/python3.10/dist-packages/custom_messages/__init__.py
[0.374s] -- Up-to-date: /home/lucasb/RBE500_Project/install/custom_messages/local/lib/python3.10/dist-packages/custom_messages/_custom_messages_s.ep.rosidl_typesupport_introspection_c.c
[0.374s] -- Up-to-date: /home/lucasb/RBE500_Project/install/custom_messages/local/lib/python3.10/dist-packages/custom_messages/libcustom_messages__rosidl_generator_py.so
[0.374s] -- Up-to-date: /home/lucasb/RBE500_Project/install/custom_messages/local/lib/python3.10/dist-packages/custom_messages/_custom_messages_s.ep.rosidl_typesupport_c.c
[0.374s] -- Up-to-date: /home/lucasb/RBE500_Project/install/custom_messages/local/lib/python3.10/dist-packages/custom_messages/_custom_messages_s.ep.rosidl_typesupport_fastrtps_c.c
[0.374s] -- Up-to-date: /home/lucasb/RBE500_Project/install/custom_messages/local/lib/python3.10/dist-packages/custom_messages/srv
[0.374s] -- Up-to-date: /home/lucasb/RBE500_Project/install/custom_messages/local/lib/python3.10/dist-packages/custom_messages/srv/_inv_kin_s.c
[0.374s] -- Up-to-date: /home/lucasb/RBE500_Project/install/custom_messages/local/lib/python3.10/dist-packages/custom_messages/srv/__init__.py
[0.374s] -- Up-to-date: /home/lucasb/RBE500_Project/install/custom_messages/local/lib/python3.10/dist-packages/custom_messages/srv/_inv_kin.py
[0.374s] -- Up-to-date: /home/lucasb/RBE500_Project/install/custom_messages/local/lib/python3.10/dist-packages/custom_messages/custom_messages_s__rosidl_typesupport_introspection_c.cpython-310-x86_64-linux-gnu.so
[0.395s] Listing '/home/lucasb/RBE500_Project/install/custom_messages/local/lib/python3.10/dist-packages/custom_messages'...
[0.395s] Listing '/home/lucasb/RBE500_Project/install/custom_messages/local/lib/python3.10/dist-packages/custom_messages/srv'...
[0.398s] -- Up-to-date: /home/lucasb/RBE500_Project/install/custom_messages/local/lib/python3.10/dist-packages/custom_messages/custom_messages_s__rosidl_typesupport_fastrtps_c.cpython-310-x86_64-linux-gnu.so
[0.398s] -- Up-to-date: /home/lucasb/RBE500_Project/install/custom_messages/local/lib/python3.10/dist-packages/custom_messages/custom_messages_s__rosidl_typesupport_introspection_c.cpython-310-x86_64-linux-gnu.so
[0.399s] -- Up-to-date: /home/lucasb/RBE500_Project/install/custom_messages/local/lib/python3.10/dist-packages/custom_messages/custom_messages_s__rosidl_typesupport_c.cpython-310-x86_64-linux-gnu.so
[0.399s] -- Up-to-date: /home/lucasb/RBE500_Project/install/custom_messages/lib/libcustom_messages__rosidl_generator_py.so
[0.399s] -- Up-to-date: /home/lucasb/RBE500_Project/install/custom_messages/share/custom_messages/srv/InvKin.idl
[0.399s] -- Up-to-date: /home/lucasb/RBE500_Project/install/custom_messages/share/custom_messages/srv/InvKin.srv
[0.399s] -- Up-to-date: /home/lucasb/RBE500_Project/install/custom_messages/share/custom_messages/srv/InvKin_Request.msg
[0.399s] -- Up-to-date: /home/lucasb/RBE500_Project/install/custom_messages/share/custom_messages/srv/InvKin_Response.msg
[0.399s] -- Up-to-date: /home/lucasb/RBE500_Project/install/custom_messages/share/ament_index/resource_index/package_run_dependencies/custom_messages
[0.399s] -- Up-to-date: /home/lucasb/RBE500_Project/install/custom_messages/share/ament_index/resource_index/parent_prefix_path/custom_messages
[0.399s] -- Up-to-date: /home/lucasb/RBE500_Project/install/custom_messages/share/custom_messages/environment/ament_prefix_path.sh
[0.399s] -- Up-to-date: /home/lucasb/RBE500_Project/install/custom_messages/share/custom_messages/environment/ament_prefix_path.dsv
[0.399s] -- Up-to-date: /home/lucasb/RBE500_Project/install/custom_messages/share/custom_messages/environment/path.sh
[0.399s] -- Up-to-date: /home/lucasb/RBE500_Project/install/custom_messages/share/custom_messages/environment/path.dsv
[0.399s] -- Up-to-date: /home/lucasb/RBE500_Project/install/custom_messages/share/custom_messages/local_setup.bash
[0.399s] -- Up-to-date: /home/lucasb/RBE500_Project/install/custom_messages/share/custom_messages/local_setup.sh
[0.399s] -- Up-to-date: /home/lucasb/RBE500_Project/install/custom_messages/share/custom_messages/local_setup.zsh
[0.400s] -- Up-to-date: /home/lucasb/RBE500_Project/install/custom_messages/share/custom_messages/local_setup.dsv
[0.400s] -- Installing: /home/lucasb/RBE500_Project/install/custom_messages/share/custom_messages/package.dsv
[0.400s] -- Up-to-date: /home/lucasb/RBE500_Project/install/custom_messages/share/ament_index/resource_index/packages/custom_messages
[0.400s] -- Up-to-date: /home/lucasb/RBE500_Project/install/custom_messages/share/custom_messages/cmake/export_custom_messages__rosidl_generator_cExport.cmake
[0.401s] -- Up-to-date: /home/lucasb/RBE500_Project/install/custom_messages/share/custom_messages/cmake/export_custom_messages__rosidl_generator_cExport-noconfig.cmake
[0.401s] -- Up-to-date: /home/lucasb/RBE500_Project/install/custom_messages/share/custom_messages/cmake/export_custom_messages__rosidl_typesupport_fastrtps_cExport.cmake
[0.401s] -- Up-to-date: /home/lucasb/RBE500_Project/install/custom_messages/share/custom_messages/cmake/export_custom_messages__rosidl_typesupport_fastrtps_cExport-noconfig.cmake
[0.401s] -- Up-to-date: /home/lucasb/RBE500_Project/install/custom_messages/share/custom_messages/cmake/export_custom_messages__rosidl_generator_cppExport.cmake
[0.401s] -- Up-to-date: /home/lucasb/RBE500_Project/install/custom_messages/share/custom_messages/cmake/export_custom_messages__rosidl_typesupport_fastrtps_cppExport.cmake
[0.401s] -- Up-to-date: /home/lucasb/RBE500_Project/install/custom_messages/share/custom_messages/cmake/export_custom_messages__rosidl_typesupport_fastrtps_cppExport-noconfig.cmake
[0.401s] -- Up-to-date: /home/lucasb/RBE500_Project/install/custom_messages/share/custom_messages/cmake/custom_messages__rosidl_typesupport_introspection_cExport.cmake
[0.401s] -- Up-to-date: /home/lucasb/RBE500_Project/install/custom_messages/share/custom_messages/cmake/custom_messages__rosidl_typesupport_introspection_cExport-noconfig.cmake
[0.401s] -- Up-to-date: /home/lucasb/RBE500_Project/install/custom_messages/share/custom_messages/cmake/custom_messages__rosidl_typesupport_cExport.cmake
[0.401s] -- Up-to-date: /home/lucasb/RBE500_Project/install/custom_messages/share/custom_messages/cmake/custom_messages__rosidl_typesupport_cExport-noconfig.cmake
[0.401s] -- Up-to-date: /home/lucasb/RBE500_Project/install/custom_messages/share/custom_messages/cmake/custom_messages__rosidl_typesupport_introspection_cppExport.cmake
[0.401s] -- Up-to-date: /home/lucasb/RBE500_Project/install/custom_messages/share/custom_messages/cmake/custom_messages__rosidl_typesupport_introspection_cppExport-noconfig.cmake
[0.401s] -- Up-to-date: /home/lucasb/RBE500_Project/install/custom_messages/share/custom_messages/cmake/custom_messages__rosidl_typesupport_cppExport.cmake
[0.401s] -- Up-to-date: /home/lucasb/RBE500_Project/install/custom_messages/share/custom_messages/cmake/custom_messages__rosidl_typesupport_cppExport-noconfig.cmake
[0.402s] -- Up-to-date: /home/lucasb/RBE500_Project/install/custom_messages/share/custom_messages/cmake/export_custom_messages__rosidl_generator_pyExport.cmake
[0.402s] -- Up-to-date: /home/lucasb/RBE500_Project/install/custom_messages/share/custom_messages/cmake/export_custom_messages__rosidl_generator_pyExport-noconfig.cmake
[0.402s] -- Up-to-date: /home/lucasb/RBE500_Project/install/custom_messages/share/custom_messages/cmake/rosidl_cmake-extras.cmake
[0.402s] -- Up-to-date: /home/lucasb/RBE500_Project/install/custom_messages/share/custom_messages/cmake/ament_cmake_export_dependencies-extras.cmake
[0.402s] -- Up-to-date: /home/lucasb/RBE500_Project/install/custom_messages/share/custom_messages/cmake/ament_cmake_export_include_directories-extras.cmake
[0.402s] -- Up-to-date: /home/lucasb/RBE500_Project/install/custom_messages/share/custom_messages/cmake/ament_cmake_export_libraries-extras.cmake
[0.402s] -- Up-to-date: /home/lucasb/RBE500_Project/install/custom_messages/share/custom_messages/cmake/ament_cmake_export_targets-extras.cmake
[0.402s] -- Up-to-date: /home/lucasb/RBE500_Project/install/custom_messages/share/custom_messages/cmake/rosidl_cmake_export_typesupport_targets-extras.cmake
[0.402s] -- Up-to-date: /home/lucasb/RBE500_Project/install/custom_messages/share/custom_messages/cmake/rosidl_cmake_export_typesupport_libraries-extras.cmake
[0.402s] -- Up-to-date: /home/lucasb/RBE500_Project/install/custom_messages/share/custom_messages/cmake/custom_messagesConfig.cmake
[0.402s] -- Up-to-date: /home/lucasb/RBE500_Project/install/custom_messages/share/custom_messages/cmake/custom_messagesConfig-version.cmake
[0.402s] -- Up-to-date: /home/lucasb/RBE500_Project/install/custom_messages/share/custom_messages/package.xml
[0.404s] Invoked command in '/home/lucasb/RBE500_Project/build/custom_messages' returned '0': CMAKE_PREFIX_PATH=${CMAKE_PREFIX_PATH}:/home/lucasb/RBE500_Project/install/Manipulator_X:/opt/ros/humble /usr/bin/cmake --install /home/lucasb/RBE500_Project/build/custom_messages
