[0.158s] Invoking command in '/home/lucasb/RBE500_Project/build/custom_messages': CMAKE_PREFIX_PATH=/home/lucasb/RBE500_Project/install/Manipulator_X:/opt/ros/humble /usr/bin/cmake /home/lucasb/RBE500_Project/src/custom_messages -DCMAKE_INSTALL_PREFIX=/home/lucasb/RBE500_Project/install/custom_messages
[0.165s] -- Found ament_cmake: 1.3.10 (/opt/ros/humble/share/ament_cmake/cmake)
[0.255s] -- Found geometry_msgs: 4.2.4 (/opt/ros/humble/share/geometry_msgs/cmake)
[0.271s] -- Found rosidl_generator_c: 3.1.5 (/opt/ros/humble/share/rosidl_generator_c/cmake)
[0.273s] -- Found rosidl_adapter: 3.1.5 (/opt/ros/humble/share/rosidl_adapter/cmake)
[0.276s] -- Found rosidl_generator_cpp: 3.1.5 (/opt/ros/humble/share/rosidl_generator_cpp/cmake)
[0.282s] -- Using all available rosidl_typesupport_c: rosidl_typesupport_fastrtps_c;rosidl_typesupport_introspection_c
[0.290s] -- Using all available rosidl_typesupport_cpp: rosidl_typesupport_fastrtps_cpp;rosidl_typesupport_introspection_cpp
[0.313s] -- Found rosidl_default_generators: 1.2.0 (/opt/ros/humble/share/rosidl_default_generators/cmake)
[0.317s] [31mCMake Error at /opt/ros/humble/share/rosidl_cmake/cmake/rosidl_generate_interfaces.cmake:93 (message):
[0.317s]   rosidl_generate_interfaces() the passed file 'srv/inv_kin.srv' doesn't
[0.317s]   exist relative to the CMAKE_CURRENT_SOURCE_DIR
[0.318s]   '/home/lucasb/RBE500_Project/src/custom_messages'
[0.318s] Call Stack (most recent call first):
[0.318s]   CMakeLists.txt:16 (rosidl_generate_interfaces)
[0.318s] 
[0.318s] [0m
[0.318s] -- Configuring incomplete, errors occurred!
[0.318s] See also "/home/lucasb/RBE500_Project/build/custom_messages/CMakeFiles/CMakeOutput.log".
[0.321s] Invoked command in '/home/lucasb/RBE500_Project/build/custom_messages' returned '1': CMAKE_PREFIX_PATH=/home/lucasb/RBE500_Project/install/Manipulator_X:/opt/ros/humble /usr/bin/cmake /home/lucasb/RBE500_Project/src/custom_messages -DCMAKE_INSTALL_PREFIX=/home/lucasb/RBE500_Project/install/custom_messages
