[0.336s] Invoking command in '/home/lucasb/open_mx/src/robot_omx': AMENT_PREFIX_PATH=/home/lucasb/open_mx/install/custom_messages:${AMENT_PREFIX_PATH} PYTHONPATH=/home/lucasb/open_mx/build/robot_omx/prefix_override:/usr/lib/python3/dist-packages/colcon_core/task/python/colcon_distutils_commands:/home/lucasb/open_mx/install/robot_omx/lib/python3.10/site-packages:/home/lucasb/open_mx/install/custom_messages/lib/python3.10/site-packages:${PYTHONPATH} /usr/bin/python3 -W ignore:setup.py install is deprecated setup.py egg_info --egg-base ../../build/robot_omx build --build-base /home/lucasb/open_mx/build/robot_omx/build install --record /home/lucasb/open_mx/build/robot_omx/install.log --single-version-externally-managed install_data
[0.469s] running egg_info
[0.470s] writing ../../build/robot_omx/robot_omx.egg-info/PKG-INFO
[0.470s] writing dependency_links to ../../build/robot_omx/robot_omx.egg-info/dependency_links.txt
[0.470s] writing entry points to ../../build/robot_omx/robot_omx.egg-info/entry_points.txt
[0.470s] writing requirements to ../../build/robot_omx/robot_omx.egg-info/requires.txt
[0.470s] writing top-level names to ../../build/robot_omx/robot_omx.egg-info/top_level.txt
[0.471s] reading manifest file '../../build/robot_omx/robot_omx.egg-info/SOURCES.txt'
[0.471s] adding license file 'LICENSE'
[0.472s] writing manifest file '../../build/robot_omx/robot_omx.egg-info/SOURCES.txt'
[0.472s] running build
[0.472s] running build_py
[0.472s] running install
[0.472s] running install_lib
[0.473s] running install_data
[0.473s] running install_egg_info
[0.474s] removing '/home/lucasb/open_mx/install/robot_omx/lib/python3.10/site-packages/robot_omx-0.0.0-py3.10.egg-info' (and everything under it)
[0.474s] Copying ../../build/robot_omx/robot_omx.egg-info to /home/lucasb/open_mx/install/robot_omx/lib/python3.10/site-packages/robot_omx-0.0.0-py3.10.egg-info
[0.474s] running install_scripts
[0.488s] Installing inverse_client script to /home/lucasb/open_mx/install/robot_omx/lib/robot_omx
[0.488s] Installing inverse_server script to /home/lucasb/open_mx/install/robot_omx/lib/robot_omx
[0.488s] Installing joint_listener script to /home/lucasb/open_mx/install/robot_omx/lib/robot_omx
[0.488s] writing list of installed files to '/home/lucasb/open_mx/build/robot_omx/install.log'
[0.502s] Invoked command in '/home/lucasb/open_mx/src/robot_omx' returned '0': AMENT_PREFIX_PATH=/home/lucasb/open_mx/install/custom_messages:${AMENT_PREFIX_PATH} PYTHONPATH=/home/lucasb/open_mx/build/robot_omx/prefix_override:/usr/lib/python3/dist-packages/colcon_core/task/python/colcon_distutils_commands:/home/lucasb/open_mx/install/robot_omx/lib/python3.10/site-packages:/home/lucasb/open_mx/install/custom_messages/lib/python3.10/site-packages:${PYTHONPATH} /usr/bin/python3 -W ignore:setup.py install is deprecated setup.py egg_info --egg-base ../../build/robot_omx build --build-base /home/lucasb/open_mx/build/robot_omx/build install --record /home/lucasb/open_mx/build/robot_omx/install.log --single-version-externally-managed install_data
