[0.019s] Invoking command in '/home/lucasb/OpenManipulatorXRoboticArmKinematics/open_mx/build/dynamixel_sdk_custom_interfaces': CMAKE_PREFIX_PATH=${CMAKE_PREFIX_PATH}:/home/lucasb/OpenManipulatorXRoboticArmKinematics/open_mx/install/robot_omx:/home/lucasb/OpenManipulatorXRoboticArmKinematics/open_mx/install/rbe500_example_py:/home/lucasb/OpenManipulatorXRoboticArmKinematics/open_mx/install/dynamixel_workbench:/opt/ros/humble /usr/bin/cmake --build /home/lucasb/OpenManipulatorXRoboticArmKinematics/open_mx/build/dynamixel_sdk_custom_interfaces -- -j20 -l20
[0.037s] -- Found ament_cmake: 1.3.10 (/opt/ros/humble/share/ament_cmake/cmake)
[0.162s] -- Override CMake install command with custom implementation using symlinks instead of copying resources
[0.176s] -- Found builtin_interfaces: 1.2.1 (/opt/ros/humble/share/builtin_interfaces/cmake)
[0.205s] -- Found rosidl_generator_c: 3.1.5 (/opt/ros/humble/share/rosidl_generator_c/cmake)
[0.208s] -- Found rosidl_adapter: 3.1.5 (/opt/ros/humble/share/rosidl_adapter/cmake)
[0.216s] -- Found rosidl_generator_cpp: 3.1.5 (/opt/ros/humble/share/rosidl_generator_cpp/cmake)
[0.232s] -- Using all available rosidl_typesupport_c: rosidl_typesupport_fastrtps_c;rosidl_typesupport_introspection_c
[0.249s] -- Using all available rosidl_typesupport_cpp: rosidl_typesupport_fastrtps_cpp;rosidl_typesupport_introspection_cpp
[0.259s] -- Found rosidl_default_generators: 1.2.0 (/opt/ros/humble/share/rosidl_default_generators/cmake)
[0.382s] [31mCMake Error at /opt/ros/humble/share/rosidl_adapter/cmake/rosidl_adapt_interfaces.cmake:59 (message):
[0.382s]   execute_process(/usr/bin/python3 -m rosidl_adapter --package-name
[0.382s]   dynamixel_sdk_custom_interfaces --arguments-file
[0.382s]   /home/lucasb/OpenManipulatorXRoboticArmKinematics/open_mx/build/dynamixel_sdk_custom_interfaces/rosidl_adapter__arguments__dynamixel_sdk_custom_interfaces.json
[0.382s]   --output-dir
[0.382s]   /home/lucasb/OpenManipulatorXRoboticArmKinematics/open_mx/build/dynamixel_sdk_custom_interfaces/rosidl_adapter/dynamixel_sdk_custom_interfaces
[0.383s]   --output-file
[0.383s]   /home/lucasb/OpenManipulatorXRoboticArmKinematics/open_mx/build/dynamixel_sdk_custom_interfaces/rosidl_adapter/dynamixel_sdk_custom_interfaces.idls)
[0.383s]   returned error code 1:
[0.383s] 
[0.383s]   Traceback (most recent call last):
[0.383s] 
[0.383s]     File "/usr/lib/python3.10/runpy.py", line 196, in _run_module_as_main
[0.383s]       return _run_code(code, main_globals, None,
[0.383s]     File "/usr/lib/python3.10/runpy.py", line 86, in _run_code
[0.383s]       exec(code, run_globals)
[0.384s]     File "/opt/ros/humble/local/lib/python3.10/dist-packages/rosidl_adapter/__main__.py", line 19, in <module>
[0.384s]       sys.exit(main())
[0.384s]     File "/opt/ros/humble/local/lib/python3.10/dist-packages/rosidl_adapter/main.py", line 53, in main
[0.384s]       abs_idl_file = convert_to_idl(
[0.384s]     File "/opt/ros/humble/local/lib/python3.10/dist-packages/rosidl_adapter/__init__.py", line 19, in convert_to_idl
[0.384s]       return convert_msg_to_idl(
[0.384s]     File "/opt/ros/humble/local/lib/python3.10/dist-packages/rosidl_adapter/msg/__init__.py", line 28, in convert_msg_to_idl
[0.384s]       msg = parse_message_string(package_name, input_file.stem, content)
[0.384s]     File "/opt/ros/humble/local/lib/python3.10/dist-packages/rosidl_adapter/parser.py", line 544, in parse_message_string
[0.384s]       msg = MessageSpecification(pkg_name, msg_name, fields, constants)
[0.384s]     File "/opt/ros/humble/local/lib/python3.10/dist-packages/rosidl_adapter/parser.py", line 388, in __init__
[0.385s]       self.base_type = BaseType(
[0.385s]     File "/opt/ros/humble/local/lib/python3.10/dist-packages/rosidl_adapter/parser.py", line 205, in __init__
[0.385s]       raise InvalidResourceName(
[0.385s] 
[0.385s]   rosidl_adapter.parser.InvalidResourceName: 'set_current' is an invalid
[0.385s]   message name.  It should have the pattern '^[A-Z][A-Za-z0-9]*$'
[0.385s] 
[0.385s] Call Stack (most recent call first):
[0.385s]   /opt/ros/humble/share/rosidl_cmake/cmake/rosidl_generate_interfaces.cmake:130 (rosidl_adapt_interfaces)
[0.385s]   CMakeLists.txt:28 (rosidl_generate_interfaces)
[0.385s] 
[0.386s] [0m
[0.386s] -- Configuring incomplete, errors occurred!
[0.386s] See also "/home/lucasb/OpenManipulatorXRoboticArmKinematics/open_mx/build/dynamixel_sdk_custom_interfaces/CMakeFiles/CMakeOutput.log".
[0.388s] gmake: *** [Makefile:963: cmake_check_build_system] Error 1
[0.389s] Invoked command in '/home/lucasb/OpenManipulatorXRoboticArmKinematics/open_mx/build/dynamixel_sdk_custom_interfaces' returned '2': CMAKE_PREFIX_PATH=${CMAKE_PREFIX_PATH}:/home/lucasb/OpenManipulatorXRoboticArmKinematics/open_mx/install/robot_omx:/home/lucasb/OpenManipulatorXRoboticArmKinematics/open_mx/install/rbe500_example_py:/home/lucasb/OpenManipulatorXRoboticArmKinematics/open_mx/install/dynamixel_workbench:/opt/ros/humble /usr/bin/cmake --build /home/lucasb/OpenManipulatorXRoboticArmKinematics/open_mx/build/dynamixel_sdk_custom_interfaces -- -j20 -l20
