[0.020s] Invoking command in '/home/lucasb/OpenManipulatorXRoboticArmKinematics/open_mx/build/dynamixel_sdk_custom_interfaces': CMAKE_PREFIX_PATH=${CMAKE_PREFIX_PATH}:/home/lucasb/OpenManipulatorXRoboticArmKinematics/open_mx/install/robot_omx:/home/lucasb/OpenManipulatorXRoboticArmKinematics/open_mx/install/rbe500_example_py:/home/lucasb/OpenManipulatorXRoboticArmKinematics/open_mx/install/dynamixel_workbench:/opt/ros/humble /usr/bin/cmake --build /home/lucasb/OpenManipulatorXRoboticArmKinematics/open_mx/build/dynamixel_sdk_custom_interfaces -- -j20 -l20
[0.040s] -- Found ament_cmake: 1.3.10 (/opt/ros/humble/share/ament_cmake/cmake)
[0.126s] -- Override CMake install command with custom implementation using symlinks instead of copying resources
[0.130s] -- Found builtin_interfaces: 1.2.1 (/opt/ros/humble/share/builtin_interfaces/cmake)
[0.145s] -- Found rosidl_generator_c: 3.1.5 (/opt/ros/humble/share/rosidl_generator_c/cmake)
[0.147s] -- Found rosidl_adapter: 3.1.5 (/opt/ros/humble/share/rosidl_adapter/cmake)
[0.151s] -- Found rosidl_generator_cpp: 3.1.5 (/opt/ros/humble/share/rosidl_generator_cpp/cmake)
[0.157s] -- Using all available rosidl_typesupport_c: rosidl_typesupport_fastrtps_c;rosidl_typesupport_introspection_c
[0.165s] -- Using all available rosidl_typesupport_cpp: rosidl_typesupport_fastrtps_cpp;rosidl_typesupport_introspection_cpp
[0.172s] -- Found rosidl_default_generators: 1.2.0 (/opt/ros/humble/share/rosidl_default_generators/cmake)
[0.363s] -- Found ament_cmake_ros: 0.10.0 (/opt/ros/humble/share/ament_cmake_ros/cmake)
[0.582s] -- Using all available rosidl_typesupport_c: rosidl_typesupport_fastrtps_c;rosidl_typesupport_introspection_c
[0.671s] -- Using all available rosidl_typesupport_cpp: rosidl_typesupport_fastrtps_cpp;rosidl_typesupport_introspection_cpp
[0.688s] -- Found python_cmake_module: 0.10.0 (/opt/ros/humble/share/python_cmake_module/cmake)
[0.715s] -- Using PYTHON_EXECUTABLE: /usr/bin/python3
[0.715s] -- Using PYTHON_INCLUDE_DIRS: /usr/include/python3.10
[0.715s] -- Using PYTHON_LIBRARIES: /usr/lib/x86_64-linux-gnu/libpython3.10.so
[0.734s] -- Configuring done
[0.757s] -- Generating done
[0.761s] -- Build files have been written to: /home/lucasb/OpenManipulatorXRoboticArmKinematics/open_mx/build/dynamixel_sdk_custom_interfaces
[0.780s] [  1%] [34m[1mGenerating C code for ROS interfaces[0m
[0.787s] [  3%] [34m[1mGenerating C++ code for ROS interfaces[0m
[0.798s] [  3%] Built target ament_cmake_python_symlink_dynamixel_sdk_custom_interfaces
[0.946s] running egg_info
[0.946s] writing dynamixel_sdk_custom_interfaces.egg-info/PKG-INFO
[0.946s] writing dependency_links to dynamixel_sdk_custom_interfaces.egg-info/dependency_links.txt
[0.946s] writing top-level names to dynamixel_sdk_custom_interfaces.egg-info/top_level.txt
[0.948s] reading manifest file 'dynamixel_sdk_custom_interfaces.egg-info/SOURCES.txt'
[0.948s] writing manifest file 'dynamixel_sdk_custom_interfaces.egg-info/SOURCES.txt'
[0.969s] [  3%] Built target ament_cmake_python_build_dynamixel_sdk_custom_interfaces_egg
[1.079s] [35m[1mConsolidate compiler generated dependencies of target dynamixel_sdk_custom_interfaces__rosidl_generator_c[0m
[1.088s] [  5%] [32mBuilding C object CMakeFiles/dynamixel_sdk_custom_interfaces__rosidl_generator_c.dir/rosidl_generator_c/dynamixel_sdk_custom_interfaces/msg/detail/set_position__functions.c.o[0m
[1.090s] [  5%] Built target dynamixel_sdk_custom_interfaces__cpp
[1.090s] [  7%] [32mBuilding C object CMakeFiles/dynamixel_sdk_custom_interfaces__rosidl_generator_c.dir/rosidl_generator_c/dynamixel_sdk_custom_interfaces/msg/detail/set_current__functions.c.o[0m
[1.092s] [  9%] [32mBuilding C object CMakeFiles/dynamixel_sdk_custom_interfaces__rosidl_generator_c.dir/rosidl_generator_c/dynamixel_sdk_custom_interfaces/srv/detail/get_current__functions.c.o[0m
[1.092s] [ 10%] [32mBuilding C object CMakeFiles/dynamixel_sdk_custom_interfaces__rosidl_generator_c.dir/rosidl_generator_c/dynamixel_sdk_custom_interfaces/srv/detail/get_position__functions.c.o[0m
[1.098s] [ 12%] [34m[1mGenerating C++ type support dispatch for ROS interfaces[0m
[1.099s] [ 14%] [34m[1mGenerating C++ introspection for ROS interfaces[0m
[1.099s] [ 16%] [34m[1mGenerating C++ type support for eProsima Fast-RTPS[0m
[1.154s] [ 18%] [32m[1mLinking C shared library libdynamixel_sdk_custom_interfaces__rosidl_generator_c.so[0m
[1.184s] [ 18%] Built target dynamixel_sdk_custom_interfaces__rosidl_generator_c
[1.191s] [ 21%] [34m[1mGenerating C type support dispatch for ROS interfaces[0m
[1.191s] [ 21%] [34m[1mGenerating C type support for eProsima Fast-RTPS[0m
[1.194s] [ 23%] [34m[1mGenerating C introspection for ROS interfaces[0m
[1.314s] [35m[1mConsolidate compiler generated dependencies of target dynamixel_sdk_custom_interfaces__rosidl_typesupport_cpp[0m
[1.326s] [ 25%] [32mBuilding CXX object CMakeFiles/dynamixel_sdk_custom_interfaces__rosidl_typesupport_cpp.dir/rosidl_typesupport_cpp/dynamixel_sdk_custom_interfaces/msg/set_position__type_support.cpp.o[0m
[1.327s] [ 27%] [32mBuilding CXX object CMakeFiles/dynamixel_sdk_custom_interfaces__rosidl_typesupport_cpp.dir/rosidl_typesupport_cpp/dynamixel_sdk_custom_interfaces/srv/get_current__type_support.cpp.o[0m
[1.328s] [ 29%] [32mBuilding CXX object CMakeFiles/dynamixel_sdk_custom_interfaces__rosidl_typesupport_cpp.dir/rosidl_typesupport_cpp/dynamixel_sdk_custom_interfaces/msg/set_current__type_support.cpp.o[0m
[1.329s] [ 30%] [32mBuilding CXX object CMakeFiles/dynamixel_sdk_custom_interfaces__rosidl_typesupport_cpp.dir/rosidl_typesupport_cpp/dynamixel_sdk_custom_interfaces/srv/get_position__type_support.cpp.o[0m
[1.340s] [35m[1mConsolidate compiler generated dependencies of target dynamixel_sdk_custom_interfaces__rosidl_typesupport_introspection_cpp[0m
[1.351s] [ 32%] [32mBuilding CXX object CMakeFiles/dynamixel_sdk_custom_interfaces__rosidl_typesupport_introspection_cpp.dir/rosidl_typesupport_introspection_cpp/dynamixel_sdk_custom_interfaces/msg/detail/set_current__type_support.cpp.o[0m
[1.352s] [ 34%] [32mBuilding CXX object CMakeFiles/dynamixel_sdk_custom_interfaces__rosidl_typesupport_introspection_cpp.dir/rosidl_typesupport_introspection_cpp/dynamixel_sdk_custom_interfaces/srv/detail/get_position__type_support.cpp.o[0m
[1.354s] [ 36%] [32mBuilding CXX object CMakeFiles/dynamixel_sdk_custom_interfaces__rosidl_typesupport_introspection_cpp.dir/rosidl_typesupport_introspection_cpp/dynamixel_sdk_custom_interfaces/msg/detail/set_position__type_support.cpp.o[0m
[1.355s] [ 38%] [32mBuilding CXX object CMakeFiles/dynamixel_sdk_custom_interfaces__rosidl_typesupport_introspection_cpp.dir/rosidl_typesupport_introspection_cpp/dynamixel_sdk_custom_interfaces/srv/detail/get_current__type_support.cpp.o[0m
[1.366s] [35m[1mConsolidate compiler generated dependencies of target dynamixel_sdk_custom_interfaces__rosidl_typesupport_fastrtps_cpp[0m
[1.379s] [ 41%] [32mBuilding CXX object CMakeFiles/dynamixel_sdk_custom_interfaces__rosidl_typesupport_fastrtps_cpp.dir/rosidl_typesupport_fastrtps_cpp/dynamixel_sdk_custom_interfaces/srv/detail/dds_fastrtps/get_current__type_support.cpp.o[0m
[1.379s] [ 41%] [32mBuilding CXX object CMakeFiles/dynamixel_sdk_custom_interfaces__rosidl_typesupport_fastrtps_cpp.dir/rosidl_typesupport_fastrtps_cpp/dynamixel_sdk_custom_interfaces/srv/detail/dds_fastrtps/get_position__type_support.cpp.o[0m
[1.380s] [ 45%] [32mBuilding CXX object CMakeFiles/dynamixel_sdk_custom_interfaces__rosidl_typesupport_fastrtps_cpp.dir/rosidl_typesupport_fastrtps_cpp/dynamixel_sdk_custom_interfaces/msg/detail/dds_fastrtps/set_current__type_support.cpp.o[0m
[1.380s] [ 45%] [32mBuilding CXX object CMakeFiles/dynamixel_sdk_custom_interfaces__rosidl_typesupport_fastrtps_cpp.dir/rosidl_typesupport_fastrtps_cpp/dynamixel_sdk_custom_interfaces/msg/detail/dds_fastrtps/set_position__type_support.cpp.o[0m
[1.405s] [35m[1mConsolidate compiler generated dependencies of target dynamixel_sdk_custom_interfaces__rosidl_typesupport_c[0m
[1.414s] [ 47%] [32mBuilding CXX object CMakeFiles/dynamixel_sdk_custom_interfaces__rosidl_typesupport_c.dir/rosidl_typesupport_c/dynamixel_sdk_custom_interfaces/srv/get_current__type_support.cpp.o[0m
[1.415s] [ 52%] [32mBuilding CXX object CMakeFiles/dynamixel_sdk_custom_interfaces__rosidl_typesupport_c.dir/rosidl_typesupport_c/dynamixel_sdk_custom_interfaces/srv/get_position__type_support.cpp.o[0m
[1.415s] [ 52%] [32mBuilding CXX object CMakeFiles/dynamixel_sdk_custom_interfaces__rosidl_typesupport_c.dir/rosidl_typesupport_c/dynamixel_sdk_custom_interfaces/msg/set_position__type_support.cpp.o[0m
[1.415s] [ 52%] [32mBuilding CXX object CMakeFiles/dynamixel_sdk_custom_interfaces__rosidl_typesupport_c.dir/rosidl_typesupport_c/dynamixel_sdk_custom_interfaces/msg/set_current__type_support.cpp.o[0m
[1.441s] [ 54%] [32m[1mLinking CXX shared library libdynamixel_sdk_custom_interfaces__rosidl_typesupport_c.so[0m
[1.470s] [ 54%] Built target dynamixel_sdk_custom_interfaces__rosidl_typesupport_c
[1.534s] [35m[1mConsolidate compiler generated dependencies of target dynamixel_sdk_custom_interfaces__rosidl_typesupport_fastrtps_c[0m
[1.538s] [35m[1mConsolidate compiler generated dependencies of target dynamixel_sdk_custom_interfaces__rosidl_typesupport_introspection_c[0m
[1.546s] [ 60%] [32mBuilding CXX object CMakeFiles/dynamixel_sdk_custom_interfaces__rosidl_typesupport_fastrtps_c.dir/rosidl_typesupport_fastrtps_c/dynamixel_sdk_custom_interfaces/srv/detail/get_current__type_support_c.cpp.o[0m
[1.546s] [ 60%] [32mBuilding CXX object CMakeFiles/dynamixel_sdk_custom_interfaces__rosidl_typesupport_fastrtps_c.dir/rosidl_typesupport_fastrtps_c/dynamixel_sdk_custom_interfaces/msg/detail/set_current__type_support_c.cpp.o[0m
[1.546s] [ 60%] [32mBuilding CXX object CMakeFiles/dynamixel_sdk_custom_interfaces__rosidl_typesupport_fastrtps_c.dir/rosidl_typesupport_fastrtps_c/dynamixel_sdk_custom_interfaces/srv/detail/get_position__type_support_c.cpp.o[0m
[1.547s] [ 61%] [32mBuilding CXX object CMakeFiles/dynamixel_sdk_custom_interfaces__rosidl_typesupport_fastrtps_c.dir/rosidl_typesupport_fastrtps_c/dynamixel_sdk_custom_interfaces/msg/detail/set_position__type_support_c.cpp.o[0m
[1.553s] [ 63%] [32mBuilding C object CMakeFiles/dynamixel_sdk_custom_interfaces__rosidl_typesupport_introspection_c.dir/rosidl_typesupport_introspection_c/dynamixel_sdk_custom_interfaces/srv/detail/get_current__type_support.c.o[0m
[1.553s] [ 65%] [32mBuilding C object CMakeFiles/dynamixel_sdk_custom_interfaces__rosidl_typesupport_introspection_c.dir/rosidl_typesupport_introspection_c/dynamixel_sdk_custom_interfaces/srv/detail/get_position__type_support.c.o[0m
[1.553s] [ 67%] [32mBuilding C object CMakeFiles/dynamixel_sdk_custom_interfaces__rosidl_typesupport_introspection_c.dir/rosidl_typesupport_introspection_c/dynamixel_sdk_custom_interfaces/msg/detail/set_position__type_support.c.o[0m
[1.554s] [ 69%] [32mBuilding C object CMakeFiles/dynamixel_sdk_custom_interfaces__rosidl_typesupport_introspection_c.dir/rosidl_typesupport_introspection_c/dynamixel_sdk_custom_interfaces/msg/detail/set_current__type_support.c.o[0m
[1.588s] [ 70%] [32m[1mLinking C shared library libdynamixel_sdk_custom_interfaces__rosidl_typesupport_introspection_c.so[0m
[1.615s] [ 70%] Built target dynamixel_sdk_custom_interfaces__rosidl_typesupport_introspection_c
[1.651s] [ 72%] [32m[1mLinking CXX shared library libdynamixel_sdk_custom_interfaces__rosidl_typesupport_cpp.so[0m
[1.683s] [ 74%] [32m[1mLinking CXX shared library libdynamixel_sdk_custom_interfaces__rosidl_typesupport_introspection_cpp.so[0m
[1.692s] [ 74%] Built target dynamixel_sdk_custom_interfaces__rosidl_typesupport_cpp
[1.721s] [ 74%] Built target dynamixel_sdk_custom_interfaces__rosidl_typesupport_introspection_cpp
[1.770s] [ 76%] [32m[1mLinking CXX shared library libdynamixel_sdk_custom_interfaces__rosidl_typesupport_fastrtps_cpp.so[0m
[1.822s] [ 78%] [32m[1mLinking CXX shared library libdynamixel_sdk_custom_interfaces__rosidl_typesupport_fastrtps_c.so[0m
[1.828s] [ 78%] Built target dynamixel_sdk_custom_interfaces__rosidl_typesupport_fastrtps_cpp
[1.892s] [ 78%] Built target dynamixel_sdk_custom_interfaces__rosidl_typesupport_fastrtps_c
[1.918s] [ 78%] Built target dynamixel_sdk_custom_interfaces
[1.947s] [ 80%] [34m[1mGenerating Python code for ROS interfaces[0m
[2.408s] [ 80%] Built target dynamixel_sdk_custom_interfaces__py
[2.417s] [35m[1mConsolidate compiler generated dependencies of target dynamixel_sdk_custom_interfaces__rosidl_generator_py[0m
[2.429s] [ 81%] [32mBuilding C object CMakeFiles/dynamixel_sdk_custom_interfaces__rosidl_generator_py.dir/rosidl_generator_py/dynamixel_sdk_custom_interfaces/msg/_set_current_s.c.o[0m
[2.431s] [ 83%] [32mBuilding C object CMakeFiles/dynamixel_sdk_custom_interfaces__rosidl_generator_py.dir/rosidl_generator_py/dynamixel_sdk_custom_interfaces/srv/_get_current_s.c.o[0m
[2.431s] [ 87%] [32mBuilding C object CMakeFiles/dynamixel_sdk_custom_interfaces__rosidl_generator_py.dir/rosidl_generator_py/dynamixel_sdk_custom_interfaces/msg/_set_position_s.c.o[0m
[2.432s] [ 87%] [32mBuilding C object CMakeFiles/dynamixel_sdk_custom_interfaces__rosidl_generator_py.dir/rosidl_generator_py/dynamixel_sdk_custom_interfaces/srv/_get_position_s.c.o[0m
[2.510s] [ 89%] [32m[1mLinking C shared library rosidl_generator_py/dynamixel_sdk_custom_interfaces/libdynamixel_sdk_custom_interfaces__rosidl_generator_py.so[0m
[2.561s] [ 89%] Built target dynamixel_sdk_custom_interfaces__rosidl_generator_py
[2.577s] [35m[1mConsolidate compiler generated dependencies of target dynamixel_sdk_custom_interfaces__rosidl_typesupport_introspection_c__pyext[0m
[2.578s] [35m[1mConsolidate compiler generated dependencies of target dynamixel_sdk_custom_interfaces__rosidl_typesupport_fastrtps_c__pyext[0m
[2.578s] [35m[1mConsolidate compiler generated dependencies of target dynamixel_sdk_custom_interfaces__rosidl_typesupport_c__pyext[0m
[2.591s] [ 90%] [32mBuilding C object CMakeFiles/dynamixel_sdk_custom_interfaces__rosidl_typesupport_introspection_c__pyext.dir/rosidl_generator_py/dynamixel_sdk_custom_interfaces/_dynamixel_sdk_custom_interfaces_s.ep.rosidl_typesupport_introspection_c.c.o[0m
[2.591s] [ 92%] [32mBuilding C object CMakeFiles/dynamixel_sdk_custom_interfaces__rosidl_typesupport_fastrtps_c__pyext.dir/rosidl_generator_py/dynamixel_sdk_custom_interfaces/_dynamixel_sdk_custom_interfaces_s.ep.rosidl_typesupport_fastrtps_c.c.o[0m
[2.593s] [ 94%] [32mBuilding C object CMakeFiles/dynamixel_sdk_custom_interfaces__rosidl_typesupport_c__pyext.dir/rosidl_generator_py/dynamixel_sdk_custom_interfaces/_dynamixel_sdk_custom_interfaces_s.ep.rosidl_typesupport_c.c.o[0m
[2.672s] [ 96%] [32m[1mLinking C shared library rosidl_generator_py/dynamixel_sdk_custom_interfaces/dynamixel_sdk_custom_interfaces_s__rosidl_typesupport_fastrtps_c.cpython-310-x86_64-linux-gnu.so[0m
[2.674s] [ 98%] [32m[1mLinking C shared library rosidl_generator_py/dynamixel_sdk_custom_interfaces/dynamixel_sdk_custom_interfaces_s__rosidl_typesupport_introspection_c.cpython-310-x86_64-linux-gnu.so[0m
[2.675s] [100%] [32m[1mLinking C shared library rosidl_generator_py/dynamixel_sdk_custom_interfaces/dynamixel_sdk_custom_interfaces_s__rosidl_typesupport_c.cpython-310-x86_64-linux-gnu.so[0m
[2.703s] [100%] Built target dynamixel_sdk_custom_interfaces__rosidl_typesupport_fastrtps_c__pyext
[2.705s] [100%] Built target dynamixel_sdk_custom_interfaces__rosidl_typesupport_introspection_c__pyext
[2.707s] [100%] Built target dynamixel_sdk_custom_interfaces__rosidl_typesupport_c__pyext
[2.716s] Invoked command in '/home/lucasb/OpenManipulatorXRoboticArmKinematics/open_mx/build/dynamixel_sdk_custom_interfaces' returned '0': CMAKE_PREFIX_PATH=${CMAKE_PREFIX_PATH}:/home/lucasb/OpenManipulatorXRoboticArmKinematics/open_mx/install/robot_omx:/home/lucasb/OpenManipulatorXRoboticArmKinematics/open_mx/install/rbe500_example_py:/home/lucasb/OpenManipulatorXRoboticArmKinematics/open_mx/install/dynamixel_workbench:/opt/ros/humble /usr/bin/cmake --build /home/lucasb/OpenManipulatorXRoboticArmKinematics/open_mx/build/dynamixel_sdk_custom_interfaces -- -j20 -l20
[2.845s] Invoking command in '/home/lucasb/OpenManipulatorXRoboticArmKinematics/open_mx/build/dynamixel_sdk_custom_interfaces': CMAKE_PREFIX_PATH=${CMAKE_PREFIX_PATH}:/home/lucasb/OpenManipulatorXRoboticArmKinematics/open_mx/install/robot_omx:/home/lucasb/OpenManipulatorXRoboticArmKinematics/open_mx/install/rbe500_example_py:/home/lucasb/OpenManipulatorXRoboticArmKinematics/open_mx/install/dynamixel_workbench:/opt/ros/humble /usr/bin/cmake --install /home/lucasb/OpenManipulatorXRoboticArmKinematics/open_mx/build/dynamixel_sdk_custom_interfaces
[2.850s] -- Install configuration: ""
[2.851s] -- Execute custom install script
[2.851s] -- Up-to-date symlink: /home/lucasb/OpenManipulatorXRoboticArmKinematics/open_mx/install/dynamixel_sdk_custom_interfaces/share/ament_index/resource_index/rosidl_interfaces/dynamixel_sdk_custom_interfaces
[2.851s] -- Symlinking: /home/lucasb/OpenManipulatorXRoboticArmKinematics/open_mx/install/dynamixel_sdk_custom_interfaces/include/dynamixel_sdk_custom_interfaces/dynamixel_sdk_custom_interfaces/msg/detail/set_current__functions.h
[2.858s] -- Symlinking: /home/lucasb/OpenManipulatorXRoboticArmKinematics/open_mx/install/dynamixel_sdk_custom_interfaces/include/dynamixel_sdk_custom_interfaces/dynamixel_sdk_custom_interfaces/msg/detail/set_current__struct.h
[2.865s] -- Symlinking: /home/lucasb/OpenManipulatorXRoboticArmKinematics/open_mx/install/dynamixel_sdk_custom_interfaces/include/dynamixel_sdk_custom_interfaces/dynamixel_sdk_custom_interfaces/msg/detail/set_current__type_support.h
[2.874s] -- Up-to-date symlink: /home/lucasb/OpenManipulatorXRoboticArmKinematics/open_mx/install/dynamixel_sdk_custom_interfaces/include/dynamixel_sdk_custom_interfaces/dynamixel_sdk_custom_interfaces/msg/detail/set_position__functions.h
[2.874s] -- Up-to-date symlink: /home/lucasb/OpenManipulatorXRoboticArmKinematics/open_mx/install/dynamixel_sdk_custom_interfaces/include/dynamixel_sdk_custom_interfaces/dynamixel_sdk_custom_interfaces/msg/detail/set_position__struct.h
[2.874s] -- Up-to-date symlink: /home/lucasb/OpenManipulatorXRoboticArmKinematics/open_mx/install/dynamixel_sdk_custom_interfaces/include/dynamixel_sdk_custom_interfaces/dynamixel_sdk_custom_interfaces/msg/detail/set_position__type_support.h
[2.875s] -- Up-to-date symlink: /home/lucasb/OpenManipulatorXRoboticArmKinematics/open_mx/install/dynamixel_sdk_custom_interfaces/include/dynamixel_sdk_custom_interfaces/dynamixel_sdk_custom_interfaces/msg/rosidl_generator_c__visibility_control.h
[2.875s] -- Symlinking: /home/lucasb/OpenManipulatorXRoboticArmKinematics/open_mx/install/dynamixel_sdk_custom_interfaces/include/dynamixel_sdk_custom_interfaces/dynamixel_sdk_custom_interfaces/msg/set_current.h
[2.883s] -- Up-to-date symlink: /home/lucasb/OpenManipulatorXRoboticArmKinematics/open_mx/install/dynamixel_sdk_custom_interfaces/include/dynamixel_sdk_custom_interfaces/dynamixel_sdk_custom_interfaces/msg/set_position.h
[2.883s] -- Symlinking: /home/lucasb/OpenManipulatorXRoboticArmKinematics/open_mx/install/dynamixel_sdk_custom_interfaces/include/dynamixel_sdk_custom_interfaces/dynamixel_sdk_custom_interfaces/srv/detail/get_current__functions.h
[2.891s] -- Symlinking: /home/lucasb/OpenManipulatorXRoboticArmKinematics/open_mx/install/dynamixel_sdk_custom_interfaces/include/dynamixel_sdk_custom_interfaces/dynamixel_sdk_custom_interfaces/srv/detail/get_current__struct.h
[2.897s] -- Symlinking: /home/lucasb/OpenManipulatorXRoboticArmKinematics/open_mx/install/dynamixel_sdk_custom_interfaces/include/dynamixel_sdk_custom_interfaces/dynamixel_sdk_custom_interfaces/srv/detail/get_current__type_support.h
[2.904s] -- Up-to-date symlink: /home/lucasb/OpenManipulatorXRoboticArmKinematics/open_mx/install/dynamixel_sdk_custom_interfaces/include/dynamixel_sdk_custom_interfaces/dynamixel_sdk_custom_interfaces/srv/detail/get_position__functions.h
[2.904s] -- Up-to-date symlink: /home/lucasb/OpenManipulatorXRoboticArmKinematics/open_mx/install/dynamixel_sdk_custom_interfaces/include/dynamixel_sdk_custom_interfaces/dynamixel_sdk_custom_interfaces/srv/detail/get_position__struct.h
[2.904s] -- Up-to-date symlink: /home/lucasb/OpenManipulatorXRoboticArmKinematics/open_mx/install/dynamixel_sdk_custom_interfaces/include/dynamixel_sdk_custom_interfaces/dynamixel_sdk_custom_interfaces/srv/detail/get_position__type_support.h
[2.904s] -- Symlinking: /home/lucasb/OpenManipulatorXRoboticArmKinematics/open_mx/install/dynamixel_sdk_custom_interfaces/include/dynamixel_sdk_custom_interfaces/dynamixel_sdk_custom_interfaces/srv/get_current.h
[2.913s] -- Up-to-date symlink: /home/lucasb/OpenManipulatorXRoboticArmKinematics/open_mx/install/dynamixel_sdk_custom_interfaces/include/dynamixel_sdk_custom_interfaces/dynamixel_sdk_custom_interfaces/srv/get_position.h
[2.913s] -- Up-to-date symlink: /home/lucasb/OpenManipulatorXRoboticArmKinematics/open_mx/install/dynamixel_sdk_custom_interfaces/share/dynamixel_sdk_custom_interfaces/environment/library_path.sh
[2.914s] -- Up-to-date symlink: /home/lucasb/OpenManipulatorXRoboticArmKinematics/open_mx/install/dynamixel_sdk_custom_interfaces/share/dynamixel_sdk_custom_interfaces/environment/library_path.dsv
[2.914s] -- Symlinking: /home/lucasb/OpenManipulatorXRoboticArmKinematics/open_mx/install/dynamixel_sdk_custom_interfaces/include/dynamixel_sdk_custom_interfaces/dynamixel_sdk_custom_interfaces/msg/detail/set_current__rosidl_typesupport_fastrtps_c.h
[2.920s] -- Up-to-date symlink: /home/lucasb/OpenManipulatorXRoboticArmKinematics/open_mx/install/dynamixel_sdk_custom_interfaces/include/dynamixel_sdk_custom_interfaces/dynamixel_sdk_custom_interfaces/msg/detail/set_position__rosidl_typesupport_fastrtps_c.h
[2.920s] -- Up-to-date symlink: /home/lucasb/OpenManipulatorXRoboticArmKinematics/open_mx/install/dynamixel_sdk_custom_interfaces/include/dynamixel_sdk_custom_interfaces/dynamixel_sdk_custom_interfaces/msg/rosidl_typesupport_fastrtps_c__visibility_control.h
[2.920s] -- Symlinking: /home/lucasb/OpenManipulatorXRoboticArmKinematics/open_mx/install/dynamixel_sdk_custom_interfaces/include/dynamixel_sdk_custom_interfaces/dynamixel_sdk_custom_interfaces/srv/detail/get_current__rosidl_typesupport_fastrtps_c.h
[2.928s] -- Up-to-date symlink: /home/lucasb/OpenManipulatorXRoboticArmKinematics/open_mx/install/dynamixel_sdk_custom_interfaces/include/dynamixel_sdk_custom_interfaces/dynamixel_sdk_custom_interfaces/srv/detail/get_position__rosidl_typesupport_fastrtps_c.h
[2.929s] -- Symlinking: /home/lucasb/OpenManipulatorXRoboticArmKinematics/open_mx/install/dynamixel_sdk_custom_interfaces/include/dynamixel_sdk_custom_interfaces/dynamixel_sdk_custom_interfaces/msg/detail/set_current__builder.hpp
[2.940s] -- Symlinking: /home/lucasb/OpenManipulatorXRoboticArmKinematics/open_mx/install/dynamixel_sdk_custom_interfaces/include/dynamixel_sdk_custom_interfaces/dynamixel_sdk_custom_interfaces/msg/detail/set_current__struct.hpp
[2.949s] -- Symlinking: /home/lucasb/OpenManipulatorXRoboticArmKinematics/open_mx/install/dynamixel_sdk_custom_interfaces/include/dynamixel_sdk_custom_interfaces/dynamixel_sdk_custom_interfaces/msg/detail/set_current__traits.hpp
[2.960s] -- Up-to-date symlink: /home/lucasb/OpenManipulatorXRoboticArmKinematics/open_mx/install/dynamixel_sdk_custom_interfaces/include/dynamixel_sdk_custom_interfaces/dynamixel_sdk_custom_interfaces/msg/detail/set_position__builder.hpp
[2.960s] -- Up-to-date symlink: /home/lucasb/OpenManipulatorXRoboticArmKinematics/open_mx/install/dynamixel_sdk_custom_interfaces/include/dynamixel_sdk_custom_interfaces/dynamixel_sdk_custom_interfaces/msg/detail/set_position__struct.hpp
[2.960s] -- Up-to-date symlink: /home/lucasb/OpenManipulatorXRoboticArmKinematics/open_mx/install/dynamixel_sdk_custom_interfaces/include/dynamixel_sdk_custom_interfaces/dynamixel_sdk_custom_interfaces/msg/detail/set_position__traits.hpp
[2.960s] -- Symlinking: /home/lucasb/OpenManipulatorXRoboticArmKinematics/open_mx/install/dynamixel_sdk_custom_interfaces/include/dynamixel_sdk_custom_interfaces/dynamixel_sdk_custom_interfaces/msg/set_current.hpp
[2.968s] -- Up-to-date symlink: /home/lucasb/OpenManipulatorXRoboticArmKinematics/open_mx/install/dynamixel_sdk_custom_interfaces/include/dynamixel_sdk_custom_interfaces/dynamixel_sdk_custom_interfaces/msg/set_position.hpp
[2.968s] -- Symlinking: /home/lucasb/OpenManipulatorXRoboticArmKinematics/open_mx/install/dynamixel_sdk_custom_interfaces/include/dynamixel_sdk_custom_interfaces/dynamixel_sdk_custom_interfaces/srv/detail/get_current__builder.hpp
[2.979s] -- Symlinking: /home/lucasb/OpenManipulatorXRoboticArmKinematics/open_mx/install/dynamixel_sdk_custom_interfaces/include/dynamixel_sdk_custom_interfaces/dynamixel_sdk_custom_interfaces/srv/detail/get_current__struct.hpp
[2.987s] -- Symlinking: /home/lucasb/OpenManipulatorXRoboticArmKinematics/open_mx/install/dynamixel_sdk_custom_interfaces/include/dynamixel_sdk_custom_interfaces/dynamixel_sdk_custom_interfaces/srv/detail/get_current__traits.hpp
[2.998s] -- Up-to-date symlink: /home/lucasb/OpenManipulatorXRoboticArmKinematics/open_mx/install/dynamixel_sdk_custom_interfaces/include/dynamixel_sdk_custom_interfaces/dynamixel_sdk_custom_interfaces/srv/detail/get_position__builder.hpp
[2.998s] -- Up-to-date symlink: /home/lucasb/OpenManipulatorXRoboticArmKinematics/open_mx/install/dynamixel_sdk_custom_interfaces/include/dynamixel_sdk_custom_interfaces/dynamixel_sdk_custom_interfaces/srv/detail/get_position__struct.hpp
[2.998s] -- Up-to-date symlink: /home/lucasb/OpenManipulatorXRoboticArmKinematics/open_mx/install/dynamixel_sdk_custom_interfaces/include/dynamixel_sdk_custom_interfaces/dynamixel_sdk_custom_interfaces/srv/detail/get_position__traits.hpp
[2.998s] -- Symlinking: /home/lucasb/OpenManipulatorXRoboticArmKinematics/open_mx/install/dynamixel_sdk_custom_interfaces/include/dynamixel_sdk_custom_interfaces/dynamixel_sdk_custom_interfaces/srv/get_current.hpp
[3.004s] -- Up-to-date symlink: /home/lucasb/OpenManipulatorXRoboticArmKinematics/open_mx/install/dynamixel_sdk_custom_interfaces/include/dynamixel_sdk_custom_interfaces/dynamixel_sdk_custom_interfaces/srv/get_position.hpp
[3.004s] -- Symlinking: /home/lucasb/OpenManipulatorXRoboticArmKinematics/open_mx/install/dynamixel_sdk_custom_interfaces/include/dynamixel_sdk_custom_interfaces/dynamixel_sdk_custom_interfaces/msg/detail/set_current__rosidl_typesupport_fastrtps_cpp.hpp
[3.013s] -- Up-to-date symlink: /home/lucasb/OpenManipulatorXRoboticArmKinematics/open_mx/install/dynamixel_sdk_custom_interfaces/include/dynamixel_sdk_custom_interfaces/dynamixel_sdk_custom_interfaces/msg/detail/set_position__rosidl_typesupport_fastrtps_cpp.hpp
[3.013s] -- Up-to-date symlink: /home/lucasb/OpenManipulatorXRoboticArmKinematics/open_mx/install/dynamixel_sdk_custom_interfaces/include/dynamixel_sdk_custom_interfaces/dynamixel_sdk_custom_interfaces/msg/rosidl_typesupport_fastrtps_cpp__visibility_control.h
[3.013s] -- Symlinking: /home/lucasb/OpenManipulatorXRoboticArmKinematics/open_mx/install/dynamixel_sdk_custom_interfaces/include/dynamixel_sdk_custom_interfaces/dynamixel_sdk_custom_interfaces/srv/detail/get_current__rosidl_typesupport_fastrtps_cpp.hpp
[3.022s] -- Up-to-date symlink: /home/lucasb/OpenManipulatorXRoboticArmKinematics/open_mx/install/dynamixel_sdk_custom_interfaces/include/dynamixel_sdk_custom_interfaces/dynamixel_sdk_custom_interfaces/srv/detail/get_position__rosidl_typesupport_fastrtps_cpp.hpp
[3.022s] -- Symlinking: /home/lucasb/OpenManipulatorXRoboticArmKinematics/open_mx/install/dynamixel_sdk_custom_interfaces/include/dynamixel_sdk_custom_interfaces/dynamixel_sdk_custom_interfaces/msg/detail/set_current__rosidl_typesupport_introspection_c.h
[3.033s] -- Up-to-date symlink: /home/lucasb/OpenManipulatorXRoboticArmKinematics/open_mx/install/dynamixel_sdk_custom_interfaces/include/dynamixel_sdk_custom_interfaces/dynamixel_sdk_custom_interfaces/msg/detail/set_position__rosidl_typesupport_introspection_c.h
[3.033s] -- Up-to-date symlink: /home/lucasb/OpenManipulatorXRoboticArmKinematics/open_mx/install/dynamixel_sdk_custom_interfaces/include/dynamixel_sdk_custom_interfaces/dynamixel_sdk_custom_interfaces/msg/rosidl_typesupport_introspection_c__visibility_control.h
[3.033s] -- Symlinking: /home/lucasb/OpenManipulatorXRoboticArmKinematics/open_mx/install/dynamixel_sdk_custom_interfaces/include/dynamixel_sdk_custom_interfaces/dynamixel_sdk_custom_interfaces/srv/detail/get_current__rosidl_typesupport_introspection_c.h
[3.043s] -- Up-to-date symlink: /home/lucasb/OpenManipulatorXRoboticArmKinematics/open_mx/install/dynamixel_sdk_custom_interfaces/include/dynamixel_sdk_custom_interfaces/dynamixel_sdk_custom_interfaces/srv/detail/get_position__rosidl_typesupport_introspection_c.h
[3.044s] -- Symlinking: /home/lucasb/OpenManipulatorXRoboticArmKinematics/open_mx/install/dynamixel_sdk_custom_interfaces/include/dynamixel_sdk_custom_interfaces/dynamixel_sdk_custom_interfaces/msg/detail/set_current__rosidl_typesupport_introspection_cpp.hpp
[3.054s] -- Up-to-date symlink: /home/lucasb/OpenManipulatorXRoboticArmKinematics/open_mx/install/dynamixel_sdk_custom_interfaces/include/dynamixel_sdk_custom_interfaces/dynamixel_sdk_custom_interfaces/msg/detail/set_position__rosidl_typesupport_introspection_cpp.hpp
[3.054s] -- Symlinking: /home/lucasb/OpenManipulatorXRoboticArmKinematics/open_mx/install/dynamixel_sdk_custom_interfaces/include/dynamixel_sdk_custom_interfaces/dynamixel_sdk_custom_interfaces/srv/detail/get_current__rosidl_typesupport_introspection_cpp.hpp
[3.064s] -- Up-to-date symlink: /home/lucasb/OpenManipulatorXRoboticArmKinematics/open_mx/install/dynamixel_sdk_custom_interfaces/include/dynamixel_sdk_custom_interfaces/dynamixel_sdk_custom_interfaces/srv/detail/get_position__rosidl_typesupport_introspection_cpp.hpp
[3.064s] -- Up-to-date symlink: /home/lucasb/OpenManipulatorXRoboticArmKinematics/open_mx/install/dynamixel_sdk_custom_interfaces/share/dynamixel_sdk_custom_interfaces/environment/pythonpath.sh
[3.064s] -- Up-to-date symlink: /home/lucasb/OpenManipulatorXRoboticArmKinematics/open_mx/install/dynamixel_sdk_custom_interfaces/share/dynamixel_sdk_custom_interfaces/environment/pythonpath.dsv
[3.065s] -- Up-to-date symlink: /home/lucasb/OpenManipulatorXRoboticArmKinematics/open_mx/install/dynamixel_sdk_custom_interfaces/local/lib/python3.10/dist-packages/dynamixel_sdk_custom_interfaces-3.7.60-py3.10.egg-info/PKG-INFO
[3.065s] -- Up-to-date symlink: /home/lucasb/OpenManipulatorXRoboticArmKinematics/open_mx/install/dynamixel_sdk_custom_interfaces/local/lib/python3.10/dist-packages/dynamixel_sdk_custom_interfaces-3.7.60-py3.10.egg-info/SOURCES.txt
[3.065s] -- Up-to-date symlink: /home/lucasb/OpenManipulatorXRoboticArmKinematics/open_mx/install/dynamixel_sdk_custom_interfaces/local/lib/python3.10/dist-packages/dynamixel_sdk_custom_interfaces-3.7.60-py3.10.egg-info/dependency_links.txt
[3.065s] -- Up-to-date symlink: /home/lucasb/OpenManipulatorXRoboticArmKinematics/open_mx/install/dynamixel_sdk_custom_interfaces/local/lib/python3.10/dist-packages/dynamixel_sdk_custom_interfaces-3.7.60-py3.10.egg-info/top_level.txt
[3.065s] -- Up-to-date symlink: /home/lucasb/OpenManipulatorXRoboticArmKinematics/open_mx/install/dynamixel_sdk_custom_interfaces/local/lib/python3.10/dist-packages/dynamixel_sdk_custom_interfaces/__init__.py
[3.065s] -- Up-to-date symlink: /home/lucasb/OpenManipulatorXRoboticArmKinematics/open_mx/install/dynamixel_sdk_custom_interfaces/local/lib/python3.10/dist-packages/dynamixel_sdk_custom_interfaces/_dynamixel_sdk_custom_interfaces_s.ep.rosidl_typesupport_c.c
[3.066s] -- Up-to-date symlink: /home/lucasb/OpenManipulatorXRoboticArmKinematics/open_mx/install/dynamixel_sdk_custom_interfaces/local/lib/python3.10/dist-packages/dynamixel_sdk_custom_interfaces/_dynamixel_sdk_custom_interfaces_s.ep.rosidl_typesupport_fastrtps_c.c
[3.066s] -- Up-to-date symlink: /home/lucasb/OpenManipulatorXRoboticArmKinematics/open_mx/install/dynamixel_sdk_custom_interfaces/local/lib/python3.10/dist-packages/dynamixel_sdk_custom_interfaces/_dynamixel_sdk_custom_interfaces_s.ep.rosidl_typesupport_introspection_c.c
[3.066s] -- Up-to-date symlink: /home/lucasb/OpenManipulatorXRoboticArmKinematics/open_mx/install/dynamixel_sdk_custom_interfaces/local/lib/python3.10/dist-packages/dynamixel_sdk_custom_interfaces/dynamixel_sdk_custom_interfaces_s__rosidl_typesupport_c.cpython-310-x86_64-linux-gnu.so
[3.066s] -- Up-to-date symlink: /home/lucasb/OpenManipulatorXRoboticArmKinematics/open_mx/install/dynamixel_sdk_custom_interfaces/local/lib/python3.10/dist-packages/dynamixel_sdk_custom_interfaces/dynamixel_sdk_custom_interfaces_s__rosidl_typesupport_fastrtps_c.cpython-310-x86_64-linux-gnu.so
[3.066s] -- Up-to-date symlink: /home/lucasb/OpenManipulatorXRoboticArmKinematics/open_mx/install/dynamixel_sdk_custom_interfaces/local/lib/python3.10/dist-packages/dynamixel_sdk_custom_interfaces/dynamixel_sdk_custom_interfaces_s__rosidl_typesupport_introspection_c.cpython-310-x86_64-linux-gnu.so
[3.066s] -- Up-to-date symlink: /home/lucasb/OpenManipulatorXRoboticArmKinematics/open_mx/install/dynamixel_sdk_custom_interfaces/local/lib/python3.10/dist-packages/dynamixel_sdk_custom_interfaces/libdynamixel_sdk_custom_interfaces__rosidl_generator_py.so
[3.066s] -- Up-to-date symlink: /home/lucasb/OpenManipulatorXRoboticArmKinematics/open_mx/install/dynamixel_sdk_custom_interfaces/local/lib/python3.10/dist-packages/dynamixel_sdk_custom_interfaces/msg/__init__.py
[3.066s] -- Symlinking: /home/lucasb/OpenManipulatorXRoboticArmKinematics/open_mx/install/dynamixel_sdk_custom_interfaces/local/lib/python3.10/dist-packages/dynamixel_sdk_custom_interfaces/msg/_set_current.py
[3.076s] -- Symlinking: /home/lucasb/OpenManipulatorXRoboticArmKinematics/open_mx/install/dynamixel_sdk_custom_interfaces/local/lib/python3.10/dist-packages/dynamixel_sdk_custom_interfaces/msg/_set_current_s.c
[3.084s] -- Up-to-date symlink: /home/lucasb/OpenManipulatorXRoboticArmKinematics/open_mx/install/dynamixel_sdk_custom_interfaces/local/lib/python3.10/dist-packages/dynamixel_sdk_custom_interfaces/msg/_set_position.py
[3.084s] -- Up-to-date symlink: /home/lucasb/OpenManipulatorXRoboticArmKinematics/open_mx/install/dynamixel_sdk_custom_interfaces/local/lib/python3.10/dist-packages/dynamixel_sdk_custom_interfaces/msg/_set_position_s.c
[3.084s] -- Up-to-date symlink: /home/lucasb/OpenManipulatorXRoboticArmKinematics/open_mx/install/dynamixel_sdk_custom_interfaces/local/lib/python3.10/dist-packages/dynamixel_sdk_custom_interfaces/srv/__init__.py
[3.084s] -- Symlinking: /home/lucasb/OpenManipulatorXRoboticArmKinematics/open_mx/install/dynamixel_sdk_custom_interfaces/local/lib/python3.10/dist-packages/dynamixel_sdk_custom_interfaces/srv/_get_current.py
[3.093s] -- Symlinking: /home/lucasb/OpenManipulatorXRoboticArmKinematics/open_mx/install/dynamixel_sdk_custom_interfaces/local/lib/python3.10/dist-packages/dynamixel_sdk_custom_interfaces/srv/_get_current_s.c
[3.103s] -- Up-to-date symlink: /home/lucasb/OpenManipulatorXRoboticArmKinematics/open_mx/install/dynamixel_sdk_custom_interfaces/local/lib/python3.10/dist-packages/dynamixel_sdk_custom_interfaces/srv/_get_position.py
[3.103s] -- Up-to-date symlink: /home/lucasb/OpenManipulatorXRoboticArmKinematics/open_mx/install/dynamixel_sdk_custom_interfaces/local/lib/python3.10/dist-packages/dynamixel_sdk_custom_interfaces/srv/_get_position_s.c
[3.104s] -- Up-to-date symlink: /home/lucasb/OpenManipulatorXRoboticArmKinematics/open_mx/install/dynamixel_sdk_custom_interfaces/local/lib/python3.10/dist-packages/dynamixel_sdk_custom_interfaces/dynamixel_sdk_custom_interfaces_s__rosidl_typesupport_fastrtps_c.cpython-310-x86_64-linux-gnu.so
[3.104s] -- Up-to-date symlink: /home/lucasb/OpenManipulatorXRoboticArmKinematics/open_mx/install/dynamixel_sdk_custom_interfaces/local/lib/python3.10/dist-packages/dynamixel_sdk_custom_interfaces/dynamixel_sdk_custom_interfaces_s__rosidl_typesupport_introspection_c.cpython-310-x86_64-linux-gnu.so
[3.104s] -- Up-to-date symlink: /home/lucasb/OpenManipulatorXRoboticArmKinematics/open_mx/install/dynamixel_sdk_custom_interfaces/local/lib/python3.10/dist-packages/dynamixel_sdk_custom_interfaces/dynamixel_sdk_custom_interfaces_s__rosidl_typesupport_c.cpython-310-x86_64-linux-gnu.so
[3.104s] -- Up-to-date symlink: /home/lucasb/OpenManipulatorXRoboticArmKinematics/open_mx/install/dynamixel_sdk_custom_interfaces/share/dynamixel_sdk_custom_interfaces/msg/SetPosition.idl
[3.104s] -- Symlinking: /home/lucasb/OpenManipulatorXRoboticArmKinematics/open_mx/install/dynamixel_sdk_custom_interfaces/share/dynamixel_sdk_custom_interfaces/msg/SetCurrent.idl
[3.114s] -- Up-to-date symlink: /home/lucasb/OpenManipulatorXRoboticArmKinematics/open_mx/install/dynamixel_sdk_custom_interfaces/share/dynamixel_sdk_custom_interfaces/srv/GetPosition.idl
[3.114s] -- Symlinking: /home/lucasb/OpenManipulatorXRoboticArmKinematics/open_mx/install/dynamixel_sdk_custom_interfaces/share/dynamixel_sdk_custom_interfaces/srv/GetCurrent.idl
[3.125s] -- Up-to-date symlink: /home/lucasb/OpenManipulatorXRoboticArmKinematics/open_mx/install/dynamixel_sdk_custom_interfaces/share/dynamixel_sdk_custom_interfaces/msg/SetPosition.msg
[3.125s] -- Symlinking: /home/lucasb/OpenManipulatorXRoboticArmKinematics/open_mx/install/dynamixel_sdk_custom_interfaces/share/dynamixel_sdk_custom_interfaces/msg/SetCurrent.msg
[3.135s] -- Up-to-date symlink: /home/lucasb/OpenManipulatorXRoboticArmKinematics/open_mx/install/dynamixel_sdk_custom_interfaces/share/dynamixel_sdk_custom_interfaces/srv/GetPosition.srv
[3.135s] -- Up-to-date symlink: /home/lucasb/OpenManipulatorXRoboticArmKinematics/open_mx/install/dynamixel_sdk_custom_interfaces/share/dynamixel_sdk_custom_interfaces/srv/GetPosition_Request.msg
[3.135s] -- Up-to-date symlink: /home/lucasb/OpenManipulatorXRoboticArmKinematics/open_mx/install/dynamixel_sdk_custom_interfaces/share/dynamixel_sdk_custom_interfaces/srv/GetPosition_Response.msg
[3.135s] -- Symlinking: /home/lucasb/OpenManipulatorXRoboticArmKinematics/open_mx/install/dynamixel_sdk_custom_interfaces/share/dynamixel_sdk_custom_interfaces/srv/GetCurrent.srv
[3.146s] -- Symlinking: /home/lucasb/OpenManipulatorXRoboticArmKinematics/open_mx/install/dynamixel_sdk_custom_interfaces/share/dynamixel_sdk_custom_interfaces/srv/GetCurrent_Request.msg
[3.156s] -- Symlinking: /home/lucasb/OpenManipulatorXRoboticArmKinematics/open_mx/install/dynamixel_sdk_custom_interfaces/share/dynamixel_sdk_custom_interfaces/srv/GetCurrent_Response.msg
[3.166s] -- Up-to-date symlink: /home/lucasb/OpenManipulatorXRoboticArmKinematics/open_mx/install/dynamixel_sdk_custom_interfaces/share/ament_index/resource_index/package_run_dependencies/dynamixel_sdk_custom_interfaces
[3.166s] -- Up-to-date symlink: /home/lucasb/OpenManipulatorXRoboticArmKinematics/open_mx/install/dynamixel_sdk_custom_interfaces/share/ament_index/resource_index/parent_prefix_path/dynamixel_sdk_custom_interfaces
[3.166s] -- Up-to-date symlink: /home/lucasb/OpenManipulatorXRoboticArmKinematics/open_mx/install/dynamixel_sdk_custom_interfaces/share/dynamixel_sdk_custom_interfaces/environment/ament_prefix_path.sh
[3.166s] -- Up-to-date symlink: /home/lucasb/OpenManipulatorXRoboticArmKinematics/open_mx/install/dynamixel_sdk_custom_interfaces/share/dynamixel_sdk_custom_interfaces/environment/ament_prefix_path.dsv
[3.166s] -- Up-to-date symlink: /home/lucasb/OpenManipulatorXRoboticArmKinematics/open_mx/install/dynamixel_sdk_custom_interfaces/share/dynamixel_sdk_custom_interfaces/environment/path.sh
[3.166s] -- Up-to-date symlink: /home/lucasb/OpenManipulatorXRoboticArmKinematics/open_mx/install/dynamixel_sdk_custom_interfaces/share/dynamixel_sdk_custom_interfaces/environment/path.dsv
[3.166s] -- Up-to-date symlink: /home/lucasb/OpenManipulatorXRoboticArmKinematics/open_mx/install/dynamixel_sdk_custom_interfaces/share/dynamixel_sdk_custom_interfaces/local_setup.bash
[3.166s] -- Up-to-date symlink: /home/lucasb/OpenManipulatorXRoboticArmKinematics/open_mx/install/dynamixel_sdk_custom_interfaces/share/dynamixel_sdk_custom_interfaces/local_setup.sh
[3.167s] -- Up-to-date symlink: /home/lucasb/OpenManipulatorXRoboticArmKinematics/open_mx/install/dynamixel_sdk_custom_interfaces/share/dynamixel_sdk_custom_interfaces/local_setup.zsh
[3.167s] -- Up-to-date symlink: /home/lucasb/OpenManipulatorXRoboticArmKinematics/open_mx/install/dynamixel_sdk_custom_interfaces/share/dynamixel_sdk_custom_interfaces/local_setup.dsv
[3.167s] -- Symlinking: /home/lucasb/OpenManipulatorXRoboticArmKinematics/open_mx/install/dynamixel_sdk_custom_interfaces/share/dynamixel_sdk_custom_interfaces/package.dsv
[3.177s] -- Up-to-date symlink: /home/lucasb/OpenManipulatorXRoboticArmKinematics/open_mx/install/dynamixel_sdk_custom_interfaces/share/ament_index/resource_index/packages/dynamixel_sdk_custom_interfaces
[3.177s] -- Up-to-date symlink: /home/lucasb/OpenManipulatorXRoboticArmKinematics/open_mx/install/dynamixel_sdk_custom_interfaces/share/dynamixel_sdk_custom_interfaces/cmake/rosidl_cmake-extras.cmake
[3.177s] -- Up-to-date symlink: /home/lucasb/OpenManipulatorXRoboticArmKinematics/open_mx/install/dynamixel_sdk_custom_interfaces/share/dynamixel_sdk_custom_interfaces/cmake/ament_cmake_export_dependencies-extras.cmake
[3.177s] -- Up-to-date symlink: /home/lucasb/OpenManipulatorXRoboticArmKinematics/open_mx/install/dynamixel_sdk_custom_interfaces/share/dynamixel_sdk_custom_interfaces/cmake/ament_cmake_export_include_directories-extras.cmake
[3.177s] -- Up-to-date symlink: /home/lucasb/OpenManipulatorXRoboticArmKinematics/open_mx/install/dynamixel_sdk_custom_interfaces/share/dynamixel_sdk_custom_interfaces/cmake/ament_cmake_export_libraries-extras.cmake
[3.177s] -- Up-to-date symlink: /home/lucasb/OpenManipulatorXRoboticArmKinematics/open_mx/install/dynamixel_sdk_custom_interfaces/share/dynamixel_sdk_custom_interfaces/cmake/ament_cmake_export_targets-extras.cmake
[3.178s] -- Up-to-date symlink: /home/lucasb/OpenManipulatorXRoboticArmKinematics/open_mx/install/dynamixel_sdk_custom_interfaces/share/dynamixel_sdk_custom_interfaces/cmake/rosidl_cmake_export_typesupport_targets-extras.cmake
[3.178s] -- Up-to-date symlink: /home/lucasb/OpenManipulatorXRoboticArmKinematics/open_mx/install/dynamixel_sdk_custom_interfaces/share/dynamixel_sdk_custom_interfaces/cmake/rosidl_cmake_export_typesupport_libraries-extras.cmake
[3.178s] -- Up-to-date symlink: /home/lucasb/OpenManipulatorXRoboticArmKinematics/open_mx/install/dynamixel_sdk_custom_interfaces/share/dynamixel_sdk_custom_interfaces/cmake/dynamixel_sdk_custom_interfacesConfig.cmake
[3.178s] -- Up-to-date symlink: /home/lucasb/OpenManipulatorXRoboticArmKinematics/open_mx/install/dynamixel_sdk_custom_interfaces/share/dynamixel_sdk_custom_interfaces/cmake/dynamixel_sdk_custom_interfacesConfig-version.cmake
[3.178s] -- Up-to-date symlink: /home/lucasb/OpenManipulatorXRoboticArmKinematics/open_mx/install/dynamixel_sdk_custom_interfaces/share/dynamixel_sdk_custom_interfaces/package.xml
[3.178s] -- Installing: /home/lucasb/OpenManipulatorXRoboticArmKinematics/open_mx/install/dynamixel_sdk_custom_interfaces/lib/libdynamixel_sdk_custom_interfaces__rosidl_generator_c.so
[3.179s] -- Set runtime path of "/home/lucasb/OpenManipulatorXRoboticArmKinematics/open_mx/install/dynamixel_sdk_custom_interfaces/lib/libdynamixel_sdk_custom_interfaces__rosidl_generator_c.so" to ""
[3.179s] -- Installing: /home/lucasb/OpenManipulatorXRoboticArmKinematics/open_mx/install/dynamixel_sdk_custom_interfaces/lib/libdynamixel_sdk_custom_interfaces__rosidl_typesupport_fastrtps_c.so
[3.179s] -- Set runtime path of "/home/lucasb/OpenManipulatorXRoboticArmKinematics/open_mx/install/dynamixel_sdk_custom_interfaces/lib/libdynamixel_sdk_custom_interfaces__rosidl_typesupport_fastrtps_c.so" to ""
[3.179s] -- Installing: /home/lucasb/OpenManipulatorXRoboticArmKinematics/open_mx/install/dynamixel_sdk_custom_interfaces/lib/libdynamixel_sdk_custom_interfaces__rosidl_typesupport_fastrtps_cpp.so
[3.179s] -- Set runtime path of "/home/lucasb/OpenManipulatorXRoboticArmKinematics/open_mx/install/dynamixel_sdk_custom_interfaces/lib/libdynamixel_sdk_custom_interfaces__rosidl_typesupport_fastrtps_cpp.so" to ""
[3.180s] -- Installing: /home/lucasb/OpenManipulatorXRoboticArmKinematics/open_mx/install/dynamixel_sdk_custom_interfaces/lib/libdynamixel_sdk_custom_interfaces__rosidl_typesupport_introspection_c.so
[3.180s] -- Set runtime path of "/home/lucasb/OpenManipulatorXRoboticArmKinematics/open_mx/install/dynamixel_sdk_custom_interfaces/lib/libdynamixel_sdk_custom_interfaces__rosidl_typesupport_introspection_c.so" to ""
[3.180s] -- Installing: /home/lucasb/OpenManipulatorXRoboticArmKinematics/open_mx/install/dynamixel_sdk_custom_interfaces/lib/libdynamixel_sdk_custom_interfaces__rosidl_typesupport_c.so
[3.180s] -- Set runtime path of "/home/lucasb/OpenManipulatorXRoboticArmKinematics/open_mx/install/dynamixel_sdk_custom_interfaces/lib/libdynamixel_sdk_custom_interfaces__rosidl_typesupport_c.so" to ""
[3.180s] -- Installing: /home/lucasb/OpenManipulatorXRoboticArmKinematics/open_mx/install/dynamixel_sdk_custom_interfaces/lib/libdynamixel_sdk_custom_interfaces__rosidl_typesupport_introspection_cpp.so
[3.180s] -- Set runtime path of "/home/lucasb/OpenManipulatorXRoboticArmKinematics/open_mx/install/dynamixel_sdk_custom_interfaces/lib/libdynamixel_sdk_custom_interfaces__rosidl_typesupport_introspection_cpp.so" to ""
[3.181s] -- Installing: /home/lucasb/OpenManipulatorXRoboticArmKinematics/open_mx/install/dynamixel_sdk_custom_interfaces/lib/libdynamixel_sdk_custom_interfaces__rosidl_typesupport_cpp.so
[3.181s] -- Set runtime path of "/home/lucasb/OpenManipulatorXRoboticArmKinematics/open_mx/install/dynamixel_sdk_custom_interfaces/lib/libdynamixel_sdk_custom_interfaces__rosidl_typesupport_cpp.so" to ""
[3.214s] Listing '/home/lucasb/OpenManipulatorXRoboticArmKinematics/open_mx/install/dynamixel_sdk_custom_interfaces/local/lib/python3.10/dist-packages/dynamixel_sdk_custom_interfaces'...
[3.214s] Compiling '/home/lucasb/OpenManipulatorXRoboticArmKinematics/open_mx/install/dynamixel_sdk_custom_interfaces/local/lib/python3.10/dist-packages/dynamixel_sdk_custom_interfaces/__init__.py'...
[3.214s] Listing '/home/lucasb/OpenManipulatorXRoboticArmKinematics/open_mx/install/dynamixel_sdk_custom_interfaces/local/lib/python3.10/dist-packages/dynamixel_sdk_custom_interfaces/msg'...
[3.214s] Compiling '/home/lucasb/OpenManipulatorXRoboticArmKinematics/open_mx/install/dynamixel_sdk_custom_interfaces/local/lib/python3.10/dist-packages/dynamixel_sdk_custom_interfaces/msg/__init__.py'...
[3.214s] Compiling '/home/lucasb/OpenManipulatorXRoboticArmKinematics/open_mx/install/dynamixel_sdk_custom_interfaces/local/lib/python3.10/dist-packages/dynamixel_sdk_custom_interfaces/msg/_set_current.py'...
[3.214s] Compiling '/home/lucasb/OpenManipulatorXRoboticArmKinematics/open_mx/install/dynamixel_sdk_custom_interfaces/local/lib/python3.10/dist-packages/dynamixel_sdk_custom_interfaces/msg/_set_position.py'...
[3.214s] Listing '/home/lucasb/OpenManipulatorXRoboticArmKinematics/open_mx/install/dynamixel_sdk_custom_interfaces/local/lib/python3.10/dist-packages/dynamixel_sdk_custom_interfaces/srv'...
[3.214s] Compiling '/home/lucasb/OpenManipulatorXRoboticArmKinematics/open_mx/install/dynamixel_sdk_custom_interfaces/local/lib/python3.10/dist-packages/dynamixel_sdk_custom_interfaces/srv/__init__.py'...
[3.214s] Compiling '/home/lucasb/OpenManipulatorXRoboticArmKinematics/open_mx/install/dynamixel_sdk_custom_interfaces/local/lib/python3.10/dist-packages/dynamixel_sdk_custom_interfaces/srv/_get_current.py'...
[3.214s] Compiling '/home/lucasb/OpenManipulatorXRoboticArmKinematics/open_mx/install/dynamixel_sdk_custom_interfaces/local/lib/python3.10/dist-packages/dynamixel_sdk_custom_interfaces/srv/_get_position.py'...
[3.217s] -- Installing: /home/lucasb/OpenManipulatorXRoboticArmKinematics/open_mx/install/dynamixel_sdk_custom_interfaces/lib/libdynamixel_sdk_custom_interfaces__rosidl_generator_py.so
[3.217s] -- Set runtime path of "/home/lucasb/OpenManipulatorXRoboticArmKinematics/open_mx/install/dynamixel_sdk_custom_interfaces/lib/libdynamixel_sdk_custom_interfaces__rosidl_generator_py.so" to ""
[3.217s] -- Up-to-date: /home/lucasb/OpenManipulatorXRoboticArmKinematics/open_mx/install/dynamixel_sdk_custom_interfaces/share/dynamixel_sdk_custom_interfaces/cmake/export_dynamixel_sdk_custom_interfaces__rosidl_generator_cExport.cmake
[3.217s] -- Up-to-date: /home/lucasb/OpenManipulatorXRoboticArmKinematics/open_mx/install/dynamixel_sdk_custom_interfaces/share/dynamixel_sdk_custom_interfaces/cmake/export_dynamixel_sdk_custom_interfaces__rosidl_generator_cExport-noconfig.cmake
[3.217s] -- Up-to-date: /home/lucasb/OpenManipulatorXRoboticArmKinematics/open_mx/install/dynamixel_sdk_custom_interfaces/share/dynamixel_sdk_custom_interfaces/cmake/export_dynamixel_sdk_custom_interfaces__rosidl_typesupport_fastrtps_cExport.cmake
[3.217s] -- Up-to-date: /home/lucasb/OpenManipulatorXRoboticArmKinematics/open_mx/install/dynamixel_sdk_custom_interfaces/share/dynamixel_sdk_custom_interfaces/cmake/export_dynamixel_sdk_custom_interfaces__rosidl_typesupport_fastrtps_cExport-noconfig.cmake
[3.217s] -- Up-to-date: /home/lucasb/OpenManipulatorXRoboticArmKinematics/open_mx/install/dynamixel_sdk_custom_interfaces/share/dynamixel_sdk_custom_interfaces/cmake/export_dynamixel_sdk_custom_interfaces__rosidl_generator_cppExport.cmake
[3.217s] -- Up-to-date: /home/lucasb/OpenManipulatorXRoboticArmKinematics/open_mx/install/dynamixel_sdk_custom_interfaces/share/dynamixel_sdk_custom_interfaces/cmake/export_dynamixel_sdk_custom_interfaces__rosidl_typesupport_fastrtps_cppExport.cmake
[3.217s] -- Up-to-date: /home/lucasb/OpenManipulatorXRoboticArmKinematics/open_mx/install/dynamixel_sdk_custom_interfaces/share/dynamixel_sdk_custom_interfaces/cmake/export_dynamixel_sdk_custom_interfaces__rosidl_typesupport_fastrtps_cppExport-noconfig.cmake
[3.217s] -- Up-to-date: /home/lucasb/OpenManipulatorXRoboticArmKinematics/open_mx/install/dynamixel_sdk_custom_interfaces/share/dynamixel_sdk_custom_interfaces/cmake/dynamixel_sdk_custom_interfaces__rosidl_typesupport_introspection_cExport.cmake
[3.217s] -- Up-to-date: /home/lucasb/OpenManipulatorXRoboticArmKinematics/open_mx/install/dynamixel_sdk_custom_interfaces/share/dynamixel_sdk_custom_interfaces/cmake/dynamixel_sdk_custom_interfaces__rosidl_typesupport_introspection_cExport-noconfig.cmake
[3.217s] -- Up-to-date: /home/lucasb/OpenManipulatorXRoboticArmKinematics/open_mx/install/dynamixel_sdk_custom_interfaces/share/dynamixel_sdk_custom_interfaces/cmake/dynamixel_sdk_custom_interfaces__rosidl_typesupport_cExport.cmake
[3.217s] -- Up-to-date: /home/lucasb/OpenManipulatorXRoboticArmKinematics/open_mx/install/dynamixel_sdk_custom_interfaces/share/dynamixel_sdk_custom_interfaces/cmake/dynamixel_sdk_custom_interfaces__rosidl_typesupport_cExport-noconfig.cmake
[3.217s] -- Up-to-date: /home/lucasb/OpenManipulatorXRoboticArmKinematics/open_mx/install/dynamixel_sdk_custom_interfaces/share/dynamixel_sdk_custom_interfaces/cmake/dynamixel_sdk_custom_interfaces__rosidl_typesupport_introspection_cppExport.cmake
[3.217s] -- Up-to-date: /home/lucasb/OpenManipulatorXRoboticArmKinematics/open_mx/install/dynamixel_sdk_custom_interfaces/share/dynamixel_sdk_custom_interfaces/cmake/dynamixel_sdk_custom_interfaces__rosidl_typesupport_introspection_cppExport-noconfig.cmake
[3.217s] -- Up-to-date: /home/lucasb/OpenManipulatorXRoboticArmKinematics/open_mx/install/dynamixel_sdk_custom_interfaces/share/dynamixel_sdk_custom_interfaces/cmake/dynamixel_sdk_custom_interfaces__rosidl_typesupport_cppExport.cmake
[3.217s] -- Up-to-date: /home/lucasb/OpenManipulatorXRoboticArmKinematics/open_mx/install/dynamixel_sdk_custom_interfaces/share/dynamixel_sdk_custom_interfaces/cmake/dynamixel_sdk_custom_interfaces__rosidl_typesupport_cppExport-noconfig.cmake
[3.217s] -- Up-to-date: /home/lucasb/OpenManipulatorXRoboticArmKinematics/open_mx/install/dynamixel_sdk_custom_interfaces/share/dynamixel_sdk_custom_interfaces/cmake/export_dynamixel_sdk_custom_interfaces__rosidl_generator_pyExport.cmake
[3.217s] -- Up-to-date: /home/lucasb/OpenManipulatorXRoboticArmKinematics/open_mx/install/dynamixel_sdk_custom_interfaces/share/dynamixel_sdk_custom_interfaces/cmake/export_dynamixel_sdk_custom_interfaces__rosidl_generator_pyExport-noconfig.cmake
[3.219s] Invoked command in '/home/lucasb/OpenManipulatorXRoboticArmKinematics/open_mx/build/dynamixel_sdk_custom_interfaces' returned '0': CMAKE_PREFIX_PATH=${CMAKE_PREFIX_PATH}:/home/lucasb/OpenManipulatorXRoboticArmKinematics/open_mx/install/robot_omx:/home/lucasb/OpenManipulatorXRoboticArmKinematics/open_mx/install/rbe500_example_py:/home/lucasb/OpenManipulatorXRoboticArmKinematics/open_mx/install/dynamixel_workbench:/opt/ros/humble /usr/bin/cmake --install /home/lucasb/OpenManipulatorXRoboticArmKinematics/open_mx/build/dynamixel_sdk_custom_interfaces
