[0.537s] Invoking command in '/home/lucasb/OpenManipulatorXRoboticArmKinematics/open_mx/build/robot_omx': PYTHONPATH=/home/lucasb/OpenManipulatorXRoboticArmKinematics/open_mx/build/robot_omx/prefix_override:/usr/lib/python3/dist-packages/colcon_core/task/python/colcon_distutils_commands:/home/lucasb/OpenManipulatorXRoboticArmKinematics/open_mx/install/robot_omx/lib/python3.10/site-packages:${PYTHONPATH} /usr/bin/python3 -W ignore:setup.py install is deprecated setup.py develop --editable --build-directory /home/lucasb/OpenManipulatorXRoboticArmKinematics/open_mx/build/robot_omx/build --no-deps symlink_data
[0.749s] running develop
[0.749s] /usr/lib/python3/dist-packages/setuptools/command/easy_install.py:158: EasyInstallDeprecationWarning: easy_install command is deprecated. Use build and pip and other standards-based tools.
[0.749s]   warnings.warn(
[0.865s] running egg_info
[0.866s] creating robot_omx.egg-info
[0.866s] writing robot_omx.egg-info/PKG-INFO
[0.867s] writing dependency_links to robot_omx.egg-info/dependency_links.txt
[0.868s] writing entry points to robot_omx.egg-info/entry_points.txt
[0.869s] writing requirements to robot_omx.egg-info/requires.txt
[0.869s] writing top-level names to robot_omx.egg-info/top_level.txt
[0.870s] writing manifest file 'robot_omx.egg-info/SOURCES.txt'
[0.870s] reading manifest file 'robot_omx.egg-info/SOURCES.txt'
[0.871s] writing manifest file 'robot_omx.egg-info/SOURCES.txt'
[0.871s] running build_ext
[0.872s] Creating /home/lucasb/OpenManipulatorXRoboticArmKinematics/open_mx/install/robot_omx/lib/python3.10/site-packages/robot-omx.egg-link (link to .)
[0.873s] Installing inverse_client script to /home/lucasb/OpenManipulatorXRoboticArmKinematics/open_mx/install/robot_omx/lib/robot_omx
[0.873s] Installing inverse_server script to /home/lucasb/OpenManipulatorXRoboticArmKinematics/open_mx/install/robot_omx/lib/robot_omx
[0.874s] Installing joint_listener script to /home/lucasb/OpenManipulatorXRoboticArmKinematics/open_mx/install/robot_omx/lib/robot_omx
[0.875s] 
[0.875s] Installed /home/lucasb/OpenManipulatorXRoboticArmKinematics/open_mx/build/robot_omx
[0.875s] running symlink_data
[0.875s] creating /home/lucasb/OpenManipulatorXRoboticArmKinematics/open_mx/install/robot_omx/share/ament_index
[0.875s] creating /home/lucasb/OpenManipulatorXRoboticArmKinematics/open_mx/install/robot_omx/share/ament_index/resource_index
[0.875s] creating /home/lucasb/OpenManipulatorXRoboticArmKinematics/open_mx/install/robot_omx/share/ament_index/resource_index/packages
[0.875s] symbolically linking /home/lucasb/OpenManipulatorXRoboticArmKinematics/open_mx/build/robot_omx/resource/robot_omx -> /home/lucasb/OpenManipulatorXRoboticArmKinematics/open_mx/install/robot_omx/share/ament_index/resource_index/packages
[0.875s] symbolically linking /home/lucasb/OpenManipulatorXRoboticArmKinematics/open_mx/build/robot_omx/package.xml -> /home/lucasb/OpenManipulatorXRoboticArmKinematics/open_mx/install/robot_omx/share/robot_omx
[0.895s] Invoked command in '/home/lucasb/OpenManipulatorXRoboticArmKinematics/open_mx/build/robot_omx' returned '0': PYTHONPATH=/home/lucasb/OpenManipulatorXRoboticArmKinematics/open_mx/build/robot_omx/prefix_override:/usr/lib/python3/dist-packages/colcon_core/task/python/colcon_distutils_commands:/home/lucasb/OpenManipulatorXRoboticArmKinematics/open_mx/install/robot_omx/lib/python3.10/site-packages:${PYTHONPATH} /usr/bin/python3 -W ignore:setup.py install is deprecated setup.py develop --editable --build-directory /home/lucasb/OpenManipulatorXRoboticArmKinematics/open_mx/build/robot_omx/build --no-deps symlink_data
