/home/lucasb/open_mx/install/robot_omx/lib/python3.10/site-packages/robot_omx/__init__.py
/home/lucasb/open_mx/install/robot_omx/lib/python3.10/site-packages/robot_omx/kinematic_library.py
/home/lucasb/open_mx/install/robot_omx/lib/python3.10/site-packages/robot_omx/inv_kin_client.py
/home/lucasb/open_mx/install/robot_omx/lib/python3.10/site-packages/robot_omx/inv_kin_server.py
/home/lucasb/open_mx/install/robot_omx/lib/python3.10/site-packages/robot_omx/forward_kin_subscriber.py
/home/lucasb/open_mx/install/robot_omx/lib/python3.10/site-packages/robot_omx/__pycache__/__init__.cpython-310.pyc
/home/lucasb/open_mx/install/robot_omx/lib/python3.10/site-packages/robot_omx/__pycache__/kinematic_library.cpython-310.pyc
/home/lucasb/open_mx/install/robot_omx/lib/python3.10/site-packages/robot_omx/__pycache__/inv_kin_client.cpython-310.pyc
/home/lucasb/open_mx/install/robot_omx/lib/python3.10/site-packages/robot_omx/__pycache__/inv_kin_server.cpython-310.pyc
/home/lucasb/open_mx/install/robot_omx/lib/python3.10/site-packages/robot_omx/__pycache__/forward_kin_subscriber.cpython-310.pyc
/home/lucasb/open_mx/install/robot_omx/share/ament_index/resource_index/packages/robot_omx
/home/lucasb/open_mx/install/robot_omx/share/robot_omx/package.xml
/home/lucasb/open_mx/install/robot_omx/lib/python3.10/site-packages/robot_omx-0.0.0-py3.10.egg-info/SOURCES.txt
/home/lucasb/open_mx/install/robot_omx/lib/python3.10/site-packages/robot_omx-0.0.0-py3.10.egg-info/requires.txt
/home/lucasb/open_mx/install/robot_omx/lib/python3.10/site-packages/robot_omx-0.0.0-py3.10.egg-info/top_level.txt
/home/lucasb/open_mx/install/robot_omx/lib/python3.10/site-packages/robot_omx-0.0.0-py3.10.egg-info/PKG-INFO
/home/lucasb/open_mx/install/robot_omx/lib/python3.10/site-packages/robot_omx-0.0.0-py3.10.egg-info/entry_points.txt
/home/lucasb/open_mx/install/robot_omx/lib/python3.10/site-packages/robot_omx-0.0.0-py3.10.egg-info/dependency_links.txt
/home/lucasb/open_mx/install/robot_omx/lib/python3.10/site-packages/robot_omx-0.0.0-py3.10.egg-info/zip-safe
/home/lucasb/open_mx/install/robot_omx/lib/robot_omx/inverse_client
/home/lucasb/open_mx/install/robot_omx/lib/robot_omx/inverse_server
/home/lucasb/open_mx/install/robot_omx/lib/robot_omx/joint_listener
