[0.342s] Invoking command in '/home/lucasb/open_mx/src/robot_omx': PYTHONPATH=/home/lucasb/open_mx/build/robot_omx/prefix_override:/usr/lib/python3/dist-packages/colcon_core/task/python/colcon_distutils_commands:/home/lucasb/open_mx/install/robot_omx/lib/python3.10/site-packages:/home/lucasb/open_mx/install/custom_messages/lib/python3.10/site-packages:/home/lucasb/open_mx/install/robot_omx/lib/python3.10/site-packages:/home/lucasb/open_mx/install/custom_messages/local/lib/python3.10/dist-packages:/opt/ros/humble/lib/python3.10/site-packages:/opt/ros/humble/local/lib/python3.10/dist-packages /usr/bin/python3 -W ignore:setup.py install is deprecated setup.py egg_info --egg-base ../../build/robot_omx build --build-base /home/lucasb/open_mx/build/robot_omx/build install --record /home/lucasb/open_mx/build/robot_omx/install.log --single-version-externally-managed install_data
[0.480s] running egg_info
[0.481s] writing ../../build/robot_omx/robot_omx.egg-info/PKG-INFO
[0.481s] writing dependency_links to ../../build/robot_omx/robot_omx.egg-info/dependency_links.txt
[0.481s] writing entry points to ../../build/robot_omx/robot_omx.egg-info/entry_points.txt
[0.481s] writing requirements to ../../build/robot_omx/robot_omx.egg-info/requires.txt
[0.481s] writing top-level names to ../../build/robot_omx/robot_omx.egg-info/top_level.txt
[0.482s] reading manifest file '../../build/robot_omx/robot_omx.egg-info/SOURCES.txt'
[0.482s] adding license file 'LICENSE'
[0.482s] writing manifest file '../../build/robot_omx/robot_omx.egg-info/SOURCES.txt'
[0.482s] running build
[0.482s] running build_py
[0.482s] copying robot_omx/inv_kin_client.py -> /home/lucasb/open_mx/build/robot_omx/build/lib/robot_omx
[0.482s] running install
[0.483s] running install_lib
[0.483s] copying /home/lucasb/open_mx/build/robot_omx/build/lib/robot_omx/inv_kin_client.py -> /home/lucasb/open_mx/install/robot_omx/lib/python3.10/site-packages/robot_omx
[0.483s] byte-compiling /home/lucasb/open_mx/install/robot_omx/lib/python3.10/site-packages/robot_omx/inv_kin_client.py to inv_kin_client.cpython-310.pyc
[0.484s]   File "/home/lucasb/open_mx/install/robot_omx/lib/python3.10/site-packages/robot_omx/inv_kin_client.py", line 46
[0.484s]     				 f'Joint 2: {joint_angles.q_2}\n'\ 
[0.484s]     				                                   ^
[0.484s] SyntaxError: unexpected character after line continuation character
[0.484s] 
[0.484s] running install_data
[0.484s] running install_egg_info
[0.485s] removing '/home/lucasb/open_mx/install/robot_omx/lib/python3.10/site-packages/robot_omx-0.0.0-py3.10.egg-info' (and everything under it)
[0.485s] Copying ../../build/robot_omx/robot_omx.egg-info to /home/lucasb/open_mx/install/robot_omx/lib/python3.10/site-packages/robot_omx-0.0.0-py3.10.egg-info
[0.485s] running install_scripts
[0.498s] Installing inverse_client script to /home/lucasb/open_mx/install/robot_omx/lib/robot_omx
[0.498s] Installing inverse_server script to /home/lucasb/open_mx/install/robot_omx/lib/robot_omx
[0.498s] Installing joint_listener script to /home/lucasb/open_mx/install/robot_omx/lib/robot_omx
[0.498s] writing list of installed files to '/home/lucasb/open_mx/build/robot_omx/install.log'
[0.511s] Invoked command in '/home/lucasb/open_mx/src/robot_omx' returned '0': PYTHONPATH=/home/lucasb/open_mx/build/robot_omx/prefix_override:/usr/lib/python3/dist-packages/colcon_core/task/python/colcon_distutils_commands:/home/lucasb/open_mx/install/robot_omx/lib/python3.10/site-packages:/home/lucasb/open_mx/install/custom_messages/lib/python3.10/site-packages:/home/lucasb/open_mx/install/robot_omx/lib/python3.10/site-packages:/home/lucasb/open_mx/install/custom_messages/local/lib/python3.10/dist-packages:/opt/ros/humble/lib/python3.10/site-packages:/opt/ros/humble/local/lib/python3.10/dist-packages /usr/bin/python3 -W ignore:setup.py install is deprecated setup.py egg_info --egg-base ../../build/robot_omx build --build-base /home/lucasb/open_mx/build/robot_omx/build install --record /home/lucasb/open_mx/build/robot_omx/install.log --single-version-externally-managed install_data
