[0.022s] Invoking command in '/home/lucasb/OpenManipulatorXRoboticArmKinematics/open_mx/build/open_manipulator_msgs': CMAKE_PREFIX_PATH=${CMAKE_PREFIX_PATH}:/home/lucasb/OpenManipulatorXRoboticArmKinematics/open_mx/install/robot_omx:/home/lucasb/OpenManipulatorXRoboticArmKinematics/open_mx/install/rbe500_example_py:/opt/ros/humble /usr/bin/cmake --build /home/lucasb/OpenManipulatorXRoboticArmKinematics/open_mx/build/open_manipulator_msgs -- -j20 -l20
[0.082s] [  1%] [34m[1mGenerating C code for ROS interfaces[0m
[0.087s] [  2%] [34m[1mGenerating C++ code for ROS interfaces[0m
[0.098s] [  2%] Built target ament_cmake_python_symlink_open_manipulator_msgs
[0.284s] running egg_info
[0.285s] writing open_manipulator_msgs.egg-info/PKG-INFO
[0.285s] writing dependency_links to open_manipulator_msgs.egg-info/dependency_links.txt
[0.285s] writing top-level names to open_manipulator_msgs.egg-info/top_level.txt
[0.288s] reading manifest file 'open_manipulator_msgs.egg-info/SOURCES.txt'
[0.289s] writing manifest file 'open_manipulator_msgs.egg-info/SOURCES.txt'
[0.316s] [  2%] Built target ament_cmake_python_build_open_manipulator_msgs_egg
[1.122s] [  2%] Built target open_manipulator_msgs__cpp
[1.146s] [  3%] [34m[1mGenerating C++ type support for eProsima Fast-RTPS[0m
[1.148s] [  4%] [34m[1mGenerating C++ type support dispatch for ROS interfaces[0m
[1.199s] [  5%] [32mBuilding CXX object CMakeFiles/open_manipulator_msgs__rosidl_typesupport_introspection_cpp.dir/rosidl_typesupport_introspection_cpp/open_manipulator_msgs/msg/detail/joint_position__type_support.cpp.o[0m
[1.206s] [  6%] [32mBuilding CXX object CMakeFiles/open_manipulator_msgs__rosidl_typesupport_introspection_cpp.dir/rosidl_typesupport_introspection_cpp/open_manipulator_msgs/msg/detail/kinematics_pose__type_support.cpp.o[0m
[1.209s] [  7%] [32mBuilding CXX object CMakeFiles/open_manipulator_msgs__rosidl_typesupport_introspection_cpp.dir/rosidl_typesupport_introspection_cpp/open_manipulator_msgs/msg/detail/open_manipulator_state__type_support.cpp.o[0m
[1.211s] [  8%] [32mBuilding CXX object CMakeFiles/open_manipulator_msgs__rosidl_typesupport_introspection_cpp.dir/rosidl_typesupport_introspection_cpp/open_manipulator_msgs/srv/detail/get_kinematics_pose__type_support.cpp.o[0m
[1.227s] [ 10%] [32mBuilding CXX object CMakeFiles/open_manipulator_msgs__rosidl_typesupport_introspection_cpp.dir/rosidl_typesupport_introspection_cpp/open_manipulator_msgs/srv/detail/set_drawing_trajectory__type_support.cpp.o[0m
[1.227s] [ 10%] [32mBuilding CXX object CMakeFiles/open_manipulator_msgs__rosidl_typesupport_introspection_cpp.dir/rosidl_typesupport_introspection_cpp/open_manipulator_msgs/srv/detail/set_joint_position__type_support.cpp.o[0m
[1.227s] [ 11%] [32mBuilding CXX object CMakeFiles/open_manipulator_msgs__rosidl_typesupport_introspection_cpp.dir/rosidl_typesupport_introspection_cpp/open_manipulator_msgs/srv/detail/get_joint_position__type_support.cpp.o[0m
[1.232s] [ 12%] [32mBuilding CXX object CMakeFiles/open_manipulator_msgs__rosidl_typesupport_introspection_cpp.dir/rosidl_typesupport_introspection_cpp/open_manipulator_msgs/srv/detail/set_actuator_state__type_support.cpp.o[0m
[1.234s] [ 13%] [32mBuilding C object CMakeFiles/open_manipulator_msgs__rosidl_generator_c.dir/rosidl_generator_c/open_manipulator_msgs/msg/detail/joint_position__functions.c.o[0m
[1.239s] [ 14%] [32mBuilding CXX object CMakeFiles/open_manipulator_msgs__rosidl_typesupport_introspection_cpp.dir/rosidl_typesupport_introspection_cpp/open_manipulator_msgs/srv/detail/set_kinematics_pose__type_support.cpp.o[0m
[1.252s] [ 15%] [32mBuilding C object CMakeFiles/open_manipulator_msgs__rosidl_generator_c.dir/rosidl_generator_c/open_manipulator_msgs/srv/detail/set_joint_position__functions.c.o[0m
[1.254s] [ 16%] [32mBuilding C object CMakeFiles/open_manipulator_msgs__rosidl_generator_c.dir/rosidl_generator_c/open_manipulator_msgs/srv/detail/get_kinematics_pose__functions.c.o[0m
[1.257s] [ 17%] [32mBuilding C object CMakeFiles/open_manipulator_msgs__rosidl_generator_c.dir/rosidl_generator_c/open_manipulator_msgs/msg/detail/kinematics_pose__functions.c.o[0m
[1.259s] [ 18%] [32mBuilding C object CMakeFiles/open_manipulator_msgs__rosidl_generator_c.dir/rosidl_generator_c/open_manipulator_msgs/srv/detail/get_joint_position__functions.c.o[0m
[1.262s] [ 20%] [32mBuilding C object CMakeFiles/open_manipulator_msgs__rosidl_generator_c.dir/rosidl_generator_c/open_manipulator_msgs/srv/detail/set_kinematics_pose__functions.c.o[0m
[1.262s] [ 21%] [32mBuilding C object CMakeFiles/open_manipulator_msgs__rosidl_generator_c.dir/rosidl_generator_c/open_manipulator_msgs/msg/detail/open_manipulator_state__functions.c.o[0m
[1.279s] [ 22%] [32mBuilding C object CMakeFiles/open_manipulator_msgs__rosidl_generator_c.dir/rosidl_generator_c/open_manipulator_msgs/srv/detail/set_drawing_trajectory__functions.c.o[0m
[1.294s] [ 23%] [32mBuilding C object CMakeFiles/open_manipulator_msgs__rosidl_generator_c.dir/rosidl_generator_c/open_manipulator_msgs/srv/detail/set_actuator_state__functions.c.o[0m
[1.435s] [ 24%] [32m[1mLinking C shared library libopen_manipulator_msgs__rosidl_generator_c.so[0m
[1.505s] [ 24%] Built target open_manipulator_msgs__rosidl_generator_c
[1.529s] [ 25%] [34m[1mGenerating C type support for eProsima Fast-RTPS[0m
[1.533s] [ 26%] [34m[1mGenerating C type support dispatch for ROS interfaces[0m
[1.624s] [ 27%] [32mBuilding C object CMakeFiles/open_manipulator_msgs__rosidl_typesupport_introspection_c.dir/rosidl_typesupport_introspection_c/open_manipulator_msgs/msg/detail/kinematics_pose__type_support.c.o[0m
[1.624s] [ 28%] [32mBuilding C object CMakeFiles/open_manipulator_msgs__rosidl_typesupport_introspection_c.dir/rosidl_typesupport_introspection_c/open_manipulator_msgs/msg/detail/open_manipulator_state__type_support.c.o[0m
[1.626s] [ 29%] [32mBuilding C object CMakeFiles/open_manipulator_msgs__rosidl_typesupport_introspection_c.dir/rosidl_typesupport_introspection_c/open_manipulator_msgs/srv/detail/get_joint_position__type_support.c.o[0m
[1.626s] [ 30%] [32mBuilding C object CMakeFiles/open_manipulator_msgs__rosidl_typesupport_introspection_c.dir/rosidl_typesupport_introspection_c/open_manipulator_msgs/msg/detail/joint_position__type_support.c.o[0m
[1.626s] [ 31%] [32mBuilding C object CMakeFiles/open_manipulator_msgs__rosidl_typesupport_introspection_c.dir/rosidl_typesupport_introspection_c/open_manipulator_msgs/srv/detail/set_joint_position__type_support.c.o[0m
[1.631s] [ 32%] [32mBuilding C object CMakeFiles/open_manipulator_msgs__rosidl_typesupport_introspection_c.dir/rosidl_typesupport_introspection_c/open_manipulator_msgs/srv/detail/set_kinematics_pose__type_support.c.o[0m
[1.637s] [ 33%] [32mBuilding C object CMakeFiles/open_manipulator_msgs__rosidl_typesupport_introspection_c.dir/rosidl_typesupport_introspection_c/open_manipulator_msgs/srv/detail/get_kinematics_pose__type_support.c.o[0m
[1.682s] [ 34%] [32mBuilding C object CMakeFiles/open_manipulator_msgs__rosidl_typesupport_introspection_c.dir/rosidl_typesupport_introspection_c/open_manipulator_msgs/srv/detail/set_actuator_state__type_support.c.o[0m
[1.696s] [ 35%] [32mBuilding C object CMakeFiles/open_manipulator_msgs__rosidl_typesupport_introspection_c.dir/rosidl_typesupport_introspection_c/open_manipulator_msgs/srv/detail/set_drawing_trajectory__type_support.c.o[0m
[1.744s] [ 36%] [32m[1mLinking C shared library libopen_manipulator_msgs__rosidl_typesupport_introspection_c.so[0m
[1.780s] [ 37%] Built target open_manipulator_msgs__rosidl_typesupport_introspection_c
[1.853s] [ 40%] [32mBuilding CXX object CMakeFiles/open_manipulator_msgs__rosidl_typesupport_cpp.dir/rosidl_typesupport_cpp/open_manipulator_msgs/msg/open_manipulator_state__type_support.cpp.o[0m
[1.853s] [ 40%] [32mBuilding CXX object CMakeFiles/open_manipulator_msgs__rosidl_typesupport_cpp.dir/rosidl_typesupport_cpp/open_manipulator_msgs/msg/joint_position__type_support.cpp.o[0m
[1.854s] [ 41%] [32mBuilding CXX object CMakeFiles/open_manipulator_msgs__rosidl_typesupport_cpp.dir/rosidl_typesupport_cpp/open_manipulator_msgs/srv/get_joint_position__type_support.cpp.o[0m
[1.854s] [ 43%] [32mBuilding CXX object CMakeFiles/open_manipulator_msgs__rosidl_typesupport_cpp.dir/rosidl_typesupport_cpp/open_manipulator_msgs/srv/set_joint_position__type_support.cpp.o[0m
[1.855s] [ 43%] [32mBuilding CXX object CMakeFiles/open_manipulator_msgs__rosidl_typesupport_cpp.dir/rosidl_typesupport_cpp/open_manipulator_msgs/msg/kinematics_pose__type_support.cpp.o[0m
[1.856s] [ 45%] [32mBuilding CXX object CMakeFiles/open_manipulator_msgs__rosidl_typesupport_cpp.dir/rosidl_typesupport_cpp/open_manipulator_msgs/srv/set_actuator_state__type_support.cpp.o[0m
[1.862s] [ 44%] [32mBuilding CXX object CMakeFiles/open_manipulator_msgs__rosidl_typesupport_cpp.dir/rosidl_typesupport_cpp/open_manipulator_msgs/srv/get_kinematics_pose__type_support.cpp.o[0m
[1.863s] [ 46%] [32mBuilding CXX object CMakeFiles/open_manipulator_msgs__rosidl_typesupport_cpp.dir/rosidl_typesupport_cpp/open_manipulator_msgs/srv/set_drawing_trajectory__type_support.cpp.o[0m
[1.866s] [ 47%] [32mBuilding CXX object CMakeFiles/open_manipulator_msgs__rosidl_typesupport_cpp.dir/rosidl_typesupport_cpp/open_manipulator_msgs/srv/set_kinematics_pose__type_support.cpp.o[0m
[1.976s] [ 48%] [32m[1mLinking CXX shared library libopen_manipulator_msgs__rosidl_typesupport_introspection_cpp.so[0m
[2.068s] [ 49%] [32mBuilding CXX object CMakeFiles/open_manipulator_msgs__rosidl_typesupport_fastrtps_cpp.dir/rosidl_typesupport_fastrtps_cpp/open_manipulator_msgs/msg/detail/dds_fastrtps/joint_position__type_support.cpp.o[0m
[2.077s] [ 50%] [32mBuilding CXX object CMakeFiles/open_manipulator_msgs__rosidl_typesupport_fastrtps_cpp.dir/rosidl_typesupport_fastrtps_cpp/open_manipulator_msgs/msg/detail/dds_fastrtps/kinematics_pose__type_support.cpp.o[0m
[2.082s] [ 51%] [32mBuilding CXX object CMakeFiles/open_manipulator_msgs__rosidl_typesupport_fastrtps_cpp.dir/rosidl_typesupport_fastrtps_cpp/open_manipulator_msgs/msg/detail/dds_fastrtps/open_manipulator_state__type_support.cpp.o[0m
[2.082s] [ 52%] [32mBuilding CXX object CMakeFiles/open_manipulator_msgs__rosidl_typesupport_fastrtps_cpp.dir/rosidl_typesupport_fastrtps_cpp/open_manipulator_msgs/srv/detail/dds_fastrtps/get_kinematics_pose__type_support.cpp.o[0m
[2.087s] [ 53%] [32mBuilding CXX object CMakeFiles/open_manipulator_msgs__rosidl_typesupport_fastrtps_cpp.dir/rosidl_typesupport_fastrtps_cpp/open_manipulator_msgs/srv/detail/dds_fastrtps/get_joint_position__type_support.cpp.o[0m
[2.090s] [ 54%] [32mBuilding CXX object CMakeFiles/open_manipulator_msgs__rosidl_typesupport_fastrtps_cpp.dir/rosidl_typesupport_fastrtps_cpp/open_manipulator_msgs/srv/detail/dds_fastrtps/set_joint_position__type_support.cpp.o[0m
[2.093s] [ 55%] [32mBuilding CXX object CMakeFiles/open_manipulator_msgs__rosidl_typesupport_fastrtps_cpp.dir/rosidl_typesupport_fastrtps_cpp/open_manipulator_msgs/srv/detail/dds_fastrtps/set_kinematics_pose__type_support.cpp.o[0m
[2.106s] [ 56%] [32mBuilding CXX object CMakeFiles/open_manipulator_msgs__rosidl_typesupport_fastrtps_cpp.dir/rosidl_typesupport_fastrtps_cpp/open_manipulator_msgs/srv/detail/dds_fastrtps/set_drawing_trajectory__type_support.cpp.o[0m
[2.122s] [ 57%] Built target open_manipulator_msgs__rosidl_typesupport_introspection_cpp
[2.124s] [ 58%] [32mBuilding CXX object CMakeFiles/open_manipulator_msgs__rosidl_typesupport_fastrtps_cpp.dir/rosidl_typesupport_fastrtps_cpp/open_manipulator_msgs/srv/detail/dds_fastrtps/set_actuator_state__type_support.cpp.o[0m
[2.738s] [ 60%] [32mBuilding CXX object CMakeFiles/open_manipulator_msgs__rosidl_typesupport_c.dir/rosidl_typesupport_c/open_manipulator_msgs/msg/open_manipulator_state__type_support.cpp.o[0m
[2.747s] [ 61%] [32mBuilding CXX object CMakeFiles/open_manipulator_msgs__rosidl_typesupport_c.dir/rosidl_typesupport_c/open_manipulator_msgs/msg/joint_position__type_support.cpp.o[0m
[2.769s] [ 62%] [32mBuilding CXX object CMakeFiles/open_manipulator_msgs__rosidl_typesupport_c.dir/rosidl_typesupport_c/open_manipulator_msgs/msg/kinematics_pose__type_support.cpp.o[0m
[2.776s] [ 64%] [32mBuilding CXX object CMakeFiles/open_manipulator_msgs__rosidl_typesupport_c.dir/rosidl_typesupport_c/open_manipulator_msgs/srv/get_kinematics_pose__type_support.cpp.o[0m
[2.777s] [ 64%] [32mBuilding CXX object CMakeFiles/open_manipulator_msgs__rosidl_typesupport_c.dir/rosidl_typesupport_c/open_manipulator_msgs/srv/set_joint_position__type_support.cpp.o[0m
[2.783s] [ 65%] [32mBuilding CXX object CMakeFiles/open_manipulator_msgs__rosidl_typesupport_c.dir/rosidl_typesupport_c/open_manipulator_msgs/srv/get_joint_position__type_support.cpp.o[0m
[2.784s] [ 66%] [32mBuilding CXX object CMakeFiles/open_manipulator_msgs__rosidl_typesupport_c.dir/rosidl_typesupport_c/open_manipulator_msgs/srv/set_kinematics_pose__type_support.cpp.o[0m
[2.805s] [ 67%] [32mBuilding CXX object CMakeFiles/open_manipulator_msgs__rosidl_typesupport_c.dir/rosidl_typesupport_c/open_manipulator_msgs/srv/set_drawing_trajectory__type_support.cpp.o[0m
[2.901s] [ 68%] [32mBuilding CXX object CMakeFiles/open_manipulator_msgs__rosidl_typesupport_c.dir/rosidl_typesupport_c/open_manipulator_msgs/srv/set_actuator_state__type_support.cpp.o[0m
[2.975s] [ 69%] [32m[1mLinking CXX shared library libopen_manipulator_msgs__rosidl_typesupport_cpp.so[0m
[3.310s] [ 70%] [32m[1mLinking CXX shared library libopen_manipulator_msgs__rosidl_typesupport_c.so[0m
[3.424s] [ 70%] Built target open_manipulator_msgs__rosidl_typesupport_cpp
[3.692s] [ 70%] Built target open_manipulator_msgs__rosidl_typesupport_c
[4.827s] [ 71%] [32mBuilding CXX object CMakeFiles/open_manipulator_msgs__rosidl_typesupport_fastrtps_c.dir/rosidl_typesupport_fastrtps_c/open_manipulator_msgs/msg/detail/kinematics_pose__type_support_c.cpp.o[0m
[4.830s] [ 72%] [32mBuilding CXX object CMakeFiles/open_manipulator_msgs__rosidl_typesupport_fastrtps_c.dir/rosidl_typesupport_fastrtps_c/open_manipulator_msgs/msg/detail/open_manipulator_state__type_support_c.cpp.o[0m
[4.843s] [ 73%] [32mBuilding CXX object CMakeFiles/open_manipulator_msgs__rosidl_typesupport_fastrtps_c.dir/rosidl_typesupport_fastrtps_c/open_manipulator_msgs/msg/detail/joint_position__type_support_c.cpp.o[0m
[4.848s] [ 74%] [32mBuilding CXX object CMakeFiles/open_manipulator_msgs__rosidl_typesupport_fastrtps_c.dir/rosidl_typesupport_fastrtps_c/open_manipulator_msgs/srv/detail/get_joint_position__type_support_c.cpp.o[0m
[4.869s] [ 75%] [32mBuilding CXX object CMakeFiles/open_manipulator_msgs__rosidl_typesupport_fastrtps_c.dir/rosidl_typesupport_fastrtps_c/open_manipulator_msgs/srv/detail/set_joint_position__type_support_c.cpp.o[0m
[4.911s] [ 76%] [32mBuilding CXX object CMakeFiles/open_manipulator_msgs__rosidl_typesupport_fastrtps_c.dir/rosidl_typesupport_fastrtps_c/open_manipulator_msgs/srv/detail/get_kinematics_pose__type_support_c.cpp.o[0m
[4.923s] [ 77%] [32mBuilding CXX object CMakeFiles/open_manipulator_msgs__rosidl_typesupport_fastrtps_c.dir/rosidl_typesupport_fastrtps_c/open_manipulator_msgs/srv/detail/set_kinematics_pose__type_support_c.cpp.o[0m
[4.941s] [ 80%] [32mBuilding CXX object CMakeFiles/open_manipulator_msgs__rosidl_typesupport_fastrtps_c.dir/rosidl_typesupport_fastrtps_c/open_manipulator_msgs/srv/detail/set_drawing_trajectory__type_support_c.cpp.o[0m
[4.942s] [ 80%] [32mBuilding CXX object CMakeFiles/open_manipulator_msgs__rosidl_typesupport_fastrtps_c.dir/rosidl_typesupport_fastrtps_c/open_manipulator_msgs/srv/detail/set_actuator_state__type_support_c.cpp.o[0m
[6.218s] [ 81%] [32m[1mLinking CXX shared library libopen_manipulator_msgs__rosidl_typesupport_fastrtps_cpp.so[0m
[6.884s] [ 81%] Built target open_manipulator_msgs__rosidl_typesupport_fastrtps_cpp
[8.266s] [ 82%] [32m[1mLinking CXX shared library libopen_manipulator_msgs__rosidl_typesupport_fastrtps_c.so[0m
[8.693s] [ 82%] Built target open_manipulator_msgs__rosidl_typesupport_fastrtps_c
[8.817s] [ 82%] Built target open_manipulator_msgs
[8.949s] [ 83%] Built target open_manipulator_msgs__py
[9.112s] [ 84%] [32mBuilding C object CMakeFiles/open_manipulator_msgs__rosidl_generator_py.dir/rosidl_generator_py/open_manipulator_msgs/srv/_get_kinematics_pose_s.c.o[0m
[9.116s] [ 87%] [32mBuilding C object CMakeFiles/open_manipulator_msgs__rosidl_generator_py.dir/rosidl_generator_py/open_manipulator_msgs/msg/_joint_position_s.c.o[0m
[9.117s] [ 87%] [32mBuilding C object CMakeFiles/open_manipulator_msgs__rosidl_generator_py.dir/rosidl_generator_py/open_manipulator_msgs/srv/_get_joint_position_s.c.o[0m
[9.117s] [ 87%] [32mBuilding C object CMakeFiles/open_manipulator_msgs__rosidl_generator_py.dir/rosidl_generator_py/open_manipulator_msgs/msg/_kinematics_pose_s.c.o[0m
[9.119s] [ 88%] [32mBuilding C object CMakeFiles/open_manipulator_msgs__rosidl_generator_py.dir/rosidl_generator_py/open_manipulator_msgs/srv/_set_kinematics_pose_s.c.o[0m
[9.120s] [ 89%] [32mBuilding C object CMakeFiles/open_manipulator_msgs__rosidl_generator_py.dir/rosidl_generator_py/open_manipulator_msgs/msg/_open_manipulator_state_s.c.o[0m
[9.129s] [ 90%] [32mBuilding C object CMakeFiles/open_manipulator_msgs__rosidl_generator_py.dir/rosidl_generator_py/open_manipulator_msgs/srv/_set_joint_position_s.c.o[0m
[9.135s] [ 91%] [32mBuilding C object CMakeFiles/open_manipulator_msgs__rosidl_generator_py.dir/rosidl_generator_py/open_manipulator_msgs/srv/_set_drawing_trajectory_s.c.o[0m
[9.140s] [ 92%] [32mBuilding C object CMakeFiles/open_manipulator_msgs__rosidl_generator_py.dir/rosidl_generator_py/open_manipulator_msgs/srv/_set_actuator_state_s.c.o[0m
[9.938s] [ 93%] [32m[1mLinking C shared library rosidl_generator_py/open_manipulator_msgs/libopen_manipulator_msgs__rosidl_generator_py.so[0m
[10.200s] [ 93%] Built target open_manipulator_msgs__rosidl_generator_py
[10.334s] [ 94%] [32mBuilding C object CMakeFiles/open_manipulator_msgs__rosidl_typesupport_introspection_c__pyext.dir/rosidl_generator_py/open_manipulator_msgs/_open_manipulator_msgs_s.ep.rosidl_typesupport_introspection_c.c.o[0m
[10.337s] [ 95%] [32mBuilding C object CMakeFiles/open_manipulator_msgs__rosidl_typesupport_fastrtps_c__pyext.dir/rosidl_generator_py/open_manipulator_msgs/_open_manipulator_msgs_s.ep.rosidl_typesupport_fastrtps_c.c.o[0m
[10.350s] [ 96%] [32mBuilding C object CMakeFiles/open_manipulator_msgs__rosidl_typesupport_c__pyext.dir/rosidl_generator_py/open_manipulator_msgs/_open_manipulator_msgs_s.ep.rosidl_typesupport_c.c.o[0m
[11.161s] [ 97%] [32m[1mLinking C shared library rosidl_generator_py/open_manipulator_msgs/open_manipulator_msgs_s__rosidl_typesupport_c.cpython-310-x86_64-linux-gnu.so[0m
[11.168s] [ 98%] [32m[1mLinking C shared library rosidl_generator_py/open_manipulator_msgs/open_manipulator_msgs_s__rosidl_typesupport_fastrtps_c.cpython-310-x86_64-linux-gnu.so[0m
[11.210s] [100%] [32m[1mLinking C shared library rosidl_generator_py/open_manipulator_msgs/open_manipulator_msgs_s__rosidl_typesupport_introspection_c.cpython-310-x86_64-linux-gnu.so[0m
[11.426s] [100%] Built target open_manipulator_msgs__rosidl_typesupport_c__pyext
[11.445s] [100%] Built target open_manipulator_msgs__rosidl_typesupport_fastrtps_c__pyext
[11.451s] [100%] Built target open_manipulator_msgs__rosidl_typesupport_introspection_c__pyext
[11.790s] Invoked command in '/home/lucasb/OpenManipulatorXRoboticArmKinematics/open_mx/build/open_manipulator_msgs' returned '0': CMAKE_PREFIX_PATH=${CMAKE_PREFIX_PATH}:/home/lucasb/OpenManipulatorXRoboticArmKinematics/open_mx/install/robot_omx:/home/lucasb/OpenManipulatorXRoboticArmKinematics/open_mx/install/rbe500_example_py:/opt/ros/humble /usr/bin/cmake --build /home/lucasb/OpenManipulatorXRoboticArmKinematics/open_mx/build/open_manipulator_msgs -- -j20 -l20
[13.367s] Invoking command in '/home/lucasb/OpenManipulatorXRoboticArmKinematics/open_mx/build/open_manipulator_msgs': CMAKE_PREFIX_PATH=${CMAKE_PREFIX_PATH}:/home/lucasb/OpenManipulatorXRoboticArmKinematics/open_mx/install/robot_omx:/home/lucasb/OpenManipulatorXRoboticArmKinematics/open_mx/install/rbe500_example_py:/opt/ros/humble /usr/bin/cmake --install /home/lucasb/OpenManipulatorXRoboticArmKinematics/open_mx/build/open_manipulator_msgs
[13.409s] -- Install configuration: ""
[13.414s] -- Execute custom install script
[13.416s] -- Up-to-date symlink: /home/lucasb/OpenManipulatorXRoboticArmKinematics/open_mx/install/open_manipulator_msgs/share/ament_index/resource_index/rosidl_interfaces/open_manipulator_msgs
[13.422s] -- Up-to-date symlink: /home/lucasb/OpenManipulatorXRoboticArmKinematics/open_mx/install/open_manipulator_msgs/include/open_manipulator_msgs/open_manipulator_msgs/msg/detail/joint_position__functions.h
[13.422s] -- Up-to-date symlink: /home/lucasb/OpenManipulatorXRoboticArmKinematics/open_mx/install/open_manipulator_msgs/include/open_manipulator_msgs/open_manipulator_msgs/msg/detail/joint_position__struct.h
[13.423s] -- Up-to-date symlink: /home/lucasb/OpenManipulatorXRoboticArmKinematics/open_mx/install/open_manipulator_msgs/include/open_manipulator_msgs/open_manipulator_msgs/msg/detail/joint_position__type_support.h
[13.424s] -- Up-to-date symlink: /home/lucasb/OpenManipulatorXRoboticArmKinematics/open_mx/install/open_manipulator_msgs/include/open_manipulator_msgs/open_manipulator_msgs/msg/detail/kinematics_pose__functions.h
[13.425s] -- Up-to-date symlink: /home/lucasb/OpenManipulatorXRoboticArmKinematics/open_mx/install/open_manipulator_msgs/include/open_manipulator_msgs/open_manipulator_msgs/msg/detail/kinematics_pose__struct.h
[13.426s] -- Up-to-date symlink: /home/lucasb/OpenManipulatorXRoboticArmKinematics/open_mx/install/open_manipulator_msgs/include/open_manipulator_msgs/open_manipulator_msgs/msg/detail/kinematics_pose__type_support.h
[13.426s] -- Up-to-date symlink: /home/lucasb/OpenManipulatorXRoboticArmKinematics/open_mx/install/open_manipulator_msgs/include/open_manipulator_msgs/open_manipulator_msgs/msg/detail/open_manipulator_state__functions.h
[13.426s] -- Up-to-date symlink: /home/lucasb/OpenManipulatorXRoboticArmKinematics/open_mx/install/open_manipulator_msgs/include/open_manipulator_msgs/open_manipulator_msgs/msg/detail/open_manipulator_state__struct.h
[13.427s] -- Up-to-date symlink: /home/lucasb/OpenManipulatorXRoboticArmKinematics/open_mx/install/open_manipulator_msgs/include/open_manipulator_msgs/open_manipulator_msgs/msg/detail/open_manipulator_state__type_support.h
[13.428s] -- Up-to-date symlink: /home/lucasb/OpenManipulatorXRoboticArmKinematics/open_mx/install/open_manipulator_msgs/include/open_manipulator_msgs/open_manipulator_msgs/msg/joint_position.h
[13.428s] -- Up-to-date symlink: /home/lucasb/OpenManipulatorXRoboticArmKinematics/open_mx/install/open_manipulator_msgs/include/open_manipulator_msgs/open_manipulator_msgs/msg/kinematics_pose.h
[13.429s] -- Up-to-date symlink: /home/lucasb/OpenManipulatorXRoboticArmKinematics/open_mx/install/open_manipulator_msgs/include/open_manipulator_msgs/open_manipulator_msgs/msg/open_manipulator_state.h
[13.429s] -- Up-to-date symlink: /home/lucasb/OpenManipulatorXRoboticArmKinematics/open_mx/install/open_manipulator_msgs/include/open_manipulator_msgs/open_manipulator_msgs/msg/rosidl_generator_c__visibility_control.h
[13.430s] -- Up-to-date symlink: /home/lucasb/OpenManipulatorXRoboticArmKinematics/open_mx/install/open_manipulator_msgs/include/open_manipulator_msgs/open_manipulator_msgs/srv/detail/get_joint_position__functions.h
[13.431s] -- Up-to-date symlink: /home/lucasb/OpenManipulatorXRoboticArmKinematics/open_mx/install/open_manipulator_msgs/include/open_manipulator_msgs/open_manipulator_msgs/srv/detail/get_joint_position__struct.h
[13.431s] -- Up-to-date symlink: /home/lucasb/OpenManipulatorXRoboticArmKinematics/open_mx/install/open_manipulator_msgs/include/open_manipulator_msgs/open_manipulator_msgs/srv/detail/get_joint_position__type_support.h
[13.432s] -- Up-to-date symlink: /home/lucasb/OpenManipulatorXRoboticArmKinematics/open_mx/install/open_manipulator_msgs/include/open_manipulator_msgs/open_manipulator_msgs/srv/detail/get_kinematics_pose__functions.h
[13.433s] -- Up-to-date symlink: /home/lucasb/OpenManipulatorXRoboticArmKinematics/open_mx/install/open_manipulator_msgs/include/open_manipulator_msgs/open_manipulator_msgs/srv/detail/get_kinematics_pose__struct.h
[13.433s] -- Up-to-date symlink: /home/lucasb/OpenManipulatorXRoboticArmKinematics/open_mx/install/open_manipulator_msgs/include/open_manipulator_msgs/open_manipulator_msgs/srv/detail/get_kinematics_pose__type_support.h
[13.434s] -- Up-to-date symlink: /home/lucasb/OpenManipulatorXRoboticArmKinematics/open_mx/install/open_manipulator_msgs/include/open_manipulator_msgs/open_manipulator_msgs/srv/detail/set_actuator_state__functions.h
[13.435s] -- Up-to-date symlink: /home/lucasb/OpenManipulatorXRoboticArmKinematics/open_mx/install/open_manipulator_msgs/include/open_manipulator_msgs/open_manipulator_msgs/srv/detail/set_actuator_state__struct.h
[13.435s] -- Up-to-date symlink: /home/lucasb/OpenManipulatorXRoboticArmKinematics/open_mx/install/open_manipulator_msgs/include/open_manipulator_msgs/open_manipulator_msgs/srv/detail/set_actuator_state__type_support.h
[13.436s] -- Up-to-date symlink: /home/lucasb/OpenManipulatorXRoboticArmKinematics/open_mx/install/open_manipulator_msgs/include/open_manipulator_msgs/open_manipulator_msgs/srv/detail/set_drawing_trajectory__functions.h
[13.437s] -- Up-to-date symlink: /home/lucasb/OpenManipulatorXRoboticArmKinematics/open_mx/install/open_manipulator_msgs/include/open_manipulator_msgs/open_manipulator_msgs/srv/detail/set_drawing_trajectory__struct.h
[13.438s] -- Up-to-date symlink: /home/lucasb/OpenManipulatorXRoboticArmKinematics/open_mx/install/open_manipulator_msgs/include/open_manipulator_msgs/open_manipulator_msgs/srv/detail/set_drawing_trajectory__type_support.h
[13.439s] -- Up-to-date symlink: /home/lucasb/OpenManipulatorXRoboticArmKinematics/open_mx/install/open_manipulator_msgs/include/open_manipulator_msgs/open_manipulator_msgs/srv/detail/set_joint_position__functions.h
[13.440s] -- Up-to-date symlink: /home/lucasb/OpenManipulatorXRoboticArmKinematics/open_mx/install/open_manipulator_msgs/include/open_manipulator_msgs/open_manipulator_msgs/srv/detail/set_joint_position__struct.h
[13.441s] -- Up-to-date symlink: /home/lucasb/OpenManipulatorXRoboticArmKinematics/open_mx/install/open_manipulator_msgs/include/open_manipulator_msgs/open_manipulator_msgs/srv/detail/set_joint_position__type_support.h
[13.442s] -- Up-to-date symlink: /home/lucasb/OpenManipulatorXRoboticArmKinematics/open_mx/install/open_manipulator_msgs/include/open_manipulator_msgs/open_manipulator_msgs/srv/detail/set_kinematics_pose__functions.h
[13.442s] -- Up-to-date symlink: /home/lucasb/OpenManipulatorXRoboticArmKinematics/open_mx/install/open_manipulator_msgs/include/open_manipulator_msgs/open_manipulator_msgs/srv/detail/set_kinematics_pose__struct.h
[13.443s] -- Up-to-date symlink: /home/lucasb/OpenManipulatorXRoboticArmKinematics/open_mx/install/open_manipulator_msgs/include/open_manipulator_msgs/open_manipulator_msgs/srv/detail/set_kinematics_pose__type_support.h
[13.444s] -- Up-to-date symlink: /home/lucasb/OpenManipulatorXRoboticArmKinematics/open_mx/install/open_manipulator_msgs/include/open_manipulator_msgs/open_manipulator_msgs/srv/get_joint_position.h
[13.444s] -- Up-to-date symlink: /home/lucasb/OpenManipulatorXRoboticArmKinematics/open_mx/install/open_manipulator_msgs/include/open_manipulator_msgs/open_manipulator_msgs/srv/get_kinematics_pose.h
[13.445s] -- Up-to-date symlink: /home/lucasb/OpenManipulatorXRoboticArmKinematics/open_mx/install/open_manipulator_msgs/include/open_manipulator_msgs/open_manipulator_msgs/srv/set_actuator_state.h
[13.445s] -- Up-to-date symlink: /home/lucasb/OpenManipulatorXRoboticArmKinematics/open_mx/install/open_manipulator_msgs/include/open_manipulator_msgs/open_manipulator_msgs/srv/set_drawing_trajectory.h
[13.446s] -- Up-to-date symlink: /home/lucasb/OpenManipulatorXRoboticArmKinematics/open_mx/install/open_manipulator_msgs/include/open_manipulator_msgs/open_manipulator_msgs/srv/set_joint_position.h
[13.446s] -- Up-to-date symlink: /home/lucasb/OpenManipulatorXRoboticArmKinematics/open_mx/install/open_manipulator_msgs/include/open_manipulator_msgs/open_manipulator_msgs/srv/set_kinematics_pose.h
[13.447s] -- Up-to-date symlink: /home/lucasb/OpenManipulatorXRoboticArmKinematics/open_mx/install/open_manipulator_msgs/share/open_manipulator_msgs/environment/library_path.sh
[13.448s] -- Up-to-date symlink: /home/lucasb/OpenManipulatorXRoboticArmKinematics/open_mx/install/open_manipulator_msgs/share/open_manipulator_msgs/environment/library_path.dsv
[13.448s] -- Up-to-date symlink: /home/lucasb/OpenManipulatorXRoboticArmKinematics/open_mx/install/open_manipulator_msgs/include/open_manipulator_msgs/open_manipulator_msgs/msg/detail/joint_position__rosidl_typesupport_fastrtps_c.h
[13.449s] -- Up-to-date symlink: /home/lucasb/OpenManipulatorXRoboticArmKinematics/open_mx/install/open_manipulator_msgs/include/open_manipulator_msgs/open_manipulator_msgs/msg/detail/kinematics_pose__rosidl_typesupport_fastrtps_c.h
[13.450s] -- Up-to-date symlink: /home/lucasb/OpenManipulatorXRoboticArmKinematics/open_mx/install/open_manipulator_msgs/include/open_manipulator_msgs/open_manipulator_msgs/msg/detail/open_manipulator_state__rosidl_typesupport_fastrtps_c.h
[13.450s] -- Up-to-date symlink: /home/lucasb/OpenManipulatorXRoboticArmKinematics/open_mx/install/open_manipulator_msgs/include/open_manipulator_msgs/open_manipulator_msgs/msg/rosidl_typesupport_fastrtps_c__visibility_control.h
[13.451s] -- Up-to-date symlink: /home/lucasb/OpenManipulatorXRoboticArmKinematics/open_mx/install/open_manipulator_msgs/include/open_manipulator_msgs/open_manipulator_msgs/srv/detail/get_joint_position__rosidl_typesupport_fastrtps_c.h
[13.452s] -- Up-to-date symlink: /home/lucasb/OpenManipulatorXRoboticArmKinematics/open_mx/install/open_manipulator_msgs/include/open_manipulator_msgs/open_manipulator_msgs/srv/detail/get_kinematics_pose__rosidl_typesupport_fastrtps_c.h
[13.453s] -- Up-to-date symlink: /home/lucasb/OpenManipulatorXRoboticArmKinematics/open_mx/install/open_manipulator_msgs/include/open_manipulator_msgs/open_manipulator_msgs/srv/detail/set_actuator_state__rosidl_typesupport_fastrtps_c.h
[13.453s] -- Up-to-date symlink: /home/lucasb/OpenManipulatorXRoboticArmKinematics/open_mx/install/open_manipulator_msgs/include/open_manipulator_msgs/open_manipulator_msgs/srv/detail/set_drawing_trajectory__rosidl_typesupport_fastrtps_c.h
[13.454s] -- Up-to-date symlink: /home/lucasb/OpenManipulatorXRoboticArmKinematics/open_mx/install/open_manipulator_msgs/include/open_manipulator_msgs/open_manipulator_msgs/srv/detail/set_joint_position__rosidl_typesupport_fastrtps_c.h
[13.454s] -- Up-to-date symlink: /home/lucasb/OpenManipulatorXRoboticArmKinematics/open_mx/install/open_manipulator_msgs/include/open_manipulator_msgs/open_manipulator_msgs/srv/detail/set_kinematics_pose__rosidl_typesupport_fastrtps_c.h
[13.457s] -- Up-to-date symlink: /home/lucasb/OpenManipulatorXRoboticArmKinematics/open_mx/install/open_manipulator_msgs/include/open_manipulator_msgs/open_manipulator_msgs/msg/detail/joint_position__builder.hpp
[13.458s] -- Up-to-date symlink: /home/lucasb/OpenManipulatorXRoboticArmKinematics/open_mx/install/open_manipulator_msgs/include/open_manipulator_msgs/open_manipulator_msgs/msg/detail/joint_position__struct.hpp
[13.459s] -- Up-to-date symlink: /home/lucasb/OpenManipulatorXRoboticArmKinematics/open_mx/install/open_manipulator_msgs/include/open_manipulator_msgs/open_manipulator_msgs/msg/detail/joint_position__traits.hpp
[13.460s] -- Up-to-date symlink: /home/lucasb/OpenManipulatorXRoboticArmKinematics/open_mx/install/open_manipulator_msgs/include/open_manipulator_msgs/open_manipulator_msgs/msg/detail/kinematics_pose__builder.hpp
[13.461s] -- Up-to-date symlink: /home/lucasb/OpenManipulatorXRoboticArmKinematics/open_mx/install/open_manipulator_msgs/include/open_manipulator_msgs/open_manipulator_msgs/msg/detail/kinematics_pose__struct.hpp
[13.462s] -- Up-to-date symlink: /home/lucasb/OpenManipulatorXRoboticArmKinematics/open_mx/install/open_manipulator_msgs/include/open_manipulator_msgs/open_manipulator_msgs/msg/detail/kinematics_pose__traits.hpp
[13.463s] -- Up-to-date symlink: /home/lucasb/OpenManipulatorXRoboticArmKinematics/open_mx/install/open_manipulator_msgs/include/open_manipulator_msgs/open_manipulator_msgs/msg/detail/open_manipulator_state__builder.hpp
[13.463s] -- Up-to-date symlink: /home/lucasb/OpenManipulatorXRoboticArmKinematics/open_mx/install/open_manipulator_msgs/include/open_manipulator_msgs/open_manipulator_msgs/msg/detail/open_manipulator_state__struct.hpp
[13.464s] -- Up-to-date symlink: /home/lucasb/OpenManipulatorXRoboticArmKinematics/open_mx/install/open_manipulator_msgs/include/open_manipulator_msgs/open_manipulator_msgs/msg/detail/open_manipulator_state__traits.hpp
[13.464s] -- Up-to-date symlink: /home/lucasb/OpenManipulatorXRoboticArmKinematics/open_mx/install/open_manipulator_msgs/include/open_manipulator_msgs/open_manipulator_msgs/msg/joint_position.hpp
[13.464s] -- Up-to-date symlink: /home/lucasb/OpenManipulatorXRoboticArmKinematics/open_mx/install/open_manipulator_msgs/include/open_manipulator_msgs/open_manipulator_msgs/msg/kinematics_pose.hpp
[13.465s] -- Up-to-date symlink: /home/lucasb/OpenManipulatorXRoboticArmKinematics/open_mx/install/open_manipulator_msgs/include/open_manipulator_msgs/open_manipulator_msgs/msg/open_manipulator_state.hpp
[13.465s] -- Up-to-date symlink: /home/lucasb/OpenManipulatorXRoboticArmKinematics/open_mx/install/open_manipulator_msgs/include/open_manipulator_msgs/open_manipulator_msgs/srv/detail/get_joint_position__builder.hpp
[13.466s] -- Up-to-date symlink: /home/lucasb/OpenManipulatorXRoboticArmKinematics/open_mx/install/open_manipulator_msgs/include/open_manipulator_msgs/open_manipulator_msgs/srv/detail/get_joint_position__struct.hpp
[13.466s] -- Up-to-date symlink: /home/lucasb/OpenManipulatorXRoboticArmKinematics/open_mx/install/open_manipulator_msgs/include/open_manipulator_msgs/open_manipulator_msgs/srv/detail/get_joint_position__traits.hpp
[13.466s] -- Up-to-date symlink: /home/lucasb/OpenManipulatorXRoboticArmKinematics/open_mx/install/open_manipulator_msgs/include/open_manipulator_msgs/open_manipulator_msgs/srv/detail/get_kinematics_pose__builder.hpp
[13.467s] -- Up-to-date symlink: /home/lucasb/OpenManipulatorXRoboticArmKinematics/open_mx/install/open_manipulator_msgs/include/open_manipulator_msgs/open_manipulator_msgs/srv/detail/get_kinematics_pose__struct.hpp
[13.467s] -- Up-to-date symlink: /home/lucasb/OpenManipulatorXRoboticArmKinematics/open_mx/install/open_manipulator_msgs/include/open_manipulator_msgs/open_manipulator_msgs/srv/detail/get_kinematics_pose__traits.hpp
[13.468s] -- Up-to-date symlink: /home/lucasb/OpenManipulatorXRoboticArmKinematics/open_mx/install/open_manipulator_msgs/include/open_manipulator_msgs/open_manipulator_msgs/srv/detail/set_actuator_state__builder.hpp
[13.468s] -- Up-to-date symlink: /home/lucasb/OpenManipulatorXRoboticArmKinematics/open_mx/install/open_manipulator_msgs/include/open_manipulator_msgs/open_manipulator_msgs/srv/detail/set_actuator_state__struct.hpp
[13.469s] -- Up-to-date symlink: /home/lucasb/OpenManipulatorXRoboticArmKinematics/open_mx/install/open_manipulator_msgs/include/open_manipulator_msgs/open_manipulator_msgs/srv/detail/set_actuator_state__traits.hpp
[13.469s] -- Up-to-date symlink: /home/lucasb/OpenManipulatorXRoboticArmKinematics/open_mx/install/open_manipulator_msgs/include/open_manipulator_msgs/open_manipulator_msgs/srv/detail/set_drawing_trajectory__builder.hpp
[13.470s] -- Up-to-date symlink: /home/lucasb/OpenManipulatorXRoboticArmKinematics/open_mx/install/open_manipulator_msgs/include/open_manipulator_msgs/open_manipulator_msgs/srv/detail/set_drawing_trajectory__struct.hpp
[13.471s] -- Up-to-date symlink: /home/lucasb/OpenManipulatorXRoboticArmKinematics/open_mx/install/open_manipulator_msgs/include/open_manipulator_msgs/open_manipulator_msgs/srv/detail/set_drawing_trajectory__traits.hpp
[13.471s] -- Up-to-date symlink: /home/lucasb/OpenManipulatorXRoboticArmKinematics/open_mx/install/open_manipulator_msgs/include/open_manipulator_msgs/open_manipulator_msgs/srv/detail/set_joint_position__builder.hpp
[13.472s] -- Up-to-date symlink: /home/lucasb/OpenManipulatorXRoboticArmKinematics/open_mx/install/open_manipulator_msgs/include/open_manipulator_msgs/open_manipulator_msgs/srv/detail/set_joint_position__struct.hpp
[13.472s] -- Up-to-date symlink: /home/lucasb/OpenManipulatorXRoboticArmKinematics/open_mx/install/open_manipulator_msgs/include/open_manipulator_msgs/open_manipulator_msgs/srv/detail/set_joint_position__traits.hpp
[13.473s] -- Up-to-date symlink: /home/lucasb/OpenManipulatorXRoboticArmKinematics/open_mx/install/open_manipulator_msgs/include/open_manipulator_msgs/open_manipulator_msgs/srv/detail/set_kinematics_pose__builder.hpp
[13.473s] -- Up-to-date symlink: /home/lucasb/OpenManipulatorXRoboticArmKinematics/open_mx/install/open_manipulator_msgs/include/open_manipulator_msgs/open_manipulator_msgs/srv/detail/set_kinematics_pose__struct.hpp
[13.474s] -- Up-to-date symlink: /home/lucasb/OpenManipulatorXRoboticArmKinematics/open_mx/install/open_manipulator_msgs/include/open_manipulator_msgs/open_manipulator_msgs/srv/detail/set_kinematics_pose__traits.hpp
[13.474s] -- Up-to-date symlink: /home/lucasb/OpenManipulatorXRoboticArmKinematics/open_mx/install/open_manipulator_msgs/include/open_manipulator_msgs/open_manipulator_msgs/srv/get_joint_position.hpp
[13.475s] -- Up-to-date symlink: /home/lucasb/OpenManipulatorXRoboticArmKinematics/open_mx/install/open_manipulator_msgs/include/open_manipulator_msgs/open_manipulator_msgs/srv/get_kinematics_pose.hpp
[13.475s] -- Up-to-date symlink: /home/lucasb/OpenManipulatorXRoboticArmKinematics/open_mx/install/open_manipulator_msgs/include/open_manipulator_msgs/open_manipulator_msgs/srv/set_actuator_state.hpp
[13.476s] -- Up-to-date symlink: /home/lucasb/OpenManipulatorXRoboticArmKinematics/open_mx/install/open_manipulator_msgs/include/open_manipulator_msgs/open_manipulator_msgs/srv/set_drawing_trajectory.hpp
[13.477s] -- Up-to-date symlink: /home/lucasb/OpenManipulatorXRoboticArmKinematics/open_mx/install/open_manipulator_msgs/include/open_manipulator_msgs/open_manipulator_msgs/srv/set_joint_position.hpp
[13.478s] -- Up-to-date symlink: /home/lucasb/OpenManipulatorXRoboticArmKinematics/open_mx/install/open_manipulator_msgs/include/open_manipulator_msgs/open_manipulator_msgs/srv/set_kinematics_pose.hpp
[13.482s] -- Up-to-date symlink: /home/lucasb/OpenManipulatorXRoboticArmKinematics/open_mx/install/open_manipulator_msgs/include/open_manipulator_msgs/open_manipulator_msgs/msg/detail/joint_position__rosidl_typesupport_fastrtps_cpp.hpp
[13.482s] -- Up-to-date symlink: /home/lucasb/OpenManipulatorXRoboticArmKinematics/open_mx/install/open_manipulator_msgs/include/open_manipulator_msgs/open_manipulator_msgs/msg/detail/kinematics_pose__rosidl_typesupport_fastrtps_cpp.hpp
[13.483s] -- Up-to-date symlink: /home/lucasb/OpenManipulatorXRoboticArmKinematics/open_mx/install/open_manipulator_msgs/include/open_manipulator_msgs/open_manipulator_msgs/msg/detail/open_manipulator_state__rosidl_typesupport_fastrtps_cpp.hpp
[13.484s] -- Up-to-date symlink: /home/lucasb/OpenManipulatorXRoboticArmKinematics/open_mx/install/open_manipulator_msgs/include/open_manipulator_msgs/open_manipulator_msgs/msg/rosidl_typesupport_fastrtps_cpp__visibility_control.h
[13.484s] -- Up-to-date symlink: /home/lucasb/OpenManipulatorXRoboticArmKinematics/open_mx/install/open_manipulator_msgs/include/open_manipulator_msgs/open_manipulator_msgs/srv/detail/get_joint_position__rosidl_typesupport_fastrtps_cpp.hpp
[13.485s] -- Up-to-date symlink: /home/lucasb/OpenManipulatorXRoboticArmKinematics/open_mx/install/open_manipulator_msgs/include/open_manipulator_msgs/open_manipulator_msgs/srv/detail/get_kinematics_pose__rosidl_typesupport_fastrtps_cpp.hpp
[13.486s] -- Up-to-date symlink: /home/lucasb/OpenManipulatorXRoboticArmKinematics/open_mx/install/open_manipulator_msgs/include/open_manipulator_msgs/open_manipulator_msgs/srv/detail/set_actuator_state__rosidl_typesupport_fastrtps_cpp.hpp
[13.486s] -- Up-to-date symlink: /home/lucasb/OpenManipulatorXRoboticArmKinematics/open_mx/install/open_manipulator_msgs/include/open_manipulator_msgs/open_manipulator_msgs/srv/detail/set_drawing_trajectory__rosidl_typesupport_fastrtps_cpp.hpp
[13.487s] -- Up-to-date symlink: /home/lucasb/OpenManipulatorXRoboticArmKinematics/open_mx/install/open_manipulator_msgs/include/open_manipulator_msgs/open_manipulator_msgs/srv/detail/set_joint_position__rosidl_typesupport_fastrtps_cpp.hpp
[13.488s] -- Up-to-date symlink: /home/lucasb/OpenManipulatorXRoboticArmKinematics/open_mx/install/open_manipulator_msgs/include/open_manipulator_msgs/open_manipulator_msgs/srv/detail/set_kinematics_pose__rosidl_typesupport_fastrtps_cpp.hpp
[13.489s] -- Up-to-date symlink: /home/lucasb/OpenManipulatorXRoboticArmKinematics/open_mx/install/open_manipulator_msgs/include/open_manipulator_msgs/open_manipulator_msgs/msg/detail/joint_position__rosidl_typesupport_introspection_c.h
[13.490s] -- Up-to-date symlink: /home/lucasb/OpenManipulatorXRoboticArmKinematics/open_mx/install/open_manipulator_msgs/include/open_manipulator_msgs/open_manipulator_msgs/msg/detail/kinematics_pose__rosidl_typesupport_introspection_c.h
[13.491s] -- Up-to-date symlink: /home/lucasb/OpenManipulatorXRoboticArmKinematics/open_mx/install/open_manipulator_msgs/include/open_manipulator_msgs/open_manipulator_msgs/msg/detail/open_manipulator_state__rosidl_typesupport_introspection_c.h
[13.492s] -- Up-to-date symlink: /home/lucasb/OpenManipulatorXRoboticArmKinematics/open_mx/install/open_manipulator_msgs/include/open_manipulator_msgs/open_manipulator_msgs/msg/rosidl_typesupport_introspection_c__visibility_control.h
[13.492s] -- Up-to-date symlink: /home/lucasb/OpenManipulatorXRoboticArmKinematics/open_mx/install/open_manipulator_msgs/include/open_manipulator_msgs/open_manipulator_msgs/srv/detail/get_joint_position__rosidl_typesupport_introspection_c.h
[13.493s] -- Up-to-date symlink: /home/lucasb/OpenManipulatorXRoboticArmKinematics/open_mx/install/open_manipulator_msgs/include/open_manipulator_msgs/open_manipulator_msgs/srv/detail/get_kinematics_pose__rosidl_typesupport_introspection_c.h
[13.494s] -- Up-to-date symlink: /home/lucasb/OpenManipulatorXRoboticArmKinematics/open_mx/install/open_manipulator_msgs/include/open_manipulator_msgs/open_manipulator_msgs/srv/detail/set_actuator_state__rosidl_typesupport_introspection_c.h
[13.494s] -- Up-to-date symlink: /home/lucasb/OpenManipulatorXRoboticArmKinematics/open_mx/install/open_manipulator_msgs/include/open_manipulator_msgs/open_manipulator_msgs/srv/detail/set_drawing_trajectory__rosidl_typesupport_introspection_c.h
[13.494s] -- Up-to-date symlink: /home/lucasb/OpenManipulatorXRoboticArmKinematics/open_mx/install/open_manipulator_msgs/include/open_manipulator_msgs/open_manipulator_msgs/srv/detail/set_joint_position__rosidl_typesupport_introspection_c.h
[13.495s] -- Up-to-date symlink: /home/lucasb/OpenManipulatorXRoboticArmKinematics/open_mx/install/open_manipulator_msgs/include/open_manipulator_msgs/open_manipulator_msgs/srv/detail/set_kinematics_pose__rosidl_typesupport_introspection_c.h
[13.497s] -- Up-to-date symlink: /home/lucasb/OpenManipulatorXRoboticArmKinematics/open_mx/install/open_manipulator_msgs/include/open_manipulator_msgs/open_manipulator_msgs/msg/detail/joint_position__rosidl_typesupport_introspection_cpp.hpp
[13.498s] -- Up-to-date symlink: /home/lucasb/OpenManipulatorXRoboticArmKinematics/open_mx/install/open_manipulator_msgs/include/open_manipulator_msgs/open_manipulator_msgs/msg/detail/kinematics_pose__rosidl_typesupport_introspection_cpp.hpp
[13.498s] -- Up-to-date symlink: /home/lucasb/OpenManipulatorXRoboticArmKinematics/open_mx/install/open_manipulator_msgs/include/open_manipulator_msgs/open_manipulator_msgs/msg/detail/open_manipulator_state__rosidl_typesupport_introspection_cpp.hpp
[13.499s] -- Up-to-date symlink: /home/lucasb/OpenManipulatorXRoboticArmKinematics/open_mx/install/open_manipulator_msgs/include/open_manipulator_msgs/open_manipulator_msgs/srv/detail/get_joint_position__rosidl_typesupport_introspection_cpp.hpp
[13.500s] -- Up-to-date symlink: /home/lucasb/OpenManipulatorXRoboticArmKinematics/open_mx/install/open_manipulator_msgs/include/open_manipulator_msgs/open_manipulator_msgs/srv/detail/get_kinematics_pose__rosidl_typesupport_introspection_cpp.hpp
[13.500s] -- Up-to-date symlink: /home/lucasb/OpenManipulatorXRoboticArmKinematics/open_mx/install/open_manipulator_msgs/include/open_manipulator_msgs/open_manipulator_msgs/srv/detail/set_actuator_state__rosidl_typesupport_introspection_cpp.hpp
[13.501s] -- Up-to-date symlink: /home/lucasb/OpenManipulatorXRoboticArmKinematics/open_mx/install/open_manipulator_msgs/include/open_manipulator_msgs/open_manipulator_msgs/srv/detail/set_drawing_trajectory__rosidl_typesupport_introspection_cpp.hpp
[13.501s] -- Up-to-date symlink: /home/lucasb/OpenManipulatorXRoboticArmKinematics/open_mx/install/open_manipulator_msgs/include/open_manipulator_msgs/open_manipulator_msgs/srv/detail/set_joint_position__rosidl_typesupport_introspection_cpp.hpp
[13.501s] -- Up-to-date symlink: /home/lucasb/OpenManipulatorXRoboticArmKinematics/open_mx/install/open_manipulator_msgs/include/open_manipulator_msgs/open_manipulator_msgs/srv/detail/set_kinematics_pose__rosidl_typesupport_introspection_cpp.hpp
[13.502s] -- Up-to-date symlink: /home/lucasb/OpenManipulatorXRoboticArmKinematics/open_mx/install/open_manipulator_msgs/share/open_manipulator_msgs/environment/pythonpath.sh
[13.503s] -- Up-to-date symlink: /home/lucasb/OpenManipulatorXRoboticArmKinematics/open_mx/install/open_manipulator_msgs/share/open_manipulator_msgs/environment/pythonpath.dsv
[13.505s] -- Up-to-date symlink: /home/lucasb/OpenManipulatorXRoboticArmKinematics/open_mx/install/open_manipulator_msgs/local/lib/python3.10/dist-packages/open_manipulator_msgs-2.2.0-py3.10.egg-info/PKG-INFO
[13.505s] -- Up-to-date symlink: /home/lucasb/OpenManipulatorXRoboticArmKinematics/open_mx/install/open_manipulator_msgs/local/lib/python3.10/dist-packages/open_manipulator_msgs-2.2.0-py3.10.egg-info/SOURCES.txt
[13.506s] -- Up-to-date symlink: /home/lucasb/OpenManipulatorXRoboticArmKinematics/open_mx/install/open_manipulator_msgs/local/lib/python3.10/dist-packages/open_manipulator_msgs-2.2.0-py3.10.egg-info/dependency_links.txt
[13.507s] -- Up-to-date symlink: /home/lucasb/OpenManipulatorXRoboticArmKinematics/open_mx/install/open_manipulator_msgs/local/lib/python3.10/dist-packages/open_manipulator_msgs-2.2.0-py3.10.egg-info/top_level.txt
[13.523s] -- Up-to-date symlink: /home/lucasb/OpenManipulatorXRoboticArmKinematics/open_mx/install/open_manipulator_msgs/local/lib/python3.10/dist-packages/open_manipulator_msgs/__init__.py
[13.523s] -- Up-to-date symlink: /home/lucasb/OpenManipulatorXRoboticArmKinematics/open_mx/install/open_manipulator_msgs/local/lib/python3.10/dist-packages/open_manipulator_msgs/_open_manipulator_msgs_s.ep.rosidl_typesupport_c.c
[13.524s] -- Up-to-date symlink: /home/lucasb/OpenManipulatorXRoboticArmKinematics/open_mx/install/open_manipulator_msgs/local/lib/python3.10/dist-packages/open_manipulator_msgs/_open_manipulator_msgs_s.ep.rosidl_typesupport_fastrtps_c.c
[13.525s] -- Up-to-date symlink: /home/lucasb/OpenManipulatorXRoboticArmKinematics/open_mx/install/open_manipulator_msgs/local/lib/python3.10/dist-packages/open_manipulator_msgs/_open_manipulator_msgs_s.ep.rosidl_typesupport_introspection_c.c
[13.525s] -- Up-to-date symlink: /home/lucasb/OpenManipulatorXRoboticArmKinematics/open_mx/install/open_manipulator_msgs/local/lib/python3.10/dist-packages/open_manipulator_msgs/libopen_manipulator_msgs__rosidl_generator_py.so
[13.526s] -- Up-to-date symlink: /home/lucasb/OpenManipulatorXRoboticArmKinematics/open_mx/install/open_manipulator_msgs/local/lib/python3.10/dist-packages/open_manipulator_msgs/msg/__init__.py
[13.529s] -- Up-to-date symlink: /home/lucasb/OpenManipulatorXRoboticArmKinematics/open_mx/install/open_manipulator_msgs/local/lib/python3.10/dist-packages/open_manipulator_msgs/msg/_joint_position.py
[13.530s] -- Up-to-date symlink: /home/lucasb/OpenManipulatorXRoboticArmKinematics/open_mx/install/open_manipulator_msgs/local/lib/python3.10/dist-packages/open_manipulator_msgs/msg/_joint_position_s.c
[13.530s] -- Up-to-date symlink: /home/lucasb/OpenManipulatorXRoboticArmKinematics/open_mx/install/open_manipulator_msgs/local/lib/python3.10/dist-packages/open_manipulator_msgs/msg/_kinematics_pose.py
[13.531s] -- Up-to-date symlink: /home/lucasb/OpenManipulatorXRoboticArmKinematics/open_mx/install/open_manipulator_msgs/local/lib/python3.10/dist-packages/open_manipulator_msgs/msg/_kinematics_pose_s.c
[13.531s] -- Up-to-date symlink: /home/lucasb/OpenManipulatorXRoboticArmKinematics/open_mx/install/open_manipulator_msgs/local/lib/python3.10/dist-packages/open_manipulator_msgs/msg/_open_manipulator_state.py
[13.531s] -- Up-to-date symlink: /home/lucasb/OpenManipulatorXRoboticArmKinematics/open_mx/install/open_manipulator_msgs/local/lib/python3.10/dist-packages/open_manipulator_msgs/msg/_open_manipulator_state_s.c
[13.532s] -- Up-to-date symlink: /home/lucasb/OpenManipulatorXRoboticArmKinematics/open_mx/install/open_manipulator_msgs/local/lib/python3.10/dist-packages/open_manipulator_msgs/open_manipulator_msgs_s__rosidl_typesupport_c.cpython-310-x86_64-linux-gnu.so
[13.532s] -- Up-to-date symlink: /home/lucasb/OpenManipulatorXRoboticArmKinematics/open_mx/install/open_manipulator_msgs/local/lib/python3.10/dist-packages/open_manipulator_msgs/open_manipulator_msgs_s__rosidl_typesupport_fastrtps_c.cpython-310-x86_64-linux-gnu.so
[13.532s] -- Up-to-date symlink: /home/lucasb/OpenManipulatorXRoboticArmKinematics/open_mx/install/open_manipulator_msgs/local/lib/python3.10/dist-packages/open_manipulator_msgs/open_manipulator_msgs_s__rosidl_typesupport_introspection_c.cpython-310-x86_64-linux-gnu.so
[13.532s] -- Up-to-date symlink: /home/lucasb/OpenManipulatorXRoboticArmKinematics/open_mx/install/open_manipulator_msgs/local/lib/python3.10/dist-packages/open_manipulator_msgs/srv/__init__.py
[13.533s] -- Up-to-date symlink: /home/lucasb/OpenManipulatorXRoboticArmKinematics/open_mx/install/open_manipulator_msgs/local/lib/python3.10/dist-packages/open_manipulator_msgs/srv/_get_joint_position.py
[13.533s] -- Up-to-date symlink: /home/lucasb/OpenManipulatorXRoboticArmKinematics/open_mx/install/open_manipulator_msgs/local/lib/python3.10/dist-packages/open_manipulator_msgs/srv/_get_joint_position_s.c
[13.533s] -- Up-to-date symlink: /home/lucasb/OpenManipulatorXRoboticArmKinematics/open_mx/install/open_manipulator_msgs/local/lib/python3.10/dist-packages/open_manipulator_msgs/srv/_get_kinematics_pose.py
[13.534s] -- Up-to-date symlink: /home/lucasb/OpenManipulatorXRoboticArmKinematics/open_mx/install/open_manipulator_msgs/local/lib/python3.10/dist-packages/open_manipulator_msgs/srv/_get_kinematics_pose_s.c
[13.534s] -- Up-to-date symlink: /home/lucasb/OpenManipulatorXRoboticArmKinematics/open_mx/install/open_manipulator_msgs/local/lib/python3.10/dist-packages/open_manipulator_msgs/srv/_set_actuator_state.py
[13.534s] -- Up-to-date symlink: /home/lucasb/OpenManipulatorXRoboticArmKinematics/open_mx/install/open_manipulator_msgs/local/lib/python3.10/dist-packages/open_manipulator_msgs/srv/_set_actuator_state_s.c
[13.535s] -- Up-to-date symlink: /home/lucasb/OpenManipulatorXRoboticArmKinematics/open_mx/install/open_manipulator_msgs/local/lib/python3.10/dist-packages/open_manipulator_msgs/srv/_set_drawing_trajectory.py
[13.535s] -- Up-to-date symlink: /home/lucasb/OpenManipulatorXRoboticArmKinematics/open_mx/install/open_manipulator_msgs/local/lib/python3.10/dist-packages/open_manipulator_msgs/srv/_set_drawing_trajectory_s.c
[13.536s] -- Up-to-date symlink: /home/lucasb/OpenManipulatorXRoboticArmKinematics/open_mx/install/open_manipulator_msgs/local/lib/python3.10/dist-packages/open_manipulator_msgs/srv/_set_joint_position.py
[13.536s] -- Up-to-date symlink: /home/lucasb/OpenManipulatorXRoboticArmKinematics/open_mx/install/open_manipulator_msgs/local/lib/python3.10/dist-packages/open_manipulator_msgs/srv/_set_joint_position_s.c
[13.536s] -- Up-to-date symlink: /home/lucasb/OpenManipulatorXRoboticArmKinematics/open_mx/install/open_manipulator_msgs/local/lib/python3.10/dist-packages/open_manipulator_msgs/srv/_set_kinematics_pose.py
[13.537s] -- Up-to-date symlink: /home/lucasb/OpenManipulatorXRoboticArmKinematics/open_mx/install/open_manipulator_msgs/local/lib/python3.10/dist-packages/open_manipulator_msgs/srv/_set_kinematics_pose_s.c
[13.537s] -- Up-to-date symlink: /home/lucasb/OpenManipulatorXRoboticArmKinematics/open_mx/install/open_manipulator_msgs/local/lib/python3.10/dist-packages/open_manipulator_msgs/open_manipulator_msgs_s__rosidl_typesupport_fastrtps_c.cpython-310-x86_64-linux-gnu.so
[13.538s] -- Up-to-date symlink: /home/lucasb/OpenManipulatorXRoboticArmKinematics/open_mx/install/open_manipulator_msgs/local/lib/python3.10/dist-packages/open_manipulator_msgs/open_manipulator_msgs_s__rosidl_typesupport_introspection_c.cpython-310-x86_64-linux-gnu.so
[13.539s] -- Up-to-date symlink: /home/lucasb/OpenManipulatorXRoboticArmKinematics/open_mx/install/open_manipulator_msgs/local/lib/python3.10/dist-packages/open_manipulator_msgs/open_manipulator_msgs_s__rosidl_typesupport_c.cpython-310-x86_64-linux-gnu.so
[13.539s] -- Up-to-date symlink: /home/lucasb/OpenManipulatorXRoboticArmKinematics/open_mx/install/open_manipulator_msgs/share/open_manipulator_msgs/msg/JointPosition.idl
[13.540s] -- Up-to-date symlink: /home/lucasb/OpenManipulatorXRoboticArmKinematics/open_mx/install/open_manipulator_msgs/share/open_manipulator_msgs/msg/KinematicsPose.idl
[13.540s] -- Up-to-date symlink: /home/lucasb/OpenManipulatorXRoboticArmKinematics/open_mx/install/open_manipulator_msgs/share/open_manipulator_msgs/msg/OpenManipulatorState.idl
[13.541s] -- Up-to-date symlink: /home/lucasb/OpenManipulatorXRoboticArmKinematics/open_mx/install/open_manipulator_msgs/share/open_manipulator_msgs/srv/GetJointPosition.idl
[13.542s] -- Up-to-date symlink: /home/lucasb/OpenManipulatorXRoboticArmKinematics/open_mx/install/open_manipulator_msgs/share/open_manipulator_msgs/srv/GetKinematicsPose.idl
[13.542s] -- Up-to-date symlink: /home/lucasb/OpenManipulatorXRoboticArmKinematics/open_mx/install/open_manipulator_msgs/share/open_manipulator_msgs/srv/SetJointPosition.idl
[13.542s] -- Up-to-date symlink: /home/lucasb/OpenManipulatorXRoboticArmKinematics/open_mx/install/open_manipulator_msgs/share/open_manipulator_msgs/srv/SetKinematicsPose.idl
[13.543s] -- Up-to-date symlink: /home/lucasb/OpenManipulatorXRoboticArmKinematics/open_mx/install/open_manipulator_msgs/share/open_manipulator_msgs/srv/SetDrawingTrajectory.idl
[13.544s] -- Up-to-date symlink: /home/lucasb/OpenManipulatorXRoboticArmKinematics/open_mx/install/open_manipulator_msgs/share/open_manipulator_msgs/srv/SetActuatorState.idl
[13.545s] -- Up-to-date symlink: /home/lucasb/OpenManipulatorXRoboticArmKinematics/open_mx/install/open_manipulator_msgs/share/open_manipulator_msgs/msg/JointPosition.msg
[13.546s] -- Up-to-date symlink: /home/lucasb/OpenManipulatorXRoboticArmKinematics/open_mx/install/open_manipulator_msgs/share/open_manipulator_msgs/msg/KinematicsPose.msg
[13.548s] -- Up-to-date symlink: /home/lucasb/OpenManipulatorXRoboticArmKinematics/open_mx/install/open_manipulator_msgs/share/open_manipulator_msgs/msg/OpenManipulatorState.msg
[13.548s] -- Up-to-date symlink: /home/lucasb/OpenManipulatorXRoboticArmKinematics/open_mx/install/open_manipulator_msgs/share/open_manipulator_msgs/srv/GetJointPosition.srv
[13.550s] -- Up-to-date symlink: /home/lucasb/OpenManipulatorXRoboticArmKinematics/open_mx/install/open_manipulator_msgs/share/open_manipulator_msgs/srv/GetJointPosition_Request.msg
[13.551s] -- Up-to-date symlink: /home/lucasb/OpenManipulatorXRoboticArmKinematics/open_mx/install/open_manipulator_msgs/share/open_manipulator_msgs/srv/GetJointPosition_Response.msg
[13.553s] -- Up-to-date symlink: /home/lucasb/OpenManipulatorXRoboticArmKinematics/open_mx/install/open_manipulator_msgs/share/open_manipulator_msgs/srv/GetKinematicsPose.srv
[13.555s] -- Up-to-date symlink: /home/lucasb/OpenManipulatorXRoboticArmKinematics/open_mx/install/open_manipulator_msgs/share/open_manipulator_msgs/srv/GetKinematicsPose_Request.msg
[13.556s] -- Up-to-date symlink: /home/lucasb/OpenManipulatorXRoboticArmKinematics/open_mx/install/open_manipulator_msgs/share/open_manipulator_msgs/srv/GetKinematicsPose_Response.msg
[13.557s] -- Up-to-date symlink: /home/lucasb/OpenManipulatorXRoboticArmKinematics/open_mx/install/open_manipulator_msgs/share/open_manipulator_msgs/srv/SetJointPosition.srv
[13.558s] -- Up-to-date symlink: /home/lucasb/OpenManipulatorXRoboticArmKinematics/open_mx/install/open_manipulator_msgs/share/open_manipulator_msgs/srv/SetJointPosition_Request.msg
[13.559s] -- Up-to-date symlink: /home/lucasb/OpenManipulatorXRoboticArmKinematics/open_mx/install/open_manipulator_msgs/share/open_manipulator_msgs/srv/SetJointPosition_Response.msg
[13.560s] -- Up-to-date symlink: /home/lucasb/OpenManipulatorXRoboticArmKinematics/open_mx/install/open_manipulator_msgs/share/open_manipulator_msgs/srv/SetKinematicsPose.srv
[13.561s] -- Up-to-date symlink: /home/lucasb/OpenManipulatorXRoboticArmKinematics/open_mx/install/open_manipulator_msgs/share/open_manipulator_msgs/srv/SetKinematicsPose_Request.msg
[13.561s] -- Up-to-date symlink: /home/lucasb/OpenManipulatorXRoboticArmKinematics/open_mx/install/open_manipulator_msgs/share/open_manipulator_msgs/srv/SetKinematicsPose_Response.msg
[13.562s] -- Up-to-date symlink: /home/lucasb/OpenManipulatorXRoboticArmKinematics/open_mx/install/open_manipulator_msgs/share/open_manipulator_msgs/srv/SetDrawingTrajectory.srv
[13.563s] -- Up-to-date symlink: /home/lucasb/OpenManipulatorXRoboticArmKinematics/open_mx/install/open_manipulator_msgs/share/open_manipulator_msgs/srv/SetDrawingTrajectory_Request.msg
[13.564s] -- Up-to-date symlink: /home/lucasb/OpenManipulatorXRoboticArmKinematics/open_mx/install/open_manipulator_msgs/share/open_manipulator_msgs/srv/SetDrawingTrajectory_Response.msg
[13.565s] -- Up-to-date symlink: /home/lucasb/OpenManipulatorXRoboticArmKinematics/open_mx/install/open_manipulator_msgs/share/open_manipulator_msgs/srv/SetActuatorState.srv
[13.565s] -- Up-to-date symlink: /home/lucasb/OpenManipulatorXRoboticArmKinematics/open_mx/install/open_manipulator_msgs/share/open_manipulator_msgs/srv/SetActuatorState_Request.msg
[13.566s] -- Up-to-date symlink: /home/lucasb/OpenManipulatorXRoboticArmKinematics/open_mx/install/open_manipulator_msgs/share/open_manipulator_msgs/srv/SetActuatorState_Response.msg
[13.567s] -- Up-to-date symlink: /home/lucasb/OpenManipulatorXRoboticArmKinematics/open_mx/install/open_manipulator_msgs/share/ament_index/resource_index/package_run_dependencies/open_manipulator_msgs
[13.568s] -- Up-to-date symlink: /home/lucasb/OpenManipulatorXRoboticArmKinematics/open_mx/install/open_manipulator_msgs/share/ament_index/resource_index/parent_prefix_path/open_manipulator_msgs
[13.568s] -- Up-to-date symlink: /home/lucasb/OpenManipulatorXRoboticArmKinematics/open_mx/install/open_manipulator_msgs/share/open_manipulator_msgs/environment/ament_prefix_path.sh
[13.569s] -- Up-to-date symlink: /home/lucasb/OpenManipulatorXRoboticArmKinematics/open_mx/install/open_manipulator_msgs/share/open_manipulator_msgs/environment/ament_prefix_path.dsv
[13.569s] -- Up-to-date symlink: /home/lucasb/OpenManipulatorXRoboticArmKinematics/open_mx/install/open_manipulator_msgs/share/open_manipulator_msgs/environment/path.sh
[13.571s] -- Up-to-date symlink: /home/lucasb/OpenManipulatorXRoboticArmKinematics/open_mx/install/open_manipulator_msgs/share/open_manipulator_msgs/environment/path.dsv
[13.571s] -- Up-to-date symlink: /home/lucasb/OpenManipulatorXRoboticArmKinematics/open_mx/install/open_manipulator_msgs/share/open_manipulator_msgs/local_setup.bash
[13.572s] -- Up-to-date symlink: /home/lucasb/OpenManipulatorXRoboticArmKinematics/open_mx/install/open_manipulator_msgs/share/open_manipulator_msgs/local_setup.sh
[13.573s] -- Up-to-date symlink: /home/lucasb/OpenManipulatorXRoboticArmKinematics/open_mx/install/open_manipulator_msgs/share/open_manipulator_msgs/local_setup.zsh
[13.574s] -- Up-to-date symlink: /home/lucasb/OpenManipulatorXRoboticArmKinematics/open_mx/install/open_manipulator_msgs/share/open_manipulator_msgs/local_setup.dsv
[13.574s] -- Symlinking: /home/lucasb/OpenManipulatorXRoboticArmKinematics/open_mx/install/open_manipulator_msgs/share/open_manipulator_msgs/package.dsv
[13.620s] -- Up-to-date symlink: /home/lucasb/OpenManipulatorXRoboticArmKinematics/open_mx/install/open_manipulator_msgs/share/ament_index/resource_index/packages/open_manipulator_msgs
[13.622s] -- Up-to-date symlink: /home/lucasb/OpenManipulatorXRoboticArmKinematics/open_mx/install/open_manipulator_msgs/share/open_manipulator_msgs/cmake/rosidl_cmake-extras.cmake
[13.623s] -- Up-to-date symlink: /home/lucasb/OpenManipulatorXRoboticArmKinematics/open_mx/install/open_manipulator_msgs/share/open_manipulator_msgs/cmake/ament_cmake_export_dependencies-extras.cmake
[13.625s] -- Up-to-date symlink: /home/lucasb/OpenManipulatorXRoboticArmKinematics/open_mx/install/open_manipulator_msgs/share/open_manipulator_msgs/cmake/ament_cmake_export_include_directories-extras.cmake
[13.625s] -- Up-to-date symlink: /home/lucasb/OpenManipulatorXRoboticArmKinematics/open_mx/install/open_manipulator_msgs/share/open_manipulator_msgs/cmake/ament_cmake_export_libraries-extras.cmake
[13.626s] -- Up-to-date symlink: /home/lucasb/OpenManipulatorXRoboticArmKinematics/open_mx/install/open_manipulator_msgs/share/open_manipulator_msgs/cmake/ament_cmake_export_targets-extras.cmake
[13.627s] -- Up-to-date symlink: /home/lucasb/OpenManipulatorXRoboticArmKinematics/open_mx/install/open_manipulator_msgs/share/open_manipulator_msgs/cmake/rosidl_cmake_export_typesupport_targets-extras.cmake
[13.628s] -- Up-to-date symlink: /home/lucasb/OpenManipulatorXRoboticArmKinematics/open_mx/install/open_manipulator_msgs/share/open_manipulator_msgs/cmake/rosidl_cmake_export_typesupport_libraries-extras.cmake
[13.629s] -- Up-to-date symlink: /home/lucasb/OpenManipulatorXRoboticArmKinematics/open_mx/install/open_manipulator_msgs/share/open_manipulator_msgs/cmake/open_manipulator_msgsConfig.cmake
[13.629s] -- Up-to-date symlink: /home/lucasb/OpenManipulatorXRoboticArmKinematics/open_mx/install/open_manipulator_msgs/share/open_manipulator_msgs/cmake/open_manipulator_msgsConfig-version.cmake
[13.630s] -- Up-to-date symlink: /home/lucasb/OpenManipulatorXRoboticArmKinematics/open_mx/install/open_manipulator_msgs/share/open_manipulator_msgs/package.xml
[13.630s] -- Installing: /home/lucasb/OpenManipulatorXRoboticArmKinematics/open_mx/install/open_manipulator_msgs/lib/libopen_manipulator_msgs__rosidl_generator_c.so
[13.631s] -- Set runtime path of "/home/lucasb/OpenManipulatorXRoboticArmKinematics/open_mx/install/open_manipulator_msgs/lib/libopen_manipulator_msgs__rosidl_generator_c.so" to ""
[13.633s] -- Installing: /home/lucasb/OpenManipulatorXRoboticArmKinematics/open_mx/install/open_manipulator_msgs/lib/libopen_manipulator_msgs__rosidl_typesupport_fastrtps_c.so
[13.634s] -- Set runtime path of "/home/lucasb/OpenManipulatorXRoboticArmKinematics/open_mx/install/open_manipulator_msgs/lib/libopen_manipulator_msgs__rosidl_typesupport_fastrtps_c.so" to ""
[13.636s] -- Installing: /home/lucasb/OpenManipulatorXRoboticArmKinematics/open_mx/install/open_manipulator_msgs/lib/libopen_manipulator_msgs__rosidl_typesupport_fastrtps_cpp.so
[13.638s] -- Set runtime path of "/home/lucasb/OpenManipulatorXRoboticArmKinematics/open_mx/install/open_manipulator_msgs/lib/libopen_manipulator_msgs__rosidl_typesupport_fastrtps_cpp.so" to ""
[13.639s] -- Installing: /home/lucasb/OpenManipulatorXRoboticArmKinematics/open_mx/install/open_manipulator_msgs/lib/libopen_manipulator_msgs__rosidl_typesupport_introspection_c.so
[13.640s] -- Set runtime path of "/home/lucasb/OpenManipulatorXRoboticArmKinematics/open_mx/install/open_manipulator_msgs/lib/libopen_manipulator_msgs__rosidl_typesupport_introspection_c.so" to ""
[13.641s] -- Installing: /home/lucasb/OpenManipulatorXRoboticArmKinematics/open_mx/install/open_manipulator_msgs/lib/libopen_manipulator_msgs__rosidl_typesupport_c.so
[13.642s] -- Set runtime path of "/home/lucasb/OpenManipulatorXRoboticArmKinematics/open_mx/install/open_manipulator_msgs/lib/libopen_manipulator_msgs__rosidl_typesupport_c.so" to ""
[13.644s] -- Installing: /home/lucasb/OpenManipulatorXRoboticArmKinematics/open_mx/install/open_manipulator_msgs/lib/libopen_manipulator_msgs__rosidl_typesupport_introspection_cpp.so
[13.645s] -- Set runtime path of "/home/lucasb/OpenManipulatorXRoboticArmKinematics/open_mx/install/open_manipulator_msgs/lib/libopen_manipulator_msgs__rosidl_typesupport_introspection_cpp.so" to ""
[13.646s] -- Installing: /home/lucasb/OpenManipulatorXRoboticArmKinematics/open_mx/install/open_manipulator_msgs/lib/libopen_manipulator_msgs__rosidl_typesupport_cpp.so
[13.647s] -- Set runtime path of "/home/lucasb/OpenManipulatorXRoboticArmKinematics/open_mx/install/open_manipulator_msgs/lib/libopen_manipulator_msgs__rosidl_typesupport_cpp.so" to ""
[13.952s] Listing '/home/lucasb/OpenManipulatorXRoboticArmKinematics/open_mx/install/open_manipulator_msgs/local/lib/python3.10/dist-packages/open_manipulator_msgs'...
[13.953s] Compiling '/home/lucasb/OpenManipulatorXRoboticArmKinematics/open_mx/install/open_manipulator_msgs/local/lib/python3.10/dist-packages/open_manipulator_msgs/__init__.py'...
[13.953s] Listing '/home/lucasb/OpenManipulatorXRoboticArmKinematics/open_mx/install/open_manipulator_msgs/local/lib/python3.10/dist-packages/open_manipulator_msgs/msg'...
[13.953s] Compiling '/home/lucasb/OpenManipulatorXRoboticArmKinematics/open_mx/install/open_manipulator_msgs/local/lib/python3.10/dist-packages/open_manipulator_msgs/msg/__init__.py'...
[13.953s] Compiling '/home/lucasb/OpenManipulatorXRoboticArmKinematics/open_mx/install/open_manipulator_msgs/local/lib/python3.10/dist-packages/open_manipulator_msgs/msg/_joint_position.py'...
[13.954s] Compiling '/home/lucasb/OpenManipulatorXRoboticArmKinematics/open_mx/install/open_manipulator_msgs/local/lib/python3.10/dist-packages/open_manipulator_msgs/msg/_kinematics_pose.py'...
[13.954s] Compiling '/home/lucasb/OpenManipulatorXRoboticArmKinematics/open_mx/install/open_manipulator_msgs/local/lib/python3.10/dist-packages/open_manipulator_msgs/msg/_open_manipulator_state.py'...
[13.954s] Listing '/home/lucasb/OpenManipulatorXRoboticArmKinematics/open_mx/install/open_manipulator_msgs/local/lib/python3.10/dist-packages/open_manipulator_msgs/srv'...
[13.954s] Compiling '/home/lucasb/OpenManipulatorXRoboticArmKinematics/open_mx/install/open_manipulator_msgs/local/lib/python3.10/dist-packages/open_manipulator_msgs/srv/__init__.py'...
[13.955s] Compiling '/home/lucasb/OpenManipulatorXRoboticArmKinematics/open_mx/install/open_manipulator_msgs/local/lib/python3.10/dist-packages/open_manipulator_msgs/srv/_get_joint_position.py'...
[13.955s] Compiling '/home/lucasb/OpenManipulatorXRoboticArmKinematics/open_mx/install/open_manipulator_msgs/local/lib/python3.10/dist-packages/open_manipulator_msgs/srv/_get_kinematics_pose.py'...
[13.955s] Compiling '/home/lucasb/OpenManipulatorXRoboticArmKinematics/open_mx/install/open_manipulator_msgs/local/lib/python3.10/dist-packages/open_manipulator_msgs/srv/_set_actuator_state.py'...
[13.955s] Compiling '/home/lucasb/OpenManipulatorXRoboticArmKinematics/open_mx/install/open_manipulator_msgs/local/lib/python3.10/dist-packages/open_manipulator_msgs/srv/_set_drawing_trajectory.py'...
[13.956s] Compiling '/home/lucasb/OpenManipulatorXRoboticArmKinematics/open_mx/install/open_manipulator_msgs/local/lib/python3.10/dist-packages/open_manipulator_msgs/srv/_set_joint_position.py'...
[13.956s] Compiling '/home/lucasb/OpenManipulatorXRoboticArmKinematics/open_mx/install/open_manipulator_msgs/local/lib/python3.10/dist-packages/open_manipulator_msgs/srv/_set_kinematics_pose.py'...
[13.981s] -- Installing: /home/lucasb/OpenManipulatorXRoboticArmKinematics/open_mx/install/open_manipulator_msgs/lib/libopen_manipulator_msgs__rosidl_generator_py.so
[13.982s] -- Set runtime path of "/home/lucasb/OpenManipulatorXRoboticArmKinematics/open_mx/install/open_manipulator_msgs/lib/libopen_manipulator_msgs__rosidl_generator_py.so" to ""
[13.984s] -- Up-to-date: /home/lucasb/OpenManipulatorXRoboticArmKinematics/open_mx/install/open_manipulator_msgs/share/open_manipulator_msgs/cmake/export_open_manipulator_msgs__rosidl_generator_cExport.cmake
[13.985s] -- Up-to-date: /home/lucasb/OpenManipulatorXRoboticArmKinematics/open_mx/install/open_manipulator_msgs/share/open_manipulator_msgs/cmake/export_open_manipulator_msgs__rosidl_generator_cExport-noconfig.cmake
[13.986s] -- Up-to-date: /home/lucasb/OpenManipulatorXRoboticArmKinematics/open_mx/install/open_manipulator_msgs/share/open_manipulator_msgs/cmake/export_open_manipulator_msgs__rosidl_typesupport_fastrtps_cExport.cmake
[13.987s] -- Up-to-date: /home/lucasb/OpenManipulatorXRoboticArmKinematics/open_mx/install/open_manipulator_msgs/share/open_manipulator_msgs/cmake/export_open_manipulator_msgs__rosidl_typesupport_fastrtps_cExport-noconfig.cmake
[13.988s] -- Up-to-date: /home/lucasb/OpenManipulatorXRoboticArmKinematics/open_mx/install/open_manipulator_msgs/share/open_manipulator_msgs/cmake/export_open_manipulator_msgs__rosidl_generator_cppExport.cmake
[13.989s] -- Up-to-date: /home/lucasb/OpenManipulatorXRoboticArmKinematics/open_mx/install/open_manipulator_msgs/share/open_manipulator_msgs/cmake/export_open_manipulator_msgs__rosidl_typesupport_fastrtps_cppExport.cmake
[13.989s] -- Up-to-date: /home/lucasb/OpenManipulatorXRoboticArmKinematics/open_mx/install/open_manipulator_msgs/share/open_manipulator_msgs/cmake/export_open_manipulator_msgs__rosidl_typesupport_fastrtps_cppExport-noconfig.cmake
[13.990s] -- Up-to-date: /home/lucasb/OpenManipulatorXRoboticArmKinematics/open_mx/install/open_manipulator_msgs/share/open_manipulator_msgs/cmake/open_manipulator_msgs__rosidl_typesupport_introspection_cExport.cmake
[13.991s] -- Up-to-date: /home/lucasb/OpenManipulatorXRoboticArmKinematics/open_mx/install/open_manipulator_msgs/share/open_manipulator_msgs/cmake/open_manipulator_msgs__rosidl_typesupport_introspection_cExport-noconfig.cmake
[13.992s] -- Up-to-date: /home/lucasb/OpenManipulatorXRoboticArmKinematics/open_mx/install/open_manipulator_msgs/share/open_manipulator_msgs/cmake/open_manipulator_msgs__rosidl_typesupport_cExport.cmake
[13.992s] -- Up-to-date: /home/lucasb/OpenManipulatorXRoboticArmKinematics/open_mx/install/open_manipulator_msgs/share/open_manipulator_msgs/cmake/open_manipulator_msgs__rosidl_typesupport_cExport-noconfig.cmake
[13.993s] -- Up-to-date: /home/lucasb/OpenManipulatorXRoboticArmKinematics/open_mx/install/open_manipulator_msgs/share/open_manipulator_msgs/cmake/open_manipulator_msgs__rosidl_typesupport_introspection_cppExport.cmake
[13.993s] -- Up-to-date: /home/lucasb/OpenManipulatorXRoboticArmKinematics/open_mx/install/open_manipulator_msgs/share/open_manipulator_msgs/cmake/open_manipulator_msgs__rosidl_typesupport_introspection_cppExport-noconfig.cmake
[13.994s] -- Up-to-date: /home/lucasb/OpenManipulatorXRoboticArmKinematics/open_mx/install/open_manipulator_msgs/share/open_manipulator_msgs/cmake/open_manipulator_msgs__rosidl_typesupport_cppExport.cmake
[13.994s] -- Up-to-date: /home/lucasb/OpenManipulatorXRoboticArmKinematics/open_mx/install/open_manipulator_msgs/share/open_manipulator_msgs/cmake/open_manipulator_msgs__rosidl_typesupport_cppExport-noconfig.cmake
[13.995s] -- Up-to-date: /home/lucasb/OpenManipulatorXRoboticArmKinematics/open_mx/install/open_manipulator_msgs/share/open_manipulator_msgs/cmake/export_open_manipulator_msgs__rosidl_generator_pyExport.cmake
[13.995s] -- Up-to-date: /home/lucasb/OpenManipulatorXRoboticArmKinematics/open_mx/install/open_manipulator_msgs/share/open_manipulator_msgs/cmake/export_open_manipulator_msgs__rosidl_generator_pyExport-noconfig.cmake
[14.005s] Invoked command in '/home/lucasb/OpenManipulatorXRoboticArmKinematics/open_mx/build/open_manipulator_msgs' returned '0': CMAKE_PREFIX_PATH=${CMAKE_PREFIX_PATH}:/home/lucasb/OpenManipulatorXRoboticArmKinematics/open_mx/install/robot_omx:/home/lucasb/OpenManipulatorXRoboticArmKinematics/open_mx/install/rbe500_example_py:/opt/ros/humble /usr/bin/cmake --install /home/lucasb/OpenManipulatorXRoboticArmKinematics/open_mx/build/open_manipulator_msgs
