[0.409s] Invoking command in '/home/lucasb/OpenManipulatorXRoboticArmKinematics/open_mx/build/rbe500_example_py': PYTHONPATH=/home/lucasb/OpenManipulatorXRoboticArmKinematics/open_mx/build/rbe500_example_py/prefix_override:/usr/lib/python3/dist-packages/colcon_core/task/python/colcon_distutils_commands:/home/lucasb/OpenManipulatorXRoboticArmKinematics/open_mx/install/rbe500_example_py/lib/python3.10/site-packages:${PYTHONPATH} /usr/bin/python3 -W ignore:setup.py install is deprecated setup.py develop --uninstall --editable --build-directory /home/lucasb/OpenManipulatorXRoboticArmKinematics/open_mx/build/rbe500_example_py/build
[0.563s] running develop
[0.564s] /usr/lib/python3/dist-packages/setuptools/command/easy_install.py:158: EasyInstallDeprecationWarning: easy_install command is deprecated. Use build and pip and other standards-based tools.
[0.564s]   warnings.warn(
[0.644s] Removing /home/lucasb/OpenManipulatorXRoboticArmKinematics/open_mx/install/rbe500_example_py/lib/python3.10/site-packages/rbe500-example-py.egg-link (link to .)
[0.664s] Invoked command in '/home/lucasb/OpenManipulatorXRoboticArmKinematics/open_mx/build/rbe500_example_py' returned '0': PYTHONPATH=/home/lucasb/OpenManipulatorXRoboticArmKinematics/open_mx/build/rbe500_example_py/prefix_override:/usr/lib/python3/dist-packages/colcon_core/task/python/colcon_distutils_commands:/home/lucasb/OpenManipulatorXRoboticArmKinematics/open_mx/install/rbe500_example_py/lib/python3.10/site-packages:${PYTHONPATH} /usr/bin/python3 -W ignore:setup.py install is deprecated setup.py develop --uninstall --editable --build-directory /home/lucasb/OpenManipulatorXRoboticArmKinematics/open_mx/build/rbe500_example_py/build
[0.665s] Invoking command in '/home/lucasb/OpenManipulatorXRoboticArmKinematics/open_mx/src/rbe500_example_py': PYTHONPATH=/home/lucasb/OpenManipulatorXRoboticArmKinematics/open_mx/build/rbe500_example_py/prefix_override:/usr/lib/python3/dist-packages/colcon_core/task/python/colcon_distutils_commands:/home/lucasb/OpenManipulatorXRoboticArmKinematics/open_mx/install/rbe500_example_py/lib/python3.10/site-packages:${PYTHONPATH} /usr/bin/python3 -W ignore:setup.py install is deprecated setup.py egg_info --egg-base ../../build/rbe500_example_py build --build-base /home/lucasb/OpenManipulatorXRoboticArmKinematics/open_mx/build/rbe500_example_py/build install --record /home/lucasb/OpenManipulatorXRoboticArmKinematics/open_mx/build/rbe500_example_py/install.log --single-version-externally-managed install_data --force
[0.845s] running egg_info
[0.845s] writing ../../build/rbe500_example_py/rbe500_example_py.egg-info/PKG-INFO
[0.846s] writing dependency_links to ../../build/rbe500_example_py/rbe500_example_py.egg-info/dependency_links.txt
[0.846s] writing entry points to ../../build/rbe500_example_py/rbe500_example_py.egg-info/entry_points.txt
[0.846s] writing requirements to ../../build/rbe500_example_py/rbe500_example_py.egg-info/requires.txt
[0.846s] writing top-level names to ../../build/rbe500_example_py/rbe500_example_py.egg-info/top_level.txt
[0.846s] reading manifest file '../../build/rbe500_example_py/rbe500_example_py.egg-info/SOURCES.txt'
[0.847s] writing manifest file '../../build/rbe500_example_py/rbe500_example_py.egg-info/SOURCES.txt'
[0.847s] running build
[0.847s] running build_py
[0.847s] creating /home/lucasb/OpenManipulatorXRoboticArmKinematics/open_mx/build/rbe500_example_py/build
[0.848s] creating /home/lucasb/OpenManipulatorXRoboticArmKinematics/open_mx/build/rbe500_example_py/build/lib
[0.848s] creating /home/lucasb/OpenManipulatorXRoboticArmKinematics/open_mx/build/rbe500_example_py/build/lib/rbe500_example_py
[0.848s] copying rbe500_example_py/__init__.py -> /home/lucasb/OpenManipulatorXRoboticArmKinematics/open_mx/build/rbe500_example_py/build/lib/rbe500_example_py
[0.848s] copying rbe500_example_py/basic_robot_control.py -> /home/lucasb/OpenManipulatorXRoboticArmKinematics/open_mx/build/rbe500_example_py/build/lib/rbe500_example_py
[0.848s] running install
[0.848s] running install_lib
[0.848s] creating /home/lucasb/OpenManipulatorXRoboticArmKinematics/open_mx/install/rbe500_example_py/lib/python3.10/site-packages/rbe500_example_py
[0.848s] copying /home/lucasb/OpenManipulatorXRoboticArmKinematics/open_mx/build/rbe500_example_py/build/lib/rbe500_example_py/__init__.py -> /home/lucasb/OpenManipulatorXRoboticArmKinematics/open_mx/install/rbe500_example_py/lib/python3.10/site-packages/rbe500_example_py
[0.848s] copying /home/lucasb/OpenManipulatorXRoboticArmKinematics/open_mx/build/rbe500_example_py/build/lib/rbe500_example_py/basic_robot_control.py -> /home/lucasb/OpenManipulatorXRoboticArmKinematics/open_mx/install/rbe500_example_py/lib/python3.10/site-packages/rbe500_example_py
[0.848s] byte-compiling /home/lucasb/OpenManipulatorXRoboticArmKinematics/open_mx/install/rbe500_example_py/lib/python3.10/site-packages/rbe500_example_py/__init__.py to __init__.cpython-310.pyc
[0.848s] byte-compiling /home/lucasb/OpenManipulatorXRoboticArmKinematics/open_mx/install/rbe500_example_py/lib/python3.10/site-packages/rbe500_example_py/basic_robot_control.py to basic_robot_control.cpython-310.pyc
[0.849s] running install_data
[0.849s] copying resource/rbe500_example_py -> /home/lucasb/OpenManipulatorXRoboticArmKinematics/open_mx/install/rbe500_example_py/share/ament_index/resource_index/packages
[0.850s] copying package.xml -> /home/lucasb/OpenManipulatorXRoboticArmKinematics/open_mx/install/rbe500_example_py/share/rbe500_example_py
[0.850s] running install_egg_info
[0.851s] Copying ../../build/rbe500_example_py/rbe500_example_py.egg-info to /home/lucasb/OpenManipulatorXRoboticArmKinematics/open_mx/install/rbe500_example_py/lib/python3.10/site-packages/rbe500_example_py-0.0.0-py3.10.egg-info
[0.852s] running install_scripts
[0.865s] Installing basic_robot_control script to /home/lucasb/OpenManipulatorXRoboticArmKinematics/open_mx/install/rbe500_example_py/lib/rbe500_example_py
[0.866s] writing list of installed files to '/home/lucasb/OpenManipulatorXRoboticArmKinematics/open_mx/build/rbe500_example_py/install.log'
[0.882s] Invoked command in '/home/lucasb/OpenManipulatorXRoboticArmKinematics/open_mx/src/rbe500_example_py' returned '0': PYTHONPATH=/home/lucasb/OpenManipulatorXRoboticArmKinematics/open_mx/build/rbe500_example_py/prefix_override:/usr/lib/python3/dist-packages/colcon_core/task/python/colcon_distutils_commands:/home/lucasb/OpenManipulatorXRoboticArmKinematics/open_mx/install/rbe500_example_py/lib/python3.10/site-packages:${PYTHONPATH} /usr/bin/python3 -W ignore:setup.py install is deprecated setup.py egg_info --egg-base ../../build/rbe500_example_py build --build-base /home/lucasb/OpenManipulatorXRoboticArmKinematics/open_mx/build/rbe500_example_py/build install --record /home/lucasb/OpenManipulatorXRoboticArmKinematics/open_mx/build/rbe500_example_py/install.log --single-version-externally-managed install_data --force
