[0.061s] DEBUG:colcon:Command line arguments: ['/usr/bin/colcon', 'build']
[0.061s] DEBUG:colcon:Parsed command line arguments: Namespace(log_base=None, log_level=None, verb_name='build', build_base='build', install_base='install', merge_install=False, symlink_install=False, test_result_base=None, continue_on_error=False, executor='parallel', parallel_workers=20, event_handlers=None, ignore_user_meta=False, metas=['./colcon.meta'], base_paths=['.'], packages_ignore=None, packages_ignore_regex=None, paths=None, packages_up_to=None, packages_up_to_regex=None, packages_above=None, packages_above_and_dependencies=None, packages_above_depth=None, packages_select_by_dep=None, packages_skip_by_dep=None, packages_skip_up_to=None, packages_select_build_failed=False, packages_skip_build_finished=False, packages_select_test_failures=False, packages_skip_test_passed=False, packages_select=None, packages_skip=None, packages_select_regex=None, packages_skip_regex=None, packages_start=None, packages_end=None, allow_overriding=[], cmake_args=None, cmake_target=None, cmake_target_skip_unavailable=False, cmake_clean_cache=False, cmake_clean_first=False, cmake_force_configure=False, ament_cmake_args=None, catkin_cmake_args=None, catkin_skip_building_tests=False, verb_parser=<colcon_defaults.argument_parser.defaults.DefaultArgumentsDecorator object at 0x7f28e7113b80>, verb_extension=<colcon_core.verb.build.BuildVerb object at 0x7f28e7113670>, main=<bound method BuildVerb.main of <colcon_core.verb.build.BuildVerb object at 0x7f28e7113670>>)
[0.147s] Level 1:colcon.colcon_core.package_discovery:discover_packages(colcon_meta) check parameters
[0.147s] Level 1:colcon.colcon_core.package_discovery:discover_packages(recursive) check parameters
[0.147s] Level 1:colcon.colcon_core.package_discovery:discover_packages(ignore) check parameters
[0.148s] Level 1:colcon.colcon_core.package_discovery:discover_packages(path) check parameters
[0.148s] Level 1:colcon.colcon_core.package_discovery:discover_packages(colcon_meta) discover
[0.148s] Level 1:colcon.colcon_core.package_discovery:discover_packages(recursive) discover
[0.148s] INFO:colcon.colcon_core.package_discovery:Crawling recursively for packages in '/home/lucasb/open_mx'
[0.148s] Level 1:colcon.colcon_core.package_identification:_identify(.) by extensions ['ignore', 'ignore_ament_install']
[0.148s] Level 1:colcon.colcon_core.package_identification:_identify(.) by extension 'ignore'
[0.148s] Level 1:colcon.colcon_core.package_identification:_identify(.) by extension 'ignore_ament_install'
[0.148s] Level 1:colcon.colcon_core.package_identification:_identify(.) by extensions ['colcon_pkg']
[0.148s] Level 1:colcon.colcon_core.package_identification:_identify(.) by extension 'colcon_pkg'
[0.148s] Level 1:colcon.colcon_core.package_identification:_identify(.) by extensions ['colcon_meta']
[0.148s] Level 1:colcon.colcon_core.package_identification:_identify(.) by extension 'colcon_meta'
[0.148s] Level 1:colcon.colcon_core.package_identification:_identify(.) by extensions ['ros']
[0.148s] Level 1:colcon.colcon_core.package_identification:_identify(.) by extension 'ros'
[0.155s] Level 1:colcon.colcon_core.package_identification:_identify(.) by extensions ['cmake', 'python']
[0.155s] Level 1:colcon.colcon_core.package_identification:_identify(.) by extension 'cmake'
[0.155s] Level 1:colcon.colcon_core.package_identification:_identify(.) by extension 'python'
[0.155s] Level 1:colcon.colcon_core.package_identification:_identify(.) by extensions ['python_setup_py']
[0.155s] Level 1:colcon.colcon_core.package_identification:_identify(.) by extension 'python_setup_py'
[0.155s] Level 1:colcon.colcon_core.package_identification:_identify(build) by extensions ['ignore', 'ignore_ament_install']
[0.155s] Level 1:colcon.colcon_core.package_identification:_identify(build) by extension 'ignore'
[0.155s] Level 1:colcon.colcon_core.package_identification:_identify(build) ignored
[0.155s] Level 1:colcon.colcon_core.package_identification:_identify(install) by extensions ['ignore', 'ignore_ament_install']
[0.155s] Level 1:colcon.colcon_core.package_identification:_identify(install) by extension 'ignore'
[0.155s] Level 1:colcon.colcon_core.package_identification:_identify(install) ignored
[0.155s] Level 1:colcon.colcon_core.package_identification:_identify(log) by extensions ['ignore', 'ignore_ament_install']
[0.155s] Level 1:colcon.colcon_core.package_identification:_identify(log) by extension 'ignore'
[0.155s] Level 1:colcon.colcon_core.package_identification:_identify(log) ignored
[0.155s] Level 1:colcon.colcon_core.package_identification:_identify(src) by extensions ['ignore', 'ignore_ament_install']
[0.155s] Level 1:colcon.colcon_core.package_identification:_identify(src) by extension 'ignore'
[0.155s] Level 1:colcon.colcon_core.package_identification:_identify(src) by extension 'ignore_ament_install'
[0.155s] Level 1:colcon.colcon_core.package_identification:_identify(src) by extensions ['colcon_pkg']
[0.155s] Level 1:colcon.colcon_core.package_identification:_identify(src) by extension 'colcon_pkg'
[0.155s] Level 1:colcon.colcon_core.package_identification:_identify(src) by extensions ['colcon_meta']
[0.155s] Level 1:colcon.colcon_core.package_identification:_identify(src) by extension 'colcon_meta'
[0.155s] Level 1:colcon.colcon_core.package_identification:_identify(src) by extensions ['ros']
[0.155s] Level 1:colcon.colcon_core.package_identification:_identify(src) by extension 'ros'
[0.155s] Level 1:colcon.colcon_core.package_identification:_identify(src) by extensions ['cmake', 'python']
[0.155s] Level 1:colcon.colcon_core.package_identification:_identify(src) by extension 'cmake'
[0.155s] Level 1:colcon.colcon_core.package_identification:_identify(src) by extension 'python'
[0.156s] Level 1:colcon.colcon_core.package_identification:_identify(src) by extensions ['python_setup_py']
[0.156s] Level 1:colcon.colcon_core.package_identification:_identify(src) by extension 'python_setup_py'
[0.156s] Level 1:colcon.colcon_core.package_identification:_identify(src/custom_messages) by extensions ['ignore', 'ignore_ament_install']
[0.156s] Level 1:colcon.colcon_core.package_identification:_identify(src/custom_messages) by extension 'ignore'
[0.156s] Level 1:colcon.colcon_core.package_identification:_identify(src/custom_messages) by extension 'ignore_ament_install'
[0.156s] Level 1:colcon.colcon_core.package_identification:_identify(src/custom_messages) by extensions ['colcon_pkg']
[0.156s] Level 1:colcon.colcon_core.package_identification:_identify(src/custom_messages) by extension 'colcon_pkg'
[0.156s] Level 1:colcon.colcon_core.package_identification:_identify(src/custom_messages) by extensions ['colcon_meta']
[0.156s] Level 1:colcon.colcon_core.package_identification:_identify(src/custom_messages) by extension 'colcon_meta'
[0.156s] Level 1:colcon.colcon_core.package_identification:_identify(src/custom_messages) by extensions ['ros']
[0.156s] Level 1:colcon.colcon_core.package_identification:_identify(src/custom_messages) by extension 'ros'
[0.158s] DEBUG:colcon.colcon_core.package_identification:Package 'src/custom_messages' with type 'ros.ament_cmake' and name 'custom_messages'
[0.158s] Level 1:colcon.colcon_core.package_identification:_identify(src/robot_omx) by extensions ['ignore', 'ignore_ament_install']
[0.158s] Level 1:colcon.colcon_core.package_identification:_identify(src/robot_omx) by extension 'ignore'
[0.158s] Level 1:colcon.colcon_core.package_identification:_identify(src/robot_omx) by extension 'ignore_ament_install'
[0.158s] Level 1:colcon.colcon_core.package_identification:_identify(src/robot_omx) by extensions ['colcon_pkg']
[0.158s] Level 1:colcon.colcon_core.package_identification:_identify(src/robot_omx) by extension 'colcon_pkg'
[0.158s] Level 1:colcon.colcon_core.package_identification:_identify(src/robot_omx) by extensions ['colcon_meta']
[0.158s] Level 1:colcon.colcon_core.package_identification:_identify(src/robot_omx) by extension 'colcon_meta'
[0.158s] Level 1:colcon.colcon_core.package_identification:_identify(src/robot_omx) by extensions ['ros']
[0.158s] Level 1:colcon.colcon_core.package_identification:_identify(src/robot_omx) by extension 'ros'
[0.159s] DEBUG:colcon.colcon_core.package_identification:Package 'src/robot_omx' with type 'ros.ament_python' and name 'robot_omx'
[0.159s] Level 1:colcon.colcon_core.package_discovery:discover_packages(recursive) using defaults
[0.159s] Level 1:colcon.colcon_core.package_discovery:discover_packages(ignore) discover
[0.159s] Level 1:colcon.colcon_core.package_discovery:discover_packages(ignore) using defaults
[0.159s] Level 1:colcon.colcon_core.package_discovery:discover_packages(path) discover
[0.159s] Level 1:colcon.colcon_core.package_discovery:discover_packages(path) using defaults
[0.171s] Level 1:colcon.colcon_core.package_discovery:discover_packages(prefix_path) check parameters
[0.171s] Level 1:colcon.colcon_core.package_discovery:discover_packages(prefix_path) discover
[0.172s] DEBUG:colcon.colcon_installed_package_information.package_discovery:Found 2 installed packages in /home/lucasb/open_mx/install
[0.173s] DEBUG:colcon.colcon_installed_package_information.package_discovery:Found 270 installed packages in /opt/ros/humble
[0.173s] Level 1:colcon.colcon_core.package_discovery:discover_packages(prefix_path) using defaults
[0.199s] Level 5:colcon.colcon_core.verb:set package 'custom_messages' build argument 'cmake_args' from command line to 'None'
[0.199s] Level 5:colcon.colcon_core.verb:set package 'custom_messages' build argument 'cmake_target' from command line to 'None'
[0.199s] Level 5:colcon.colcon_core.verb:set package 'custom_messages' build argument 'cmake_target_skip_unavailable' from command line to 'False'
[0.199s] Level 5:colcon.colcon_core.verb:set package 'custom_messages' build argument 'cmake_clean_cache' from command line to 'False'
[0.199s] Level 5:colcon.colcon_core.verb:set package 'custom_messages' build argument 'cmake_clean_first' from command line to 'False'
[0.199s] Level 5:colcon.colcon_core.verb:set package 'custom_messages' build argument 'cmake_force_configure' from command line to 'False'
[0.199s] Level 5:colcon.colcon_core.verb:set package 'custom_messages' build argument 'ament_cmake_args' from command line to 'None'
[0.199s] Level 5:colcon.colcon_core.verb:set package 'custom_messages' build argument 'catkin_cmake_args' from command line to 'None'
[0.199s] Level 5:colcon.colcon_core.verb:set package 'custom_messages' build argument 'catkin_skip_building_tests' from command line to 'False'
[0.199s] DEBUG:colcon.colcon_core.verb:Building package 'custom_messages' with the following arguments: {'ament_cmake_args': None, 'build_base': '/home/lucasb/open_mx/build/custom_messages', 'catkin_cmake_args': None, 'catkin_skip_building_tests': False, 'cmake_args': None, 'cmake_clean_cache': False, 'cmake_clean_first': False, 'cmake_force_configure': False, 'cmake_target': None, 'cmake_target_skip_unavailable': False, 'install_base': '/home/lucasb/open_mx/install/custom_messages', 'merge_install': False, 'path': '/home/lucasb/open_mx/src/custom_messages', 'symlink_install': False, 'test_result_base': None}
[0.200s] Level 5:colcon.colcon_core.verb:set package 'robot_omx' build argument 'cmake_args' from command line to 'None'
[0.200s] Level 5:colcon.colcon_core.verb:set package 'robot_omx' build argument 'cmake_target' from command line to 'None'
[0.200s] Level 5:colcon.colcon_core.verb:set package 'robot_omx' build argument 'cmake_target_skip_unavailable' from command line to 'False'
[0.200s] Level 5:colcon.colcon_core.verb:set package 'robot_omx' build argument 'cmake_clean_cache' from command line to 'False'
[0.200s] Level 5:colcon.colcon_core.verb:set package 'robot_omx' build argument 'cmake_clean_first' from command line to 'False'
[0.200s] Level 5:colcon.colcon_core.verb:set package 'robot_omx' build argument 'cmake_force_configure' from command line to 'False'
[0.200s] Level 5:colcon.colcon_core.verb:set package 'robot_omx' build argument 'ament_cmake_args' from command line to 'None'
[0.200s] Level 5:colcon.colcon_core.verb:set package 'robot_omx' build argument 'catkin_cmake_args' from command line to 'None'
[0.200s] Level 5:colcon.colcon_core.verb:set package 'robot_omx' build argument 'catkin_skip_building_tests' from command line to 'False'
[0.200s] DEBUG:colcon.colcon_core.verb:Building package 'robot_omx' with the following arguments: {'ament_cmake_args': None, 'build_base': '/home/lucasb/open_mx/build/robot_omx', 'catkin_cmake_args': None, 'catkin_skip_building_tests': False, 'cmake_args': None, 'cmake_clean_cache': False, 'cmake_clean_first': False, 'cmake_force_configure': False, 'cmake_target': None, 'cmake_target_skip_unavailable': False, 'install_base': '/home/lucasb/open_mx/install/robot_omx', 'merge_install': False, 'path': '/home/lucasb/open_mx/src/robot_omx', 'symlink_install': False, 'test_result_base': None}
[0.200s] INFO:colcon.colcon_core.executor:Executing jobs using 'parallel' executor
[0.201s] DEBUG:colcon.colcon_parallel_executor.executor.parallel:run_until_complete
[0.201s] INFO:colcon.colcon_ros.task.ament_cmake.build:Building ROS package in '/home/lucasb/open_mx/src/custom_messages' with build type 'ament_cmake'
[0.201s] INFO:colcon.colcon_cmake.task.cmake.build:Building CMake package in '/home/lucasb/open_mx/src/custom_messages'
[0.202s] INFO:colcon.colcon_core.plugin_system:Skipping extension 'colcon_core.shell.bat': Not used on non-Windows systems
[0.202s] INFO:colcon.colcon_core.shell:Skip shell extension 'powershell' for command environment: Not usable outside of PowerShell
[0.202s] DEBUG:colcon.colcon_core.shell:Skip shell extension 'dsv' for command environment
[0.209s] DEBUG:colcon.colcon_core.event_handler.log_command:Invoking command in '/home/lucasb/open_mx/build/custom_messages': CMAKE_PREFIX_PATH=${CMAKE_PREFIX_PATH}:/home/lucasb/open_mx/install/robot_omx:/opt/ros/humble /usr/bin/cmake --build /home/lucasb/open_mx/build/custom_messages -- -j20 -l20
[0.431s] DEBUG:colcon.colcon_core.event_handler.log_command:Invoked command in '/home/lucasb/open_mx/build/custom_messages' returned '0': CMAKE_PREFIX_PATH=${CMAKE_PREFIX_PATH}:/home/lucasb/open_mx/install/robot_omx:/opt/ros/humble /usr/bin/cmake --build /home/lucasb/open_mx/build/custom_messages -- -j20 -l20
[0.497s] DEBUG:colcon.colcon_core.event_handler.log_command:Invoking command in '/home/lucasb/open_mx/build/custom_messages': CMAKE_PREFIX_PATH=${CMAKE_PREFIX_PATH}:/home/lucasb/open_mx/install/robot_omx:/opt/ros/humble /usr/bin/cmake --install /home/lucasb/open_mx/build/custom_messages
[0.545s] Level 1:colcon.colcon_core.environment:create_environment_scripts_only(custom_messages)
[0.546s] DEBUG:colcon.colcon_core.event_handler.log_command:Invoked command in '/home/lucasb/open_mx/build/custom_messages' returned '0': CMAKE_PREFIX_PATH=${CMAKE_PREFIX_PATH}:/home/lucasb/open_mx/install/robot_omx:/opt/ros/humble /usr/bin/cmake --install /home/lucasb/open_mx/build/custom_messages
[0.547s] Level 1:colcon.colcon_core.environment:checking '/home/lucasb/open_mx/install/custom_messages' for CMake module files
[0.548s] Level 1:colcon.colcon_core.environment:checking '/home/lucasb/open_mx/install/custom_messages' for CMake config files
[0.548s] Level 1:colcon.colcon_core.shell:create_environment_hook('custom_messages', 'cmake_prefix_path')
[0.548s] INFO:colcon.colcon_core.shell:Creating environment hook '/home/lucasb/open_mx/install/custom_messages/share/custom_messages/hook/cmake_prefix_path.ps1'
[0.549s] INFO:colcon.colcon_core.shell:Creating environment descriptor '/home/lucasb/open_mx/install/custom_messages/share/custom_messages/hook/cmake_prefix_path.dsv'
[0.549s] INFO:colcon.colcon_core.shell:Creating environment hook '/home/lucasb/open_mx/install/custom_messages/share/custom_messages/hook/cmake_prefix_path.sh'
[0.549s] Level 1:colcon.colcon_core.environment:checking '/home/lucasb/open_mx/install/custom_messages/lib'
[0.549s] Level 1:colcon.colcon_core.shell:create_environment_hook('custom_messages', 'ld_library_path_lib')
[0.550s] INFO:colcon.colcon_core.shell:Creating environment hook '/home/lucasb/open_mx/install/custom_messages/share/custom_messages/hook/ld_library_path_lib.ps1'
[0.550s] INFO:colcon.colcon_core.shell:Creating environment descriptor '/home/lucasb/open_mx/install/custom_messages/share/custom_messages/hook/ld_library_path_lib.dsv'
[0.550s] INFO:colcon.colcon_core.shell:Creating environment hook '/home/lucasb/open_mx/install/custom_messages/share/custom_messages/hook/ld_library_path_lib.sh'
[0.550s] Level 1:colcon.colcon_core.environment:checking '/home/lucasb/open_mx/install/custom_messages/bin'
[0.550s] Level 1:colcon.colcon_core.environment:checking '/home/lucasb/open_mx/install/custom_messages/lib/pkgconfig/custom_messages.pc'
[0.550s] Level 1:colcon.colcon_core.environment:checking '/home/lucasb/open_mx/install/custom_messages/lib/python3.10/site-packages'
[0.550s] Level 1:colcon.colcon_core.shell:create_environment_hook('custom_messages', 'pythonpath')
[0.551s] INFO:colcon.colcon_core.shell:Creating environment hook '/home/lucasb/open_mx/install/custom_messages/share/custom_messages/hook/pythonpath.ps1'
[0.551s] INFO:colcon.colcon_core.shell:Creating environment descriptor '/home/lucasb/open_mx/install/custom_messages/share/custom_messages/hook/pythonpath.dsv'
[0.551s] INFO:colcon.colcon_core.shell:Creating environment hook '/home/lucasb/open_mx/install/custom_messages/share/custom_messages/hook/pythonpath.sh'
[0.551s] Level 1:colcon.colcon_core.environment:checking '/home/lucasb/open_mx/install/custom_messages/bin'
[0.551s] INFO:colcon.colcon_core.shell:Creating package script '/home/lucasb/open_mx/install/custom_messages/share/custom_messages/package.ps1'
[0.552s] INFO:colcon.colcon_core.shell:Creating package descriptor '/home/lucasb/open_mx/install/custom_messages/share/custom_messages/package.dsv'
[0.552s] INFO:colcon.colcon_core.shell:Creating package script '/home/lucasb/open_mx/install/custom_messages/share/custom_messages/package.sh'
[0.553s] INFO:colcon.colcon_core.shell:Creating package script '/home/lucasb/open_mx/install/custom_messages/share/custom_messages/package.bash'
[0.553s] INFO:colcon.colcon_core.shell:Creating package script '/home/lucasb/open_mx/install/custom_messages/share/custom_messages/package.zsh'
[0.554s] Level 1:colcon.colcon_core.environment:create_file_with_runtime_dependencies(/home/lucasb/open_mx/install/custom_messages/share/colcon-core/packages/custom_messages)
[0.611s] Level 1:colcon.colcon_core.environment:create_environment_scripts_only(custom_messages)
[0.612s] Level 1:colcon.colcon_core.environment:checking '/home/lucasb/open_mx/install/custom_messages' for CMake module files
[0.612s] Level 1:colcon.colcon_core.environment:checking '/home/lucasb/open_mx/install/custom_messages' for CMake config files
[0.612s] Level 1:colcon.colcon_core.shell:create_environment_hook('custom_messages', 'cmake_prefix_path')
[0.612s] INFO:colcon.colcon_core.shell:Creating environment hook '/home/lucasb/open_mx/install/custom_messages/share/custom_messages/hook/cmake_prefix_path.ps1'
[0.613s] INFO:colcon.colcon_core.shell:Creating environment descriptor '/home/lucasb/open_mx/install/custom_messages/share/custom_messages/hook/cmake_prefix_path.dsv'
[0.613s] INFO:colcon.colcon_core.shell:Creating environment hook '/home/lucasb/open_mx/install/custom_messages/share/custom_messages/hook/cmake_prefix_path.sh'
[0.613s] Level 1:colcon.colcon_core.environment:checking '/home/lucasb/open_mx/install/custom_messages/lib'
[0.613s] Level 1:colcon.colcon_core.shell:create_environment_hook('custom_messages', 'ld_library_path_lib')
[0.613s] INFO:colcon.colcon_core.shell:Creating environment hook '/home/lucasb/open_mx/install/custom_messages/share/custom_messages/hook/ld_library_path_lib.ps1'
[0.614s] INFO:colcon.colcon_core.shell:Creating environment descriptor '/home/lucasb/open_mx/install/custom_messages/share/custom_messages/hook/ld_library_path_lib.dsv'
[0.614s] INFO:colcon.colcon_core.shell:Creating environment hook '/home/lucasb/open_mx/install/custom_messages/share/custom_messages/hook/ld_library_path_lib.sh'
[0.614s] Level 1:colcon.colcon_core.environment:checking '/home/lucasb/open_mx/install/custom_messages/bin'
[0.614s] Level 1:colcon.colcon_core.environment:checking '/home/lucasb/open_mx/install/custom_messages/lib/pkgconfig/custom_messages.pc'
[0.614s] Level 1:colcon.colcon_core.environment:checking '/home/lucasb/open_mx/install/custom_messages/lib/python3.10/site-packages'
[0.614s] Level 1:colcon.colcon_core.shell:create_environment_hook('custom_messages', 'pythonpath')
[0.614s] INFO:colcon.colcon_core.shell:Creating environment hook '/home/lucasb/open_mx/install/custom_messages/share/custom_messages/hook/pythonpath.ps1'
[0.614s] INFO:colcon.colcon_core.shell:Creating environment descriptor '/home/lucasb/open_mx/install/custom_messages/share/custom_messages/hook/pythonpath.dsv'
[0.615s] INFO:colcon.colcon_core.shell:Creating environment hook '/home/lucasb/open_mx/install/custom_messages/share/custom_messages/hook/pythonpath.sh'
[0.615s] Level 1:colcon.colcon_core.environment:checking '/home/lucasb/open_mx/install/custom_messages/bin'
[0.615s] INFO:colcon.colcon_core.shell:Creating package script '/home/lucasb/open_mx/install/custom_messages/share/custom_messages/package.ps1'
[0.615s] INFO:colcon.colcon_core.shell:Creating package descriptor '/home/lucasb/open_mx/install/custom_messages/share/custom_messages/package.dsv'
[0.616s] INFO:colcon.colcon_core.shell:Creating package script '/home/lucasb/open_mx/install/custom_messages/share/custom_messages/package.sh'
[0.616s] INFO:colcon.colcon_core.shell:Creating package script '/home/lucasb/open_mx/install/custom_messages/share/custom_messages/package.bash'
[0.616s] INFO:colcon.colcon_core.shell:Creating package script '/home/lucasb/open_mx/install/custom_messages/share/custom_messages/package.zsh'
[0.616s] Level 1:colcon.colcon_core.environment:create_file_with_runtime_dependencies(/home/lucasb/open_mx/install/custom_messages/share/colcon-core/packages/custom_messages)
[0.616s] INFO:colcon.colcon_ros.task.ament_python.build:Building ROS package in '/home/lucasb/open_mx/src/robot_omx' with build type 'ament_python'
[0.616s] Level 1:colcon.colcon_core.shell:create_environment_hook('robot_omx', 'ament_prefix_path')
[0.617s] INFO:colcon.colcon_core.shell:Creating environment hook '/home/lucasb/open_mx/install/robot_omx/share/robot_omx/hook/ament_prefix_path.ps1'
[0.617s] INFO:colcon.colcon_core.shell:Creating environment descriptor '/home/lucasb/open_mx/install/robot_omx/share/robot_omx/hook/ament_prefix_path.dsv'
[0.617s] INFO:colcon.colcon_core.shell:Creating environment hook '/home/lucasb/open_mx/install/robot_omx/share/robot_omx/hook/ament_prefix_path.sh'
[0.618s] INFO:colcon.colcon_core.shell:Skip shell extension 'powershell' for command environment: Not usable outside of PowerShell
[0.618s] DEBUG:colcon.colcon_core.shell:Skip shell extension 'dsv' for command environment
[0.770s] INFO:colcon.colcon_core.task.python.build:Building Python package in '/home/lucasb/open_mx/src/robot_omx'
[0.770s] INFO:colcon.colcon_core.shell:Skip shell extension 'powershell' for command environment: Not usable outside of PowerShell
[0.770s] DEBUG:colcon.colcon_core.shell:Skip shell extension 'dsv' for command environment
[0.957s] DEBUG:colcon.colcon_core.event_handler.log_command:Invoking command in '/home/lucasb/open_mx/src/robot_omx': PYTHONPATH=/home/lucasb/open_mx/build/robot_omx/prefix_override:/usr/lib/python3/dist-packages/colcon_core/task/python/colcon_distutils_commands:/home/lucasb/open_mx/install/robot_omx/lib/python3.10/site-packages:/home/lucasb/open_mx/install/custom_messages/lib/python3.10/site-packages:/home/lucasb/open_mx/install/robot_omx/lib/python3.10/site-packages:/home/lucasb/open_mx/install/custom_messages/local/lib/python3.10/dist-packages:/opt/ros/humble/lib/python3.10/site-packages:/opt/ros/humble/local/lib/python3.10/dist-packages /usr/bin/python3 -W ignore:setup.py install is deprecated setup.py egg_info --egg-base ../../build/robot_omx build --build-base /home/lucasb/open_mx/build/robot_omx/build install --record /home/lucasb/open_mx/build/robot_omx/install.log --single-version-externally-managed install_data
[1.128s] Level 1:colcon.colcon_core.environment:checking '/home/lucasb/open_mx/install/robot_omx' for CMake module files
[1.128s] DEBUG:colcon.colcon_core.event_handler.log_command:Invoked command in '/home/lucasb/open_mx/src/robot_omx' returned '0': PYTHONPATH=/home/lucasb/open_mx/build/robot_omx/prefix_override:/usr/lib/python3/dist-packages/colcon_core/task/python/colcon_distutils_commands:/home/lucasb/open_mx/install/robot_omx/lib/python3.10/site-packages:/home/lucasb/open_mx/install/custom_messages/lib/python3.10/site-packages:/home/lucasb/open_mx/install/robot_omx/lib/python3.10/site-packages:/home/lucasb/open_mx/install/custom_messages/local/lib/python3.10/dist-packages:/opt/ros/humble/lib/python3.10/site-packages:/opt/ros/humble/local/lib/python3.10/dist-packages /usr/bin/python3 -W ignore:setup.py install is deprecated setup.py egg_info --egg-base ../../build/robot_omx build --build-base /home/lucasb/open_mx/build/robot_omx/build install --record /home/lucasb/open_mx/build/robot_omx/install.log --single-version-externally-managed install_data
[1.128s] Level 1:colcon.colcon_core.environment:checking '/home/lucasb/open_mx/install/robot_omx' for CMake config files
[1.129s] Level 1:colcon.colcon_core.environment:checking '/home/lucasb/open_mx/install/robot_omx/lib'
[1.129s] Level 1:colcon.colcon_core.environment:checking '/home/lucasb/open_mx/install/robot_omx/bin'
[1.129s] Level 1:colcon.colcon_core.environment:checking '/home/lucasb/open_mx/install/robot_omx/lib/pkgconfig/robot_omx.pc'
[1.129s] Level 1:colcon.colcon_core.environment:checking '/home/lucasb/open_mx/install/robot_omx/lib/python3.10/site-packages'
[1.129s] Level 1:colcon.colcon_core.shell:create_environment_hook('robot_omx', 'pythonpath')
[1.129s] INFO:colcon.colcon_core.shell:Creating environment hook '/home/lucasb/open_mx/install/robot_omx/share/robot_omx/hook/pythonpath.ps1'
[1.129s] INFO:colcon.colcon_core.shell:Creating environment descriptor '/home/lucasb/open_mx/install/robot_omx/share/robot_omx/hook/pythonpath.dsv'
[1.129s] INFO:colcon.colcon_core.shell:Creating environment hook '/home/lucasb/open_mx/install/robot_omx/share/robot_omx/hook/pythonpath.sh'
[1.130s] Level 1:colcon.colcon_core.environment:checking '/home/lucasb/open_mx/install/robot_omx/bin'
[1.130s] Level 1:colcon.colcon_core.environment:create_environment_scripts_only(robot_omx)
[1.130s] INFO:colcon.colcon_core.shell:Creating package script '/home/lucasb/open_mx/install/robot_omx/share/robot_omx/package.ps1'
[1.130s] INFO:colcon.colcon_core.shell:Creating package descriptor '/home/lucasb/open_mx/install/robot_omx/share/robot_omx/package.dsv'
[1.131s] INFO:colcon.colcon_core.shell:Creating package script '/home/lucasb/open_mx/install/robot_omx/share/robot_omx/package.sh'
[1.131s] INFO:colcon.colcon_core.shell:Creating package script '/home/lucasb/open_mx/install/robot_omx/share/robot_omx/package.bash'
[1.131s] INFO:colcon.colcon_core.shell:Creating package script '/home/lucasb/open_mx/install/robot_omx/share/robot_omx/package.zsh'
[1.131s] Level 1:colcon.colcon_core.environment:create_file_with_runtime_dependencies(/home/lucasb/open_mx/install/robot_omx/share/colcon-core/packages/robot_omx)
[1.131s] DEBUG:colcon.colcon_parallel_executor.executor.parallel:closing loop
[1.131s] DEBUG:colcon.colcon_parallel_executor.executor.parallel:loop closed
[1.131s] DEBUG:colcon.colcon_parallel_executor.executor.parallel:run_until_complete finished with '0'
[1.131s] DEBUG:colcon.colcon_core.event_reactor:joining thread
[1.135s] INFO:colcon.colcon_core.plugin_system:Skipping extension 'colcon_notification.desktop_notification.terminal_notifier': Not used on non-Darwin systems
[1.135s] INFO:colcon.colcon_core.plugin_system:Skipping extension 'colcon_notification.desktop_notification.win32': Not used on non-Windows systems
[1.135s] INFO:colcon.colcon_notification.desktop_notification:Sending desktop notification using 'notify2'
[1.144s] DEBUG:colcon.colcon_core.event_reactor:joined thread
[1.144s] INFO:colcon.colcon_core.shell:Creating prefix script '/home/lucasb/open_mx/install/local_setup.ps1'
[1.145s] INFO:colcon.colcon_core.shell:Creating prefix util module '/home/lucasb/open_mx/install/_local_setup_util_ps1.py'
[1.146s] INFO:colcon.colcon_core.shell:Creating prefix chain script '/home/lucasb/open_mx/install/setup.ps1'
[1.146s] INFO:colcon.colcon_core.shell:Creating prefix script '/home/lucasb/open_mx/install/local_setup.sh'
[1.147s] INFO:colcon.colcon_core.shell:Creating prefix util module '/home/lucasb/open_mx/install/_local_setup_util_sh.py'
[1.147s] INFO:colcon.colcon_core.shell:Creating prefix chain script '/home/lucasb/open_mx/install/setup.sh'
[1.148s] INFO:colcon.colcon_core.shell:Creating prefix script '/home/lucasb/open_mx/install/local_setup.bash'
[1.148s] INFO:colcon.colcon_core.shell:Creating prefix chain script '/home/lucasb/open_mx/install/setup.bash'
[1.149s] INFO:colcon.colcon_core.shell:Creating prefix script '/home/lucasb/open_mx/install/local_setup.zsh'
[1.150s] INFO:colcon.colcon_core.shell:Creating prefix chain script '/home/lucasb/open_mx/install/setup.zsh'
