[0.147s] Invoking command in '/home/lucasb/RBE500_Project/build/custom_messages': CMAKE_PREFIX_PATH=/home/lucasb/RBE500_Project/install/Manipulator_X:/opt/ros/humble /usr/bin/cmake /home/lucasb/RBE500_Project/src/custom_messages -DCMAKE_INSTALL_PREFIX=/home/lucasb/RBE500_Project/install/custom_messages
[0.160s] -- Found ament_cmake: 1.3.10 (/opt/ros/humble/share/ament_cmake/cmake)
[0.253s] -- Found geometry_msgs: 4.2.4 (/opt/ros/humble/share/geometry_msgs/cmake)
[0.268s] -- Found rosidl_generator_c: 3.1.5 (/opt/ros/humble/share/rosidl_generator_c/cmake)
[0.270s] -- Found rosidl_adapter: 3.1.5 (/opt/ros/humble/share/rosidl_adapter/cmake)
[0.273s] -- Found rosidl_generator_cpp: 3.1.5 (/opt/ros/humble/share/rosidl_generator_cpp/cmake)
[0.279s] -- Using all available rosidl_typesupport_c: rosidl_typesupport_fastrtps_c;rosidl_typesupport_introspection_c
[0.287s] -- Using all available rosidl_typesupport_cpp: rosidl_typesupport_fastrtps_cpp;rosidl_typesupport_introspection_cpp
[0.309s] -- Found rosidl_default_generators: 1.2.0 (/opt/ros/humble/share/rosidl_default_generators/cmake)
[0.424s] [31mCMake Error at /opt/ros/humble/share/rosidl_adapter/cmake/rosidl_adapt_interfaces.cmake:59 (message):
[0.424s]   execute_process(/usr/bin/python3 -m rosidl_adapter --package-name
[0.424s]   custom_messages --arguments-file
[0.424s]   /home/lucasb/RBE500_Project/build/custom_messages/rosidl_adapter__arguments__custom_messages.json
[0.424s]   --output-dir
[0.424s]   /home/lucasb/RBE500_Project/build/custom_messages/rosidl_adapter/custom_messages
[0.424s]   --output-file
[0.424s]   /home/lucasb/RBE500_Project/build/custom_messages/rosidl_adapter/custom_messages.idls)
[0.424s]   returned error code 1:
[0.424s] 
[0.424s]   Traceback (most recent call last):
[0.424s] 
[0.424s]     File "/usr/lib/python3.10/runpy.py", line 196, in _run_module_as_main
[0.424s]       return _run_code(code, main_globals, None,
[0.424s]     File "/usr/lib/python3.10/runpy.py", line 86, in _run_code
[0.424s]       exec(code, run_globals)
[0.424s]     File "/opt/ros/humble/local/lib/python3.10/dist-packages/rosidl_adapter/__main__.py", line 19, in <module>
[0.424s]       sys.exit(main())
[0.425s]     File "/opt/ros/humble/local/lib/python3.10/dist-packages/rosidl_adapter/main.py", line 53, in main
[0.425s]       abs_idl_file = convert_to_idl(
[0.425s]     File "/opt/ros/humble/local/lib/python3.10/dist-packages/rosidl_adapter/__init__.py", line 24, in convert_to_idl
[0.425s]       return convert_srv_to_idl(
[0.425s]     File "/opt/ros/humble/local/lib/python3.10/dist-packages/rosidl_adapter/srv/__init__.py", line 28, in convert_srv_to_idl
[0.425s]       srv = parse_service_string(package_name, input_file.stem, content)
[0.425s]     File "/opt/ros/humble/local/lib/python3.10/dist-packages/rosidl_adapter/parser.py", line 859, in parse_service_string
[0.425s]       request_message = parse_message_string(
[0.425s]     File "/opt/ros/humble/local/lib/python3.10/dist-packages/rosidl_adapter/parser.py", line 544, in parse_message_string
[0.425s]       msg = MessageSpecification(pkg_name, msg_name, fields, constants)
[0.425s]     File "/opt/ros/humble/local/lib/python3.10/dist-packages/rosidl_adapter/parser.py", line 388, in __init__
[0.425s]       self.base_type = BaseType(
[0.425s]     File "/opt/ros/humble/local/lib/python3.10/dist-packages/rosidl_adapter/parser.py", line 205, in __init__
[0.425s]       raise InvalidResourceName(
[0.425s] 
[0.425s]   rosidl_adapter.parser.InvalidResourceName: 'Inv_Kin_Request' is an invalid
[0.425s]   message name.  It should have the pattern '^[A-Z][A-Za-z0-9]*$'
[0.425s] 
[0.425s] Call Stack (most recent call first):
[0.425s]   /opt/ros/humble/share/rosidl_cmake/cmake/rosidl_generate_interfaces.cmake:130 (rosidl_adapt_interfaces)
[0.425s]   CMakeLists.txt:16 (rosidl_generate_interfaces)
[0.425s] 
[0.425s] [0m
[0.425s] -- Configuring incomplete, errors occurred!
[0.425s] See also "/home/lucasb/RBE500_Project/build/custom_messages/CMakeFiles/CMakeOutput.log".
[0.428s] Invoked command in '/home/lucasb/RBE500_Project/build/custom_messages' returned '1': CMAKE_PREFIX_PATH=/home/lucasb/RBE500_Project/install/Manipulator_X:/opt/ros/humble /usr/bin/cmake /home/lucasb/RBE500_Project/src/custom_messages -DCMAKE_INSTALL_PREFIX=/home/lucasb/RBE500_Project/install/custom_messages
