[0.379s] Invoking command in '/home/lucasb/OpenManipulatorXRoboticArmKinematics/open_mx/src/robot_omx': CMAKE_PREFIX_PATH=/home/lucasb/OpenManipulatorXRoboticArmKinematics/open_mx/install/custom_messages:/home/lucasb/OpenManipulatorXRoboticArmKinematics/open_mx/install/open_manipulator:/home/lucasb/OpenManipulatorXRoboticArmKinematics/open_mx/install/open_manipulator_x_controller:/home/lucasb/OpenManipulatorXRoboticArmKinematics/open_mx/install/open_manipulator_x_libs:/home/lucasb/OpenManipulatorXRoboticArmKinematics/open_mx/install/robotis_manipulator:/home/lucasb/OpenManipulatorXRoboticArmKinematics/open_mx/install/rbe500-example:/home/lucasb/OpenManipulatorXRoboticArmKinematics/open_mx/install/open_manipulator_x_description:/home/lucasb/OpenManipulatorXRoboticArmKinematics/open_mx/install/open_manipulator_msgs:/home/lucasb/OpenManipulatorXRoboticArmKinematics/open_mx/install/dynamixel_workbench:/home/lucasb/OpenManipulatorXRoboticArmKinematics/open_mx/install/dynamixel_workbench_toolbox:/home/lucasb/OpenManipulatorXRoboticArmKinematics/open_mx/install/dynamixel_sdk_examples:/home/lucasb/OpenManipulatorXRoboticArmKinematics/open_mx/install/dynamixel_sdk_custom_interfaces:/home/lucasb/OpenManipulatorXRoboticArmKinematics/open_mx/install/dynamixel_sdk:/home/lucasb/OpenManipulatorXRoboticArmKinematics/open_mx/install/cmake_modules LD_LIBRARY_PATH=/home/lucasb/OpenManipulatorXRoboticArmKinematics/open_mx/install/custom_messages/lib:/home/lucasb/OpenManipulatorXRoboticArmKinematics/open_mx/install/open_manipulator_x_libs/lib:/home/lucasb/OpenManipulatorXRoboticArmKinematics/open_mx/install/robotis_manipulator/lib:/home/lucasb/OpenManipulatorXRoboticArmKinematics/open_mx/install/open_manipulator_msgs/lib:/home/lucasb/OpenManipulatorXRoboticArmKinematics/open_mx/install/dynamixel_workbench_toolbox/lib:/home/lucasb/OpenManipulatorXRoboticArmKinematics/open_mx/install/dynamixel_sdk_custom_interfaces/lib:/home/lucasb/OpenManipulatorXRoboticArmKinematics/open_mx/install/dynamixel_sdk/lib:/opt/ros/humble/opt/rviz_ogre_vendor/lib:/opt/ros/humble/lib/x86_64-linux-gnu:/opt/ros/humble/lib PYTHONPATH=/home/lucasb/OpenManipulatorXRoboticArmKinematics/open_mx/build/robot_omx/prefix_override:/usr/lib/python3/dist-packages/colcon_core/task/python/colcon_distutils_commands:/home/lucasb/OpenManipulatorXRoboticArmKinematics/open_mx/install/robot_omx/lib/python3.10/site-packages:${PYTHONPATH} /usr/bin/python3 -W ignore:setup.py install is deprecated setup.py egg_info --egg-base ../../build/robot_omx build --build-base /home/lucasb/OpenManipulatorXRoboticArmKinematics/open_mx/build/robot_omx/build install --record /home/lucasb/OpenManipulatorXRoboticArmKinematics/open_mx/build/robot_omx/install.log --single-version-externally-managed install_data
[0.535s] running egg_info
[0.536s] writing ../../build/robot_omx/robot_omx.egg-info/PKG-INFO
[0.536s] writing dependency_links to ../../build/robot_omx/robot_omx.egg-info/dependency_links.txt
[0.536s] writing entry points to ../../build/robot_omx/robot_omx.egg-info/entry_points.txt
[0.536s] writing requirements to ../../build/robot_omx/robot_omx.egg-info/requires.txt
[0.536s] writing top-level names to ../../build/robot_omx/robot_omx.egg-info/top_level.txt
[0.537s] reading manifest file '../../build/robot_omx/robot_omx.egg-info/SOURCES.txt'
[0.537s] adding license file 'LICENSE'
[0.537s] writing manifest file '../../build/robot_omx/robot_omx.egg-info/SOURCES.txt'
[0.537s] running build
[0.537s] running build_py
[0.538s] running install
[0.538s] running install_lib
[0.539s] running install_data
[0.539s] running install_egg_info
[0.540s] removing '/home/lucasb/OpenManipulatorXRoboticArmKinematics/open_mx/install/robot_omx/lib/python3.10/site-packages/robot_omx-0.0.0-py3.10.egg-info' (and everything under it)
[0.540s] Copying ../../build/robot_omx/robot_omx.egg-info to /home/lucasb/OpenManipulatorXRoboticArmKinematics/open_mx/install/robot_omx/lib/python3.10/site-packages/robot_omx-0.0.0-py3.10.egg-info
[0.540s] running install_scripts
[0.553s] Installing inverse_client script to /home/lucasb/OpenManipulatorXRoboticArmKinematics/open_mx/install/robot_omx/lib/robot_omx
[0.553s] Installing inverse_server script to /home/lucasb/OpenManipulatorXRoboticArmKinematics/open_mx/install/robot_omx/lib/robot_omx
[0.553s] Installing joint_listener script to /home/lucasb/OpenManipulatorXRoboticArmKinematics/open_mx/install/robot_omx/lib/robot_omx
[0.554s] Installing robot script to /home/lucasb/OpenManipulatorXRoboticArmKinematics/open_mx/install/robot_omx/lib/robot_omx
[0.554s] Installing velocity_server script to /home/lucasb/OpenManipulatorXRoboticArmKinematics/open_mx/install/robot_omx/lib/robot_omx
[0.554s] writing list of installed files to '/home/lucasb/OpenManipulatorXRoboticArmKinematics/open_mx/build/robot_omx/install.log'
