[0.334s] Invoking command in '/home/lucasb/open_mx/src/custom_messages': PYTHONPATH=/home/lucasb/open_mx/build/custom_messages/prefix_override:/usr/lib/python3/dist-packages/colcon_core/task/python/colcon_distutils_commands:/home/lucasb/open_mx/install/custom_messages/lib/python3.10/site-packages:${PYTHONPATH} /usr/bin/python3 -W ignore:setup.py install is deprecated setup.py egg_info --egg-base ../../build/custom_messages build --build-base /home/lucasb/open_mx/build/custom_messages/build install --record /home/lucasb/open_mx/build/custom_messages/install.log --single-version-externally-managed install_data
[0.464s] running egg_info
[0.464s] creating ../../build/custom_messages/custom_messages.egg-info
[0.464s] writing ../../build/custom_messages/custom_messages.egg-info/PKG-INFO
[0.465s] writing dependency_links to ../../build/custom_messages/custom_messages.egg-info/dependency_links.txt
[0.465s] writing entry points to ../../build/custom_messages/custom_messages.egg-info/entry_points.txt
[0.465s] writing requirements to ../../build/custom_messages/custom_messages.egg-info/requires.txt
[0.465s] writing top-level names to ../../build/custom_messages/custom_messages.egg-info/top_level.txt
[0.465s] writing manifest file '../../build/custom_messages/custom_messages.egg-info/SOURCES.txt'
[0.466s] reading manifest file '../../build/custom_messages/custom_messages.egg-info/SOURCES.txt'
[0.466s] adding license file 'LICENSE'
[0.466s] writing manifest file '../../build/custom_messages/custom_messages.egg-info/SOURCES.txt'
[0.466s] running build
[0.466s] running build_py
[0.466s] creating /home/lucasb/open_mx/build/custom_messages/build
[0.466s] creating /home/lucasb/open_mx/build/custom_messages/build/lib
[0.466s] creating /home/lucasb/open_mx/build/custom_messages/build/lib/custom_messages
[0.466s] copying custom_messages/__init__.py -> /home/lucasb/open_mx/build/custom_messages/build/lib/custom_messages
[0.466s] running install
[0.467s] running install_lib
[0.467s] creating /home/lucasb/open_mx/install/custom_messages/lib/python3.10/site-packages/custom_messages
[0.467s] copying /home/lucasb/open_mx/build/custom_messages/build/lib/custom_messages/__init__.py -> /home/lucasb/open_mx/install/custom_messages/lib/python3.10/site-packages/custom_messages
[0.467s] byte-compiling /home/lucasb/open_mx/install/custom_messages/lib/python3.10/site-packages/custom_messages/__init__.py to __init__.cpython-310.pyc
[0.467s] running install_data
[0.467s] creating /home/lucasb/open_mx/install/custom_messages/share/ament_index
[0.467s] creating /home/lucasb/open_mx/install/custom_messages/share/ament_index/resource_index
[0.467s] creating /home/lucasb/open_mx/install/custom_messages/share/ament_index/resource_index/packages
[0.467s] copying resource/custom_messages -> /home/lucasb/open_mx/install/custom_messages/share/ament_index/resource_index/packages
[0.467s] copying package.xml -> /home/lucasb/open_mx/install/custom_messages/share/custom_messages
[0.467s] running install_egg_info
[0.468s] Copying ../../build/custom_messages/custom_messages.egg-info to /home/lucasb/open_mx/install/custom_messages/lib/python3.10/site-packages/custom_messages-0.0.0-py3.10.egg-info
[0.469s] running install_scripts
[0.482s] writing list of installed files to '/home/lucasb/open_mx/build/custom_messages/install.log'
[0.494s] Invoked command in '/home/lucasb/open_mx/src/custom_messages' returned '0': PYTHONPATH=/home/lucasb/open_mx/build/custom_messages/prefix_override:/usr/lib/python3/dist-packages/colcon_core/task/python/colcon_distutils_commands:/home/lucasb/open_mx/install/custom_messages/lib/python3.10/site-packages:${PYTHONPATH} /usr/bin/python3 -W ignore:setup.py install is deprecated setup.py egg_info --egg-base ../../build/custom_messages build --build-base /home/lucasb/open_mx/build/custom_messages/build install --record /home/lucasb/open_mx/build/custom_messages/install.log --single-version-externally-managed install_data
