[  2%] Built target custom_messages__cpp
[ 12%] Built target custom_messages__rosidl_generator_c
[ 12%] Built target ament_cmake_python_symlink_custom_messages
[ 23%] Built target custom_messages__rosidl_typesupport_cpp
[ 34%] Built target custom_messages__rosidl_typesupport_fastrtps_cpp
[ 44%] Built target custom_messages__rosidl_typesupport_introspection_cpp
[ 55%] Built target custom_messages__rosidl_typesupport_introspection_c
[ 65%] Built target custom_messages__rosidl_typesupport_c
[ 76%] Built target custom_messages__rosidl_typesupport_fastrtps_c
[ 76%] Built target custom_messages
[ 78%] Built target custom_messages__py
[ 87%] Built target custom_messages__rosidl_generator_py
[ 91%] Built target custom_messages__rosidl_typesupport_fastrtps_c__pyext
[ 95%] Built target custom_messages__rosidl_typesupport_introspection_c__pyext
[100%] Built target custom_messages__rosidl_typesupport_c__pyext
running egg_info
writing custom_messages.egg-info/PKG-INFO
writing dependency_links to custom_messages.egg-info/dependency_links.txt
writing top-level names to custom_messages.egg-info/top_level.txt
reading manifest file 'custom_messages.egg-info/SOURCES.txt'
writing manifest file 'custom_messages.egg-info/SOURCES.txt'
[100%] Built target ament_cmake_python_build_custom_messages_egg
