[0.023s] Invoking command in '/home/lucasb/OpenManipulatorXRoboticArmKinematics/open_mx/build/custom_messages': CMAKE_PREFIX_PATH=${CMAKE_PREFIX_PATH}:/home/lucasb/OpenManipulatorXRoboticArmKinematics/open_mx/install/robot_omx:/home/lucasb/OpenManipulatorXRoboticArmKinematics/open_mx/install/rbe500_example_py:/opt/ros/humble /usr/bin/cmake --build /home/lucasb/OpenManipulatorXRoboticArmKinematics/open_mx/build/custom_messages -- -j20 -l20
[0.084s] [  3%] Built target custom_messages__cpp
[0.089s] [ 12%] Built target custom_messages__rosidl_generator_c
[0.106s] [ 12%] Built target ament_cmake_python_symlink_custom_messages
[0.108s] [ 22%] Built target custom_messages__rosidl_typesupport_cpp
[0.113s] [ 32%] Built target custom_messages__rosidl_typesupport_c
[0.113s] [ 41%] Built target custom_messages__rosidl_typesupport_fastrtps_cpp
[0.113s] [ 54%] Built target custom_messages__rosidl_typesupport_introspection_c
[0.113s] [ 61%] Built target custom_messages__rosidl_typesupport_introspection_cpp
[0.113s] [ 70%] Built target custom_messages__rosidl_typesupport_fastrtps_c
[0.132s] [ 70%] Built target custom_messages
[0.155s] [ 74%] Built target custom_messages__py
[0.180s] [ 80%] Built target custom_messages__rosidl_generator_py
[0.195s] [ 87%] Built target custom_messages__rosidl_typesupport_introspection_c__pyext
[0.198s] [ 93%] Built target custom_messages__rosidl_typesupport_c__pyext
[0.204s] [100%] Built target custom_messages__rosidl_typesupport_fastrtps_c__pyext
[0.246s] running egg_info
[0.247s] writing custom_messages.egg-info/PKG-INFO
[0.247s] writing dependency_links to custom_messages.egg-info/dependency_links.txt
[0.247s] writing top-level names to custom_messages.egg-info/top_level.txt
[0.249s] reading manifest file 'custom_messages.egg-info/SOURCES.txt'
[0.249s] writing manifest file 'custom_messages.egg-info/SOURCES.txt'
[0.269s] [100%] Built target ament_cmake_python_build_custom_messages_egg
[0.282s] Invoked command in '/home/lucasb/OpenManipulatorXRoboticArmKinematics/open_mx/build/custom_messages' returned '0': CMAKE_PREFIX_PATH=${CMAKE_PREFIX_PATH}:/home/lucasb/OpenManipulatorXRoboticArmKinematics/open_mx/install/robot_omx:/home/lucasb/OpenManipulatorXRoboticArmKinematics/open_mx/install/rbe500_example_py:/opt/ros/humble /usr/bin/cmake --build /home/lucasb/OpenManipulatorXRoboticArmKinematics/open_mx/build/custom_messages -- -j20 -l20
[0.343s] Invoking command in '/home/lucasb/OpenManipulatorXRoboticArmKinematics/open_mx/build/custom_messages': CMAKE_PREFIX_PATH=${CMAKE_PREFIX_PATH}:/home/lucasb/OpenManipulatorXRoboticArmKinematics/open_mx/install/robot_omx:/home/lucasb/OpenManipulatorXRoboticArmKinematics/open_mx/install/rbe500_example_py:/opt/ros/humble /usr/bin/cmake --install /home/lucasb/OpenManipulatorXRoboticArmKinematics/open_mx/build/custom_messages
[0.348s] -- Install configuration: ""
[0.349s] -- Execute custom install script
[0.349s] -- Up-to-date symlink: /home/lucasb/OpenManipulatorXRoboticArmKinematics/open_mx/install/custom_messages/share/ament_index/resource_index/rosidl_interfaces/custom_messages
[0.349s] -- Up-to-date symlink: /home/lucasb/OpenManipulatorXRoboticArmKinematics/open_mx/install/custom_messages/include/custom_messages/custom_messages/msg/rosidl_generator_c__visibility_control.h
[0.349s] -- Up-to-date symlink: /home/lucasb/OpenManipulatorXRoboticArmKinematics/open_mx/install/custom_messages/include/custom_messages/custom_messages/srv/detail/inv_kin__functions.h
[0.349s] -- Up-to-date symlink: /home/lucasb/OpenManipulatorXRoboticArmKinematics/open_mx/install/custom_messages/include/custom_messages/custom_messages/srv/detail/inv_kin__struct.h
[0.350s] -- Up-to-date symlink: /home/lucasb/OpenManipulatorXRoboticArmKinematics/open_mx/install/custom_messages/include/custom_messages/custom_messages/srv/detail/inv_kin__type_support.h
[0.350s] -- Up-to-date symlink: /home/lucasb/OpenManipulatorXRoboticArmKinematics/open_mx/install/custom_messages/include/custom_messages/custom_messages/srv/inv_kin.h
[0.350s] -- Up-to-date symlink: /home/lucasb/OpenManipulatorXRoboticArmKinematics/open_mx/install/custom_messages/share/custom_messages/environment/library_path.sh
[0.350s] -- Up-to-date symlink: /home/lucasb/OpenManipulatorXRoboticArmKinematics/open_mx/install/custom_messages/share/custom_messages/environment/library_path.dsv
[0.350s] -- Up-to-date symlink: /home/lucasb/OpenManipulatorXRoboticArmKinematics/open_mx/install/custom_messages/include/custom_messages/custom_messages/msg/rosidl_typesupport_fastrtps_c__visibility_control.h
[0.350s] -- Up-to-date symlink: /home/lucasb/OpenManipulatorXRoboticArmKinematics/open_mx/install/custom_messages/include/custom_messages/custom_messages/srv/detail/inv_kin__rosidl_typesupport_fastrtps_c.h
[0.351s] -- Up-to-date symlink: /home/lucasb/OpenManipulatorXRoboticArmKinematics/open_mx/install/custom_messages/include/custom_messages/custom_messages/srv/detail/inv_kin__builder.hpp
[0.351s] -- Up-to-date symlink: /home/lucasb/OpenManipulatorXRoboticArmKinematics/open_mx/install/custom_messages/include/custom_messages/custom_messages/srv/detail/inv_kin__struct.hpp
[0.351s] -- Up-to-date symlink: /home/lucasb/OpenManipulatorXRoboticArmKinematics/open_mx/install/custom_messages/include/custom_messages/custom_messages/srv/detail/inv_kin__traits.hpp
[0.352s] -- Up-to-date symlink: /home/lucasb/OpenManipulatorXRoboticArmKinematics/open_mx/install/custom_messages/include/custom_messages/custom_messages/srv/inv_kin.hpp
[0.352s] -- Up-to-date symlink: /home/lucasb/OpenManipulatorXRoboticArmKinematics/open_mx/install/custom_messages/include/custom_messages/custom_messages/msg/rosidl_typesupport_fastrtps_cpp__visibility_control.h
[0.352s] -- Up-to-date symlink: /home/lucasb/OpenManipulatorXRoboticArmKinematics/open_mx/install/custom_messages/include/custom_messages/custom_messages/srv/detail/inv_kin__rosidl_typesupport_fastrtps_cpp.hpp
[0.352s] -- Up-to-date symlink: /home/lucasb/OpenManipulatorXRoboticArmKinematics/open_mx/install/custom_messages/include/custom_messages/custom_messages/msg/rosidl_typesupport_introspection_c__visibility_control.h
[0.352s] -- Up-to-date symlink: /home/lucasb/OpenManipulatorXRoboticArmKinematics/open_mx/install/custom_messages/include/custom_messages/custom_messages/srv/detail/inv_kin__rosidl_typesupport_introspection_c.h
[0.353s] -- Up-to-date symlink: /home/lucasb/OpenManipulatorXRoboticArmKinematics/open_mx/install/custom_messages/include/custom_messages/custom_messages/srv/detail/inv_kin__rosidl_typesupport_introspection_cpp.hpp
[0.354s] -- Up-to-date symlink: /home/lucasb/OpenManipulatorXRoboticArmKinematics/open_mx/install/custom_messages/share/custom_messages/environment/pythonpath.sh
[0.354s] -- Up-to-date symlink: /home/lucasb/OpenManipulatorXRoboticArmKinematics/open_mx/install/custom_messages/share/custom_messages/environment/pythonpath.dsv
[0.355s] -- Up-to-date symlink: /home/lucasb/OpenManipulatorXRoboticArmKinematics/open_mx/install/custom_messages/local/lib/python3.10/dist-packages/custom_messages-0.0.0-py3.10.egg-info/PKG-INFO
[0.355s] -- Up-to-date symlink: /home/lucasb/OpenManipulatorXRoboticArmKinematics/open_mx/install/custom_messages/local/lib/python3.10/dist-packages/custom_messages-0.0.0-py3.10.egg-info/SOURCES.txt
[0.357s] -- Up-to-date symlink: /home/lucasb/OpenManipulatorXRoboticArmKinematics/open_mx/install/custom_messages/local/lib/python3.10/dist-packages/custom_messages-0.0.0-py3.10.egg-info/dependency_links.txt
[0.357s] -- Up-to-date symlink: /home/lucasb/OpenManipulatorXRoboticArmKinematics/open_mx/install/custom_messages/local/lib/python3.10/dist-packages/custom_messages-0.0.0-py3.10.egg-info/top_level.txt
[0.359s] -- Up-to-date symlink: /home/lucasb/OpenManipulatorXRoboticArmKinematics/open_mx/install/custom_messages/local/lib/python3.10/dist-packages/custom_messages/__init__.py
[0.359s] -- Up-to-date symlink: /home/lucasb/OpenManipulatorXRoboticArmKinematics/open_mx/install/custom_messages/local/lib/python3.10/dist-packages/custom_messages/_custom_messages_s.ep.rosidl_typesupport_c.c
[0.359s] -- Up-to-date symlink: /home/lucasb/OpenManipulatorXRoboticArmKinematics/open_mx/install/custom_messages/local/lib/python3.10/dist-packages/custom_messages/_custom_messages_s.ep.rosidl_typesupport_fastrtps_c.c
[0.359s] -- Up-to-date symlink: /home/lucasb/OpenManipulatorXRoboticArmKinematics/open_mx/install/custom_messages/local/lib/python3.10/dist-packages/custom_messages/_custom_messages_s.ep.rosidl_typesupport_introspection_c.c
[0.360s] -- Up-to-date symlink: /home/lucasb/OpenManipulatorXRoboticArmKinematics/open_mx/install/custom_messages/local/lib/python3.10/dist-packages/custom_messages/custom_messages_s__rosidl_typesupport_c.cpython-310-x86_64-linux-gnu.so
[0.361s] -- Up-to-date symlink: /home/lucasb/OpenManipulatorXRoboticArmKinematics/open_mx/install/custom_messages/local/lib/python3.10/dist-packages/custom_messages/custom_messages_s__rosidl_typesupport_fastrtps_c.cpython-310-x86_64-linux-gnu.so
[0.361s] -- Up-to-date symlink: /home/lucasb/OpenManipulatorXRoboticArmKinematics/open_mx/install/custom_messages/local/lib/python3.10/dist-packages/custom_messages/custom_messages_s__rosidl_typesupport_introspection_c.cpython-310-x86_64-linux-gnu.so
[0.361s] -- Up-to-date symlink: /home/lucasb/OpenManipulatorXRoboticArmKinematics/open_mx/install/custom_messages/local/lib/python3.10/dist-packages/custom_messages/libcustom_messages__rosidl_generator_py.so
[0.362s] -- Up-to-date symlink: /home/lucasb/OpenManipulatorXRoboticArmKinematics/open_mx/install/custom_messages/local/lib/python3.10/dist-packages/custom_messages/srv/__init__.py
[0.362s] -- Up-to-date symlink: /home/lucasb/OpenManipulatorXRoboticArmKinematics/open_mx/install/custom_messages/local/lib/python3.10/dist-packages/custom_messages/srv/_inv_kin.py
[0.362s] -- Up-to-date symlink: /home/lucasb/OpenManipulatorXRoboticArmKinematics/open_mx/install/custom_messages/local/lib/python3.10/dist-packages/custom_messages/srv/_inv_kin_s.c
[0.363s] -- Up-to-date symlink: /home/lucasb/OpenManipulatorXRoboticArmKinematics/open_mx/install/custom_messages/local/lib/python3.10/dist-packages/custom_messages/custom_messages_s__rosidl_typesupport_fastrtps_c.cpython-310-x86_64-linux-gnu.so
[0.363s] -- Up-to-date symlink: /home/lucasb/OpenManipulatorXRoboticArmKinematics/open_mx/install/custom_messages/local/lib/python3.10/dist-packages/custom_messages/custom_messages_s__rosidl_typesupport_introspection_c.cpython-310-x86_64-linux-gnu.so
[0.363s] -- Up-to-date symlink: /home/lucasb/OpenManipulatorXRoboticArmKinematics/open_mx/install/custom_messages/local/lib/python3.10/dist-packages/custom_messages/custom_messages_s__rosidl_typesupport_c.cpython-310-x86_64-linux-gnu.so
[0.363s] -- Up-to-date symlink: /home/lucasb/OpenManipulatorXRoboticArmKinematics/open_mx/install/custom_messages/share/custom_messages/srv/InvKin.idl
[0.363s] -- Up-to-date symlink: /home/lucasb/OpenManipulatorXRoboticArmKinematics/open_mx/install/custom_messages/share/custom_messages/srv/InvKin.srv
[0.367s] -- Up-to-date symlink: /home/lucasb/OpenManipulatorXRoboticArmKinematics/open_mx/install/custom_messages/share/custom_messages/srv/InvKin_Request.msg
[0.368s] -- Up-to-date symlink: /home/lucasb/OpenManipulatorXRoboticArmKinematics/open_mx/install/custom_messages/share/custom_messages/srv/InvKin_Response.msg
[0.368s] -- Up-to-date symlink: /home/lucasb/OpenManipulatorXRoboticArmKinematics/open_mx/install/custom_messages/share/ament_index/resource_index/package_run_dependencies/custom_messages
[0.369s] -- Up-to-date symlink: /home/lucasb/OpenManipulatorXRoboticArmKinematics/open_mx/install/custom_messages/share/ament_index/resource_index/parent_prefix_path/custom_messages
[0.369s] -- Up-to-date symlink: /home/lucasb/OpenManipulatorXRoboticArmKinematics/open_mx/install/custom_messages/share/custom_messages/environment/ament_prefix_path.sh
[0.369s] -- Up-to-date symlink: /home/lucasb/OpenManipulatorXRoboticArmKinematics/open_mx/install/custom_messages/share/custom_messages/environment/ament_prefix_path.dsv
[0.370s] -- Up-to-date symlink: /home/lucasb/OpenManipulatorXRoboticArmKinematics/open_mx/install/custom_messages/share/custom_messages/environment/path.sh
[0.370s] -- Up-to-date symlink: /home/lucasb/OpenManipulatorXRoboticArmKinematics/open_mx/install/custom_messages/share/custom_messages/environment/path.dsv
[0.371s] -- Up-to-date symlink: /home/lucasb/OpenManipulatorXRoboticArmKinematics/open_mx/install/custom_messages/share/custom_messages/local_setup.bash
[0.371s] -- Up-to-date symlink: /home/lucasb/OpenManipulatorXRoboticArmKinematics/open_mx/install/custom_messages/share/custom_messages/local_setup.sh
[0.372s] -- Up-to-date symlink: /home/lucasb/OpenManipulatorXRoboticArmKinematics/open_mx/install/custom_messages/share/custom_messages/local_setup.zsh
[0.372s] -- Up-to-date symlink: /home/lucasb/OpenManipulatorXRoboticArmKinematics/open_mx/install/custom_messages/share/custom_messages/local_setup.dsv
[0.372s] -- Symlinking: /home/lucasb/OpenManipulatorXRoboticArmKinematics/open_mx/install/custom_messages/share/custom_messages/package.dsv
[0.373s] -- Up-to-date symlink: /home/lucasb/OpenManipulatorXRoboticArmKinematics/open_mx/install/custom_messages/share/ament_index/resource_index/packages/custom_messages
[0.374s] -- Up-to-date symlink: /home/lucasb/OpenManipulatorXRoboticArmKinematics/open_mx/install/custom_messages/share/custom_messages/cmake/rosidl_cmake-extras.cmake
[0.374s] -- Up-to-date symlink: /home/lucasb/OpenManipulatorXRoboticArmKinematics/open_mx/install/custom_messages/share/custom_messages/cmake/ament_cmake_export_dependencies-extras.cmake
[0.374s] -- Up-to-date symlink: /home/lucasb/OpenManipulatorXRoboticArmKinematics/open_mx/install/custom_messages/share/custom_messages/cmake/ament_cmake_export_include_directories-extras.cmake
[0.375s] -- Up-to-date symlink: /home/lucasb/OpenManipulatorXRoboticArmKinematics/open_mx/install/custom_messages/share/custom_messages/cmake/ament_cmake_export_libraries-extras.cmake
[0.375s] -- Up-to-date symlink: /home/lucasb/OpenManipulatorXRoboticArmKinematics/open_mx/install/custom_messages/share/custom_messages/cmake/ament_cmake_export_targets-extras.cmake
[0.375s] -- Up-to-date symlink: /home/lucasb/OpenManipulatorXRoboticArmKinematics/open_mx/install/custom_messages/share/custom_messages/cmake/rosidl_cmake_export_typesupport_targets-extras.cmake
[0.375s] -- Up-to-date symlink: /home/lucasb/OpenManipulatorXRoboticArmKinematics/open_mx/install/custom_messages/share/custom_messages/cmake/rosidl_cmake_export_typesupport_libraries-extras.cmake
[0.375s] -- Up-to-date symlink: /home/lucasb/OpenManipulatorXRoboticArmKinematics/open_mx/install/custom_messages/share/custom_messages/cmake/custom_messagesConfig.cmake
[0.375s] -- Up-to-date symlink: /home/lucasb/OpenManipulatorXRoboticArmKinematics/open_mx/install/custom_messages/share/custom_messages/cmake/custom_messagesConfig-version.cmake
[0.375s] -- Up-to-date symlink: /home/lucasb/OpenManipulatorXRoboticArmKinematics/open_mx/install/custom_messages/share/custom_messages/package.xml
[0.375s] -- Up-to-date: /home/lucasb/OpenManipulatorXRoboticArmKinematics/open_mx/install/custom_messages/lib/libcustom_messages__rosidl_generator_c.so
[0.375s] -- Up-to-date: /home/lucasb/OpenManipulatorXRoboticArmKinematics/open_mx/install/custom_messages/lib/libcustom_messages__rosidl_typesupport_fastrtps_c.so
[0.376s] -- Up-to-date: /home/lucasb/OpenManipulatorXRoboticArmKinematics/open_mx/install/custom_messages/lib/libcustom_messages__rosidl_typesupport_fastrtps_cpp.so
[0.376s] -- Up-to-date: /home/lucasb/OpenManipulatorXRoboticArmKinematics/open_mx/install/custom_messages/lib/libcustom_messages__rosidl_typesupport_introspection_c.so
[0.376s] -- Up-to-date: /home/lucasb/OpenManipulatorXRoboticArmKinematics/open_mx/install/custom_messages/lib/libcustom_messages__rosidl_typesupport_c.so
[0.376s] -- Up-to-date: /home/lucasb/OpenManipulatorXRoboticArmKinematics/open_mx/install/custom_messages/lib/libcustom_messages__rosidl_typesupport_introspection_cpp.so
[0.376s] -- Up-to-date: /home/lucasb/OpenManipulatorXRoboticArmKinematics/open_mx/install/custom_messages/lib/libcustom_messages__rosidl_typesupport_cpp.so
[0.401s] Listing '/home/lucasb/OpenManipulatorXRoboticArmKinematics/open_mx/install/custom_messages/local/lib/python3.10/dist-packages/custom_messages'...
[0.402s] Listing '/home/lucasb/OpenManipulatorXRoboticArmKinematics/open_mx/install/custom_messages/local/lib/python3.10/dist-packages/custom_messages/srv'...
[0.405s] -- Up-to-date: /home/lucasb/OpenManipulatorXRoboticArmKinematics/open_mx/install/custom_messages/lib/libcustom_messages__rosidl_generator_py.so
[0.405s] -- Up-to-date: /home/lucasb/OpenManipulatorXRoboticArmKinematics/open_mx/install/custom_messages/share/custom_messages/cmake/export_custom_messages__rosidl_generator_cExport.cmake
[0.405s] -- Up-to-date: /home/lucasb/OpenManipulatorXRoboticArmKinematics/open_mx/install/custom_messages/share/custom_messages/cmake/export_custom_messages__rosidl_generator_cExport-noconfig.cmake
[0.405s] -- Up-to-date: /home/lucasb/OpenManipulatorXRoboticArmKinematics/open_mx/install/custom_messages/share/custom_messages/cmake/export_custom_messages__rosidl_typesupport_fastrtps_cExport.cmake
[0.405s] -- Up-to-date: /home/lucasb/OpenManipulatorXRoboticArmKinematics/open_mx/install/custom_messages/share/custom_messages/cmake/export_custom_messages__rosidl_typesupport_fastrtps_cExport-noconfig.cmake
[0.405s] -- Up-to-date: /home/lucasb/OpenManipulatorXRoboticArmKinematics/open_mx/install/custom_messages/share/custom_messages/cmake/export_custom_messages__rosidl_generator_cppExport.cmake
[0.406s] -- Up-to-date: /home/lucasb/OpenManipulatorXRoboticArmKinematics/open_mx/install/custom_messages/share/custom_messages/cmake/export_custom_messages__rosidl_typesupport_fastrtps_cppExport.cmake
[0.406s] -- Up-to-date: /home/lucasb/OpenManipulatorXRoboticArmKinematics/open_mx/install/custom_messages/share/custom_messages/cmake/export_custom_messages__rosidl_typesupport_fastrtps_cppExport-noconfig.cmake
[0.406s] -- Up-to-date: /home/lucasb/OpenManipulatorXRoboticArmKinematics/open_mx/install/custom_messages/share/custom_messages/cmake/custom_messages__rosidl_typesupport_introspection_cExport.cmake
[0.406s] -- Up-to-date: /home/lucasb/OpenManipulatorXRoboticArmKinematics/open_mx/install/custom_messages/share/custom_messages/cmake/custom_messages__rosidl_typesupport_introspection_cExport-noconfig.cmake
[0.406s] -- Up-to-date: /home/lucasb/OpenManipulatorXRoboticArmKinematics/open_mx/install/custom_messages/share/custom_messages/cmake/custom_messages__rosidl_typesupport_cExport.cmake
[0.406s] -- Up-to-date: /home/lucasb/OpenManipulatorXRoboticArmKinematics/open_mx/install/custom_messages/share/custom_messages/cmake/custom_messages__rosidl_typesupport_cExport-noconfig.cmake
[0.406s] -- Up-to-date: /home/lucasb/OpenManipulatorXRoboticArmKinematics/open_mx/install/custom_messages/share/custom_messages/cmake/custom_messages__rosidl_typesupport_introspection_cppExport.cmake
[0.407s] -- Up-to-date: /home/lucasb/OpenManipulatorXRoboticArmKinematics/open_mx/install/custom_messages/share/custom_messages/cmake/custom_messages__rosidl_typesupport_introspection_cppExport-noconfig.cmake
[0.407s] -- Up-to-date: /home/lucasb/OpenManipulatorXRoboticArmKinematics/open_mx/install/custom_messages/share/custom_messages/cmake/custom_messages__rosidl_typesupport_cppExport.cmake
[0.407s] -- Up-to-date: /home/lucasb/OpenManipulatorXRoboticArmKinematics/open_mx/install/custom_messages/share/custom_messages/cmake/custom_messages__rosidl_typesupport_cppExport-noconfig.cmake
[0.407s] -- Up-to-date: /home/lucasb/OpenManipulatorXRoboticArmKinematics/open_mx/install/custom_messages/share/custom_messages/cmake/export_custom_messages__rosidl_generator_pyExport.cmake
[0.407s] -- Up-to-date: /home/lucasb/OpenManipulatorXRoboticArmKinematics/open_mx/install/custom_messages/share/custom_messages/cmake/export_custom_messages__rosidl_generator_pyExport-noconfig.cmake
[0.408s] Invoked command in '/home/lucasb/OpenManipulatorXRoboticArmKinematics/open_mx/build/custom_messages' returned '0': CMAKE_PREFIX_PATH=${CMAKE_PREFIX_PATH}:/home/lucasb/OpenManipulatorXRoboticArmKinematics/open_mx/install/robot_omx:/home/lucasb/OpenManipulatorXRoboticArmKinematics/open_mx/install/rbe500_example_py:/opt/ros/humble /usr/bin/cmake --install /home/lucasb/OpenManipulatorXRoboticArmKinematics/open_mx/build/custom_messages
