[  2%] [34m[1mGenerating C code for ROS interfaces[0m
[  5%] [34m[1mGenerating C++ code for ROS interfaces[0m
[  5%] Built target ament_cmake_python_symlink_custom_messages
running egg_info
writing custom_messages.egg-info/PKG-INFO
writing dependency_links to custom_messages.egg-info/dependency_links.txt
writing top-level names to custom_messages.egg-info/top_level.txt
reading manifest file 'custom_messages.egg-info/SOURCES.txt'
writing manifest file 'custom_messages.egg-info/SOURCES.txt'
[  5%] Built target ament_cmake_python_build_custom_messages_egg
[  5%] Built target custom_messages__cpp
[  7%] [32mBuilding C object CMakeFiles/custom_messages__rosidl_generator_c.dir/rosidl_generator_c/custom_messages/srv/detail/inv_kin__functions.c.o[0m
[ 10%] [32mBuilding C object CMakeFiles/custom_messages__rosidl_generator_c.dir/rosidl_generator_c/custom_messages/srv/detail/velocity__functions.c.o[0m
[ 12%] [34m[1mGenerating C++ introspection for ROS interfaces[0m
[ 15%] [32mBuilding CXX object CMakeFiles/custom_messages__rosidl_typesupport_cpp.dir/rosidl_typesupport_cpp/custom_messages/srv/inv_kin__type_support.cpp.o[0m
[ 17%] [32mBuilding CXX object CMakeFiles/custom_messages__rosidl_typesupport_cpp.dir/rosidl_typesupport_cpp/custom_messages/srv/velocity__type_support.cpp.o[0m
[ 20%] [32mBuilding CXX object CMakeFiles/custom_messages__rosidl_typesupport_fastrtps_cpp.dir/rosidl_typesupport_fastrtps_cpp/custom_messages/srv/detail/dds_fastrtps/inv_kin__type_support.cpp.o[0m
[ 23%] [32mBuilding CXX object CMakeFiles/custom_messages__rosidl_typesupport_fastrtps_cpp.dir/rosidl_typesupport_fastrtps_cpp/custom_messages/srv/detail/dds_fastrtps/velocity__type_support.cpp.o[0m
[ 25%] [32m[1mLinking C shared library libcustom_messages__rosidl_generator_c.so[0m
[ 25%] Built target custom_messages__rosidl_generator_c
[ 28%] [34m[1mGenerating C type support for eProsima Fast-RTPS[0m
[ 30%] [34m[1mGenerating C introspection for ROS interfaces[0m
[ 33%] [32mBuilding CXX object CMakeFiles/custom_messages__rosidl_typesupport_c.dir/rosidl_typesupport_c/custom_messages/srv/velocity__type_support.cpp.o[0m
[ 35%] [32mBuilding CXX object CMakeFiles/custom_messages__rosidl_typesupport_c.dir/rosidl_typesupport_c/custom_messages/srv/inv_kin__type_support.cpp.o[0m
[ 38%] [32m[1mLinking CXX shared library libcustom_messages__rosidl_typesupport_c.so[0m
[ 41%] Built target custom_messages__rosidl_typesupport_c
[ 43%] [32m[1mLinking CXX shared library libcustom_messages__rosidl_typesupport_cpp.so[0m
[ 46%] [32mBuilding CXX object CMakeFiles/custom_messages__rosidl_typesupport_introspection_cpp.dir/rosidl_typesupport_introspection_cpp/custom_messages/srv/detail/inv_kin__type_support.cpp.o[0m
[ 48%] [32mBuilding CXX object CMakeFiles/custom_messages__rosidl_typesupport_introspection_cpp.dir/rosidl_typesupport_introspection_cpp/custom_messages/srv/detail/velocity__type_support.cpp.o[0m
[ 51%] Built target custom_messages__rosidl_typesupport_cpp
[ 53%] [32m[1mLinking CXX shared library libcustom_messages__rosidl_typesupport_fastrtps_cpp.so[0m
[ 56%] [32mBuilding C object CMakeFiles/custom_messages__rosidl_typesupport_introspection_c.dir/rosidl_typesupport_introspection_c/custom_messages/srv/detail/inv_kin__type_support.c.o[0m
[ 58%] [32mBuilding C object CMakeFiles/custom_messages__rosidl_typesupport_introspection_c.dir/rosidl_typesupport_introspection_c/custom_messages/srv/detail/velocity__type_support.c.o[0m
[ 61%] [32mBuilding CXX object CMakeFiles/custom_messages__rosidl_typesupport_fastrtps_c.dir/rosidl_typesupport_fastrtps_c/custom_messages/srv/detail/inv_kin__type_support_c.cpp.o[0m
[ 64%] [32mBuilding CXX object CMakeFiles/custom_messages__rosidl_typesupport_fastrtps_c.dir/rosidl_typesupport_fastrtps_c/custom_messages/srv/detail/velocity__type_support_c.cpp.o[0m
[ 66%] [32m[1mLinking C shared library libcustom_messages__rosidl_typesupport_introspection_c.so[0m
[ 69%] Built target custom_messages__rosidl_typesupport_fastrtps_cpp
[ 69%] Built target custom_messages__rosidl_typesupport_introspection_c
[ 71%] [32m[1mLinking CXX shared library libcustom_messages__rosidl_typesupport_introspection_cpp.so[0m
[ 71%] Built target custom_messages__rosidl_typesupport_introspection_cpp
[ 74%] [32m[1mLinking CXX shared library libcustom_messages__rosidl_typesupport_fastrtps_c.so[0m
[ 74%] Built target custom_messages__rosidl_typesupport_fastrtps_c
[ 74%] Built target custom_messages
[ 76%] [34m[1mGenerating Python code for ROS interfaces[0m
[ 76%] Built target custom_messages__py
[ 79%] [32mBuilding C object CMakeFiles/custom_messages__rosidl_generator_py.dir/rosidl_generator_py/custom_messages/srv/_inv_kin_s.c.o[0m
[ 82%] [32mBuilding C object CMakeFiles/custom_messages__rosidl_generator_py.dir/rosidl_generator_py/custom_messages/srv/_velocity_s.c.o[0m
[ 84%] [32m[1mLinking C shared library rosidl_generator_py/custom_messages/libcustom_messages__rosidl_generator_py.so[0m
[ 84%] Built target custom_messages__rosidl_generator_py
[ 87%] [32mBuilding C object CMakeFiles/custom_messages__rosidl_typesupport_introspection_c__pyext.dir/rosidl_generator_py/custom_messages/_custom_messages_s.ep.rosidl_typesupport_introspection_c.c.o[0m
[ 89%] [32mBuilding C object CMakeFiles/custom_messages__rosidl_typesupport_c__pyext.dir/rosidl_generator_py/custom_messages/_custom_messages_s.ep.rosidl_typesupport_c.c.o[0m
[ 92%] [32mBuilding C object CMakeFiles/custom_messages__rosidl_typesupport_fastrtps_c__pyext.dir/rosidl_generator_py/custom_messages/_custom_messages_s.ep.rosidl_typesupport_fastrtps_c.c.o[0m
[ 94%] [32m[1mLinking C shared library rosidl_generator_py/custom_messages/custom_messages_s__rosidl_typesupport_introspection_c.cpython-310-x86_64-linux-gnu.so[0m
[ 97%] [32m[1mLinking C shared library rosidl_generator_py/custom_messages/custom_messages_s__rosidl_typesupport_fastrtps_c.cpython-310-x86_64-linux-gnu.so[0m
[100%] [32m[1mLinking C shared library rosidl_generator_py/custom_messages/custom_messages_s__rosidl_typesupport_c.cpython-310-x86_64-linux-gnu.so[0m
[100%] Built target custom_messages__rosidl_typesupport_introspection_c__pyext
[100%] Built target custom_messages__rosidl_typesupport_fastrtps_c__pyext
[100%] Built target custom_messages__rosidl_typesupport_c__pyext
-- Install configuration: ""
-- Execute custom install script
-- Up-to-date symlink: /home/lucasb/OpenManipulatorXRoboticArmKinematics/open_mx/install/custom_messages/share/ament_index/resource_index/rosidl_interfaces/custom_messages
-- Up-to-date symlink: /home/lucasb/OpenManipulatorXRoboticArmKinematics/open_mx/install/custom_messages/include/custom_messages/custom_messages/msg/rosidl_generator_c__visibility_control.h
-- Up-to-date symlink: /home/lucasb/OpenManipulatorXRoboticArmKinematics/open_mx/install/custom_messages/include/custom_messages/custom_messages/srv/detail/inv_kin__functions.h
-- Up-to-date symlink: /home/lucasb/OpenManipulatorXRoboticArmKinematics/open_mx/install/custom_messages/include/custom_messages/custom_messages/srv/detail/inv_kin__struct.h
-- Up-to-date symlink: /home/lucasb/OpenManipulatorXRoboticArmKinematics/open_mx/install/custom_messages/include/custom_messages/custom_messages/srv/detail/inv_kin__type_support.h
-- Up-to-date symlink: /home/lucasb/OpenManipulatorXRoboticArmKinematics/open_mx/install/custom_messages/include/custom_messages/custom_messages/srv/detail/velocity__functions.h
-- Up-to-date symlink: /home/lucasb/OpenManipulatorXRoboticArmKinematics/open_mx/install/custom_messages/include/custom_messages/custom_messages/srv/detail/velocity__struct.h
-- Up-to-date symlink: /home/lucasb/OpenManipulatorXRoboticArmKinematics/open_mx/install/custom_messages/include/custom_messages/custom_messages/srv/detail/velocity__type_support.h
-- Up-to-date symlink: /home/lucasb/OpenManipulatorXRoboticArmKinematics/open_mx/install/custom_messages/include/custom_messages/custom_messages/srv/inv_kin.h
-- Up-to-date symlink: /home/lucasb/OpenManipulatorXRoboticArmKinematics/open_mx/install/custom_messages/include/custom_messages/custom_messages/srv/velocity.h
-- Up-to-date symlink: /home/lucasb/OpenManipulatorXRoboticArmKinematics/open_mx/install/custom_messages/share/custom_messages/environment/library_path.sh
-- Up-to-date symlink: /home/lucasb/OpenManipulatorXRoboticArmKinematics/open_mx/install/custom_messages/share/custom_messages/environment/library_path.dsv
-- Up-to-date symlink: /home/lucasb/OpenManipulatorXRoboticArmKinematics/open_mx/install/custom_messages/include/custom_messages/custom_messages/msg/rosidl_typesupport_fastrtps_c__visibility_control.h
-- Up-to-date symlink: /home/lucasb/OpenManipulatorXRoboticArmKinematics/open_mx/install/custom_messages/include/custom_messages/custom_messages/srv/detail/inv_kin__rosidl_typesupport_fastrtps_c.h
-- Up-to-date symlink: /home/lucasb/OpenManipulatorXRoboticArmKinematics/open_mx/install/custom_messages/include/custom_messages/custom_messages/srv/detail/velocity__rosidl_typesupport_fastrtps_c.h
-- Up-to-date symlink: /home/lucasb/OpenManipulatorXRoboticArmKinematics/open_mx/install/custom_messages/include/custom_messages/custom_messages/srv/detail/inv_kin__builder.hpp
-- Up-to-date symlink: /home/lucasb/OpenManipulatorXRoboticArmKinematics/open_mx/install/custom_messages/include/custom_messages/custom_messages/srv/detail/inv_kin__struct.hpp
-- Up-to-date symlink: /home/lucasb/OpenManipulatorXRoboticArmKinematics/open_mx/install/custom_messages/include/custom_messages/custom_messages/srv/detail/inv_kin__traits.hpp
-- Up-to-date symlink: /home/lucasb/OpenManipulatorXRoboticArmKinematics/open_mx/install/custom_messages/include/custom_messages/custom_messages/srv/detail/velocity__builder.hpp
-- Up-to-date symlink: /home/lucasb/OpenManipulatorXRoboticArmKinematics/open_mx/install/custom_messages/include/custom_messages/custom_messages/srv/detail/velocity__struct.hpp
-- Up-to-date symlink: /home/lucasb/OpenManipulatorXRoboticArmKinematics/open_mx/install/custom_messages/include/custom_messages/custom_messages/srv/detail/velocity__traits.hpp
-- Up-to-date symlink: /home/lucasb/OpenManipulatorXRoboticArmKinematics/open_mx/install/custom_messages/include/custom_messages/custom_messages/srv/inv_kin.hpp
-- Up-to-date symlink: /home/lucasb/OpenManipulatorXRoboticArmKinematics/open_mx/install/custom_messages/include/custom_messages/custom_messages/srv/velocity.hpp
-- Up-to-date symlink: /home/lucasb/OpenManipulatorXRoboticArmKinematics/open_mx/install/custom_messages/include/custom_messages/custom_messages/msg/rosidl_typesupport_fastrtps_cpp__visibility_control.h
-- Up-to-date symlink: /home/lucasb/OpenManipulatorXRoboticArmKinematics/open_mx/install/custom_messages/include/custom_messages/custom_messages/srv/detail/inv_kin__rosidl_typesupport_fastrtps_cpp.hpp
-- Up-to-date symlink: /home/lucasb/OpenManipulatorXRoboticArmKinematics/open_mx/install/custom_messages/include/custom_messages/custom_messages/srv/detail/velocity__rosidl_typesupport_fastrtps_cpp.hpp
-- Up-to-date symlink: /home/lucasb/OpenManipulatorXRoboticArmKinematics/open_mx/install/custom_messages/include/custom_messages/custom_messages/msg/rosidl_typesupport_introspection_c__visibility_control.h
-- Up-to-date symlink: /home/lucasb/OpenManipulatorXRoboticArmKinematics/open_mx/install/custom_messages/include/custom_messages/custom_messages/srv/detail/inv_kin__rosidl_typesupport_introspection_c.h
-- Up-to-date symlink: /home/lucasb/OpenManipulatorXRoboticArmKinematics/open_mx/install/custom_messages/include/custom_messages/custom_messages/srv/detail/velocity__rosidl_typesupport_introspection_c.h
-- Up-to-date symlink: /home/lucasb/OpenManipulatorXRoboticArmKinematics/open_mx/install/custom_messages/include/custom_messages/custom_messages/srv/detail/inv_kin__rosidl_typesupport_introspection_cpp.hpp
-- Up-to-date symlink: /home/lucasb/OpenManipulatorXRoboticArmKinematics/open_mx/install/custom_messages/include/custom_messages/custom_messages/srv/detail/velocity__rosidl_typesupport_introspection_cpp.hpp
-- Up-to-date symlink: /home/lucasb/OpenManipulatorXRoboticArmKinematics/open_mx/install/custom_messages/share/custom_messages/environment/pythonpath.sh
-- Up-to-date symlink: /home/lucasb/OpenManipulatorXRoboticArmKinematics/open_mx/install/custom_messages/share/custom_messages/environment/pythonpath.dsv
-- Up-to-date symlink: /home/lucasb/OpenManipulatorXRoboticArmKinematics/open_mx/install/custom_messages/local/lib/python3.10/dist-packages/custom_messages-0.0.0-py3.10.egg-info/PKG-INFO
-- Up-to-date symlink: /home/lucasb/OpenManipulatorXRoboticArmKinematics/open_mx/install/custom_messages/local/lib/python3.10/dist-packages/custom_messages-0.0.0-py3.10.egg-info/SOURCES.txt
-- Up-to-date symlink: /home/lucasb/OpenManipulatorXRoboticArmKinematics/open_mx/install/custom_messages/local/lib/python3.10/dist-packages/custom_messages-0.0.0-py3.10.egg-info/dependency_links.txt
-- Up-to-date symlink: /home/lucasb/OpenManipulatorXRoboticArmKinematics/open_mx/install/custom_messages/local/lib/python3.10/dist-packages/custom_messages-0.0.0-py3.10.egg-info/top_level.txt
-- Up-to-date symlink: /home/lucasb/OpenManipulatorXRoboticArmKinematics/open_mx/install/custom_messages/local/lib/python3.10/dist-packages/custom_messages/__init__.py
-- Up-to-date symlink: /home/lucasb/OpenManipulatorXRoboticArmKinematics/open_mx/install/custom_messages/local/lib/python3.10/dist-packages/custom_messages/_custom_messages_s.ep.rosidl_typesupport_c.c
-- Up-to-date symlink: /home/lucasb/OpenManipulatorXRoboticArmKinematics/open_mx/install/custom_messages/local/lib/python3.10/dist-packages/custom_messages/_custom_messages_s.ep.rosidl_typesupport_fastrtps_c.c
-- Up-to-date symlink: /home/lucasb/OpenManipulatorXRoboticArmKinematics/open_mx/install/custom_messages/local/lib/python3.10/dist-packages/custom_messages/_custom_messages_s.ep.rosidl_typesupport_introspection_c.c
-- Up-to-date symlink: /home/lucasb/OpenManipulatorXRoboticArmKinematics/open_mx/install/custom_messages/local/lib/python3.10/dist-packages/custom_messages/custom_messages_s__rosidl_typesupport_c.cpython-310-x86_64-linux-gnu.so
-- Up-to-date symlink: /home/lucasb/OpenManipulatorXRoboticArmKinematics/open_mx/install/custom_messages/local/lib/python3.10/dist-packages/custom_messages/custom_messages_s__rosidl_typesupport_fastrtps_c.cpython-310-x86_64-linux-gnu.so
-- Up-to-date symlink: /home/lucasb/OpenManipulatorXRoboticArmKinematics/open_mx/install/custom_messages/local/lib/python3.10/dist-packages/custom_messages/custom_messages_s__rosidl_typesupport_introspection_c.cpython-310-x86_64-linux-gnu.so
-- Up-to-date symlink: /home/lucasb/OpenManipulatorXRoboticArmKinematics/open_mx/install/custom_messages/local/lib/python3.10/dist-packages/custom_messages/libcustom_messages__rosidl_generator_py.so
-- Up-to-date symlink: /home/lucasb/OpenManipulatorXRoboticArmKinematics/open_mx/install/custom_messages/local/lib/python3.10/dist-packages/custom_messages/srv/__init__.py
-- Up-to-date symlink: /home/lucasb/OpenManipulatorXRoboticArmKinematics/open_mx/install/custom_messages/local/lib/python3.10/dist-packages/custom_messages/srv/_inv_kin.py
-- Up-to-date symlink: /home/lucasb/OpenManipulatorXRoboticArmKinematics/open_mx/install/custom_messages/local/lib/python3.10/dist-packages/custom_messages/srv/_inv_kin_s.c
-- Up-to-date symlink: /home/lucasb/OpenManipulatorXRoboticArmKinematics/open_mx/install/custom_messages/local/lib/python3.10/dist-packages/custom_messages/srv/_velocity.py
-- Up-to-date symlink: /home/lucasb/OpenManipulatorXRoboticArmKinematics/open_mx/install/custom_messages/local/lib/python3.10/dist-packages/custom_messages/srv/_velocity_s.c
-- Up-to-date symlink: /home/lucasb/OpenManipulatorXRoboticArmKinematics/open_mx/install/custom_messages/local/lib/python3.10/dist-packages/custom_messages/custom_messages_s__rosidl_typesupport_fastrtps_c.cpython-310-x86_64-linux-gnu.so
-- Up-to-date symlink: /home/lucasb/OpenManipulatorXRoboticArmKinematics/open_mx/install/custom_messages/local/lib/python3.10/dist-packages/custom_messages/custom_messages_s__rosidl_typesupport_introspection_c.cpython-310-x86_64-linux-gnu.so
-- Up-to-date symlink: /home/lucasb/OpenManipulatorXRoboticArmKinematics/open_mx/install/custom_messages/local/lib/python3.10/dist-packages/custom_messages/custom_messages_s__rosidl_typesupport_c.cpython-310-x86_64-linux-gnu.so
-- Up-to-date symlink: /home/lucasb/OpenManipulatorXRoboticArmKinematics/open_mx/install/custom_messages/share/custom_messages/srv/InvKin.idl
-- Up-to-date symlink: /home/lucasb/OpenManipulatorXRoboticArmKinematics/open_mx/install/custom_messages/share/custom_messages/srv/Velocity.idl
-- Up-to-date symlink: /home/lucasb/OpenManipulatorXRoboticArmKinematics/open_mx/install/custom_messages/share/custom_messages/srv/InvKin.srv
-- Up-to-date symlink: /home/lucasb/OpenManipulatorXRoboticArmKinematics/open_mx/install/custom_messages/share/custom_messages/srv/InvKin_Request.msg
-- Up-to-date symlink: /home/lucasb/OpenManipulatorXRoboticArmKinematics/open_mx/install/custom_messages/share/custom_messages/srv/InvKin_Response.msg
-- Up-to-date symlink: /home/lucasb/OpenManipulatorXRoboticArmKinematics/open_mx/install/custom_messages/share/custom_messages/srv/Velocity.srv
-- Up-to-date symlink: /home/lucasb/OpenManipulatorXRoboticArmKinematics/open_mx/install/custom_messages/share/custom_messages/srv/Velocity_Request.msg
-- Up-to-date symlink: /home/lucasb/OpenManipulatorXRoboticArmKinematics/open_mx/install/custom_messages/share/custom_messages/srv/Velocity_Response.msg
-- Up-to-date symlink: /home/lucasb/OpenManipulatorXRoboticArmKinematics/open_mx/install/custom_messages/share/ament_index/resource_index/package_run_dependencies/custom_messages
-- Up-to-date symlink: /home/lucasb/OpenManipulatorXRoboticArmKinematics/open_mx/install/custom_messages/share/ament_index/resource_index/parent_prefix_path/custom_messages
-- Up-to-date symlink: /home/lucasb/OpenManipulatorXRoboticArmKinematics/open_mx/install/custom_messages/share/custom_messages/environment/ament_prefix_path.sh
-- Up-to-date symlink: /home/lucasb/OpenManipulatorXRoboticArmKinematics/open_mx/install/custom_messages/share/custom_messages/environment/ament_prefix_path.dsv
-- Up-to-date symlink: /home/lucasb/OpenManipulatorXRoboticArmKinematics/open_mx/install/custom_messages/share/custom_messages/environment/path.sh
-- Up-to-date symlink: /home/lucasb/OpenManipulatorXRoboticArmKinematics/open_mx/install/custom_messages/share/custom_messages/environment/path.dsv
-- Up-to-date symlink: /home/lucasb/OpenManipulatorXRoboticArmKinematics/open_mx/install/custom_messages/share/custom_messages/local_setup.bash
-- Up-to-date symlink: /home/lucasb/OpenManipulatorXRoboticArmKinematics/open_mx/install/custom_messages/share/custom_messages/local_setup.sh
-- Up-to-date symlink: /home/lucasb/OpenManipulatorXRoboticArmKinematics/open_mx/install/custom_messages/share/custom_messages/local_setup.zsh
-- Up-to-date symlink: /home/lucasb/OpenManipulatorXRoboticArmKinematics/open_mx/install/custom_messages/share/custom_messages/local_setup.dsv
-- Symlinking: /home/lucasb/OpenManipulatorXRoboticArmKinematics/open_mx/install/custom_messages/share/custom_messages/package.dsv
-- Up-to-date symlink: /home/lucasb/OpenManipulatorXRoboticArmKinematics/open_mx/install/custom_messages/share/ament_index/resource_index/packages/custom_messages
-- Up-to-date symlink: /home/lucasb/OpenManipulatorXRoboticArmKinematics/open_mx/install/custom_messages/share/custom_messages/cmake/rosidl_cmake-extras.cmake
-- Up-to-date symlink: /home/lucasb/OpenManipulatorXRoboticArmKinematics/open_mx/install/custom_messages/share/custom_messages/cmake/ament_cmake_export_dependencies-extras.cmake
-- Up-to-date symlink: /home/lucasb/OpenManipulatorXRoboticArmKinematics/open_mx/install/custom_messages/share/custom_messages/cmake/ament_cmake_export_include_directories-extras.cmake
-- Up-to-date symlink: /home/lucasb/OpenManipulatorXRoboticArmKinematics/open_mx/install/custom_messages/share/custom_messages/cmake/ament_cmake_export_libraries-extras.cmake
-- Up-to-date symlink: /home/lucasb/OpenManipulatorXRoboticArmKinematics/open_mx/install/custom_messages/share/custom_messages/cmake/ament_cmake_export_targets-extras.cmake
-- Up-to-date symlink: /home/lucasb/OpenManipulatorXRoboticArmKinematics/open_mx/install/custom_messages/share/custom_messages/cmake/rosidl_cmake_export_typesupport_targets-extras.cmake
-- Up-to-date symlink: /home/lucasb/OpenManipulatorXRoboticArmKinematics/open_mx/install/custom_messages/share/custom_messages/cmake/rosidl_cmake_export_typesupport_libraries-extras.cmake
-- Up-to-date symlink: /home/lucasb/OpenManipulatorXRoboticArmKinematics/open_mx/install/custom_messages/share/custom_messages/cmake/custom_messagesConfig.cmake
-- Up-to-date symlink: /home/lucasb/OpenManipulatorXRoboticArmKinematics/open_mx/install/custom_messages/share/custom_messages/cmake/custom_messagesConfig-version.cmake
-- Up-to-date symlink: /home/lucasb/OpenManipulatorXRoboticArmKinematics/open_mx/install/custom_messages/share/custom_messages/package.xml
-- Installing: /home/lucasb/OpenManipulatorXRoboticArmKinematics/open_mx/install/custom_messages/lib/libcustom_messages__rosidl_generator_c.so
-- Set runtime path of "/home/lucasb/OpenManipulatorXRoboticArmKinematics/open_mx/install/custom_messages/lib/libcustom_messages__rosidl_generator_c.so" to ""
-- Installing: /home/lucasb/OpenManipulatorXRoboticArmKinematics/open_mx/install/custom_messages/lib/libcustom_messages__rosidl_typesupport_fastrtps_c.so
-- Set runtime path of "/home/lucasb/OpenManipulatorXRoboticArmKinematics/open_mx/install/custom_messages/lib/libcustom_messages__rosidl_typesupport_fastrtps_c.so" to ""
-- Installing: /home/lucasb/OpenManipulatorXRoboticArmKinematics/open_mx/install/custom_messages/lib/libcustom_messages__rosidl_typesupport_fastrtps_cpp.so
-- Set runtime path of "/home/lucasb/OpenManipulatorXRoboticArmKinematics/open_mx/install/custom_messages/lib/libcustom_messages__rosidl_typesupport_fastrtps_cpp.so" to ""
-- Installing: /home/lucasb/OpenManipulatorXRoboticArmKinematics/open_mx/install/custom_messages/lib/libcustom_messages__rosidl_typesupport_introspection_c.so
-- Set runtime path of "/home/lucasb/OpenManipulatorXRoboticArmKinematics/open_mx/install/custom_messages/lib/libcustom_messages__rosidl_typesupport_introspection_c.so" to ""
-- Installing: /home/lucasb/OpenManipulatorXRoboticArmKinematics/open_mx/install/custom_messages/lib/libcustom_messages__rosidl_typesupport_c.so
-- Set runtime path of "/home/lucasb/OpenManipulatorXRoboticArmKinematics/open_mx/install/custom_messages/lib/libcustom_messages__rosidl_typesupport_c.so" to ""
-- Installing: /home/lucasb/OpenManipulatorXRoboticArmKinematics/open_mx/install/custom_messages/lib/libcustom_messages__rosidl_typesupport_introspection_cpp.so
-- Set runtime path of "/home/lucasb/OpenManipulatorXRoboticArmKinematics/open_mx/install/custom_messages/lib/libcustom_messages__rosidl_typesupport_introspection_cpp.so" to ""
-- Installing: /home/lucasb/OpenManipulatorXRoboticArmKinematics/open_mx/install/custom_messages/lib/libcustom_messages__rosidl_typesupport_cpp.so
-- Set runtime path of "/home/lucasb/OpenManipulatorXRoboticArmKinematics/open_mx/install/custom_messages/lib/libcustom_messages__rosidl_typesupport_cpp.so" to ""
Listing '/home/lucasb/OpenManipulatorXRoboticArmKinematics/open_mx/install/custom_messages/local/lib/python3.10/dist-packages/custom_messages'...
Compiling '/home/lucasb/OpenManipulatorXRoboticArmKinematics/open_mx/install/custom_messages/local/lib/python3.10/dist-packages/custom_messages/__init__.py'...
Listing '/home/lucasb/OpenManipulatorXRoboticArmKinematics/open_mx/install/custom_messages/local/lib/python3.10/dist-packages/custom_messages/srv'...
Compiling '/home/lucasb/OpenManipulatorXRoboticArmKinematics/open_mx/install/custom_messages/local/lib/python3.10/dist-packages/custom_messages/srv/__init__.py'...
Compiling '/home/lucasb/OpenManipulatorXRoboticArmKinematics/open_mx/install/custom_messages/local/lib/python3.10/dist-packages/custom_messages/srv/_inv_kin.py'...
Compiling '/home/lucasb/OpenManipulatorXRoboticArmKinematics/open_mx/install/custom_messages/local/lib/python3.10/dist-packages/custom_messages/srv/_velocity.py'...
-- Installing: /home/lucasb/OpenManipulatorXRoboticArmKinematics/open_mx/install/custom_messages/lib/libcustom_messages__rosidl_generator_py.so
-- Set runtime path of "/home/lucasb/OpenManipulatorXRoboticArmKinematics/open_mx/install/custom_messages/lib/libcustom_messages__rosidl_generator_py.so" to ""
-- Up-to-date: /home/lucasb/OpenManipulatorXRoboticArmKinematics/open_mx/install/custom_messages/share/custom_messages/cmake/export_custom_messages__rosidl_generator_cExport.cmake
-- Up-to-date: /home/lucasb/OpenManipulatorXRoboticArmKinematics/open_mx/install/custom_messages/share/custom_messages/cmake/export_custom_messages__rosidl_generator_cExport-noconfig.cmake
-- Up-to-date: /home/lucasb/OpenManipulatorXRoboticArmKinematics/open_mx/install/custom_messages/share/custom_messages/cmake/export_custom_messages__rosidl_typesupport_fastrtps_cExport.cmake
-- Up-to-date: /home/lucasb/OpenManipulatorXRoboticArmKinematics/open_mx/install/custom_messages/share/custom_messages/cmake/export_custom_messages__rosidl_typesupport_fastrtps_cExport-noconfig.cmake
-- Up-to-date: /home/lucasb/OpenManipulatorXRoboticArmKinematics/open_mx/install/custom_messages/share/custom_messages/cmake/export_custom_messages__rosidl_generator_cppExport.cmake
-- Up-to-date: /home/lucasb/OpenManipulatorXRoboticArmKinematics/open_mx/install/custom_messages/share/custom_messages/cmake/export_custom_messages__rosidl_typesupport_fastrtps_cppExport.cmake
-- Up-to-date: /home/lucasb/OpenManipulatorXRoboticArmKinematics/open_mx/install/custom_messages/share/custom_messages/cmake/export_custom_messages__rosidl_typesupport_fastrtps_cppExport-noconfig.cmake
-- Up-to-date: /home/lucasb/OpenManipulatorXRoboticArmKinematics/open_mx/install/custom_messages/share/custom_messages/cmake/custom_messages__rosidl_typesupport_introspection_cExport.cmake
-- Up-to-date: /home/lucasb/OpenManipulatorXRoboticArmKinematics/open_mx/install/custom_messages/share/custom_messages/cmake/custom_messages__rosidl_typesupport_introspection_cExport-noconfig.cmake
-- Up-to-date: /home/lucasb/OpenManipulatorXRoboticArmKinematics/open_mx/install/custom_messages/share/custom_messages/cmake/custom_messages__rosidl_typesupport_cExport.cmake
-- Up-to-date: /home/lucasb/OpenManipulatorXRoboticArmKinematics/open_mx/install/custom_messages/share/custom_messages/cmake/custom_messages__rosidl_typesupport_cExport-noconfig.cmake
-- Up-to-date: /home/lucasb/OpenManipulatorXRoboticArmKinematics/open_mx/install/custom_messages/share/custom_messages/cmake/custom_messages__rosidl_typesupport_introspection_cppExport.cmake
-- Up-to-date: /home/lucasb/OpenManipulatorXRoboticArmKinematics/open_mx/install/custom_messages/share/custom_messages/cmake/custom_messages__rosidl_typesupport_introspection_cppExport-noconfig.cmake
-- Up-to-date: /home/lucasb/OpenManipulatorXRoboticArmKinematics/open_mx/install/custom_messages/share/custom_messages/cmake/custom_messages__rosidl_typesupport_cppExport.cmake
-- Up-to-date: /home/lucasb/OpenManipulatorXRoboticArmKinematics/open_mx/install/custom_messages/share/custom_messages/cmake/custom_messages__rosidl_typesupport_cppExport-noconfig.cmake
-- Up-to-date: /home/lucasb/OpenManipulatorXRoboticArmKinematics/open_mx/install/custom_messages/share/custom_messages/cmake/export_custom_messages__rosidl_generator_pyExport.cmake
-- Up-to-date: /home/lucasb/OpenManipulatorXRoboticArmKinematics/open_mx/install/custom_messages/share/custom_messages/cmake/export_custom_messages__rosidl_generator_pyExport-noconfig.cmake
