[0.022s] Invoking command in '/home/lucasb/OpenManipulatorXRoboticArmKinematics/open_mx/build/dynamixel_sdk_examples': AMENT_PREFIX_PATH=/home/lucasb/OpenManipulatorXRoboticArmKinematics/open_mx/install/dynamixel_sdk_custom_interfaces:/home/lucasb/OpenManipulatorXRoboticArmKinematics/open_mx/install/dynamixel_sdk:${AMENT_PREFIX_PATH} CMAKE_PREFIX_PATH=/home/lucasb/OpenManipulatorXRoboticArmKinematics/open_mx/install/dynamixel_sdk_custom_interfaces:/home/lucasb/OpenManipulatorXRoboticArmKinematics/open_mx/install/dynamixel_sdk:/home/lucasb/OpenManipulatorXRoboticArmKinematics/open_mx/install/custom_messages:/home/lucasb/OpenManipulatorXRoboticArmKinematics/open_mx/install/robot_omx:/opt/ros/humble LD_LIBRARY_PATH=/home/lucasb/OpenManipulatorXRoboticArmKinematics/open_mx/install/dynamixel_sdk_custom_interfaces/lib:/home/lucasb/OpenManipulatorXRoboticArmKinematics/open_mx/install/dynamixel_sdk/lib:${LD_LIBRARY_PATH} PYTHONPATH=/home/lucasb/OpenManipulatorXRoboticArmKinematics/open_mx/install/dynamixel_sdk_custom_interfaces/local/lib/python3.10/dist-packages:${PYTHONPATH} /usr/bin/cmake /home/lucasb/OpenManipulatorXRoboticArmKinematics/open_mx/src/DynamixelSDK/dynamixel_sdk_examples -DAMENT_CMAKE_SYMLINK_INSTALL=1 -DCMAKE_INSTALL_PREFIX=/home/lucasb/OpenManipulatorXRoboticArmKinematics/open_mx/install/dynamixel_sdk_examples
[0.116s] -- The C compiler identification is GNU 11.4.0
[0.197s] -- The CXX compiler identification is GNU 11.4.0
[0.239s] -- Detecting C compiler ABI info
[0.368s] -- Detecting C compiler ABI info - done
[0.377s] -- Check for working C compiler: /usr/bin/cc - skipped
[0.377s] -- Detecting C compile features
[0.377s] -- Detecting C compile features - done
[0.380s] -- Detecting CXX compiler ABI info
[0.482s] -- Detecting CXX compiler ABI info - done
[0.489s] -- Check for working CXX compiler: /usr/bin/c++ - skipped
[0.489s] -- Detecting CXX compile features
[0.490s] -- Detecting CXX compile features - done
[0.492s] -- Found ament_cmake: 1.3.10 (/opt/ros/humble/share/ament_cmake/cmake)
[0.700s] -- Found Python3: /usr/bin/python3 (found version "3.10.12") found components: Interpreter 
[0.773s] -- Override CMake install command with custom implementation using symlinks instead of copying resources
[0.796s] -- Found dynamixel_sdk: 3.7.60 (/home/lucasb/OpenManipulatorXRoboticArmKinematics/open_mx/install/dynamixel_sdk/share/dynamixel_sdk/cmake)
[0.797s] -- Found dynamixel_sdk_custom_interfaces: 3.7.60 (/home/lucasb/OpenManipulatorXRoboticArmKinematics/open_mx/install/dynamixel_sdk_custom_interfaces/share/dynamixel_sdk_custom_interfaces/cmake)
[0.829s] -- Found rosidl_generator_c: 3.1.5 (/opt/ros/humble/share/rosidl_generator_c/cmake)
[0.833s] -- Found rosidl_adapter: 3.1.5 (/opt/ros/humble/share/rosidl_adapter/cmake)
[0.840s] -- Found rosidl_generator_cpp: 3.1.5 (/opt/ros/humble/share/rosidl_generator_cpp/cmake)
[0.851s] -- Using all available rosidl_typesupport_c: rosidl_typesupport_fastrtps_c;rosidl_typesupport_introspection_c
[0.866s] -- Using all available rosidl_typesupport_cpp: rosidl_typesupport_fastrtps_cpp;rosidl_typesupport_introspection_cpp
[0.891s] -- Found rclcpp: 16.0.10 (/opt/ros/humble/share/rclcpp/cmake)
[0.923s] -- Found rmw_implementation_cmake: 6.1.2 (/opt/ros/humble/share/rmw_implementation_cmake/cmake)
[0.926s] -- Found rmw_fastrtps_cpp: 6.2.7 (/opt/ros/humble/share/rmw_fastrtps_cpp/cmake)
[1.097s] -- Found OpenSSL: /usr/lib/x86_64-linux-gnu/libcrypto.so (found version "3.0.2")  
[1.124s] -- Found FastRTPS: /opt/ros/humble/include  
[1.210s] -- Using RMW implementation 'rmw_fastrtps_cpp' as default
[1.225s] -- Looking for pthread.h
[1.321s] -- Looking for pthread.h - found
[1.321s] -- Performing Test CMAKE_HAVE_LIBC_PTHREAD
[1.421s] -- Performing Test CMAKE_HAVE_LIBC_PTHREAD - Success
[1.423s] -- Found Threads: TRUE  
[1.476s] -- Found ament_lint_auto: 0.12.11 (/opt/ros/humble/share/ament_lint_auto/cmake)
[1.565s] -- Added test 'copyright' to check source files copyright and LICENSE
[1.566s] -- Added test 'cppcheck' to perform static code analysis on C / C++ code
[1.566s] -- Configured cppcheck include dirs: /home/lucasb/OpenManipulatorXRoboticArmKinematics/open_mx/src/DynamixelSDK/dynamixel_sdk_examples/include
[1.566s] -- Configured cppcheck exclude dirs and/or files: 
[1.567s] -- Added test 'cpplint' to check C / C++ code against the Google style
[1.567s] -- Configured cpplint exclude dirs and/or files: 
[1.567s] -- Added test 'lint_cmake' to check CMake code style
[1.568s] -- Added test 'uncrustify' to check C / C++ code style
[1.568s] -- Configured uncrustify additional arguments: 
[1.569s] -- Added test 'xmllint' to check XML markup files
[1.570s] -- Configuring done
[1.577s] -- Generating done
[1.578s] -- Build files have been written to: /home/lucasb/OpenManipulatorXRoboticArmKinematics/open_mx/build/dynamixel_sdk_examples
[1.587s] Invoked command in '/home/lucasb/OpenManipulatorXRoboticArmKinematics/open_mx/build/dynamixel_sdk_examples' returned '0': AMENT_PREFIX_PATH=/home/lucasb/OpenManipulatorXRoboticArmKinematics/open_mx/install/dynamixel_sdk_custom_interfaces:/home/lucasb/OpenManipulatorXRoboticArmKinematics/open_mx/install/dynamixel_sdk:${AMENT_PREFIX_PATH} CMAKE_PREFIX_PATH=/home/lucasb/OpenManipulatorXRoboticArmKinematics/open_mx/install/dynamixel_sdk_custom_interfaces:/home/lucasb/OpenManipulatorXRoboticArmKinematics/open_mx/install/dynamixel_sdk:/home/lucasb/OpenManipulatorXRoboticArmKinematics/open_mx/install/custom_messages:/home/lucasb/OpenManipulatorXRoboticArmKinematics/open_mx/install/robot_omx:/opt/ros/humble LD_LIBRARY_PATH=/home/lucasb/OpenManipulatorXRoboticArmKinematics/open_mx/install/dynamixel_sdk_custom_interfaces/lib:/home/lucasb/OpenManipulatorXRoboticArmKinematics/open_mx/install/dynamixel_sdk/lib:${LD_LIBRARY_PATH} PYTHONPATH=/home/lucasb/OpenManipulatorXRoboticArmKinematics/open_mx/install/dynamixel_sdk_custom_interfaces/local/lib/python3.10/dist-packages:${PYTHONPATH} /usr/bin/cmake /home/lucasb/OpenManipulatorXRoboticArmKinematics/open_mx/src/DynamixelSDK/dynamixel_sdk_examples -DAMENT_CMAKE_SYMLINK_INSTALL=1 -DCMAKE_INSTALL_PREFIX=/home/lucasb/OpenManipulatorXRoboticArmKinematics/open_mx/install/dynamixel_sdk_examples
[1.589s] Invoking command in '/home/lucasb/OpenManipulatorXRoboticArmKinematics/open_mx/build/dynamixel_sdk_examples': AMENT_PREFIX_PATH=/home/lucasb/OpenManipulatorXRoboticArmKinematics/open_mx/install/dynamixel_sdk_custom_interfaces:/home/lucasb/OpenManipulatorXRoboticArmKinematics/open_mx/install/dynamixel_sdk:${AMENT_PREFIX_PATH} CMAKE_PREFIX_PATH=/home/lucasb/OpenManipulatorXRoboticArmKinematics/open_mx/install/dynamixel_sdk_custom_interfaces:/home/lucasb/OpenManipulatorXRoboticArmKinematics/open_mx/install/dynamixel_sdk:/home/lucasb/OpenManipulatorXRoboticArmKinematics/open_mx/install/custom_messages:/home/lucasb/OpenManipulatorXRoboticArmKinematics/open_mx/install/robot_omx:/opt/ros/humble LD_LIBRARY_PATH=/home/lucasb/OpenManipulatorXRoboticArmKinematics/open_mx/install/dynamixel_sdk_custom_interfaces/lib:/home/lucasb/OpenManipulatorXRoboticArmKinematics/open_mx/install/dynamixel_sdk/lib:${LD_LIBRARY_PATH} PYTHONPATH=/home/lucasb/OpenManipulatorXRoboticArmKinematics/open_mx/install/dynamixel_sdk_custom_interfaces/local/lib/python3.10/dist-packages:${PYTHONPATH} /usr/bin/cmake --build /home/lucasb/OpenManipulatorXRoboticArmKinematics/open_mx/build/dynamixel_sdk_examples -- -j20 -l20
[1.636s] [ 50%] [32mBuilding CXX object CMakeFiles/read_write_node.dir/src/read_write_node.cpp.o[0m
[8.557s] [100%] [32m[1mLinking CXX executable read_write_node[0m
[8.832s] [100%] Built target read_write_node
[8.845s] Invoked command in '/home/lucasb/OpenManipulatorXRoboticArmKinematics/open_mx/build/dynamixel_sdk_examples' returned '0': AMENT_PREFIX_PATH=/home/lucasb/OpenManipulatorXRoboticArmKinematics/open_mx/install/dynamixel_sdk_custom_interfaces:/home/lucasb/OpenManipulatorXRoboticArmKinematics/open_mx/install/dynamixel_sdk:${AMENT_PREFIX_PATH} CMAKE_PREFIX_PATH=/home/lucasb/OpenManipulatorXRoboticArmKinematics/open_mx/install/dynamixel_sdk_custom_interfaces:/home/lucasb/OpenManipulatorXRoboticArmKinematics/open_mx/install/dynamixel_sdk:/home/lucasb/OpenManipulatorXRoboticArmKinematics/open_mx/install/custom_messages:/home/lucasb/OpenManipulatorXRoboticArmKinematics/open_mx/install/robot_omx:/opt/ros/humble LD_LIBRARY_PATH=/home/lucasb/OpenManipulatorXRoboticArmKinematics/open_mx/install/dynamixel_sdk_custom_interfaces/lib:/home/lucasb/OpenManipulatorXRoboticArmKinematics/open_mx/install/dynamixel_sdk/lib:${LD_LIBRARY_PATH} PYTHONPATH=/home/lucasb/OpenManipulatorXRoboticArmKinematics/open_mx/install/dynamixel_sdk_custom_interfaces/local/lib/python3.10/dist-packages:${PYTHONPATH} /usr/bin/cmake --build /home/lucasb/OpenManipulatorXRoboticArmKinematics/open_mx/build/dynamixel_sdk_examples -- -j20 -l20
[8.869s] Invoking command in '/home/lucasb/OpenManipulatorXRoboticArmKinematics/open_mx/build/dynamixel_sdk_examples': AMENT_PREFIX_PATH=/home/lucasb/OpenManipulatorXRoboticArmKinematics/open_mx/install/dynamixel_sdk_custom_interfaces:/home/lucasb/OpenManipulatorXRoboticArmKinematics/open_mx/install/dynamixel_sdk:${AMENT_PREFIX_PATH} CMAKE_PREFIX_PATH=/home/lucasb/OpenManipulatorXRoboticArmKinematics/open_mx/install/dynamixel_sdk_custom_interfaces:/home/lucasb/OpenManipulatorXRoboticArmKinematics/open_mx/install/dynamixel_sdk:/home/lucasb/OpenManipulatorXRoboticArmKinematics/open_mx/install/custom_messages:/home/lucasb/OpenManipulatorXRoboticArmKinematics/open_mx/install/robot_omx:/opt/ros/humble LD_LIBRARY_PATH=/home/lucasb/OpenManipulatorXRoboticArmKinematics/open_mx/install/dynamixel_sdk_custom_interfaces/lib:/home/lucasb/OpenManipulatorXRoboticArmKinematics/open_mx/install/dynamixel_sdk/lib:${LD_LIBRARY_PATH} PYTHONPATH=/home/lucasb/OpenManipulatorXRoboticArmKinematics/open_mx/install/dynamixel_sdk_custom_interfaces/local/lib/python3.10/dist-packages:${PYTHONPATH} /usr/bin/cmake --install /home/lucasb/OpenManipulatorXRoboticArmKinematics/open_mx/build/dynamixel_sdk_examples
[8.875s] -- Install configuration: ""
[8.875s] -- Execute custom install script
[8.875s] -- Symlinking: /home/lucasb/OpenManipulatorXRoboticArmKinematics/open_mx/install/dynamixel_sdk_examples/lib/dynamixel_sdk_examples/read_write_node
[8.884s] -- Symlinking: /home/lucasb/OpenManipulatorXRoboticArmKinematics/open_mx/install/dynamixel_sdk_examples/share/ament_index/resource_index/package_run_dependencies/dynamixel_sdk_examples
[8.891s] -- Symlinking: /home/lucasb/OpenManipulatorXRoboticArmKinematics/open_mx/install/dynamixel_sdk_examples/share/ament_index/resource_index/parent_prefix_path/dynamixel_sdk_examples
[8.897s] -- Symlinking: /home/lucasb/OpenManipulatorXRoboticArmKinematics/open_mx/install/dynamixel_sdk_examples/share/dynamixel_sdk_examples/environment/ament_prefix_path.sh
[8.904s] -- Symlinking: /home/lucasb/OpenManipulatorXRoboticArmKinematics/open_mx/install/dynamixel_sdk_examples/share/dynamixel_sdk_examples/environment/ament_prefix_path.dsv
[8.910s] -- Symlinking: /home/lucasb/OpenManipulatorXRoboticArmKinematics/open_mx/install/dynamixel_sdk_examples/share/dynamixel_sdk_examples/environment/path.sh
[8.916s] -- Symlinking: /home/lucasb/OpenManipulatorXRoboticArmKinematics/open_mx/install/dynamixel_sdk_examples/share/dynamixel_sdk_examples/environment/path.dsv
[8.923s] -- Symlinking: /home/lucasb/OpenManipulatorXRoboticArmKinematics/open_mx/install/dynamixel_sdk_examples/share/dynamixel_sdk_examples/local_setup.bash
[8.929s] -- Symlinking: /home/lucasb/OpenManipulatorXRoboticArmKinematics/open_mx/install/dynamixel_sdk_examples/share/dynamixel_sdk_examples/local_setup.sh
[8.936s] -- Symlinking: /home/lucasb/OpenManipulatorXRoboticArmKinematics/open_mx/install/dynamixel_sdk_examples/share/dynamixel_sdk_examples/local_setup.zsh
[8.943s] -- Symlinking: /home/lucasb/OpenManipulatorXRoboticArmKinematics/open_mx/install/dynamixel_sdk_examples/share/dynamixel_sdk_examples/local_setup.dsv
[8.952s] -- Symlinking: /home/lucasb/OpenManipulatorXRoboticArmKinematics/open_mx/install/dynamixel_sdk_examples/share/dynamixel_sdk_examples/package.dsv
[8.960s] -- Symlinking: /home/lucasb/OpenManipulatorXRoboticArmKinematics/open_mx/install/dynamixel_sdk_examples/share/ament_index/resource_index/packages/dynamixel_sdk_examples
[8.967s] -- Symlinking: /home/lucasb/OpenManipulatorXRoboticArmKinematics/open_mx/install/dynamixel_sdk_examples/share/dynamixel_sdk_examples/cmake/dynamixel_sdk_examplesConfig.cmake
[8.975s] -- Symlinking: /home/lucasb/OpenManipulatorXRoboticArmKinematics/open_mx/install/dynamixel_sdk_examples/share/dynamixel_sdk_examples/cmake/dynamixel_sdk_examplesConfig-version.cmake
[8.982s] -- Symlinking: /home/lucasb/OpenManipulatorXRoboticArmKinematics/open_mx/install/dynamixel_sdk_examples/share/dynamixel_sdk_examples/package.xml
[8.991s] Invoked command in '/home/lucasb/OpenManipulatorXRoboticArmKinematics/open_mx/build/dynamixel_sdk_examples' returned '0': AMENT_PREFIX_PATH=/home/lucasb/OpenManipulatorXRoboticArmKinematics/open_mx/install/dynamixel_sdk_custom_interfaces:/home/lucasb/OpenManipulatorXRoboticArmKinematics/open_mx/install/dynamixel_sdk:${AMENT_PREFIX_PATH} CMAKE_PREFIX_PATH=/home/lucasb/OpenManipulatorXRoboticArmKinematics/open_mx/install/dynamixel_sdk_custom_interfaces:/home/lucasb/OpenManipulatorXRoboticArmKinematics/open_mx/install/dynamixel_sdk:/home/lucasb/OpenManipulatorXRoboticArmKinematics/open_mx/install/custom_messages:/home/lucasb/OpenManipulatorXRoboticArmKinematics/open_mx/install/robot_omx:/opt/ros/humble LD_LIBRARY_PATH=/home/lucasb/OpenManipulatorXRoboticArmKinematics/open_mx/install/dynamixel_sdk_custom_interfaces/lib:/home/lucasb/OpenManipulatorXRoboticArmKinematics/open_mx/install/dynamixel_sdk/lib:${LD_LIBRARY_PATH} PYTHONPATH=/home/lucasb/OpenManipulatorXRoboticArmKinematics/open_mx/install/dynamixel_sdk_custom_interfaces/local/lib/python3.10/dist-packages:${PYTHONPATH} /usr/bin/cmake --install /home/lucasb/OpenManipulatorXRoboticArmKinematics/open_mx/build/dynamixel_sdk_examples
