[0.060s] DEBUG:colcon:Command line arguments: ['/usr/bin/colcon', 'build']
[0.061s] DEBUG:colcon:Parsed command line arguments: Namespace(log_base=None, log_level=None, verb_name='build', build_base='build', install_base='install', merge_install=False, symlink_install=False, test_result_base=None, continue_on_error=False, executor='parallel', parallel_workers=20, event_handlers=None, ignore_user_meta=False, metas=['./colcon.meta'], base_paths=['.'], packages_ignore=None, packages_ignore_regex=None, paths=None, packages_up_to=None, packages_up_to_regex=None, packages_above=None, packages_above_and_dependencies=None, packages_above_depth=None, packages_select_by_dep=None, packages_skip_by_dep=None, packages_skip_up_to=None, packages_select_build_failed=False, packages_skip_build_finished=False, packages_select_test_failures=False, packages_skip_test_passed=False, packages_select=None, packages_skip=None, packages_select_regex=None, packages_skip_regex=None, packages_start=None, packages_end=None, allow_overriding=[], cmake_args=None, cmake_target=None, cmake_target_skip_unavailable=False, cmake_clean_cache=False, cmake_clean_first=False, cmake_force_configure=False, ament_cmake_args=None, catkin_cmake_args=None, catkin_skip_building_tests=False, verb_parser=<colcon_defaults.argument_parser.defaults.DefaultArgumentsDecorator object at 0x7f0848e503d0>, verb_extension=<colcon_core.verb.build.BuildVerb object at 0x7f0848e0be80>, main=<bound method BuildVerb.main of <colcon_core.verb.build.BuildVerb object at 0x7f0848e0be80>>)
[0.146s] Level 1:colcon.colcon_core.package_discovery:discover_packages(colcon_meta) check parameters
[0.146s] Level 1:colcon.colcon_core.package_discovery:discover_packages(recursive) check parameters
[0.146s] Level 1:colcon.colcon_core.package_discovery:discover_packages(ignore) check parameters
[0.146s] Level 1:colcon.colcon_core.package_discovery:discover_packages(path) check parameters
[0.146s] Level 1:colcon.colcon_core.package_discovery:discover_packages(colcon_meta) discover
[0.146s] Level 1:colcon.colcon_core.package_discovery:discover_packages(recursive) discover
[0.146s] INFO:colcon.colcon_core.package_discovery:Crawling recursively for packages in '/home/lucasb/RBE500_Project'
[0.146s] Level 1:colcon.colcon_core.package_identification:_identify(.) by extensions ['ignore', 'ignore_ament_install']
[0.147s] Level 1:colcon.colcon_core.package_identification:_identify(.) by extension 'ignore'
[0.147s] Level 1:colcon.colcon_core.package_identification:_identify(.) by extension 'ignore_ament_install'
[0.147s] Level 1:colcon.colcon_core.package_identification:_identify(.) by extensions ['colcon_pkg']
[0.147s] Level 1:colcon.colcon_core.package_identification:_identify(.) by extension 'colcon_pkg'
[0.147s] Level 1:colcon.colcon_core.package_identification:_identify(.) by extensions ['colcon_meta']
[0.147s] Level 1:colcon.colcon_core.package_identification:_identify(.) by extension 'colcon_meta'
[0.147s] Level 1:colcon.colcon_core.package_identification:_identify(.) by extensions ['ros']
[0.147s] Level 1:colcon.colcon_core.package_identification:_identify(.) by extension 'ros'
[0.153s] Level 1:colcon.colcon_core.package_identification:_identify(.) by extensions ['cmake', 'python']
[0.153s] Level 1:colcon.colcon_core.package_identification:_identify(.) by extension 'cmake'
[0.154s] Level 1:colcon.colcon_core.package_identification:_identify(.) by extension 'python'
[0.154s] Level 1:colcon.colcon_core.package_identification:_identify(.) by extensions ['python_setup_py']
[0.154s] Level 1:colcon.colcon_core.package_identification:_identify(.) by extension 'python_setup_py'
[0.154s] Level 1:colcon.colcon_core.package_identification:_identify(build) by extensions ['ignore', 'ignore_ament_install']
[0.154s] Level 1:colcon.colcon_core.package_identification:_identify(build) by extension 'ignore'
[0.154s] Level 1:colcon.colcon_core.package_identification:_identify(build) ignored
[0.154s] Level 1:colcon.colcon_core.package_identification:_identify(install) by extensions ['ignore', 'ignore_ament_install']
[0.154s] Level 1:colcon.colcon_core.package_identification:_identify(install) by extension 'ignore'
[0.154s] Level 1:colcon.colcon_core.package_identification:_identify(install) ignored
[0.154s] Level 1:colcon.colcon_core.package_identification:_identify(log) by extensions ['ignore', 'ignore_ament_install']
[0.154s] Level 1:colcon.colcon_core.package_identification:_identify(log) by extension 'ignore'
[0.154s] Level 1:colcon.colcon_core.package_identification:_identify(log) ignored
[0.154s] Level 1:colcon.colcon_core.package_identification:_identify(src) by extensions ['ignore', 'ignore_ament_install']
[0.154s] Level 1:colcon.colcon_core.package_identification:_identify(src) by extension 'ignore'
[0.154s] Level 1:colcon.colcon_core.package_identification:_identify(src) by extension 'ignore_ament_install'
[0.154s] Level 1:colcon.colcon_core.package_identification:_identify(src) by extensions ['colcon_pkg']
[0.154s] Level 1:colcon.colcon_core.package_identification:_identify(src) by extension 'colcon_pkg'
[0.154s] Level 1:colcon.colcon_core.package_identification:_identify(src) by extensions ['colcon_meta']
[0.154s] Level 1:colcon.colcon_core.package_identification:_identify(src) by extension 'colcon_meta'
[0.154s] Level 1:colcon.colcon_core.package_identification:_identify(src) by extensions ['ros']
[0.154s] Level 1:colcon.colcon_core.package_identification:_identify(src) by extension 'ros'
[0.154s] Level 1:colcon.colcon_core.package_identification:_identify(src) by extensions ['cmake', 'python']
[0.154s] Level 1:colcon.colcon_core.package_identification:_identify(src) by extension 'cmake'
[0.154s] Level 1:colcon.colcon_core.package_identification:_identify(src) by extension 'python'
[0.154s] Level 1:colcon.colcon_core.package_identification:_identify(src) by extensions ['python_setup_py']
[0.154s] Level 1:colcon.colcon_core.package_identification:_identify(src) by extension 'python_setup_py'
[0.154s] Level 1:colcon.colcon_core.package_identification:_identify(src/Manipulator_X) by extensions ['ignore', 'ignore_ament_install']
[0.154s] Level 1:colcon.colcon_core.package_identification:_identify(src/Manipulator_X) by extension 'ignore'
[0.154s] Level 1:colcon.colcon_core.package_identification:_identify(src/Manipulator_X) by extension 'ignore_ament_install'
[0.154s] Level 1:colcon.colcon_core.package_identification:_identify(src/Manipulator_X) by extensions ['colcon_pkg']
[0.154s] Level 1:colcon.colcon_core.package_identification:_identify(src/Manipulator_X) by extension 'colcon_pkg'
[0.154s] Level 1:colcon.colcon_core.package_identification:_identify(src/Manipulator_X) by extensions ['colcon_meta']
[0.154s] Level 1:colcon.colcon_core.package_identification:_identify(src/Manipulator_X) by extension 'colcon_meta'
[0.155s] Level 1:colcon.colcon_core.package_identification:_identify(src/Manipulator_X) by extensions ['ros']
[0.155s] Level 1:colcon.colcon_core.package_identification:_identify(src/Manipulator_X) by extension 'ros'
[0.157s] DEBUG:colcon.colcon_core.package_identification:Package 'src/Manipulator_X' with type 'ros.ament_python' and name 'Manipulator_X'
[0.157s] Level 1:colcon.colcon_core.package_identification:_identify(src/build) by extensions ['ignore', 'ignore_ament_install']
[0.157s] Level 1:colcon.colcon_core.package_identification:_identify(src/build) by extension 'ignore'
[0.157s] Level 1:colcon.colcon_core.package_identification:_identify(src/build) ignored
[0.157s] Level 1:colcon.colcon_core.package_identification:_identify(src/custom_messages) by extensions ['ignore', 'ignore_ament_install']
[0.157s] Level 1:colcon.colcon_core.package_identification:_identify(src/custom_messages) by extension 'ignore'
[0.157s] Level 1:colcon.colcon_core.package_identification:_identify(src/custom_messages) by extension 'ignore_ament_install'
[0.157s] Level 1:colcon.colcon_core.package_identification:_identify(src/custom_messages) by extensions ['colcon_pkg']
[0.157s] Level 1:colcon.colcon_core.package_identification:_identify(src/custom_messages) by extension 'colcon_pkg'
[0.157s] Level 1:colcon.colcon_core.package_identification:_identify(src/custom_messages) by extensions ['colcon_meta']
[0.157s] Level 1:colcon.colcon_core.package_identification:_identify(src/custom_messages) by extension 'colcon_meta'
[0.157s] Level 1:colcon.colcon_core.package_identification:_identify(src/custom_messages) by extensions ['ros']
[0.157s] Level 1:colcon.colcon_core.package_identification:_identify(src/custom_messages) by extension 'ros'
[0.157s] DEBUG:colcon.colcon_core.package_identification:Package 'src/custom_messages' with type 'ros.ament_cmake' and name 'custom_messages'
[0.157s] Level 1:colcon.colcon_core.package_identification:_identify(src/install) by extensions ['ignore', 'ignore_ament_install']
[0.158s] Level 1:colcon.colcon_core.package_identification:_identify(src/install) by extension 'ignore'
[0.158s] Level 1:colcon.colcon_core.package_identification:_identify(src/install) ignored
[0.158s] Level 1:colcon.colcon_core.package_identification:_identify(src/log) by extensions ['ignore', 'ignore_ament_install']
[0.158s] Level 1:colcon.colcon_core.package_identification:_identify(src/log) by extension 'ignore'
[0.158s] Level 1:colcon.colcon_core.package_identification:_identify(src/log) ignored
[0.158s] Level 1:colcon.colcon_core.package_discovery:discover_packages(recursive) using defaults
[0.158s] Level 1:colcon.colcon_core.package_discovery:discover_packages(ignore) discover
[0.158s] Level 1:colcon.colcon_core.package_discovery:discover_packages(ignore) using defaults
[0.158s] Level 1:colcon.colcon_core.package_discovery:discover_packages(path) discover
[0.158s] Level 1:colcon.colcon_core.package_discovery:discover_packages(path) using defaults
[0.170s] Level 1:colcon.colcon_core.package_discovery:discover_packages(prefix_path) check parameters
[0.170s] Level 1:colcon.colcon_core.package_discovery:discover_packages(prefix_path) discover
[0.171s] DEBUG:colcon.colcon_installed_package_information.package_discovery:Found 2 installed packages in /home/lucasb/RBE500_Project/install
[0.172s] DEBUG:colcon.colcon_installed_package_information.package_discovery:Found 270 installed packages in /opt/ros/humble
[0.172s] Level 1:colcon.colcon_core.package_discovery:discover_packages(prefix_path) using defaults
[0.199s] Level 5:colcon.colcon_core.verb:set package 'custom_messages' build argument 'cmake_args' from command line to 'None'
[0.199s] Level 5:colcon.colcon_core.verb:set package 'custom_messages' build argument 'cmake_target' from command line to 'None'
[0.199s] Level 5:colcon.colcon_core.verb:set package 'custom_messages' build argument 'cmake_target_skip_unavailable' from command line to 'False'
[0.199s] Level 5:colcon.colcon_core.verb:set package 'custom_messages' build argument 'cmake_clean_cache' from command line to 'False'
[0.199s] Level 5:colcon.colcon_core.verb:set package 'custom_messages' build argument 'cmake_clean_first' from command line to 'False'
[0.199s] Level 5:colcon.colcon_core.verb:set package 'custom_messages' build argument 'cmake_force_configure' from command line to 'False'
[0.199s] Level 5:colcon.colcon_core.verb:set package 'custom_messages' build argument 'ament_cmake_args' from command line to 'None'
[0.199s] Level 5:colcon.colcon_core.verb:set package 'custom_messages' build argument 'catkin_cmake_args' from command line to 'None'
[0.199s] Level 5:colcon.colcon_core.verb:set package 'custom_messages' build argument 'catkin_skip_building_tests' from command line to 'False'
[0.199s] DEBUG:colcon.colcon_core.verb:Building package 'custom_messages' with the following arguments: {'ament_cmake_args': None, 'build_base': '/home/lucasb/RBE500_Project/build/custom_messages', 'catkin_cmake_args': None, 'catkin_skip_building_tests': False, 'cmake_args': None, 'cmake_clean_cache': False, 'cmake_clean_first': False, 'cmake_force_configure': False, 'cmake_target': None, 'cmake_target_skip_unavailable': False, 'install_base': '/home/lucasb/RBE500_Project/install/custom_messages', 'merge_install': False, 'path': '/home/lucasb/RBE500_Project/src/custom_messages', 'symlink_install': False, 'test_result_base': None}
[0.199s] Level 5:colcon.colcon_core.verb:set package 'Manipulator_X' build argument 'cmake_args' from command line to 'None'
[0.199s] Level 5:colcon.colcon_core.verb:set package 'Manipulator_X' build argument 'cmake_target' from command line to 'None'
[0.199s] Level 5:colcon.colcon_core.verb:set package 'Manipulator_X' build argument 'cmake_target_skip_unavailable' from command line to 'False'
[0.199s] Level 5:colcon.colcon_core.verb:set package 'Manipulator_X' build argument 'cmake_clean_cache' from command line to 'False'
[0.199s] Level 5:colcon.colcon_core.verb:set package 'Manipulator_X' build argument 'cmake_clean_first' from command line to 'False'
[0.199s] Level 5:colcon.colcon_core.verb:set package 'Manipulator_X' build argument 'cmake_force_configure' from command line to 'False'
[0.199s] Level 5:colcon.colcon_core.verb:set package 'Manipulator_X' build argument 'ament_cmake_args' from command line to 'None'
[0.199s] Level 5:colcon.colcon_core.verb:set package 'Manipulator_X' build argument 'catkin_cmake_args' from command line to 'None'
[0.199s] Level 5:colcon.colcon_core.verb:set package 'Manipulator_X' build argument 'catkin_skip_building_tests' from command line to 'False'
[0.199s] DEBUG:colcon.colcon_core.verb:Building package 'Manipulator_X' with the following arguments: {'ament_cmake_args': None, 'build_base': '/home/lucasb/RBE500_Project/build/Manipulator_X', 'catkin_cmake_args': None, 'catkin_skip_building_tests': False, 'cmake_args': None, 'cmake_clean_cache': False, 'cmake_clean_first': False, 'cmake_force_configure': False, 'cmake_target': None, 'cmake_target_skip_unavailable': False, 'install_base': '/home/lucasb/RBE500_Project/install/Manipulator_X', 'merge_install': False, 'path': '/home/lucasb/RBE500_Project/src/Manipulator_X', 'symlink_install': False, 'test_result_base': None}
[0.200s] INFO:colcon.colcon_core.executor:Executing jobs using 'parallel' executor
[0.200s] DEBUG:colcon.colcon_parallel_executor.executor.parallel:run_until_complete
[0.200s] INFO:colcon.colcon_ros.task.ament_cmake.build:Building ROS package in '/home/lucasb/RBE500_Project/src/custom_messages' with build type 'ament_cmake'
[0.200s] INFO:colcon.colcon_cmake.task.cmake.build:Building CMake package in '/home/lucasb/RBE500_Project/src/custom_messages'
[0.202s] INFO:colcon.colcon_core.plugin_system:Skipping extension 'colcon_core.shell.bat': Not used on non-Windows systems
[0.202s] INFO:colcon.colcon_core.shell:Skip shell extension 'powershell' for command environment: Not usable outside of PowerShell
[0.202s] DEBUG:colcon.colcon_core.shell:Skip shell extension 'dsv' for command environment
[0.209s] DEBUG:colcon.colcon_core.event_handler.log_command:Invoking command in '/home/lucasb/RBE500_Project/build/custom_messages': CMAKE_PREFIX_PATH=${CMAKE_PREFIX_PATH}:/home/lucasb/RBE500_Project/install/Manipulator_X:/opt/ros/humble /usr/bin/cmake --build /home/lucasb/RBE500_Project/build/custom_messages -- -j20 -l20
[0.440s] DEBUG:colcon.colcon_core.event_handler.log_command:Invoked command in '/home/lucasb/RBE500_Project/build/custom_messages' returned '0': CMAKE_PREFIX_PATH=${CMAKE_PREFIX_PATH}:/home/lucasb/RBE500_Project/install/Manipulator_X:/opt/ros/humble /usr/bin/cmake --build /home/lucasb/RBE500_Project/build/custom_messages -- -j20 -l20
[0.501s] DEBUG:colcon.colcon_core.event_handler.log_command:Invoking command in '/home/lucasb/RBE500_Project/build/custom_messages': CMAKE_PREFIX_PATH=${CMAKE_PREFIX_PATH}:/home/lucasb/RBE500_Project/install/Manipulator_X:/opt/ros/humble /usr/bin/cmake --install /home/lucasb/RBE500_Project/build/custom_messages
[0.551s] Level 1:colcon.colcon_core.environment:create_environment_scripts_only(custom_messages)
[0.551s] DEBUG:colcon.colcon_core.event_handler.log_command:Invoked command in '/home/lucasb/RBE500_Project/build/custom_messages' returned '0': CMAKE_PREFIX_PATH=${CMAKE_PREFIX_PATH}:/home/lucasb/RBE500_Project/install/Manipulator_X:/opt/ros/humble /usr/bin/cmake --install /home/lucasb/RBE500_Project/build/custom_messages
[0.552s] Level 1:colcon.colcon_core.environment:checking '/home/lucasb/RBE500_Project/install/custom_messages' for CMake module files
[0.553s] Level 1:colcon.colcon_core.environment:checking '/home/lucasb/RBE500_Project/install/custom_messages' for CMake config files
[0.553s] Level 1:colcon.colcon_core.shell:create_environment_hook('custom_messages', 'cmake_prefix_path')
[0.553s] INFO:colcon.colcon_core.shell:Creating environment hook '/home/lucasb/RBE500_Project/install/custom_messages/share/custom_messages/hook/cmake_prefix_path.ps1'
[0.554s] INFO:colcon.colcon_core.shell:Creating environment descriptor '/home/lucasb/RBE500_Project/install/custom_messages/share/custom_messages/hook/cmake_prefix_path.dsv'
[0.554s] INFO:colcon.colcon_core.shell:Creating environment hook '/home/lucasb/RBE500_Project/install/custom_messages/share/custom_messages/hook/cmake_prefix_path.sh'
[0.554s] Level 1:colcon.colcon_core.environment:checking '/home/lucasb/RBE500_Project/install/custom_messages/lib'
[0.554s] Level 1:colcon.colcon_core.shell:create_environment_hook('custom_messages', 'ld_library_path_lib')
[0.555s] INFO:colcon.colcon_core.shell:Creating environment hook '/home/lucasb/RBE500_Project/install/custom_messages/share/custom_messages/hook/ld_library_path_lib.ps1'
[0.555s] INFO:colcon.colcon_core.shell:Creating environment descriptor '/home/lucasb/RBE500_Project/install/custom_messages/share/custom_messages/hook/ld_library_path_lib.dsv'
[0.555s] INFO:colcon.colcon_core.shell:Creating environment hook '/home/lucasb/RBE500_Project/install/custom_messages/share/custom_messages/hook/ld_library_path_lib.sh'
[0.555s] Level 1:colcon.colcon_core.environment:checking '/home/lucasb/RBE500_Project/install/custom_messages/bin'
[0.555s] Level 1:colcon.colcon_core.environment:checking '/home/lucasb/RBE500_Project/install/custom_messages/lib/pkgconfig/custom_messages.pc'
[0.555s] Level 1:colcon.colcon_core.environment:checking '/home/lucasb/RBE500_Project/install/custom_messages/lib/python3.10/site-packages'
[0.555s] Level 1:colcon.colcon_core.environment:checking '/home/lucasb/RBE500_Project/install/custom_messages/bin'
[0.556s] INFO:colcon.colcon_core.shell:Creating package script '/home/lucasb/RBE500_Project/install/custom_messages/share/custom_messages/package.ps1'
[0.556s] INFO:colcon.colcon_core.shell:Creating package descriptor '/home/lucasb/RBE500_Project/install/custom_messages/share/custom_messages/package.dsv'
[0.556s] INFO:colcon.colcon_core.shell:Creating package script '/home/lucasb/RBE500_Project/install/custom_messages/share/custom_messages/package.sh'
[0.557s] INFO:colcon.colcon_core.shell:Creating package script '/home/lucasb/RBE500_Project/install/custom_messages/share/custom_messages/package.bash'
[0.557s] INFO:colcon.colcon_core.shell:Creating package script '/home/lucasb/RBE500_Project/install/custom_messages/share/custom_messages/package.zsh'
[0.558s] Level 1:colcon.colcon_core.environment:create_file_with_runtime_dependencies(/home/lucasb/RBE500_Project/install/custom_messages/share/colcon-core/packages/custom_messages)
[0.621s] Level 1:colcon.colcon_core.environment:create_environment_scripts_only(custom_messages)
[0.621s] Level 1:colcon.colcon_core.environment:checking '/home/lucasb/RBE500_Project/install/custom_messages' for CMake module files
[0.622s] Level 1:colcon.colcon_core.environment:checking '/home/lucasb/RBE500_Project/install/custom_messages' for CMake config files
[0.622s] Level 1:colcon.colcon_core.shell:create_environment_hook('custom_messages', 'cmake_prefix_path')
[0.622s] INFO:colcon.colcon_core.shell:Creating environment hook '/home/lucasb/RBE500_Project/install/custom_messages/share/custom_messages/hook/cmake_prefix_path.ps1'
[0.623s] INFO:colcon.colcon_core.shell:Creating environment descriptor '/home/lucasb/RBE500_Project/install/custom_messages/share/custom_messages/hook/cmake_prefix_path.dsv'
[0.623s] INFO:colcon.colcon_core.shell:Creating environment hook '/home/lucasb/RBE500_Project/install/custom_messages/share/custom_messages/hook/cmake_prefix_path.sh'
[0.623s] Level 1:colcon.colcon_core.environment:checking '/home/lucasb/RBE500_Project/install/custom_messages/lib'
[0.624s] Level 1:colcon.colcon_core.shell:create_environment_hook('custom_messages', 'ld_library_path_lib')
[0.624s] INFO:colcon.colcon_core.shell:Creating environment hook '/home/lucasb/RBE500_Project/install/custom_messages/share/custom_messages/hook/ld_library_path_lib.ps1'
[0.624s] INFO:colcon.colcon_core.shell:Creating environment descriptor '/home/lucasb/RBE500_Project/install/custom_messages/share/custom_messages/hook/ld_library_path_lib.dsv'
[0.624s] INFO:colcon.colcon_core.shell:Creating environment hook '/home/lucasb/RBE500_Project/install/custom_messages/share/custom_messages/hook/ld_library_path_lib.sh'
[0.625s] Level 1:colcon.colcon_core.environment:checking '/home/lucasb/RBE500_Project/install/custom_messages/bin'
[0.625s] Level 1:colcon.colcon_core.environment:checking '/home/lucasb/RBE500_Project/install/custom_messages/lib/pkgconfig/custom_messages.pc'
[0.625s] Level 1:colcon.colcon_core.environment:checking '/home/lucasb/RBE500_Project/install/custom_messages/lib/python3.10/site-packages'
[0.625s] Level 1:colcon.colcon_core.environment:checking '/home/lucasb/RBE500_Project/install/custom_messages/bin'
[0.626s] INFO:colcon.colcon_core.shell:Creating package script '/home/lucasb/RBE500_Project/install/custom_messages/share/custom_messages/package.ps1'
[0.626s] INFO:colcon.colcon_core.shell:Creating package descriptor '/home/lucasb/RBE500_Project/install/custom_messages/share/custom_messages/package.dsv'
[0.627s] INFO:colcon.colcon_core.shell:Creating package script '/home/lucasb/RBE500_Project/install/custom_messages/share/custom_messages/package.sh'
[0.627s] INFO:colcon.colcon_core.shell:Creating package script '/home/lucasb/RBE500_Project/install/custom_messages/share/custom_messages/package.bash'
[0.628s] INFO:colcon.colcon_core.shell:Creating package script '/home/lucasb/RBE500_Project/install/custom_messages/share/custom_messages/package.zsh'
[0.628s] Level 1:colcon.colcon_core.environment:create_file_with_runtime_dependencies(/home/lucasb/RBE500_Project/install/custom_messages/share/colcon-core/packages/custom_messages)
[0.628s] INFO:colcon.colcon_ros.task.ament_python.build:Building ROS package in '/home/lucasb/RBE500_Project/src/Manipulator_X' with build type 'ament_python'
[0.628s] Level 1:colcon.colcon_core.shell:create_environment_hook('Manipulator_X', 'ament_prefix_path')
[0.628s] INFO:colcon.colcon_core.shell:Creating environment hook '/home/lucasb/RBE500_Project/install/Manipulator_X/share/Manipulator_X/hook/ament_prefix_path.ps1'
[0.629s] INFO:colcon.colcon_core.shell:Creating environment descriptor '/home/lucasb/RBE500_Project/install/Manipulator_X/share/Manipulator_X/hook/ament_prefix_path.dsv'
[0.630s] INFO:colcon.colcon_core.shell:Creating environment hook '/home/lucasb/RBE500_Project/install/Manipulator_X/share/Manipulator_X/hook/ament_prefix_path.sh'
[0.630s] INFO:colcon.colcon_core.shell:Skip shell extension 'powershell' for command environment: Not usable outside of PowerShell
[0.630s] DEBUG:colcon.colcon_core.shell:Skip shell extension 'dsv' for command environment
[0.787s] INFO:colcon.colcon_core.task.python.build:Building Python package in '/home/lucasb/RBE500_Project/src/Manipulator_X'
[0.787s] INFO:colcon.colcon_core.shell:Skip shell extension 'powershell' for command environment: Not usable outside of PowerShell
[0.787s] DEBUG:colcon.colcon_core.shell:Skip shell extension 'dsv' for command environment
[0.982s] DEBUG:colcon.colcon_core.event_handler.log_command:Invoking command in '/home/lucasb/RBE500_Project/src/Manipulator_X': PYTHONPATH=/home/lucasb/RBE500_Project/build/Manipulator_X/prefix_override:/usr/lib/python3/dist-packages/colcon_core/task/python/colcon_distutils_commands:/home/lucasb/RBE500_Project/install/Manipulator_X/lib/python3.10/site-packages:${PYTHONPATH} /usr/bin/python3 -W ignore:setup.py install is deprecated setup.py egg_info --egg-base ../../build/Manipulator_X build --build-base /home/lucasb/RBE500_Project/build/Manipulator_X/build install --record /home/lucasb/RBE500_Project/build/Manipulator_X/install.log --single-version-externally-managed install_data
[1.146s] Level 1:colcon.colcon_core.environment:checking '/home/lucasb/RBE500_Project/install/Manipulator_X' for CMake module files
[1.146s] DEBUG:colcon.colcon_core.event_handler.log_command:Invoked command in '/home/lucasb/RBE500_Project/src/Manipulator_X' returned '0': PYTHONPATH=/home/lucasb/RBE500_Project/build/Manipulator_X/prefix_override:/usr/lib/python3/dist-packages/colcon_core/task/python/colcon_distutils_commands:/home/lucasb/RBE500_Project/install/Manipulator_X/lib/python3.10/site-packages:${PYTHONPATH} /usr/bin/python3 -W ignore:setup.py install is deprecated setup.py egg_info --egg-base ../../build/Manipulator_X build --build-base /home/lucasb/RBE500_Project/build/Manipulator_X/build install --record /home/lucasb/RBE500_Project/build/Manipulator_X/install.log --single-version-externally-managed install_data
[1.147s] Level 1:colcon.colcon_core.environment:checking '/home/lucasb/RBE500_Project/install/Manipulator_X' for CMake config files
[1.148s] Level 1:colcon.colcon_core.environment:checking '/home/lucasb/RBE500_Project/install/Manipulator_X/lib'
[1.148s] Level 1:colcon.colcon_core.environment:checking '/home/lucasb/RBE500_Project/install/Manipulator_X/bin'
[1.148s] Level 1:colcon.colcon_core.environment:checking '/home/lucasb/RBE500_Project/install/Manipulator_X/lib/pkgconfig/Manipulator_X.pc'
[1.148s] Level 1:colcon.colcon_core.environment:checking '/home/lucasb/RBE500_Project/install/Manipulator_X/lib/python3.10/site-packages'
[1.148s] Level 1:colcon.colcon_core.shell:create_environment_hook('Manipulator_X', 'pythonpath')
[1.149s] INFO:colcon.colcon_core.shell:Creating environment hook '/home/lucasb/RBE500_Project/install/Manipulator_X/share/Manipulator_X/hook/pythonpath.ps1'
[1.149s] INFO:colcon.colcon_core.shell:Creating environment descriptor '/home/lucasb/RBE500_Project/install/Manipulator_X/share/Manipulator_X/hook/pythonpath.dsv'
[1.150s] INFO:colcon.colcon_core.shell:Creating environment hook '/home/lucasb/RBE500_Project/install/Manipulator_X/share/Manipulator_X/hook/pythonpath.sh'
[1.150s] Level 1:colcon.colcon_core.environment:checking '/home/lucasb/RBE500_Project/install/Manipulator_X/bin'
[1.150s] Level 1:colcon.colcon_core.environment:create_environment_scripts_only(Manipulator_X)
[1.151s] INFO:colcon.colcon_core.shell:Creating package script '/home/lucasb/RBE500_Project/install/Manipulator_X/share/Manipulator_X/package.ps1'
[1.151s] INFO:colcon.colcon_core.shell:Creating package descriptor '/home/lucasb/RBE500_Project/install/Manipulator_X/share/Manipulator_X/package.dsv'
[1.151s] INFO:colcon.colcon_core.shell:Creating package script '/home/lucasb/RBE500_Project/install/Manipulator_X/share/Manipulator_X/package.sh'
[1.152s] INFO:colcon.colcon_core.shell:Creating package script '/home/lucasb/RBE500_Project/install/Manipulator_X/share/Manipulator_X/package.bash'
[1.152s] INFO:colcon.colcon_core.shell:Creating package script '/home/lucasb/RBE500_Project/install/Manipulator_X/share/Manipulator_X/package.zsh'
[1.152s] Level 1:colcon.colcon_core.environment:create_file_with_runtime_dependencies(/home/lucasb/RBE500_Project/install/Manipulator_X/share/colcon-core/packages/Manipulator_X)
[1.152s] DEBUG:colcon.colcon_parallel_executor.executor.parallel:closing loop
[1.152s] DEBUG:colcon.colcon_parallel_executor.executor.parallel:loop closed
[1.152s] DEBUG:colcon.colcon_parallel_executor.executor.parallel:run_until_complete finished with '0'
[1.152s] DEBUG:colcon.colcon_core.event_reactor:joining thread
[1.155s] INFO:colcon.colcon_core.plugin_system:Skipping extension 'colcon_notification.desktop_notification.terminal_notifier': Not used on non-Darwin systems
[1.155s] INFO:colcon.colcon_core.plugin_system:Skipping extension 'colcon_notification.desktop_notification.win32': Not used on non-Windows systems
[1.155s] INFO:colcon.colcon_notification.desktop_notification:Sending desktop notification using 'notify2'
[1.165s] DEBUG:colcon.colcon_core.event_reactor:joined thread
[1.165s] INFO:colcon.colcon_core.shell:Creating prefix script '/home/lucasb/RBE500_Project/install/local_setup.ps1'
[1.165s] INFO:colcon.colcon_core.shell:Creating prefix util module '/home/lucasb/RBE500_Project/install/_local_setup_util_ps1.py'
[1.166s] INFO:colcon.colcon_core.shell:Creating prefix chain script '/home/lucasb/RBE500_Project/install/setup.ps1'
[1.167s] INFO:colcon.colcon_core.shell:Creating prefix script '/home/lucasb/RBE500_Project/install/local_setup.sh'
[1.167s] INFO:colcon.colcon_core.shell:Creating prefix util module '/home/lucasb/RBE500_Project/install/_local_setup_util_sh.py'
[1.168s] INFO:colcon.colcon_core.shell:Creating prefix chain script '/home/lucasb/RBE500_Project/install/setup.sh'
[1.168s] INFO:colcon.colcon_core.shell:Creating prefix script '/home/lucasb/RBE500_Project/install/local_setup.bash'
[1.169s] INFO:colcon.colcon_core.shell:Creating prefix chain script '/home/lucasb/RBE500_Project/install/setup.bash'
[1.169s] INFO:colcon.colcon_core.shell:Creating prefix script '/home/lucasb/RBE500_Project/install/local_setup.zsh'
[1.170s] INFO:colcon.colcon_core.shell:Creating prefix chain script '/home/lucasb/RBE500_Project/install/setup.zsh'
