-- Found ament_cmake: 1.3.10 (/opt/ros/humble/share/ament_cmake/cmake)
-- Override CMake install command with custom implementation using symlinks instead of copying resources
-- Found geometry_msgs: 4.2.4 (/opt/ros/humble/share/geometry_msgs/cmake)
-- Found rosidl_generator_c: 3.1.5 (/opt/ros/humble/share/rosidl_generator_c/cmake)
-- Found rosidl_adapter: 3.1.5 (/opt/ros/humble/share/rosidl_adapter/cmake)
-- Found rosidl_generator_cpp: 3.1.5 (/opt/ros/humble/share/rosidl_generator_cpp/cmake)
-- Using all available rosidl_typesupport_c: rosidl_typesupport_fastrtps_c;rosidl_typesupport_introspection_c
-- Using all available rosidl_typesupport_cpp: rosidl_typesupport_fastrtps_cpp;rosidl_typesupport_introspection_cpp
-- Found rosidl_default_generators: 1.2.0 (/opt/ros/humble/share/rosidl_default_generators/cmake)
-- Found ament_cmake_cppcheck: 0.12.11 (/opt/ros/humble/share/ament_cmake_cppcheck/cmake)
-- Found ament_cmake_cpplint: 0.12.11 (/opt/ros/humble/share/ament_cmake_cpplint/cmake)
-- Found ament_cmake_uncrustify: 0.12.11 (/opt/ros/humble/share/ament_cmake_uncrustify/cmake)
-- Found ament_cmake_ros: 0.10.0 (/opt/ros/humble/share/ament_cmake_ros/cmake)
-- Using all available rosidl_typesupport_c: rosidl_typesupport_fastrtps_c;rosidl_typesupport_introspection_c
-- Using all available rosidl_typesupport_cpp: rosidl_typesupport_fastrtps_cpp;rosidl_typesupport_introspection_cpp
-- Found python_cmake_module: 0.10.0 (/opt/ros/humble/share/python_cmake_module/cmake)
-- Using PYTHON_EXECUTABLE: /usr/bin/python3
-- Using PYTHON_INCLUDE_DIRS: /usr/include/python3.10
-- Using PYTHON_LIBRARIES: /usr/lib/x86_64-linux-gnu/libpython3.10.so
-- Found ament_cmake_flake8: 0.12.11 (/opt/ros/humble/share/ament_cmake_flake8/cmake)
-- Found ament_cmake_pep257: 0.12.11 (/opt/ros/humble/share/ament_cmake_pep257/cmake)
-- Configuring done
-- Generating done
-- Build files have been written to: /home/lucasb/OpenManipulatorXRoboticArmKinematics/open_mx/build/open_manipulator_msgs
[35m[1mConsolidate compiler generated dependencies of target open_manipulator_msgs__rosidl_generator_c[0m
[  1%] Built target open_manipulator_msgs__cpp
[  1%] Built target ament_cmake_python_symlink_open_manipulator_msgs
[ 12%] Built target open_manipulator_msgs__rosidl_generator_c
[35m[1mConsolidate compiler generated dependencies of target open_manipulator_msgs__rosidl_typesupport_introspection_cpp[0m
[35m[1mConsolidate compiler generated dependencies of target open_manipulator_msgs__rosidl_typesupport_fastrtps_cpp[0m
[35m[1mConsolidate compiler generated dependencies of target open_manipulator_msgs__rosidl_typesupport_cpp[0m
[35m[1mConsolidate compiler generated dependencies of target open_manipulator_msgs__rosidl_typesupport_introspection_c[0m
[35m[1mConsolidate compiler generated dependencies of target open_manipulator_msgs__rosidl_typesupport_c[0m
[35m[1mConsolidate compiler generated dependencies of target open_manipulator_msgs__rosidl_typesupport_fastrtps_c[0m
[ 24%] Built target open_manipulator_msgs__rosidl_typesupport_introspection_cpp
[ 35%] Built target open_manipulator_msgs__rosidl_typesupport_cpp
[ 47%] Built target open_manipulator_msgs__rosidl_typesupport_c
[ 58%] Built target open_manipulator_msgs__rosidl_typesupport_introspection_c
[ 70%] Built target open_manipulator_msgs__rosidl_typesupport_fastrtps_cpp
[ 82%] Built target open_manipulator_msgs__rosidl_typesupport_fastrtps_c
[ 82%] Built target open_manipulator_msgs
[ 83%] Built target open_manipulator_msgs__py
[35m[1mConsolidate compiler generated dependencies of target open_manipulator_msgs__rosidl_generator_py[0m
[ 93%] Built target open_manipulator_msgs__rosidl_generator_py
[35m[1mConsolidate compiler generated dependencies of target open_manipulator_msgs__rosidl_typesupport_fastrtps_c__pyext[0m
[35m[1mConsolidate compiler generated dependencies of target open_manipulator_msgs__rosidl_typesupport_introspection_c__pyext[0m
[35m[1mConsolidate compiler generated dependencies of target open_manipulator_msgs__rosidl_typesupport_c__pyext[0m
[ 95%] Built target open_manipulator_msgs__rosidl_typesupport_introspection_c__pyext
[ 97%] Built target open_manipulator_msgs__rosidl_typesupport_fastrtps_c__pyext
[100%] Built target open_manipulator_msgs__rosidl_typesupport_c__pyext
running egg_info
writing open_manipulator_msgs.egg-info/PKG-INFO
writing dependency_links to open_manipulator_msgs.egg-info/dependency_links.txt
writing top-level names to open_manipulator_msgs.egg-info/top_level.txt
reading manifest file 'open_manipulator_msgs.egg-info/SOURCES.txt'
writing manifest file 'open_manipulator_msgs.egg-info/SOURCES.txt'
[100%] Built target ament_cmake_python_build_open_manipulator_msgs_egg
-- Install configuration: ""
-- Execute custom install script
-- Up-to-date symlink: /home/lucasb/OpenManipulatorXRoboticArmKinematics/open_mx/install/open_manipulator_msgs/share/ament_index/resource_index/rosidl_interfaces/open_manipulator_msgs
-- Up-to-date symlink: /home/lucasb/OpenManipulatorXRoboticArmKinematics/open_mx/install/open_manipulator_msgs/include/open_manipulator_msgs/open_manipulator_msgs/msg/detail/joint_position__functions.h
-- Up-to-date symlink: /home/lucasb/OpenManipulatorXRoboticArmKinematics/open_mx/install/open_manipulator_msgs/include/open_manipulator_msgs/open_manipulator_msgs/msg/detail/joint_position__struct.h
-- Up-to-date symlink: /home/lucasb/OpenManipulatorXRoboticArmKinematics/open_mx/install/open_manipulator_msgs/include/open_manipulator_msgs/open_manipulator_msgs/msg/detail/joint_position__type_support.h
-- Up-to-date symlink: /home/lucasb/OpenManipulatorXRoboticArmKinematics/open_mx/install/open_manipulator_msgs/include/open_manipulator_msgs/open_manipulator_msgs/msg/detail/kinematics_pose__functions.h
-- Up-to-date symlink: /home/lucasb/OpenManipulatorXRoboticArmKinematics/open_mx/install/open_manipulator_msgs/include/open_manipulator_msgs/open_manipulator_msgs/msg/detail/kinematics_pose__struct.h
-- Up-to-date symlink: /home/lucasb/OpenManipulatorXRoboticArmKinematics/open_mx/install/open_manipulator_msgs/include/open_manipulator_msgs/open_manipulator_msgs/msg/detail/kinematics_pose__type_support.h
-- Up-to-date symlink: /home/lucasb/OpenManipulatorXRoboticArmKinematics/open_mx/install/open_manipulator_msgs/include/open_manipulator_msgs/open_manipulator_msgs/msg/detail/open_manipulator_state__functions.h
-- Up-to-date symlink: /home/lucasb/OpenManipulatorXRoboticArmKinematics/open_mx/install/open_manipulator_msgs/include/open_manipulator_msgs/open_manipulator_msgs/msg/detail/open_manipulator_state__struct.h
-- Up-to-date symlink: /home/lucasb/OpenManipulatorXRoboticArmKinematics/open_mx/install/open_manipulator_msgs/include/open_manipulator_msgs/open_manipulator_msgs/msg/detail/open_manipulator_state__type_support.h
-- Up-to-date symlink: /home/lucasb/OpenManipulatorXRoboticArmKinematics/open_mx/install/open_manipulator_msgs/include/open_manipulator_msgs/open_manipulator_msgs/msg/joint_position.h
-- Up-to-date symlink: /home/lucasb/OpenManipulatorXRoboticArmKinematics/open_mx/install/open_manipulator_msgs/include/open_manipulator_msgs/open_manipulator_msgs/msg/kinematics_pose.h
-- Up-to-date symlink: /home/lucasb/OpenManipulatorXRoboticArmKinematics/open_mx/install/open_manipulator_msgs/include/open_manipulator_msgs/open_manipulator_msgs/msg/open_manipulator_state.h
-- Up-to-date symlink: /home/lucasb/OpenManipulatorXRoboticArmKinematics/open_mx/install/open_manipulator_msgs/include/open_manipulator_msgs/open_manipulator_msgs/msg/rosidl_generator_c__visibility_control.h
-- Up-to-date symlink: /home/lucasb/OpenManipulatorXRoboticArmKinematics/open_mx/install/open_manipulator_msgs/include/open_manipulator_msgs/open_manipulator_msgs/srv/detail/get_joint_position__functions.h
-- Up-to-date symlink: /home/lucasb/OpenManipulatorXRoboticArmKinematics/open_mx/install/open_manipulator_msgs/include/open_manipulator_msgs/open_manipulator_msgs/srv/detail/get_joint_position__struct.h
-- Up-to-date symlink: /home/lucasb/OpenManipulatorXRoboticArmKinematics/open_mx/install/open_manipulator_msgs/include/open_manipulator_msgs/open_manipulator_msgs/srv/detail/get_joint_position__type_support.h
-- Up-to-date symlink: /home/lucasb/OpenManipulatorXRoboticArmKinematics/open_mx/install/open_manipulator_msgs/include/open_manipulator_msgs/open_manipulator_msgs/srv/detail/get_kinematics_pose__functions.h
-- Up-to-date symlink: /home/lucasb/OpenManipulatorXRoboticArmKinematics/open_mx/install/open_manipulator_msgs/include/open_manipulator_msgs/open_manipulator_msgs/srv/detail/get_kinematics_pose__struct.h
-- Up-to-date symlink: /home/lucasb/OpenManipulatorXRoboticArmKinematics/open_mx/install/open_manipulator_msgs/include/open_manipulator_msgs/open_manipulator_msgs/srv/detail/get_kinematics_pose__type_support.h
-- Up-to-date symlink: /home/lucasb/OpenManipulatorXRoboticArmKinematics/open_mx/install/open_manipulator_msgs/include/open_manipulator_msgs/open_manipulator_msgs/srv/detail/set_actuator_state__functions.h
-- Up-to-date symlink: /home/lucasb/OpenManipulatorXRoboticArmKinematics/open_mx/install/open_manipulator_msgs/include/open_manipulator_msgs/open_manipulator_msgs/srv/detail/set_actuator_state__struct.h
-- Up-to-date symlink: /home/lucasb/OpenManipulatorXRoboticArmKinematics/open_mx/install/open_manipulator_msgs/include/open_manipulator_msgs/open_manipulator_msgs/srv/detail/set_actuator_state__type_support.h
-- Up-to-date symlink: /home/lucasb/OpenManipulatorXRoboticArmKinematics/open_mx/install/open_manipulator_msgs/include/open_manipulator_msgs/open_manipulator_msgs/srv/detail/set_drawing_trajectory__functions.h
-- Up-to-date symlink: /home/lucasb/OpenManipulatorXRoboticArmKinematics/open_mx/install/open_manipulator_msgs/include/open_manipulator_msgs/open_manipulator_msgs/srv/detail/set_drawing_trajectory__struct.h
-- Up-to-date symlink: /home/lucasb/OpenManipulatorXRoboticArmKinematics/open_mx/install/open_manipulator_msgs/include/open_manipulator_msgs/open_manipulator_msgs/srv/detail/set_drawing_trajectory__type_support.h
-- Up-to-date symlink: /home/lucasb/OpenManipulatorXRoboticArmKinematics/open_mx/install/open_manipulator_msgs/include/open_manipulator_msgs/open_manipulator_msgs/srv/detail/set_joint_position__functions.h
-- Up-to-date symlink: /home/lucasb/OpenManipulatorXRoboticArmKinematics/open_mx/install/open_manipulator_msgs/include/open_manipulator_msgs/open_manipulator_msgs/srv/detail/set_joint_position__struct.h
-- Up-to-date symlink: /home/lucasb/OpenManipulatorXRoboticArmKinematics/open_mx/install/open_manipulator_msgs/include/open_manipulator_msgs/open_manipulator_msgs/srv/detail/set_joint_position__type_support.h
-- Up-to-date symlink: /home/lucasb/OpenManipulatorXRoboticArmKinematics/open_mx/install/open_manipulator_msgs/include/open_manipulator_msgs/open_manipulator_msgs/srv/detail/set_kinematics_pose__functions.h
-- Up-to-date symlink: /home/lucasb/OpenManipulatorXRoboticArmKinematics/open_mx/install/open_manipulator_msgs/include/open_manipulator_msgs/open_manipulator_msgs/srv/detail/set_kinematics_pose__struct.h
-- Up-to-date symlink: /home/lucasb/OpenManipulatorXRoboticArmKinematics/open_mx/install/open_manipulator_msgs/include/open_manipulator_msgs/open_manipulator_msgs/srv/detail/set_kinematics_pose__type_support.h
-- Up-to-date symlink: /home/lucasb/OpenManipulatorXRoboticArmKinematics/open_mx/install/open_manipulator_msgs/include/open_manipulator_msgs/open_manipulator_msgs/srv/get_joint_position.h
-- Up-to-date symlink: /home/lucasb/OpenManipulatorXRoboticArmKinematics/open_mx/install/open_manipulator_msgs/include/open_manipulator_msgs/open_manipulator_msgs/srv/get_kinematics_pose.h
-- Up-to-date symlink: /home/lucasb/OpenManipulatorXRoboticArmKinematics/open_mx/install/open_manipulator_msgs/include/open_manipulator_msgs/open_manipulator_msgs/srv/set_actuator_state.h
-- Up-to-date symlink: /home/lucasb/OpenManipulatorXRoboticArmKinematics/open_mx/install/open_manipulator_msgs/include/open_manipulator_msgs/open_manipulator_msgs/srv/set_drawing_trajectory.h
-- Up-to-date symlink: /home/lucasb/OpenManipulatorXRoboticArmKinematics/open_mx/install/open_manipulator_msgs/include/open_manipulator_msgs/open_manipulator_msgs/srv/set_joint_position.h
-- Up-to-date symlink: /home/lucasb/OpenManipulatorXRoboticArmKinematics/open_mx/install/open_manipulator_msgs/include/open_manipulator_msgs/open_manipulator_msgs/srv/set_kinematics_pose.h
-- Up-to-date symlink: /home/lucasb/OpenManipulatorXRoboticArmKinematics/open_mx/install/open_manipulator_msgs/share/open_manipulator_msgs/environment/library_path.sh
-- Up-to-date symlink: /home/lucasb/OpenManipulatorXRoboticArmKinematics/open_mx/install/open_manipulator_msgs/share/open_manipulator_msgs/environment/library_path.dsv
-- Up-to-date symlink: /home/lucasb/OpenManipulatorXRoboticArmKinematics/open_mx/install/open_manipulator_msgs/include/open_manipulator_msgs/open_manipulator_msgs/msg/detail/joint_position__rosidl_typesupport_fastrtps_c.h
-- Up-to-date symlink: /home/lucasb/OpenManipulatorXRoboticArmKinematics/open_mx/install/open_manipulator_msgs/include/open_manipulator_msgs/open_manipulator_msgs/msg/detail/kinematics_pose__rosidl_typesupport_fastrtps_c.h
-- Up-to-date symlink: /home/lucasb/OpenManipulatorXRoboticArmKinematics/open_mx/install/open_manipulator_msgs/include/open_manipulator_msgs/open_manipulator_msgs/msg/detail/open_manipulator_state__rosidl_typesupport_fastrtps_c.h
-- Up-to-date symlink: /home/lucasb/OpenManipulatorXRoboticArmKinematics/open_mx/install/open_manipulator_msgs/include/open_manipulator_msgs/open_manipulator_msgs/msg/rosidl_typesupport_fastrtps_c__visibility_control.h
-- Up-to-date symlink: /home/lucasb/OpenManipulatorXRoboticArmKinematics/open_mx/install/open_manipulator_msgs/include/open_manipulator_msgs/open_manipulator_msgs/srv/detail/get_joint_position__rosidl_typesupport_fastrtps_c.h
-- Up-to-date symlink: /home/lucasb/OpenManipulatorXRoboticArmKinematics/open_mx/install/open_manipulator_msgs/include/open_manipulator_msgs/open_manipulator_msgs/srv/detail/get_kinematics_pose__rosidl_typesupport_fastrtps_c.h
-- Up-to-date symlink: /home/lucasb/OpenManipulatorXRoboticArmKinematics/open_mx/install/open_manipulator_msgs/include/open_manipulator_msgs/open_manipulator_msgs/srv/detail/set_actuator_state__rosidl_typesupport_fastrtps_c.h
-- Up-to-date symlink: /home/lucasb/OpenManipulatorXRoboticArmKinematics/open_mx/install/open_manipulator_msgs/include/open_manipulator_msgs/open_manipulator_msgs/srv/detail/set_drawing_trajectory__rosidl_typesupport_fastrtps_c.h
-- Up-to-date symlink: /home/lucasb/OpenManipulatorXRoboticArmKinematics/open_mx/install/open_manipulator_msgs/include/open_manipulator_msgs/open_manipulator_msgs/srv/detail/set_joint_position__rosidl_typesupport_fastrtps_c.h
-- Up-to-date symlink: /home/lucasb/OpenManipulatorXRoboticArmKinematics/open_mx/install/open_manipulator_msgs/include/open_manipulator_msgs/open_manipulator_msgs/srv/detail/set_kinematics_pose__rosidl_typesupport_fastrtps_c.h
-- Up-to-date symlink: /home/lucasb/OpenManipulatorXRoboticArmKinematics/open_mx/install/open_manipulator_msgs/include/open_manipulator_msgs/open_manipulator_msgs/msg/detail/joint_position__builder.hpp
-- Up-to-date symlink: /home/lucasb/OpenManipulatorXRoboticArmKinematics/open_mx/install/open_manipulator_msgs/include/open_manipulator_msgs/open_manipulator_msgs/msg/detail/joint_position__struct.hpp
-- Up-to-date symlink: /home/lucasb/OpenManipulatorXRoboticArmKinematics/open_mx/install/open_manipulator_msgs/include/open_manipulator_msgs/open_manipulator_msgs/msg/detail/joint_position__traits.hpp
-- Up-to-date symlink: /home/lucasb/OpenManipulatorXRoboticArmKinematics/open_mx/install/open_manipulator_msgs/include/open_manipulator_msgs/open_manipulator_msgs/msg/detail/kinematics_pose__builder.hpp
-- Up-to-date symlink: /home/lucasb/OpenManipulatorXRoboticArmKinematics/open_mx/install/open_manipulator_msgs/include/open_manipulator_msgs/open_manipulator_msgs/msg/detail/kinematics_pose__struct.hpp
-- Up-to-date symlink: /home/lucasb/OpenManipulatorXRoboticArmKinematics/open_mx/install/open_manipulator_msgs/include/open_manipulator_msgs/open_manipulator_msgs/msg/detail/kinematics_pose__traits.hpp
-- Up-to-date symlink: /home/lucasb/OpenManipulatorXRoboticArmKinematics/open_mx/install/open_manipulator_msgs/include/open_manipulator_msgs/open_manipulator_msgs/msg/detail/open_manipulator_state__builder.hpp
-- Up-to-date symlink: /home/lucasb/OpenManipulatorXRoboticArmKinematics/open_mx/install/open_manipulator_msgs/include/open_manipulator_msgs/open_manipulator_msgs/msg/detail/open_manipulator_state__struct.hpp
-- Up-to-date symlink: /home/lucasb/OpenManipulatorXRoboticArmKinematics/open_mx/install/open_manipulator_msgs/include/open_manipulator_msgs/open_manipulator_msgs/msg/detail/open_manipulator_state__traits.hpp
-- Up-to-date symlink: /home/lucasb/OpenManipulatorXRoboticArmKinematics/open_mx/install/open_manipulator_msgs/include/open_manipulator_msgs/open_manipulator_msgs/msg/joint_position.hpp
-- Up-to-date symlink: /home/lucasb/OpenManipulatorXRoboticArmKinematics/open_mx/install/open_manipulator_msgs/include/open_manipulator_msgs/open_manipulator_msgs/msg/kinematics_pose.hpp
-- Up-to-date symlink: /home/lucasb/OpenManipulatorXRoboticArmKinematics/open_mx/install/open_manipulator_msgs/include/open_manipulator_msgs/open_manipulator_msgs/msg/open_manipulator_state.hpp
-- Up-to-date symlink: /home/lucasb/OpenManipulatorXRoboticArmKinematics/open_mx/install/open_manipulator_msgs/include/open_manipulator_msgs/open_manipulator_msgs/srv/detail/get_joint_position__builder.hpp
-- Up-to-date symlink: /home/lucasb/OpenManipulatorXRoboticArmKinematics/open_mx/install/open_manipulator_msgs/include/open_manipulator_msgs/open_manipulator_msgs/srv/detail/get_joint_position__struct.hpp
-- Up-to-date symlink: /home/lucasb/OpenManipulatorXRoboticArmKinematics/open_mx/install/open_manipulator_msgs/include/open_manipulator_msgs/open_manipulator_msgs/srv/detail/get_joint_position__traits.hpp
-- Up-to-date symlink: /home/lucasb/OpenManipulatorXRoboticArmKinematics/open_mx/install/open_manipulator_msgs/include/open_manipulator_msgs/open_manipulator_msgs/srv/detail/get_kinematics_pose__builder.hpp
-- Up-to-date symlink: /home/lucasb/OpenManipulatorXRoboticArmKinematics/open_mx/install/open_manipulator_msgs/include/open_manipulator_msgs/open_manipulator_msgs/srv/detail/get_kinematics_pose__struct.hpp
-- Up-to-date symlink: /home/lucasb/OpenManipulatorXRoboticArmKinematics/open_mx/install/open_manipulator_msgs/include/open_manipulator_msgs/open_manipulator_msgs/srv/detail/get_kinematics_pose__traits.hpp
-- Up-to-date symlink: /home/lucasb/OpenManipulatorXRoboticArmKinematics/open_mx/install/open_manipulator_msgs/include/open_manipulator_msgs/open_manipulator_msgs/srv/detail/set_actuator_state__builder.hpp
-- Up-to-date symlink: /home/lucasb/OpenManipulatorXRoboticArmKinematics/open_mx/install/open_manipulator_msgs/include/open_manipulator_msgs/open_manipulator_msgs/srv/detail/set_actuator_state__struct.hpp
-- Up-to-date symlink: /home/lucasb/OpenManipulatorXRoboticArmKinematics/open_mx/install/open_manipulator_msgs/include/open_manipulator_msgs/open_manipulator_msgs/srv/detail/set_actuator_state__traits.hpp
-- Up-to-date symlink: /home/lucasb/OpenManipulatorXRoboticArmKinematics/open_mx/install/open_manipulator_msgs/include/open_manipulator_msgs/open_manipulator_msgs/srv/detail/set_drawing_trajectory__builder.hpp
-- Up-to-date symlink: /home/lucasb/OpenManipulatorXRoboticArmKinematics/open_mx/install/open_manipulator_msgs/include/open_manipulator_msgs/open_manipulator_msgs/srv/detail/set_drawing_trajectory__struct.hpp
-- Up-to-date symlink: /home/lucasb/OpenManipulatorXRoboticArmKinematics/open_mx/install/open_manipulator_msgs/include/open_manipulator_msgs/open_manipulator_msgs/srv/detail/set_drawing_trajectory__traits.hpp
-- Up-to-date symlink: /home/lucasb/OpenManipulatorXRoboticArmKinematics/open_mx/install/open_manipulator_msgs/include/open_manipulator_msgs/open_manipulator_msgs/srv/detail/set_joint_position__builder.hpp
-- Up-to-date symlink: /home/lucasb/OpenManipulatorXRoboticArmKinematics/open_mx/install/open_manipulator_msgs/include/open_manipulator_msgs/open_manipulator_msgs/srv/detail/set_joint_position__struct.hpp
-- Up-to-date symlink: /home/lucasb/OpenManipulatorXRoboticArmKinematics/open_mx/install/open_manipulator_msgs/include/open_manipulator_msgs/open_manipulator_msgs/srv/detail/set_joint_position__traits.hpp
-- Up-to-date symlink: /home/lucasb/OpenManipulatorXRoboticArmKinematics/open_mx/install/open_manipulator_msgs/include/open_manipulator_msgs/open_manipulator_msgs/srv/detail/set_kinematics_pose__builder.hpp
-- Up-to-date symlink: /home/lucasb/OpenManipulatorXRoboticArmKinematics/open_mx/install/open_manipulator_msgs/include/open_manipulator_msgs/open_manipulator_msgs/srv/detail/set_kinematics_pose__struct.hpp
-- Up-to-date symlink: /home/lucasb/OpenManipulatorXRoboticArmKinematics/open_mx/install/open_manipulator_msgs/include/open_manipulator_msgs/open_manipulator_msgs/srv/detail/set_kinematics_pose__traits.hpp
-- Up-to-date symlink: /home/lucasb/OpenManipulatorXRoboticArmKinematics/open_mx/install/open_manipulator_msgs/include/open_manipulator_msgs/open_manipulator_msgs/srv/get_joint_position.hpp
-- Up-to-date symlink: /home/lucasb/OpenManipulatorXRoboticArmKinematics/open_mx/install/open_manipulator_msgs/include/open_manipulator_msgs/open_manipulator_msgs/srv/get_kinematics_pose.hpp
-- Up-to-date symlink: /home/lucasb/OpenManipulatorXRoboticArmKinematics/open_mx/install/open_manipulator_msgs/include/open_manipulator_msgs/open_manipulator_msgs/srv/set_actuator_state.hpp
-- Up-to-date symlink: /home/lucasb/OpenManipulatorXRoboticArmKinematics/open_mx/install/open_manipulator_msgs/include/open_manipulator_msgs/open_manipulator_msgs/srv/set_drawing_trajectory.hpp
-- Up-to-date symlink: /home/lucasb/OpenManipulatorXRoboticArmKinematics/open_mx/install/open_manipulator_msgs/include/open_manipulator_msgs/open_manipulator_msgs/srv/set_joint_position.hpp
-- Up-to-date symlink: /home/lucasb/OpenManipulatorXRoboticArmKinematics/open_mx/install/open_manipulator_msgs/include/open_manipulator_msgs/open_manipulator_msgs/srv/set_kinematics_pose.hpp
-- Up-to-date symlink: /home/lucasb/OpenManipulatorXRoboticArmKinematics/open_mx/install/open_manipulator_msgs/include/open_manipulator_msgs/open_manipulator_msgs/msg/detail/joint_position__rosidl_typesupport_fastrtps_cpp.hpp
-- Up-to-date symlink: /home/lucasb/OpenManipulatorXRoboticArmKinematics/open_mx/install/open_manipulator_msgs/include/open_manipulator_msgs/open_manipulator_msgs/msg/detail/kinematics_pose__rosidl_typesupport_fastrtps_cpp.hpp
-- Up-to-date symlink: /home/lucasb/OpenManipulatorXRoboticArmKinematics/open_mx/install/open_manipulator_msgs/include/open_manipulator_msgs/open_manipulator_msgs/msg/detail/open_manipulator_state__rosidl_typesupport_fastrtps_cpp.hpp
-- Up-to-date symlink: /home/lucasb/OpenManipulatorXRoboticArmKinematics/open_mx/install/open_manipulator_msgs/include/open_manipulator_msgs/open_manipulator_msgs/msg/rosidl_typesupport_fastrtps_cpp__visibility_control.h
-- Up-to-date symlink: /home/lucasb/OpenManipulatorXRoboticArmKinematics/open_mx/install/open_manipulator_msgs/include/open_manipulator_msgs/open_manipulator_msgs/srv/detail/get_joint_position__rosidl_typesupport_fastrtps_cpp.hpp
-- Up-to-date symlink: /home/lucasb/OpenManipulatorXRoboticArmKinematics/open_mx/install/open_manipulator_msgs/include/open_manipulator_msgs/open_manipulator_msgs/srv/detail/get_kinematics_pose__rosidl_typesupport_fastrtps_cpp.hpp
-- Up-to-date symlink: /home/lucasb/OpenManipulatorXRoboticArmKinematics/open_mx/install/open_manipulator_msgs/include/open_manipulator_msgs/open_manipulator_msgs/srv/detail/set_actuator_state__rosidl_typesupport_fastrtps_cpp.hpp
-- Up-to-date symlink: /home/lucasb/OpenManipulatorXRoboticArmKinematics/open_mx/install/open_manipulator_msgs/include/open_manipulator_msgs/open_manipulator_msgs/srv/detail/set_drawing_trajectory__rosidl_typesupport_fastrtps_cpp.hpp
-- Up-to-date symlink: /home/lucasb/OpenManipulatorXRoboticArmKinematics/open_mx/install/open_manipulator_msgs/include/open_manipulator_msgs/open_manipulator_msgs/srv/detail/set_joint_position__rosidl_typesupport_fastrtps_cpp.hpp
-- Up-to-date symlink: /home/lucasb/OpenManipulatorXRoboticArmKinematics/open_mx/install/open_manipulator_msgs/include/open_manipulator_msgs/open_manipulator_msgs/srv/detail/set_kinematics_pose__rosidl_typesupport_fastrtps_cpp.hpp
-- Up-to-date symlink: /home/lucasb/OpenManipulatorXRoboticArmKinematics/open_mx/install/open_manipulator_msgs/include/open_manipulator_msgs/open_manipulator_msgs/msg/detail/joint_position__rosidl_typesupport_introspection_c.h
-- Up-to-date symlink: /home/lucasb/OpenManipulatorXRoboticArmKinematics/open_mx/install/open_manipulator_msgs/include/open_manipulator_msgs/open_manipulator_msgs/msg/detail/kinematics_pose__rosidl_typesupport_introspection_c.h
-- Up-to-date symlink: /home/lucasb/OpenManipulatorXRoboticArmKinematics/open_mx/install/open_manipulator_msgs/include/open_manipulator_msgs/open_manipulator_msgs/msg/detail/open_manipulator_state__rosidl_typesupport_introspection_c.h
-- Up-to-date symlink: /home/lucasb/OpenManipulatorXRoboticArmKinematics/open_mx/install/open_manipulator_msgs/include/open_manipulator_msgs/open_manipulator_msgs/msg/rosidl_typesupport_introspection_c__visibility_control.h
-- Up-to-date symlink: /home/lucasb/OpenManipulatorXRoboticArmKinematics/open_mx/install/open_manipulator_msgs/include/open_manipulator_msgs/open_manipulator_msgs/srv/detail/get_joint_position__rosidl_typesupport_introspection_c.h
-- Up-to-date symlink: /home/lucasb/OpenManipulatorXRoboticArmKinematics/open_mx/install/open_manipulator_msgs/include/open_manipulator_msgs/open_manipulator_msgs/srv/detail/get_kinematics_pose__rosidl_typesupport_introspection_c.h
-- Up-to-date symlink: /home/lucasb/OpenManipulatorXRoboticArmKinematics/open_mx/install/open_manipulator_msgs/include/open_manipulator_msgs/open_manipulator_msgs/srv/detail/set_actuator_state__rosidl_typesupport_introspection_c.h
-- Up-to-date symlink: /home/lucasb/OpenManipulatorXRoboticArmKinematics/open_mx/install/open_manipulator_msgs/include/open_manipulator_msgs/open_manipulator_msgs/srv/detail/set_drawing_trajectory__rosidl_typesupport_introspection_c.h
-- Up-to-date symlink: /home/lucasb/OpenManipulatorXRoboticArmKinematics/open_mx/install/open_manipulator_msgs/include/open_manipulator_msgs/open_manipulator_msgs/srv/detail/set_joint_position__rosidl_typesupport_introspection_c.h
-- Up-to-date symlink: /home/lucasb/OpenManipulatorXRoboticArmKinematics/open_mx/install/open_manipulator_msgs/include/open_manipulator_msgs/open_manipulator_msgs/srv/detail/set_kinematics_pose__rosidl_typesupport_introspection_c.h
-- Up-to-date symlink: /home/lucasb/OpenManipulatorXRoboticArmKinematics/open_mx/install/open_manipulator_msgs/include/open_manipulator_msgs/open_manipulator_msgs/msg/detail/joint_position__rosidl_typesupport_introspection_cpp.hpp
-- Up-to-date symlink: /home/lucasb/OpenManipulatorXRoboticArmKinematics/open_mx/install/open_manipulator_msgs/include/open_manipulator_msgs/open_manipulator_msgs/msg/detail/kinematics_pose__rosidl_typesupport_introspection_cpp.hpp
-- Up-to-date symlink: /home/lucasb/OpenManipulatorXRoboticArmKinematics/open_mx/install/open_manipulator_msgs/include/open_manipulator_msgs/open_manipulator_msgs/msg/detail/open_manipulator_state__rosidl_typesupport_introspection_cpp.hpp
-- Up-to-date symlink: /home/lucasb/OpenManipulatorXRoboticArmKinematics/open_mx/install/open_manipulator_msgs/include/open_manipulator_msgs/open_manipulator_msgs/srv/detail/get_joint_position__rosidl_typesupport_introspection_cpp.hpp
-- Up-to-date symlink: /home/lucasb/OpenManipulatorXRoboticArmKinematics/open_mx/install/open_manipulator_msgs/include/open_manipulator_msgs/open_manipulator_msgs/srv/detail/get_kinematics_pose__rosidl_typesupport_introspection_cpp.hpp
-- Up-to-date symlink: /home/lucasb/OpenManipulatorXRoboticArmKinematics/open_mx/install/open_manipulator_msgs/include/open_manipulator_msgs/open_manipulator_msgs/srv/detail/set_actuator_state__rosidl_typesupport_introspection_cpp.hpp
-- Up-to-date symlink: /home/lucasb/OpenManipulatorXRoboticArmKinematics/open_mx/install/open_manipulator_msgs/include/open_manipulator_msgs/open_manipulator_msgs/srv/detail/set_drawing_trajectory__rosidl_typesupport_introspection_cpp.hpp
-- Up-to-date symlink: /home/lucasb/OpenManipulatorXRoboticArmKinematics/open_mx/install/open_manipulator_msgs/include/open_manipulator_msgs/open_manipulator_msgs/srv/detail/set_joint_position__rosidl_typesupport_introspection_cpp.hpp
-- Up-to-date symlink: /home/lucasb/OpenManipulatorXRoboticArmKinematics/open_mx/install/open_manipulator_msgs/include/open_manipulator_msgs/open_manipulator_msgs/srv/detail/set_kinematics_pose__rosidl_typesupport_introspection_cpp.hpp
-- Up-to-date symlink: /home/lucasb/OpenManipulatorXRoboticArmKinematics/open_mx/install/open_manipulator_msgs/share/open_manipulator_msgs/environment/pythonpath.sh
-- Up-to-date symlink: /home/lucasb/OpenManipulatorXRoboticArmKinematics/open_mx/install/open_manipulator_msgs/share/open_manipulator_msgs/environment/pythonpath.dsv
-- Up-to-date symlink: /home/lucasb/OpenManipulatorXRoboticArmKinematics/open_mx/install/open_manipulator_msgs/local/lib/python3.10/dist-packages/open_manipulator_msgs-2.2.0-py3.10.egg-info/PKG-INFO
-- Up-to-date symlink: /home/lucasb/OpenManipulatorXRoboticArmKinematics/open_mx/install/open_manipulator_msgs/local/lib/python3.10/dist-packages/open_manipulator_msgs-2.2.0-py3.10.egg-info/SOURCES.txt
-- Up-to-date symlink: /home/lucasb/OpenManipulatorXRoboticArmKinematics/open_mx/install/open_manipulator_msgs/local/lib/python3.10/dist-packages/open_manipulator_msgs-2.2.0-py3.10.egg-info/dependency_links.txt
-- Up-to-date symlink: /home/lucasb/OpenManipulatorXRoboticArmKinematics/open_mx/install/open_manipulator_msgs/local/lib/python3.10/dist-packages/open_manipulator_msgs-2.2.0-py3.10.egg-info/top_level.txt
-- Up-to-date symlink: /home/lucasb/OpenManipulatorXRoboticArmKinematics/open_mx/install/open_manipulator_msgs/local/lib/python3.10/dist-packages/open_manipulator_msgs/__init__.py
-- Up-to-date symlink: /home/lucasb/OpenManipulatorXRoboticArmKinematics/open_mx/install/open_manipulator_msgs/local/lib/python3.10/dist-packages/open_manipulator_msgs/_open_manipulator_msgs_s.ep.rosidl_typesupport_c.c
-- Up-to-date symlink: /home/lucasb/OpenManipulatorXRoboticArmKinematics/open_mx/install/open_manipulator_msgs/local/lib/python3.10/dist-packages/open_manipulator_msgs/_open_manipulator_msgs_s.ep.rosidl_typesupport_fastrtps_c.c
-- Up-to-date symlink: /home/lucasb/OpenManipulatorXRoboticArmKinematics/open_mx/install/open_manipulator_msgs/local/lib/python3.10/dist-packages/open_manipulator_msgs/_open_manipulator_msgs_s.ep.rosidl_typesupport_introspection_c.c
-- Up-to-date symlink: /home/lucasb/OpenManipulatorXRoboticArmKinematics/open_mx/install/open_manipulator_msgs/local/lib/python3.10/dist-packages/open_manipulator_msgs/libopen_manipulator_msgs__rosidl_generator_py.so
-- Up-to-date symlink: /home/lucasb/OpenManipulatorXRoboticArmKinematics/open_mx/install/open_manipulator_msgs/local/lib/python3.10/dist-packages/open_manipulator_msgs/msg/__init__.py
-- Up-to-date symlink: /home/lucasb/OpenManipulatorXRoboticArmKinematics/open_mx/install/open_manipulator_msgs/local/lib/python3.10/dist-packages/open_manipulator_msgs/msg/_joint_position.py
-- Up-to-date symlink: /home/lucasb/OpenManipulatorXRoboticArmKinematics/open_mx/install/open_manipulator_msgs/local/lib/python3.10/dist-packages/open_manipulator_msgs/msg/_joint_position_s.c
-- Up-to-date symlink: /home/lucasb/OpenManipulatorXRoboticArmKinematics/open_mx/install/open_manipulator_msgs/local/lib/python3.10/dist-packages/open_manipulator_msgs/msg/_kinematics_pose.py
-- Up-to-date symlink: /home/lucasb/OpenManipulatorXRoboticArmKinematics/open_mx/install/open_manipulator_msgs/local/lib/python3.10/dist-packages/open_manipulator_msgs/msg/_kinematics_pose_s.c
-- Up-to-date symlink: /home/lucasb/OpenManipulatorXRoboticArmKinematics/open_mx/install/open_manipulator_msgs/local/lib/python3.10/dist-packages/open_manipulator_msgs/msg/_open_manipulator_state.py
-- Up-to-date symlink: /home/lucasb/OpenManipulatorXRoboticArmKinematics/open_mx/install/open_manipulator_msgs/local/lib/python3.10/dist-packages/open_manipulator_msgs/msg/_open_manipulator_state_s.c
-- Up-to-date symlink: /home/lucasb/OpenManipulatorXRoboticArmKinematics/open_mx/install/open_manipulator_msgs/local/lib/python3.10/dist-packages/open_manipulator_msgs/open_manipulator_msgs_s__rosidl_typesupport_c.cpython-310-x86_64-linux-gnu.so
-- Up-to-date symlink: /home/lucasb/OpenManipulatorXRoboticArmKinematics/open_mx/install/open_manipulator_msgs/local/lib/python3.10/dist-packages/open_manipulator_msgs/open_manipulator_msgs_s__rosidl_typesupport_fastrtps_c.cpython-310-x86_64-linux-gnu.so
-- Up-to-date symlink: /home/lucasb/OpenManipulatorXRoboticArmKinematics/open_mx/install/open_manipulator_msgs/local/lib/python3.10/dist-packages/open_manipulator_msgs/open_manipulator_msgs_s__rosidl_typesupport_introspection_c.cpython-310-x86_64-linux-gnu.so
-- Up-to-date symlink: /home/lucasb/OpenManipulatorXRoboticArmKinematics/open_mx/install/open_manipulator_msgs/local/lib/python3.10/dist-packages/open_manipulator_msgs/srv/__init__.py
-- Up-to-date symlink: /home/lucasb/OpenManipulatorXRoboticArmKinematics/open_mx/install/open_manipulator_msgs/local/lib/python3.10/dist-packages/open_manipulator_msgs/srv/_get_joint_position.py
-- Up-to-date symlink: /home/lucasb/OpenManipulatorXRoboticArmKinematics/open_mx/install/open_manipulator_msgs/local/lib/python3.10/dist-packages/open_manipulator_msgs/srv/_get_joint_position_s.c
-- Up-to-date symlink: /home/lucasb/OpenManipulatorXRoboticArmKinematics/open_mx/install/open_manipulator_msgs/local/lib/python3.10/dist-packages/open_manipulator_msgs/srv/_get_kinematics_pose.py
-- Up-to-date symlink: /home/lucasb/OpenManipulatorXRoboticArmKinematics/open_mx/install/open_manipulator_msgs/local/lib/python3.10/dist-packages/open_manipulator_msgs/srv/_get_kinematics_pose_s.c
-- Up-to-date symlink: /home/lucasb/OpenManipulatorXRoboticArmKinematics/open_mx/install/open_manipulator_msgs/local/lib/python3.10/dist-packages/open_manipulator_msgs/srv/_set_actuator_state.py
-- Up-to-date symlink: /home/lucasb/OpenManipulatorXRoboticArmKinematics/open_mx/install/open_manipulator_msgs/local/lib/python3.10/dist-packages/open_manipulator_msgs/srv/_set_actuator_state_s.c
-- Up-to-date symlink: /home/lucasb/OpenManipulatorXRoboticArmKinematics/open_mx/install/open_manipulator_msgs/local/lib/python3.10/dist-packages/open_manipulator_msgs/srv/_set_drawing_trajectory.py
-- Up-to-date symlink: /home/lucasb/OpenManipulatorXRoboticArmKinematics/open_mx/install/open_manipulator_msgs/local/lib/python3.10/dist-packages/open_manipulator_msgs/srv/_set_drawing_trajectory_s.c
-- Up-to-date symlink: /home/lucasb/OpenManipulatorXRoboticArmKinematics/open_mx/install/open_manipulator_msgs/local/lib/python3.10/dist-packages/open_manipulator_msgs/srv/_set_joint_position.py
-- Up-to-date symlink: /home/lucasb/OpenManipulatorXRoboticArmKinematics/open_mx/install/open_manipulator_msgs/local/lib/python3.10/dist-packages/open_manipulator_msgs/srv/_set_joint_position_s.c
-- Up-to-date symlink: /home/lucasb/OpenManipulatorXRoboticArmKinematics/open_mx/install/open_manipulator_msgs/local/lib/python3.10/dist-packages/open_manipulator_msgs/srv/_set_kinematics_pose.py
-- Up-to-date symlink: /home/lucasb/OpenManipulatorXRoboticArmKinematics/open_mx/install/open_manipulator_msgs/local/lib/python3.10/dist-packages/open_manipulator_msgs/srv/_set_kinematics_pose_s.c
-- Up-to-date symlink: /home/lucasb/OpenManipulatorXRoboticArmKinematics/open_mx/install/open_manipulator_msgs/local/lib/python3.10/dist-packages/open_manipulator_msgs/open_manipulator_msgs_s__rosidl_typesupport_fastrtps_c.cpython-310-x86_64-linux-gnu.so
-- Up-to-date symlink: /home/lucasb/OpenManipulatorXRoboticArmKinematics/open_mx/install/open_manipulator_msgs/local/lib/python3.10/dist-packages/open_manipulator_msgs/open_manipulator_msgs_s__rosidl_typesupport_introspection_c.cpython-310-x86_64-linux-gnu.so
-- Up-to-date symlink: /home/lucasb/OpenManipulatorXRoboticArmKinematics/open_mx/install/open_manipulator_msgs/local/lib/python3.10/dist-packages/open_manipulator_msgs/open_manipulator_msgs_s__rosidl_typesupport_c.cpython-310-x86_64-linux-gnu.so
-- Up-to-date symlink: /home/lucasb/OpenManipulatorXRoboticArmKinematics/open_mx/install/open_manipulator_msgs/share/open_manipulator_msgs/msg/JointPosition.idl
-- Up-to-date symlink: /home/lucasb/OpenManipulatorXRoboticArmKinematics/open_mx/install/open_manipulator_msgs/share/open_manipulator_msgs/msg/KinematicsPose.idl
-- Up-to-date symlink: /home/lucasb/OpenManipulatorXRoboticArmKinematics/open_mx/install/open_manipulator_msgs/share/open_manipulator_msgs/msg/OpenManipulatorState.idl
-- Up-to-date symlink: /home/lucasb/OpenManipulatorXRoboticArmKinematics/open_mx/install/open_manipulator_msgs/share/open_manipulator_msgs/srv/GetJointPosition.idl
-- Up-to-date symlink: /home/lucasb/OpenManipulatorXRoboticArmKinematics/open_mx/install/open_manipulator_msgs/share/open_manipulator_msgs/srv/GetKinematicsPose.idl
-- Up-to-date symlink: /home/lucasb/OpenManipulatorXRoboticArmKinematics/open_mx/install/open_manipulator_msgs/share/open_manipulator_msgs/srv/SetJointPosition.idl
-- Up-to-date symlink: /home/lucasb/OpenManipulatorXRoboticArmKinematics/open_mx/install/open_manipulator_msgs/share/open_manipulator_msgs/srv/SetKinematicsPose.idl
-- Up-to-date symlink: /home/lucasb/OpenManipulatorXRoboticArmKinematics/open_mx/install/open_manipulator_msgs/share/open_manipulator_msgs/srv/SetDrawingTrajectory.idl
-- Up-to-date symlink: /home/lucasb/OpenManipulatorXRoboticArmKinematics/open_mx/install/open_manipulator_msgs/share/open_manipulator_msgs/srv/SetActuatorState.idl
-- Up-to-date symlink: /home/lucasb/OpenManipulatorXRoboticArmKinematics/open_mx/install/open_manipulator_msgs/share/open_manipulator_msgs/msg/JointPosition.msg
-- Up-to-date symlink: /home/lucasb/OpenManipulatorXRoboticArmKinematics/open_mx/install/open_manipulator_msgs/share/open_manipulator_msgs/msg/KinematicsPose.msg
-- Up-to-date symlink: /home/lucasb/OpenManipulatorXRoboticArmKinematics/open_mx/install/open_manipulator_msgs/share/open_manipulator_msgs/msg/OpenManipulatorState.msg
-- Up-to-date symlink: /home/lucasb/OpenManipulatorXRoboticArmKinematics/open_mx/install/open_manipulator_msgs/share/open_manipulator_msgs/srv/GetJointPosition.srv
-- Up-to-date symlink: /home/lucasb/OpenManipulatorXRoboticArmKinematics/open_mx/install/open_manipulator_msgs/share/open_manipulator_msgs/srv/GetJointPosition_Request.msg
-- Up-to-date symlink: /home/lucasb/OpenManipulatorXRoboticArmKinematics/open_mx/install/open_manipulator_msgs/share/open_manipulator_msgs/srv/GetJointPosition_Response.msg
-- Up-to-date symlink: /home/lucasb/OpenManipulatorXRoboticArmKinematics/open_mx/install/open_manipulator_msgs/share/open_manipulator_msgs/srv/GetKinematicsPose.srv
-- Up-to-date symlink: /home/lucasb/OpenManipulatorXRoboticArmKinematics/open_mx/install/open_manipulator_msgs/share/open_manipulator_msgs/srv/GetKinematicsPose_Request.msg
-- Up-to-date symlink: /home/lucasb/OpenManipulatorXRoboticArmKinematics/open_mx/install/open_manipulator_msgs/share/open_manipulator_msgs/srv/GetKinematicsPose_Response.msg
-- Up-to-date symlink: /home/lucasb/OpenManipulatorXRoboticArmKinematics/open_mx/install/open_manipulator_msgs/share/open_manipulator_msgs/srv/SetJointPosition.srv
-- Up-to-date symlink: /home/lucasb/OpenManipulatorXRoboticArmKinematics/open_mx/install/open_manipulator_msgs/share/open_manipulator_msgs/srv/SetJointPosition_Request.msg
-- Up-to-date symlink: /home/lucasb/OpenManipulatorXRoboticArmKinematics/open_mx/install/open_manipulator_msgs/share/open_manipulator_msgs/srv/SetJointPosition_Response.msg
-- Up-to-date symlink: /home/lucasb/OpenManipulatorXRoboticArmKinematics/open_mx/install/open_manipulator_msgs/share/open_manipulator_msgs/srv/SetKinematicsPose.srv
-- Up-to-date symlink: /home/lucasb/OpenManipulatorXRoboticArmKinematics/open_mx/install/open_manipulator_msgs/share/open_manipulator_msgs/srv/SetKinematicsPose_Request.msg
-- Up-to-date symlink: /home/lucasb/OpenManipulatorXRoboticArmKinematics/open_mx/install/open_manipulator_msgs/share/open_manipulator_msgs/srv/SetKinematicsPose_Response.msg
-- Up-to-date symlink: /home/lucasb/OpenManipulatorXRoboticArmKinematics/open_mx/install/open_manipulator_msgs/share/open_manipulator_msgs/srv/SetDrawingTrajectory.srv
-- Up-to-date symlink: /home/lucasb/OpenManipulatorXRoboticArmKinematics/open_mx/install/open_manipulator_msgs/share/open_manipulator_msgs/srv/SetDrawingTrajectory_Request.msg
-- Up-to-date symlink: /home/lucasb/OpenManipulatorXRoboticArmKinematics/open_mx/install/open_manipulator_msgs/share/open_manipulator_msgs/srv/SetDrawingTrajectory_Response.msg
-- Up-to-date symlink: /home/lucasb/OpenManipulatorXRoboticArmKinematics/open_mx/install/open_manipulator_msgs/share/open_manipulator_msgs/srv/SetActuatorState.srv
-- Up-to-date symlink: /home/lucasb/OpenManipulatorXRoboticArmKinematics/open_mx/install/open_manipulator_msgs/share/open_manipulator_msgs/srv/SetActuatorState_Request.msg
-- Up-to-date symlink: /home/lucasb/OpenManipulatorXRoboticArmKinematics/open_mx/install/open_manipulator_msgs/share/open_manipulator_msgs/srv/SetActuatorState_Response.msg
-- Up-to-date symlink: /home/lucasb/OpenManipulatorXRoboticArmKinematics/open_mx/install/open_manipulator_msgs/share/ament_index/resource_index/package_run_dependencies/open_manipulator_msgs
-- Up-to-date symlink: /home/lucasb/OpenManipulatorXRoboticArmKinematics/open_mx/install/open_manipulator_msgs/share/ament_index/resource_index/parent_prefix_path/open_manipulator_msgs
-- Up-to-date symlink: /home/lucasb/OpenManipulatorXRoboticArmKinematics/open_mx/install/open_manipulator_msgs/share/open_manipulator_msgs/environment/ament_prefix_path.sh
-- Up-to-date symlink: /home/lucasb/OpenManipulatorXRoboticArmKinematics/open_mx/install/open_manipulator_msgs/share/open_manipulator_msgs/environment/ament_prefix_path.dsv
-- Up-to-date symlink: /home/lucasb/OpenManipulatorXRoboticArmKinematics/open_mx/install/open_manipulator_msgs/share/open_manipulator_msgs/environment/path.sh
-- Up-to-date symlink: /home/lucasb/OpenManipulatorXRoboticArmKinematics/open_mx/install/open_manipulator_msgs/share/open_manipulator_msgs/environment/path.dsv
-- Up-to-date symlink: /home/lucasb/OpenManipulatorXRoboticArmKinematics/open_mx/install/open_manipulator_msgs/share/open_manipulator_msgs/local_setup.bash
-- Up-to-date symlink: /home/lucasb/OpenManipulatorXRoboticArmKinematics/open_mx/install/open_manipulator_msgs/share/open_manipulator_msgs/local_setup.sh
-- Up-to-date symlink: /home/lucasb/OpenManipulatorXRoboticArmKinematics/open_mx/install/open_manipulator_msgs/share/open_manipulator_msgs/local_setup.zsh
-- Up-to-date symlink: /home/lucasb/OpenManipulatorXRoboticArmKinematics/open_mx/install/open_manipulator_msgs/share/open_manipulator_msgs/local_setup.dsv
-- Symlinking: /home/lucasb/OpenManipulatorXRoboticArmKinematics/open_mx/install/open_manipulator_msgs/share/open_manipulator_msgs/package.dsv
-- Up-to-date symlink: /home/lucasb/OpenManipulatorXRoboticArmKinematics/open_mx/install/open_manipulator_msgs/share/ament_index/resource_index/packages/open_manipulator_msgs
-- Up-to-date symlink: /home/lucasb/OpenManipulatorXRoboticArmKinematics/open_mx/install/open_manipulator_msgs/share/open_manipulator_msgs/cmake/rosidl_cmake-extras.cmake
-- Up-to-date symlink: /home/lucasb/OpenManipulatorXRoboticArmKinematics/open_mx/install/open_manipulator_msgs/share/open_manipulator_msgs/cmake/ament_cmake_export_dependencies-extras.cmake
-- Up-to-date symlink: /home/lucasb/OpenManipulatorXRoboticArmKinematics/open_mx/install/open_manipulator_msgs/share/open_manipulator_msgs/cmake/ament_cmake_export_include_directories-extras.cmake
-- Up-to-date symlink: /home/lucasb/OpenManipulatorXRoboticArmKinematics/open_mx/install/open_manipulator_msgs/share/open_manipulator_msgs/cmake/ament_cmake_export_libraries-extras.cmake
-- Up-to-date symlink: /home/lucasb/OpenManipulatorXRoboticArmKinematics/open_mx/install/open_manipulator_msgs/share/open_manipulator_msgs/cmake/ament_cmake_export_targets-extras.cmake
-- Up-to-date symlink: /home/lucasb/OpenManipulatorXRoboticArmKinematics/open_mx/install/open_manipulator_msgs/share/open_manipulator_msgs/cmake/rosidl_cmake_export_typesupport_targets-extras.cmake
-- Up-to-date symlink: /home/lucasb/OpenManipulatorXRoboticArmKinematics/open_mx/install/open_manipulator_msgs/share/open_manipulator_msgs/cmake/rosidl_cmake_export_typesupport_libraries-extras.cmake
-- Up-to-date symlink: /home/lucasb/OpenManipulatorXRoboticArmKinematics/open_mx/install/open_manipulator_msgs/share/open_manipulator_msgs/cmake/open_manipulator_msgsConfig.cmake
-- Up-to-date symlink: /home/lucasb/OpenManipulatorXRoboticArmKinematics/open_mx/install/open_manipulator_msgs/share/open_manipulator_msgs/cmake/open_manipulator_msgsConfig-version.cmake
-- Up-to-date symlink: /home/lucasb/OpenManipulatorXRoboticArmKinematics/open_mx/install/open_manipulator_msgs/share/open_manipulator_msgs/package.xml
-- Up-to-date: /home/lucasb/OpenManipulatorXRoboticArmKinematics/open_mx/install/open_manipulator_msgs/lib/libopen_manipulator_msgs__rosidl_generator_c.so
-- Up-to-date: /home/lucasb/OpenManipulatorXRoboticArmKinematics/open_mx/install/open_manipulator_msgs/lib/libopen_manipulator_msgs__rosidl_typesupport_fastrtps_c.so
-- Up-to-date: /home/lucasb/OpenManipulatorXRoboticArmKinematics/open_mx/install/open_manipulator_msgs/lib/libopen_manipulator_msgs__rosidl_typesupport_fastrtps_cpp.so
-- Up-to-date: /home/lucasb/OpenManipulatorXRoboticArmKinematics/open_mx/install/open_manipulator_msgs/lib/libopen_manipulator_msgs__rosidl_typesupport_introspection_c.so
-- Up-to-date: /home/lucasb/OpenManipulatorXRoboticArmKinematics/open_mx/install/open_manipulator_msgs/lib/libopen_manipulator_msgs__rosidl_typesupport_c.so
-- Up-to-date: /home/lucasb/OpenManipulatorXRoboticArmKinematics/open_mx/install/open_manipulator_msgs/lib/libopen_manipulator_msgs__rosidl_typesupport_introspection_cpp.so
-- Up-to-date: /home/lucasb/OpenManipulatorXRoboticArmKinematics/open_mx/install/open_manipulator_msgs/lib/libopen_manipulator_msgs__rosidl_typesupport_cpp.so
Listing '/home/lucasb/OpenManipulatorXRoboticArmKinematics/open_mx/install/open_manipulator_msgs/local/lib/python3.10/dist-packages/open_manipulator_msgs'...
Compiling '/home/lucasb/OpenManipulatorXRoboticArmKinematics/open_mx/install/open_manipulator_msgs/local/lib/python3.10/dist-packages/open_manipulator_msgs/__init__.py'...
Listing '/home/lucasb/OpenManipulatorXRoboticArmKinematics/open_mx/install/open_manipulator_msgs/local/lib/python3.10/dist-packages/open_manipulator_msgs/msg'...
Listing '/home/lucasb/OpenManipulatorXRoboticArmKinematics/open_mx/install/open_manipulator_msgs/local/lib/python3.10/dist-packages/open_manipulator_msgs/srv'...
-- Up-to-date: /home/lucasb/OpenManipulatorXRoboticArmKinematics/open_mx/install/open_manipulator_msgs/lib/libopen_manipulator_msgs__rosidl_generator_py.so
-- Up-to-date: /home/lucasb/OpenManipulatorXRoboticArmKinematics/open_mx/install/open_manipulator_msgs/share/open_manipulator_msgs/cmake/export_open_manipulator_msgs__rosidl_generator_cExport.cmake
-- Up-to-date: /home/lucasb/OpenManipulatorXRoboticArmKinematics/open_mx/install/open_manipulator_msgs/share/open_manipulator_msgs/cmake/export_open_manipulator_msgs__rosidl_generator_cExport-noconfig.cmake
-- Up-to-date: /home/lucasb/OpenManipulatorXRoboticArmKinematics/open_mx/install/open_manipulator_msgs/share/open_manipulator_msgs/cmake/export_open_manipulator_msgs__rosidl_typesupport_fastrtps_cExport.cmake
-- Up-to-date: /home/lucasb/OpenManipulatorXRoboticArmKinematics/open_mx/install/open_manipulator_msgs/share/open_manipulator_msgs/cmake/export_open_manipulator_msgs__rosidl_typesupport_fastrtps_cExport-noconfig.cmake
-- Up-to-date: /home/lucasb/OpenManipulatorXRoboticArmKinematics/open_mx/install/open_manipulator_msgs/share/open_manipulator_msgs/cmake/export_open_manipulator_msgs__rosidl_generator_cppExport.cmake
-- Up-to-date: /home/lucasb/OpenManipulatorXRoboticArmKinematics/open_mx/install/open_manipulator_msgs/share/open_manipulator_msgs/cmake/export_open_manipulator_msgs__rosidl_typesupport_fastrtps_cppExport.cmake
-- Up-to-date: /home/lucasb/OpenManipulatorXRoboticArmKinematics/open_mx/install/open_manipulator_msgs/share/open_manipulator_msgs/cmake/export_open_manipulator_msgs__rosidl_typesupport_fastrtps_cppExport-noconfig.cmake
-- Up-to-date: /home/lucasb/OpenManipulatorXRoboticArmKinematics/open_mx/install/open_manipulator_msgs/share/open_manipulator_msgs/cmake/open_manipulator_msgs__rosidl_typesupport_introspection_cExport.cmake
-- Up-to-date: /home/lucasb/OpenManipulatorXRoboticArmKinematics/open_mx/install/open_manipulator_msgs/share/open_manipulator_msgs/cmake/open_manipulator_msgs__rosidl_typesupport_introspection_cExport-noconfig.cmake
-- Up-to-date: /home/lucasb/OpenManipulatorXRoboticArmKinematics/open_mx/install/open_manipulator_msgs/share/open_manipulator_msgs/cmake/open_manipulator_msgs__rosidl_typesupport_cExport.cmake
-- Up-to-date: /home/lucasb/OpenManipulatorXRoboticArmKinematics/open_mx/install/open_manipulator_msgs/share/open_manipulator_msgs/cmake/open_manipulator_msgs__rosidl_typesupport_cExport-noconfig.cmake
-- Up-to-date: /home/lucasb/OpenManipulatorXRoboticArmKinematics/open_mx/install/open_manipulator_msgs/share/open_manipulator_msgs/cmake/open_manipulator_msgs__rosidl_typesupport_introspection_cppExport.cmake
-- Up-to-date: /home/lucasb/OpenManipulatorXRoboticArmKinematics/open_mx/install/open_manipulator_msgs/share/open_manipulator_msgs/cmake/open_manipulator_msgs__rosidl_typesupport_introspection_cppExport-noconfig.cmake
-- Up-to-date: /home/lucasb/OpenManipulatorXRoboticArmKinematics/open_mx/install/open_manipulator_msgs/share/open_manipulator_msgs/cmake/open_manipulator_msgs__rosidl_typesupport_cppExport.cmake
-- Up-to-date: /home/lucasb/OpenManipulatorXRoboticArmKinematics/open_mx/install/open_manipulator_msgs/share/open_manipulator_msgs/cmake/open_manipulator_msgs__rosidl_typesupport_cppExport-noconfig.cmake
-- Up-to-date: /home/lucasb/OpenManipulatorXRoboticArmKinematics/open_mx/install/open_manipulator_msgs/share/open_manipulator_msgs/cmake/export_open_manipulator_msgs__rosidl_generator_pyExport.cmake
-- Up-to-date: /home/lucasb/OpenManipulatorXRoboticArmKinematics/open_mx/install/open_manipulator_msgs/share/open_manipulator_msgs/cmake/export_open_manipulator_msgs__rosidl_generator_pyExport-noconfig.cmake
