/home/lucasb/RBE500_Project/install/Manipulator_X/lib/python3.10/site-packages/Manipulator_X/ros_wrapper.py
/home/lucasb/RBE500_Project/install/Manipulator_X/lib/python3.10/site-packages/Manipulator_X/__init__.py
/home/lucasb/RBE500_Project/install/Manipulator_X/lib/python3.10/site-packages/Manipulator_X/kinematic_library.py
/home/lucasb/RBE500_Project/install/Manipulator_X/lib/python3.10/site-packages/Manipulator_X/inv_kin_client.py
/home/lucasb/RBE500_Project/install/Manipulator_X/lib/python3.10/site-packages/Manipulator_X/inv_kin_server.py
/home/lucasb/RBE500_Project/install/Manipulator_X/lib/python3.10/site-packages/Manipulator_X/__pycache__/ros_wrapper.cpython-310.pyc
/home/lucasb/RBE500_Project/install/Manipulator_X/lib/python3.10/site-packages/Manipulator_X/__pycache__/__init__.cpython-310.pyc
/home/lucasb/RBE500_Project/install/Manipulator_X/lib/python3.10/site-packages/Manipulator_X/__pycache__/kinematic_library.cpython-310.pyc
/home/lucasb/RBE500_Project/install/Manipulator_X/lib/python3.10/site-packages/Manipulator_X/__pycache__/inv_kin_client.cpython-310.pyc
/home/lucasb/RBE500_Project/install/Manipulator_X/lib/python3.10/site-packages/Manipulator_X/__pycache__/inv_kin_server.cpython-310.pyc
/home/lucasb/RBE500_Project/install/Manipulator_X/share/ament_index/resource_index/packages/Manipulator_X
/home/lucasb/RBE500_Project/install/Manipulator_X/share/Manipulator_X/package.xml
/home/lucasb/RBE500_Project/install/Manipulator_X/lib/python3.10/site-packages/Manipulator_X-0.0.0-py3.10.egg-info/SOURCES.txt
/home/lucasb/RBE500_Project/install/Manipulator_X/lib/python3.10/site-packages/Manipulator_X-0.0.0-py3.10.egg-info/requires.txt
/home/lucasb/RBE500_Project/install/Manipulator_X/lib/python3.10/site-packages/Manipulator_X-0.0.0-py3.10.egg-info/top_level.txt
/home/lucasb/RBE500_Project/install/Manipulator_X/lib/python3.10/site-packages/Manipulator_X-0.0.0-py3.10.egg-info/PKG-INFO
/home/lucasb/RBE500_Project/install/Manipulator_X/lib/python3.10/site-packages/Manipulator_X-0.0.0-py3.10.egg-info/entry_points.txt
/home/lucasb/RBE500_Project/install/Manipulator_X/lib/python3.10/site-packages/Manipulator_X-0.0.0-py3.10.egg-info/dependency_links.txt
/home/lucasb/RBE500_Project/install/Manipulator_X/lib/python3.10/site-packages/Manipulator_X-0.0.0-py3.10.egg-info/zip-safe
/home/lucasb/RBE500_Project/install/Manipulator_X/lib/Manipulator_X/inverse_client
/home/lucasb/RBE500_Project/install/Manipulator_X/lib/Manipulator_X/inverse_server
/home/lucasb/RBE500_Project/install/Manipulator_X/lib/Manipulator_X/joint_listener
