[0.006s] Invoking command in '/home/lucasb/open_mx/build/custom_messages': CMAKE_PREFIX_PATH=/home/lucasb/open_mx/install/robot_omx:/home/lucasb/open_mx/install/custom_messages:/opt/ros/humble /usr/bin/cmake /home/lucasb/open_mx/src/custom_messages -DCMAKE_INSTALL_PREFIX=/home/lucasb/open_mx/install/custom_messages
[0.114s] -- The C compiler identification is GNU 11.4.0
[0.202s] -- The CXX compiler identification is GNU 11.4.0
[0.208s] -- Detecting C compiler ABI info
[0.284s] -- Detecting C compiler ABI info - done
[0.292s] -- Check for working C compiler: /usr/bin/cc - skipped
[0.292s] -- Detecting C compile features
[0.293s] -- Detecting C compile features - done
[0.296s] -- Detecting CXX compiler ABI info
[0.378s] -- Detecting CXX compiler ABI info - done
[0.383s] -- Check for working CXX compiler: /usr/bin/c++ - skipped
[0.383s] -- Detecting CXX compile features
[0.383s] -- Detecting CXX compile features - done
[0.385s] -- Found ament_cmake: 1.3.10 (/opt/ros/humble/share/ament_cmake/cmake)
[0.518s] -- Found Python3: /usr/bin/python3 (found version "3.10.12") found components: Interpreter 
[0.585s] -- Found ament_lint_auto: 0.12.11 (/opt/ros/humble/share/ament_lint_auto/cmake)
[0.645s] -- Added test 'lint_cmake' to check CMake code style
[0.646s] -- Added test 'xmllint' to check XML markup files
[0.647s] -- Configuring done
[0.648s] -- Generating done
[0.648s] -- Build files have been written to: /home/lucasb/open_mx/build/custom_messages
[0.651s] Invoked command in '/home/lucasb/open_mx/build/custom_messages' returned '0': CMAKE_PREFIX_PATH=/home/lucasb/open_mx/install/robot_omx:/home/lucasb/open_mx/install/custom_messages:/opt/ros/humble /usr/bin/cmake /home/lucasb/open_mx/src/custom_messages -DCMAKE_INSTALL_PREFIX=/home/lucasb/open_mx/install/custom_messages
[0.652s] Invoking command in '/home/lucasb/open_mx/build/custom_messages': CMAKE_PREFIX_PATH=/home/lucasb/open_mx/install/robot_omx:/home/lucasb/open_mx/install/custom_messages:/opt/ros/humble /usr/bin/cmake --build /home/lucasb/open_mx/build/custom_messages -- -j20 -l20
[0.690s] Invoked command in '/home/lucasb/open_mx/build/custom_messages' returned '0': CMAKE_PREFIX_PATH=/home/lucasb/open_mx/install/robot_omx:/home/lucasb/open_mx/install/custom_messages:/opt/ros/humble /usr/bin/cmake --build /home/lucasb/open_mx/build/custom_messages -- -j20 -l20
[0.722s] Invoking command in '/home/lucasb/open_mx/build/custom_messages': CMAKE_PREFIX_PATH=/home/lucasb/open_mx/install/robot_omx:/home/lucasb/open_mx/install/custom_messages:/opt/ros/humble /usr/bin/cmake --install /home/lucasb/open_mx/build/custom_messages
[0.729s] -- Install configuration: ""
[0.729s] -- Installing: /home/lucasb/open_mx/install/custom_messages/share/ament_index/resource_index/package_run_dependencies/custom_messages
[0.729s] -- Installing: /home/lucasb/open_mx/install/custom_messages/share/ament_index/resource_index/parent_prefix_path/custom_messages
[0.729s] -- Installing: /home/lucasb/open_mx/install/custom_messages/share/custom_messages/environment/ament_prefix_path.sh
[0.729s] -- Installing: /home/lucasb/open_mx/install/custom_messages/share/custom_messages/environment/ament_prefix_path.dsv
[0.729s] -- Installing: /home/lucasb/open_mx/install/custom_messages/share/custom_messages/environment/path.sh
[0.729s] -- Installing: /home/lucasb/open_mx/install/custom_messages/share/custom_messages/environment/path.dsv
[0.729s] -- Installing: /home/lucasb/open_mx/install/custom_messages/share/custom_messages/local_setup.bash
[0.729s] -- Installing: /home/lucasb/open_mx/install/custom_messages/share/custom_messages/local_setup.sh
[0.729s] -- Installing: /home/lucasb/open_mx/install/custom_messages/share/custom_messages/local_setup.zsh
[0.729s] -- Installing: /home/lucasb/open_mx/install/custom_messages/share/custom_messages/local_setup.dsv
[0.730s] -- Installing: /home/lucasb/open_mx/install/custom_messages/share/custom_messages/package.dsv
[0.730s] -- Installing: /home/lucasb/open_mx/install/custom_messages/share/ament_index/resource_index/packages/custom_messages
[0.730s] -- Installing: /home/lucasb/open_mx/install/custom_messages/share/custom_messages/cmake/custom_messagesConfig.cmake
[0.730s] -- Installing: /home/lucasb/open_mx/install/custom_messages/share/custom_messages/cmake/custom_messagesConfig-version.cmake
[0.730s] -- Installing: /home/lucasb/open_mx/install/custom_messages/share/custom_messages/package.xml
[0.732s] Invoked command in '/home/lucasb/open_mx/build/custom_messages' returned '0': CMAKE_PREFIX_PATH=/home/lucasb/open_mx/install/robot_omx:/home/lucasb/open_mx/install/custom_messages:/opt/ros/humble /usr/bin/cmake --install /home/lucasb/open_mx/build/custom_messages
