[0.020s] Invoking command in '/home/lucasb/OpenManipulatorXRoboticArmKinematics/open_mx/build/dynamixel_sdk_examples': CMAKE_PREFIX_PATH=/home/lucasb/OpenManipulatorXRoboticArmKinematics/open_mx/install/dynamixel_sdk_custom_interfaces:/home/lucasb/OpenManipulatorXRoboticArmKinematics/open_mx/install/dynamixel_sdk:/home/lucasb/OpenManipulatorXRoboticArmKinematics/open_mx/install/open_manipulator:/home/lucasb/OpenManipulatorXRoboticArmKinematics/open_mx/install/open_manipulator_x_controller:/home/lucasb/OpenManipulatorXRoboticArmKinematics/open_mx/install/open_manipulator_x_libs:/home/lucasb/OpenManipulatorXRoboticArmKinematics/open_mx/install/robotis_manipulator:/home/lucasb/OpenManipulatorXRoboticArmKinematics/open_mx/install/rbe500-example:/home/lucasb/OpenManipulatorXRoboticArmKinematics/open_mx/install/open_manipulator_x_description:/home/lucasb/OpenManipulatorXRoboticArmKinematics/open_mx/install/open_manipulator_msgs:/home/lucasb/OpenManipulatorXRoboticArmKinematics/open_mx/install/dynamixel_workbench:/home/lucasb/OpenManipulatorXRoboticArmKinematics/open_mx/install/dynamixel_workbench_toolbox:/home/lucasb/OpenManipulatorXRoboticArmKinematics/open_mx/install/dynamixel_sdk_examples:/home/lucasb/OpenManipulatorXRoboticArmKinematics/open_mx/install/custom_messages:/home/lucasb/OpenManipulatorXRoboticArmKinematics/open_mx/install/cmake_modules:/home/lucasb/OpenManipulatorXRoboticArmKinematics/open_mx/install/robot_omx:/home/lucasb/OpenManipulatorXRoboticArmKinematics/open_mx/install/rbe500_example_py:/opt/ros/humble LD_LIBRARY_PATH=/home/lucasb/OpenManipulatorXRoboticArmKinematics/open_mx/install/dynamixel_sdk_custom_interfaces/lib:/home/lucasb/OpenManipulatorXRoboticArmKinematics/open_mx/install/dynamixel_sdk/lib:/home/lucasb/OpenManipulatorXRoboticArmKinematics/open_mx/install/open_manipulator_x_libs/lib:/home/lucasb/OpenManipulatorXRoboticArmKinematics/open_mx/install/robotis_manipulator/lib:/home/lucasb/OpenManipulatorXRoboticArmKinematics/open_mx/install/open_manipulator_msgs/lib:/home/lucasb/OpenManipulatorXRoboticArmKinematics/open_mx/install/dynamixel_workbench_toolbox/lib:/home/lucasb/OpenManipulatorXRoboticArmKinematics/open_mx/install/custom_messages/lib:/opt/ros/humble/opt/rviz_ogre_vendor/lib:/opt/ros/humble/lib/x86_64-linux-gnu:/opt/ros/humble/lib /usr/bin/cmake --build /home/lucasb/OpenManipulatorXRoboticArmKinematics/open_mx/build/dynamixel_sdk_examples -- -j20 -l20
[0.040s] -- Found ament_cmake: 1.3.10 (/opt/ros/humble/share/ament_cmake/cmake)
[0.140s] -- Override CMake install command with custom implementation using symlinks instead of copying resources
[0.149s] -- Found dynamixel_sdk: 3.7.60 (/home/lucasb/OpenManipulatorXRoboticArmKinematics/open_mx/install/dynamixel_sdk/share/dynamixel_sdk/cmake)
[0.150s] -- Found dynamixel_sdk_custom_interfaces: 3.7.60 (/home/lucasb/OpenManipulatorXRoboticArmKinematics/open_mx/install/dynamixel_sdk_custom_interfaces/share/dynamixel_sdk_custom_interfaces/cmake)
[0.170s] -- Found rosidl_generator_c: 3.1.5 (/opt/ros/humble/share/rosidl_generator_c/cmake)
[0.172s] -- Found rosidl_adapter: 3.1.5 (/opt/ros/humble/share/rosidl_adapter/cmake)
[0.177s] -- Found rosidl_generator_cpp: 3.1.5 (/opt/ros/humble/share/rosidl_generator_cpp/cmake)
[0.185s] -- Using all available rosidl_typesupport_c: rosidl_typesupport_fastrtps_c;rosidl_typesupport_introspection_c
[0.195s] -- Using all available rosidl_typesupport_cpp: rosidl_typesupport_fastrtps_cpp;rosidl_typesupport_introspection_cpp
[0.212s] -- Found rclcpp: 16.0.10 (/opt/ros/humble/share/rclcpp/cmake)
[0.233s] -- Found rmw_implementation_cmake: 6.1.2 (/opt/ros/humble/share/rmw_implementation_cmake/cmake)
[0.235s] -- Found rmw_fastrtps_cpp: 6.2.7 (/opt/ros/humble/share/rmw_fastrtps_cpp/cmake)
[0.318s] -- Using RMW implementation 'rmw_fastrtps_cpp' as default
[0.361s] -- Found ament_lint_auto: 0.12.11 (/opt/ros/humble/share/ament_lint_auto/cmake)
[0.416s] -- Added test 'copyright' to check source files copyright and LICENSE
[0.417s] -- Added test 'cppcheck' to perform static code analysis on C / C++ code
[0.418s] -- Configured cppcheck include dirs: /home/lucasb/OpenManipulatorXRoboticArmKinematics/open_mx/src/DynamixelSDK/dynamixel_sdk_examples/include
[0.418s] -- Configured cppcheck exclude dirs and/or files: 
[0.419s] -- Added test 'cpplint' to check C / C++ code against the Google style
[0.419s] -- Configured cpplint exclude dirs and/or files: 
[0.419s] -- Added test 'lint_cmake' to check CMake code style
[0.421s] -- Added test 'uncrustify' to check C / C++ code style
[0.421s] -- Configured uncrustify additional arguments: 
[0.421s] -- Added test 'xmllint' to check XML markup files
[0.423s] -- Configuring done
[0.433s] -- Generating done
[0.434s] -- Build files have been written to: /home/lucasb/OpenManipulatorXRoboticArmKinematics/open_mx/build/dynamixel_sdk_examples
[0.453s] [35m[1mConsolidate compiler generated dependencies of target read_write_node[0m
[0.465s] [ 50%] Built target read_write_node
[0.467s] [ 75%] [32mBuilding CXX object CMakeFiles/current_read_write_node.dir/src/current_read_write_node.cpp.o[0m
[0.538s] [01m[K/home/lucasb/OpenManipulatorXRoboticArmKinematics/open_mx/src/DynamixelSDK/dynamixel_sdk_examples/src/current_read_write_node.cpp:37:10:[m[K [01;31m[Kfatal error: [m[Kdynamixel_sdk_custom_interfaces/msg/set_current.hpp: No such file or directory
[0.538s]    37 | #include [01;31m[K"dynamixel_sdk_custom_interfaces/msg/set_current.hpp"[m[K
[0.538s]       |          [01;31m[K^~~~~~~~~~~~~~~~~~~~~~~~~~~~~~~~~~~~~~~~~~~~~~~~~~~~~[m[K
[0.538s] compilation terminated.
[0.539s] gmake[2]: *** [CMakeFiles/current_read_write_node.dir/build.make:76: CMakeFiles/current_read_write_node.dir/src/current_read_write_node.cpp.o] Error 1
[0.539s] gmake[1]: *** [CMakeFiles/Makefile2:165: CMakeFiles/current_read_write_node.dir/all] Error 2
[0.540s] gmake: *** [Makefile:146: all] Error 2
[0.541s] Invoked command in '/home/lucasb/OpenManipulatorXRoboticArmKinematics/open_mx/build/dynamixel_sdk_examples' returned '2': CMAKE_PREFIX_PATH=/home/lucasb/OpenManipulatorXRoboticArmKinematics/open_mx/install/dynamixel_sdk_custom_interfaces:/home/lucasb/OpenManipulatorXRoboticArmKinematics/open_mx/install/dynamixel_sdk:/home/lucasb/OpenManipulatorXRoboticArmKinematics/open_mx/install/open_manipulator:/home/lucasb/OpenManipulatorXRoboticArmKinematics/open_mx/install/open_manipulator_x_controller:/home/lucasb/OpenManipulatorXRoboticArmKinematics/open_mx/install/open_manipulator_x_libs:/home/lucasb/OpenManipulatorXRoboticArmKinematics/open_mx/install/robotis_manipulator:/home/lucasb/OpenManipulatorXRoboticArmKinematics/open_mx/install/rbe500-example:/home/lucasb/OpenManipulatorXRoboticArmKinematics/open_mx/install/open_manipulator_x_description:/home/lucasb/OpenManipulatorXRoboticArmKinematics/open_mx/install/open_manipulator_msgs:/home/lucasb/OpenManipulatorXRoboticArmKinematics/open_mx/install/dynamixel_workbench:/home/lucasb/OpenManipulatorXRoboticArmKinematics/open_mx/install/dynamixel_workbench_toolbox:/home/lucasb/OpenManipulatorXRoboticArmKinematics/open_mx/install/dynamixel_sdk_examples:/home/lucasb/OpenManipulatorXRoboticArmKinematics/open_mx/install/custom_messages:/home/lucasb/OpenManipulatorXRoboticArmKinematics/open_mx/install/cmake_modules:/home/lucasb/OpenManipulatorXRoboticArmKinematics/open_mx/install/robot_omx:/home/lucasb/OpenManipulatorXRoboticArmKinematics/open_mx/install/rbe500_example_py:/opt/ros/humble LD_LIBRARY_PATH=/home/lucasb/OpenManipulatorXRoboticArmKinematics/open_mx/install/dynamixel_sdk_custom_interfaces/lib:/home/lucasb/OpenManipulatorXRoboticArmKinematics/open_mx/install/dynamixel_sdk/lib:/home/lucasb/OpenManipulatorXRoboticArmKinematics/open_mx/install/open_manipulator_x_libs/lib:/home/lucasb/OpenManipulatorXRoboticArmKinematics/open_mx/install/robotis_manipulator/lib:/home/lucasb/OpenManipulatorXRoboticArmKinematics/open_mx/install/open_manipulator_msgs/lib:/home/lucasb/OpenManipulatorXRoboticArmKinematics/open_mx/install/dynamixel_workbench_toolbox/lib:/home/lucasb/OpenManipulatorXRoboticArmKinematics/open_mx/install/custom_messages/lib:/opt/ros/humble/opt/rviz_ogre_vendor/lib:/opt/ros/humble/lib/x86_64-linux-gnu:/opt/ros/humble/lib /usr/bin/cmake --build /home/lucasb/OpenManipulatorXRoboticArmKinematics/open_mx/build/dynamixel_sdk_examples -- -j20 -l20
