[0.150s] Invoking command in '/home/lucasb/RBE500_Project/build/custom_messages': CMAKE_PREFIX_PATH=/home/lucasb/RBE500_Project/install/Manipulator_X:/opt/ros/humble /usr/bin/cmake /home/lucasb/RBE500_Project/src/custom_messages -DCMAKE_INSTALL_PREFIX=/home/lucasb/RBE500_Project/install/custom_messages
[0.161s] -- Found ament_cmake: 1.3.10 (/opt/ros/humble/share/ament_cmake/cmake)
[0.251s] -- Found geometry_msgs: 4.2.4 (/opt/ros/humble/share/geometry_msgs/cmake)
[0.266s] -- Found rosidl_generator_c: 3.1.5 (/opt/ros/humble/share/rosidl_generator_c/cmake)
[0.268s] -- Found rosidl_adapter: 3.1.5 (/opt/ros/humble/share/rosidl_adapter/cmake)
[0.272s] -- Found rosidl_generator_cpp: 3.1.5 (/opt/ros/humble/share/rosidl_generator_cpp/cmake)
[0.277s] -- Using all available rosidl_typesupport_c: rosidl_typesupport_fastrtps_c;rosidl_typesupport_introspection_c
[0.285s] -- Using all available rosidl_typesupport_cpp: rosidl_typesupport_fastrtps_cpp;rosidl_typesupport_introspection_cpp
[0.307s] -- Found rosidl_default_generators: 1.2.0 (/opt/ros/humble/share/rosidl_default_generators/cmake)
[0.510s] -- Found ament_cmake_ros: 0.10.0 (/opt/ros/humble/share/ament_cmake_ros/cmake)
[0.791s] -- Using all available rosidl_typesupport_c: rosidl_typesupport_fastrtps_c;rosidl_typesupport_introspection_c
[0.918s] -- Using all available rosidl_typesupport_cpp: rosidl_typesupport_fastrtps_cpp;rosidl_typesupport_introspection_cpp
[0.938s] -- Found PythonInterp: /usr/bin/python3 (found suitable version "3.10.12", minimum required is "3.6") 
[0.939s] -- Found python_cmake_module: 0.10.0 (/opt/ros/humble/share/python_cmake_module/cmake)
[0.963s] -- Found PythonLibs: /usr/lib/x86_64-linux-gnu/libpython3.10.so (found suitable version "3.10.12", minimum required is "3.5") 
[0.963s] -- Using PYTHON_EXECUTABLE: /usr/bin/python3
[0.963s] -- Using PYTHON_INCLUDE_DIRS: /usr/include/python3.10
[0.963s] -- Using PYTHON_LIBRARIES: /usr/lib/x86_64-linux-gnu/libpython3.10.so
[0.982s] -- Found PythonExtra: .so  
[1.026s] -- Found ament_lint_auto: 0.12.11 (/opt/ros/humble/share/ament_lint_auto/cmake)
[1.036s] -- Added test 'lint_cmake' to check CMake code style
[1.037s] -- Added test 'xmllint' to check XML markup files
[1.038s] -- Configuring done
[1.056s] -- Generating done
[1.058s] -- Build files have been written to: /home/lucasb/RBE500_Project/build/custom_messages
[1.062s] Invoked command in '/home/lucasb/RBE500_Project/build/custom_messages' returned '0': CMAKE_PREFIX_PATH=/home/lucasb/RBE500_Project/install/Manipulator_X:/opt/ros/humble /usr/bin/cmake /home/lucasb/RBE500_Project/src/custom_messages -DCMAKE_INSTALL_PREFIX=/home/lucasb/RBE500_Project/install/custom_messages
[1.063s] Invoking command in '/home/lucasb/RBE500_Project/build/custom_messages': CMAKE_PREFIX_PATH=/home/lucasb/RBE500_Project/install/Manipulator_X:/opt/ros/humble /usr/bin/cmake --build /home/lucasb/RBE500_Project/build/custom_messages -- -j20 -l20
[1.094s] [  3%] [34m[1mGenerating C code for ROS interfaces[0m
[1.105s] [  6%] [34m[1mGenerating C++ code for ROS interfaces[0m
[1.108s] [  6%] Built target ament_cmake_python_copy_custom_messages
[1.247s] running egg_info
[1.247s] creating custom_messages.egg-info
[1.247s] writing custom_messages.egg-info/PKG-INFO
[1.247s] writing dependency_links to custom_messages.egg-info/dependency_links.txt
[1.247s] writing top-level names to custom_messages.egg-info/top_level.txt
[1.247s] writing manifest file 'custom_messages.egg-info/SOURCES.txt'
[1.249s] reading manifest file 'custom_messages.egg-info/SOURCES.txt'
[1.249s] writing manifest file 'custom_messages.egg-info/SOURCES.txt'
[1.265s] [  6%] Built target ament_cmake_python_build_custom_messages_egg
[1.273s] [  6%] Built target custom_messages__cpp
[1.280s] [  9%] [32mBuilding C object CMakeFiles/custom_messages__rosidl_generator_c.dir/rosidl_generator_c/custom_messages/srv/detail/inv_kin__functions.c.o[0m
[1.280s] [ 12%] [34m[1mGenerating C++ type support for eProsima Fast-RTPS[0m
[1.282s] [ 16%] [34m[1mGenerating C++ type support dispatch for ROS interfaces[0m
[1.283s] [ 19%] [34m[1mGenerating C++ introspection for ROS interfaces[0m
[1.342s] [ 22%] [32m[1mLinking C shared library libcustom_messages__rosidl_generator_c.so[0m
[1.375s] [ 22%] Built target custom_messages__rosidl_generator_c
[1.384s] [ 25%] [34m[1mGenerating C introspection for ROS interfaces[0m
[1.385s] [ 29%] [34m[1mGenerating C type support dispatch for ROS interfaces[0m
[1.385s] [ 32%] [34m[1mGenerating C type support for eProsima Fast-RTPS[0m
[1.434s] [ 35%] [32mBuilding CXX object CMakeFiles/custom_messages__rosidl_typesupport_cpp.dir/rosidl_typesupport_cpp/custom_messages/srv/inv_kin__type_support.cpp.o[0m
[1.450s] [ 38%] [32mBuilding CXX object CMakeFiles/custom_messages__rosidl_typesupport_introspection_cpp.dir/rosidl_typesupport_introspection_cpp/custom_messages/srv/detail/inv_kin__type_support.cpp.o[0m
[1.458s] [ 41%] [32mBuilding CXX object CMakeFiles/custom_messages__rosidl_typesupport_fastrtps_cpp.dir/rosidl_typesupport_fastrtps_cpp/custom_messages/srv/detail/dds_fastrtps/inv_kin__type_support.cpp.o[0m
[1.538s] [ 45%] [32mBuilding CXX object CMakeFiles/custom_messages__rosidl_typesupport_c.dir/rosidl_typesupport_c/custom_messages/srv/inv_kin__type_support.cpp.o[0m
[1.560s] [ 48%] [32m[1mLinking CXX shared library libcustom_messages__rosidl_typesupport_c.so[0m
[1.563s] [ 51%] [32mBuilding CXX object CMakeFiles/custom_messages__rosidl_typesupport_fastrtps_c.dir/rosidl_typesupport_fastrtps_c/custom_messages/srv/detail/inv_kin__type_support_c.cpp.o[0m
[1.565s] [ 54%] [32mBuilding C object CMakeFiles/custom_messages__rosidl_typesupport_introspection_c.dir/rosidl_typesupport_introspection_c/custom_messages/srv/detail/inv_kin__type_support.c.o[0m
[1.596s] [ 58%] [32m[1mLinking C shared library libcustom_messages__rosidl_typesupport_introspection_c.so[0m
[1.604s] [ 58%] Built target custom_messages__rosidl_typesupport_c
[1.611s] [ 61%] [32m[1mLinking CXX shared library libcustom_messages__rosidl_typesupport_cpp.so[0m
[1.623s] [ 61%] Built target custom_messages__rosidl_typesupport_introspection_c
[1.644s] [ 61%] Built target custom_messages__rosidl_typesupport_cpp
[1.681s] [ 64%] [32m[1mLinking CXX shared library libcustom_messages__rosidl_typesupport_introspection_cpp.so[0m
[1.706s] [ 67%] [32m[1mLinking CXX shared library libcustom_messages__rosidl_typesupport_fastrtps_cpp.so[0m
[1.727s] [ 67%] Built target custom_messages__rosidl_typesupport_introspection_cpp
[1.762s] [ 70%] [32m[1mLinking CXX shared library libcustom_messages__rosidl_typesupport_fastrtps_c.so[0m
[1.762s] [ 70%] Built target custom_messages__rosidl_typesupport_fastrtps_cpp
[1.821s] [ 70%] Built target custom_messages__rosidl_typesupport_fastrtps_c
[1.847s] [ 70%] Built target custom_messages
[1.871s] [ 74%] [34m[1mGenerating Python code for ROS interfaces[0m
[2.102s] [ 74%] Built target custom_messages__py
[2.119s] [ 77%] [32mBuilding C object CMakeFiles/custom_messages__rosidl_generator_py.dir/rosidl_generator_py/custom_messages/srv/_inv_kin_s.c.o[0m
[2.199s] [ 80%] [32m[1mLinking C shared library rosidl_generator_py/custom_messages/libcustom_messages__rosidl_generator_py.so[0m
[2.230s] [ 80%] Built target custom_messages__rosidl_generator_py
[2.246s] [ 83%] [32mBuilding C object CMakeFiles/custom_messages__rosidl_typesupport_c__pyext.dir/rosidl_generator_py/custom_messages/_custom_messages_s.ep.rosidl_typesupport_c.c.o[0m
[2.247s] [ 87%] [32mBuilding C object CMakeFiles/custom_messages__rosidl_typesupport_introspection_c__pyext.dir/rosidl_generator_py/custom_messages/_custom_messages_s.ep.rosidl_typesupport_introspection_c.c.o[0m
[2.247s] [ 90%] [32mBuilding C object CMakeFiles/custom_messages__rosidl_typesupport_fastrtps_c__pyext.dir/rosidl_generator_py/custom_messages/_custom_messages_s.ep.rosidl_typesupport_fastrtps_c.c.o[0m
[2.311s] [ 96%] [32m[1mLinking C shared library rosidl_generator_py/custom_messages/custom_messages_s__rosidl_typesupport_introspection_c.cpython-310-x86_64-linux-gnu.so[0m
[2.311s] [ 96%] [32m[1mLinking C shared library rosidl_generator_py/custom_messages/custom_messages_s__rosidl_typesupport_fastrtps_c.cpython-310-x86_64-linux-gnu.so[0m
[2.311s] [100%] [32m[1mLinking C shared library rosidl_generator_py/custom_messages/custom_messages_s__rosidl_typesupport_c.cpython-310-x86_64-linux-gnu.so[0m
[2.342s] [100%] Built target custom_messages__rosidl_typesupport_fastrtps_c__pyext
[2.342s] [100%] Built target custom_messages__rosidl_typesupport_c__pyext
[2.342s] [100%] Built target custom_messages__rosidl_typesupport_introspection_c__pyext
[2.350s] Invoked command in '/home/lucasb/RBE500_Project/build/custom_messages' returned '0': CMAKE_PREFIX_PATH=/home/lucasb/RBE500_Project/install/Manipulator_X:/opt/ros/humble /usr/bin/cmake --build /home/lucasb/RBE500_Project/build/custom_messages -- -j20 -l20
[2.425s] Invoking command in '/home/lucasb/RBE500_Project/build/custom_messages': CMAKE_PREFIX_PATH=/home/lucasb/RBE500_Project/install/Manipulator_X:/opt/ros/humble /usr/bin/cmake --install /home/lucasb/RBE500_Project/build/custom_messages
[2.434s] -- Install configuration: ""
[2.434s] -- Installing: /home/lucasb/RBE500_Project/install/custom_messages/share/ament_index/resource_index/rosidl_interfaces/custom_messages
[2.435s] -- Installing: /home/lucasb/RBE500_Project/install/custom_messages/include/custom_messages/custom_messages
[2.435s] -- Installing: /home/lucasb/RBE500_Project/install/custom_messages/include/custom_messages/custom_messages/srv
[2.435s] -- Installing: /home/lucasb/RBE500_Project/install/custom_messages/include/custom_messages/custom_messages/srv/inv_kin.h
[2.435s] -- Installing: /home/lucasb/RBE500_Project/install/custom_messages/include/custom_messages/custom_messages/srv/detail
[2.435s] -- Installing: /home/lucasb/RBE500_Project/install/custom_messages/include/custom_messages/custom_messages/srv/detail/inv_kin__functions.h
[2.435s] -- Installing: /home/lucasb/RBE500_Project/install/custom_messages/include/custom_messages/custom_messages/srv/detail/inv_kin__struct.h
[2.435s] -- Installing: /home/lucasb/RBE500_Project/install/custom_messages/include/custom_messages/custom_messages/srv/detail/inv_kin__functions.c
[2.435s] -- Installing: /home/lucasb/RBE500_Project/install/custom_messages/include/custom_messages/custom_messages/srv/detail/inv_kin__type_support.h
[2.435s] -- Installing: /home/lucasb/RBE500_Project/install/custom_messages/include/custom_messages/custom_messages/msg
[2.435s] -- Installing: /home/lucasb/RBE500_Project/install/custom_messages/include/custom_messages/custom_messages/msg/rosidl_generator_c__visibility_control.h
[2.436s] -- Installing: /home/lucasb/RBE500_Project/install/custom_messages/share/custom_messages/environment/library_path.sh
[2.436s] -- Installing: /home/lucasb/RBE500_Project/install/custom_messages/share/custom_messages/environment/library_path.dsv
[2.436s] -- Installing: /home/lucasb/RBE500_Project/install/custom_messages/lib/libcustom_messages__rosidl_generator_c.so
[2.436s] -- Set runtime path of "/home/lucasb/RBE500_Project/install/custom_messages/lib/libcustom_messages__rosidl_generator_c.so" to ""
[2.436s] -- Up-to-date: /home/lucasb/RBE500_Project/install/custom_messages/include/custom_messages/custom_messages
[2.436s] -- Up-to-date: /home/lucasb/RBE500_Project/install/custom_messages/include/custom_messages/custom_messages/srv
[2.436s] -- Up-to-date: /home/lucasb/RBE500_Project/install/custom_messages/include/custom_messages/custom_messages/srv/detail
[2.436s] -- Installing: /home/lucasb/RBE500_Project/install/custom_messages/include/custom_messages/custom_messages/srv/detail/inv_kin__rosidl_typesupport_fastrtps_c.h
[2.436s] -- Up-to-date: /home/lucasb/RBE500_Project/install/custom_messages/include/custom_messages/custom_messages/msg
[2.436s] -- Installing: /home/lucasb/RBE500_Project/install/custom_messages/include/custom_messages/custom_messages/msg/rosidl_typesupport_fastrtps_c__visibility_control.h
[2.436s] -- Installing: /home/lucasb/RBE500_Project/install/custom_messages/lib/libcustom_messages__rosidl_typesupport_fastrtps_c.so
[2.436s] -- Set runtime path of "/home/lucasb/RBE500_Project/install/custom_messages/lib/libcustom_messages__rosidl_typesupport_fastrtps_c.so" to ""
[2.437s] -- Up-to-date: /home/lucasb/RBE500_Project/install/custom_messages/include/custom_messages/custom_messages
[2.437s] -- Up-to-date: /home/lucasb/RBE500_Project/install/custom_messages/include/custom_messages/custom_messages/srv
[2.437s] -- Installing: /home/lucasb/RBE500_Project/install/custom_messages/include/custom_messages/custom_messages/srv/inv_kin.hpp
[2.437s] -- Up-to-date: /home/lucasb/RBE500_Project/install/custom_messages/include/custom_messages/custom_messages/srv/detail
[2.437s] -- Installing: /home/lucasb/RBE500_Project/install/custom_messages/include/custom_messages/custom_messages/srv/detail/inv_kin__builder.hpp
[2.437s] -- Installing: /home/lucasb/RBE500_Project/install/custom_messages/include/custom_messages/custom_messages/srv/detail/inv_kin__traits.hpp
[2.437s] -- Installing: /home/lucasb/RBE500_Project/install/custom_messages/include/custom_messages/custom_messages/srv/detail/inv_kin__struct.hpp
[2.437s] -- Up-to-date: /home/lucasb/RBE500_Project/install/custom_messages/include/custom_messages/custom_messages
[2.437s] -- Up-to-date: /home/lucasb/RBE500_Project/install/custom_messages/include/custom_messages/custom_messages/srv
[2.437s] -- Up-to-date: /home/lucasb/RBE500_Project/install/custom_messages/include/custom_messages/custom_messages/srv/detail
[2.437s] -- Installing: /home/lucasb/RBE500_Project/install/custom_messages/include/custom_messages/custom_messages/srv/detail/inv_kin__rosidl_typesupport_fastrtps_cpp.hpp
[2.437s] -- Installing: /home/lucasb/RBE500_Project/install/custom_messages/include/custom_messages/custom_messages/srv/detail/dds_fastrtps
[2.437s] -- Up-to-date: /home/lucasb/RBE500_Project/install/custom_messages/include/custom_messages/custom_messages/msg
[2.438s] -- Installing: /home/lucasb/RBE500_Project/install/custom_messages/include/custom_messages/custom_messages/msg/rosidl_typesupport_fastrtps_cpp__visibility_control.h
[2.438s] -- Installing: /home/lucasb/RBE500_Project/install/custom_messages/lib/libcustom_messages__rosidl_typesupport_fastrtps_cpp.so
[2.438s] -- Set runtime path of "/home/lucasb/RBE500_Project/install/custom_messages/lib/libcustom_messages__rosidl_typesupport_fastrtps_cpp.so" to ""
[2.438s] -- Up-to-date: /home/lucasb/RBE500_Project/install/custom_messages/include/custom_messages/custom_messages
[2.438s] -- Up-to-date: /home/lucasb/RBE500_Project/install/custom_messages/include/custom_messages/custom_messages/srv
[2.438s] -- Up-to-date: /home/lucasb/RBE500_Project/install/custom_messages/include/custom_messages/custom_messages/srv/detail
[2.438s] -- Installing: /home/lucasb/RBE500_Project/install/custom_messages/include/custom_messages/custom_messages/srv/detail/inv_kin__rosidl_typesupport_introspection_c.h
[2.438s] -- Installing: /home/lucasb/RBE500_Project/install/custom_messages/include/custom_messages/custom_messages/srv/detail/inv_kin__type_support.c
[2.438s] -- Up-to-date: /home/lucasb/RBE500_Project/install/custom_messages/include/custom_messages/custom_messages/msg
[2.438s] -- Installing: /home/lucasb/RBE500_Project/install/custom_messages/include/custom_messages/custom_messages/msg/rosidl_typesupport_introspection_c__visibility_control.h
[2.438s] -- Installing: /home/lucasb/RBE500_Project/install/custom_messages/lib/libcustom_messages__rosidl_typesupport_introspection_c.so
[2.438s] -- Set runtime path of "/home/lucasb/RBE500_Project/install/custom_messages/lib/libcustom_messages__rosidl_typesupport_introspection_c.so" to ""
[2.438s] -- Installing: /home/lucasb/RBE500_Project/install/custom_messages/lib/libcustom_messages__rosidl_typesupport_c.so
[2.439s] -- Set runtime path of "/home/lucasb/RBE500_Project/install/custom_messages/lib/libcustom_messages__rosidl_typesupport_c.so" to ""
[2.439s] -- Up-to-date: /home/lucasb/RBE500_Project/install/custom_messages/include/custom_messages/custom_messages
[2.439s] -- Up-to-date: /home/lucasb/RBE500_Project/install/custom_messages/include/custom_messages/custom_messages/srv
[2.439s] -- Up-to-date: /home/lucasb/RBE500_Project/install/custom_messages/include/custom_messages/custom_messages/srv/detail
[2.439s] -- Installing: /home/lucasb/RBE500_Project/install/custom_messages/include/custom_messages/custom_messages/srv/detail/inv_kin__rosidl_typesupport_introspection_cpp.hpp
[2.439s] -- Installing: /home/lucasb/RBE500_Project/install/custom_messages/include/custom_messages/custom_messages/srv/detail/inv_kin__type_support.cpp
[2.439s] -- Installing: /home/lucasb/RBE500_Project/install/custom_messages/lib/libcustom_messages__rosidl_typesupport_introspection_cpp.so
[2.439s] -- Set runtime path of "/home/lucasb/RBE500_Project/install/custom_messages/lib/libcustom_messages__rosidl_typesupport_introspection_cpp.so" to ""
[2.439s] -- Installing: /home/lucasb/RBE500_Project/install/custom_messages/lib/libcustom_messages__rosidl_typesupport_cpp.so
[2.440s] -- Set runtime path of "/home/lucasb/RBE500_Project/install/custom_messages/lib/libcustom_messages__rosidl_typesupport_cpp.so" to ""
[2.440s] -- Installing: /home/lucasb/RBE500_Project/install/custom_messages/share/custom_messages/environment/pythonpath.sh
[2.440s] -- Installing: /home/lucasb/RBE500_Project/install/custom_messages/share/custom_messages/environment/pythonpath.dsv
[2.440s] -- Installing: /home/lucasb/RBE500_Project/install/custom_messages/local/lib/python3.10/dist-packages/custom_messages-0.0.0-py3.10.egg-info
[2.440s] -- Installing: /home/lucasb/RBE500_Project/install/custom_messages/local/lib/python3.10/dist-packages/custom_messages-0.0.0-py3.10.egg-info/SOURCES.txt
[2.440s] -- Installing: /home/lucasb/RBE500_Project/install/custom_messages/local/lib/python3.10/dist-packages/custom_messages-0.0.0-py3.10.egg-info/top_level.txt
[2.440s] -- Installing: /home/lucasb/RBE500_Project/install/custom_messages/local/lib/python3.10/dist-packages/custom_messages-0.0.0-py3.10.egg-info/PKG-INFO
[2.440s] -- Installing: /home/lucasb/RBE500_Project/install/custom_messages/local/lib/python3.10/dist-packages/custom_messages-0.0.0-py3.10.egg-info/dependency_links.txt
[2.440s] -- Installing: /home/lucasb/RBE500_Project/install/custom_messages/local/lib/python3.10/dist-packages/custom_messages
[2.440s] -- Installing: /home/lucasb/RBE500_Project/install/custom_messages/local/lib/python3.10/dist-packages/custom_messages/custom_messages_s__rosidl_typesupport_fastrtps_c.cpython-310-x86_64-linux-gnu.so
[2.440s] -- Installing: /home/lucasb/RBE500_Project/install/custom_messages/local/lib/python3.10/dist-packages/custom_messages/custom_messages_s__rosidl_typesupport_c.cpython-310-x86_64-linux-gnu.so
[2.440s] -- Installing: /home/lucasb/RBE500_Project/install/custom_messages/local/lib/python3.10/dist-packages/custom_messages/__init__.py
[2.440s] -- Installing: /home/lucasb/RBE500_Project/install/custom_messages/local/lib/python3.10/dist-packages/custom_messages/_custom_messages_s.ep.rosidl_typesupport_introspection_c.c
[2.441s] -- Installing: /home/lucasb/RBE500_Project/install/custom_messages/local/lib/python3.10/dist-packages/custom_messages/libcustom_messages__rosidl_generator_py.so
[2.441s] -- Installing: /home/lucasb/RBE500_Project/install/custom_messages/local/lib/python3.10/dist-packages/custom_messages/_custom_messages_s.ep.rosidl_typesupport_c.c
[2.441s] -- Installing: /home/lucasb/RBE500_Project/install/custom_messages/local/lib/python3.10/dist-packages/custom_messages/_custom_messages_s.ep.rosidl_typesupport_fastrtps_c.c
[2.441s] -- Installing: /home/lucasb/RBE500_Project/install/custom_messages/local/lib/python3.10/dist-packages/custom_messages/srv
[2.441s] -- Installing: /home/lucasb/RBE500_Project/install/custom_messages/local/lib/python3.10/dist-packages/custom_messages/srv/_inv_kin_s.c
[2.441s] -- Installing: /home/lucasb/RBE500_Project/install/custom_messages/local/lib/python3.10/dist-packages/custom_messages/srv/__init__.py
[2.441s] -- Installing: /home/lucasb/RBE500_Project/install/custom_messages/local/lib/python3.10/dist-packages/custom_messages/srv/_inv_kin.py
[2.441s] -- Installing: /home/lucasb/RBE500_Project/install/custom_messages/local/lib/python3.10/dist-packages/custom_messages/custom_messages_s__rosidl_typesupport_introspection_c.cpython-310-x86_64-linux-gnu.so
[2.473s] Listing '/home/lucasb/RBE500_Project/install/custom_messages/local/lib/python3.10/dist-packages/custom_messages'...
[2.473s] Compiling '/home/lucasb/RBE500_Project/install/custom_messages/local/lib/python3.10/dist-packages/custom_messages/__init__.py'...
[2.473s] Listing '/home/lucasb/RBE500_Project/install/custom_messages/local/lib/python3.10/dist-packages/custom_messages/srv'...
[2.473s] Compiling '/home/lucasb/RBE500_Project/install/custom_messages/local/lib/python3.10/dist-packages/custom_messages/srv/__init__.py'...
[2.473s] Compiling '/home/lucasb/RBE500_Project/install/custom_messages/local/lib/python3.10/dist-packages/custom_messages/srv/_inv_kin.py'...
[2.476s] -- Installing: /home/lucasb/RBE500_Project/install/custom_messages/local/lib/python3.10/dist-packages/custom_messages/custom_messages_s__rosidl_typesupport_fastrtps_c.cpython-310-x86_64-linux-gnu.so
[2.476s] -- Set runtime path of "/home/lucasb/RBE500_Project/install/custom_messages/local/lib/python3.10/dist-packages/custom_messages/custom_messages_s__rosidl_typesupport_fastrtps_c.cpython-310-x86_64-linux-gnu.so" to ""
[2.476s] -- Installing: /home/lucasb/RBE500_Project/install/custom_messages/local/lib/python3.10/dist-packages/custom_messages/custom_messages_s__rosidl_typesupport_introspection_c.cpython-310-x86_64-linux-gnu.so
[2.476s] -- Set runtime path of "/home/lucasb/RBE500_Project/install/custom_messages/local/lib/python3.10/dist-packages/custom_messages/custom_messages_s__rosidl_typesupport_introspection_c.cpython-310-x86_64-linux-gnu.so" to ""
[2.476s] -- Installing: /home/lucasb/RBE500_Project/install/custom_messages/local/lib/python3.10/dist-packages/custom_messages/custom_messages_s__rosidl_typesupport_c.cpython-310-x86_64-linux-gnu.so
[2.476s] -- Set runtime path of "/home/lucasb/RBE500_Project/install/custom_messages/local/lib/python3.10/dist-packages/custom_messages/custom_messages_s__rosidl_typesupport_c.cpython-310-x86_64-linux-gnu.so" to ""
[2.476s] -- Installing: /home/lucasb/RBE500_Project/install/custom_messages/lib/libcustom_messages__rosidl_generator_py.so
[2.476s] -- Set runtime path of "/home/lucasb/RBE500_Project/install/custom_messages/lib/libcustom_messages__rosidl_generator_py.so" to ""
[2.476s] -- Installing: /home/lucasb/RBE500_Project/install/custom_messages/share/custom_messages/srv/InvKin.idl
[2.476s] -- Installing: /home/lucasb/RBE500_Project/install/custom_messages/share/custom_messages/srv/InvKin.srv
[2.476s] -- Installing: /home/lucasb/RBE500_Project/install/custom_messages/share/custom_messages/srv/InvKin_Request.msg
[2.476s] -- Installing: /home/lucasb/RBE500_Project/install/custom_messages/share/custom_messages/srv/InvKin_Response.msg
[2.476s] -- Installing: /home/lucasb/RBE500_Project/install/custom_messages/share/ament_index/resource_index/package_run_dependencies/custom_messages
[2.477s] -- Installing: /home/lucasb/RBE500_Project/install/custom_messages/share/ament_index/resource_index/parent_prefix_path/custom_messages
[2.477s] -- Installing: /home/lucasb/RBE500_Project/install/custom_messages/share/custom_messages/environment/ament_prefix_path.sh
[2.477s] -- Installing: /home/lucasb/RBE500_Project/install/custom_messages/share/custom_messages/environment/ament_prefix_path.dsv
[2.477s] -- Installing: /home/lucasb/RBE500_Project/install/custom_messages/share/custom_messages/environment/path.sh
[2.477s] -- Installing: /home/lucasb/RBE500_Project/install/custom_messages/share/custom_messages/environment/path.dsv
[2.477s] -- Installing: /home/lucasb/RBE500_Project/install/custom_messages/share/custom_messages/local_setup.bash
[2.477s] -- Installing: /home/lucasb/RBE500_Project/install/custom_messages/share/custom_messages/local_setup.sh
[2.477s] -- Installing: /home/lucasb/RBE500_Project/install/custom_messages/share/custom_messages/local_setup.zsh
[2.477s] -- Installing: /home/lucasb/RBE500_Project/install/custom_messages/share/custom_messages/local_setup.dsv
[2.477s] -- Installing: /home/lucasb/RBE500_Project/install/custom_messages/share/custom_messages/package.dsv
[2.477s] -- Installing: /home/lucasb/RBE500_Project/install/custom_messages/share/ament_index/resource_index/packages/custom_messages
[2.477s] -- Installing: /home/lucasb/RBE500_Project/install/custom_messages/share/custom_messages/cmake/export_custom_messages__rosidl_generator_cExport.cmake
[2.477s] -- Installing: /home/lucasb/RBE500_Project/install/custom_messages/share/custom_messages/cmake/export_custom_messages__rosidl_generator_cExport-noconfig.cmake
[2.477s] -- Installing: /home/lucasb/RBE500_Project/install/custom_messages/share/custom_messages/cmake/export_custom_messages__rosidl_typesupport_fastrtps_cExport.cmake
[2.477s] -- Installing: /home/lucasb/RBE500_Project/install/custom_messages/share/custom_messages/cmake/export_custom_messages__rosidl_typesupport_fastrtps_cExport-noconfig.cmake
[2.477s] -- Installing: /home/lucasb/RBE500_Project/install/custom_messages/share/custom_messages/cmake/export_custom_messages__rosidl_generator_cppExport.cmake
[2.477s] -- Installing: /home/lucasb/RBE500_Project/install/custom_messages/share/custom_messages/cmake/export_custom_messages__rosidl_typesupport_fastrtps_cppExport.cmake
[2.477s] -- Installing: /home/lucasb/RBE500_Project/install/custom_messages/share/custom_messages/cmake/export_custom_messages__rosidl_typesupport_fastrtps_cppExport-noconfig.cmake
[2.477s] -- Installing: /home/lucasb/RBE500_Project/install/custom_messages/share/custom_messages/cmake/custom_messages__rosidl_typesupport_introspection_cExport.cmake
[2.477s] -- Installing: /home/lucasb/RBE500_Project/install/custom_messages/share/custom_messages/cmake/custom_messages__rosidl_typesupport_introspection_cExport-noconfig.cmake
[2.478s] -- Installing: /home/lucasb/RBE500_Project/install/custom_messages/share/custom_messages/cmake/custom_messages__rosidl_typesupport_cExport.cmake
[2.478s] -- Installing: /home/lucasb/RBE500_Project/install/custom_messages/share/custom_messages/cmake/custom_messages__rosidl_typesupport_cExport-noconfig.cmake
[2.478s] -- Installing: /home/lucasb/RBE500_Project/install/custom_messages/share/custom_messages/cmake/custom_messages__rosidl_typesupport_introspection_cppExport.cmake
[2.478s] -- Installing: /home/lucasb/RBE500_Project/install/custom_messages/share/custom_messages/cmake/custom_messages__rosidl_typesupport_introspection_cppExport-noconfig.cmake
[2.478s] -- Installing: /home/lucasb/RBE500_Project/install/custom_messages/share/custom_messages/cmake/custom_messages__rosidl_typesupport_cppExport.cmake
[2.478s] -- Installing: /home/lucasb/RBE500_Project/install/custom_messages/share/custom_messages/cmake/custom_messages__rosidl_typesupport_cppExport-noconfig.cmake
[2.478s] -- Installing: /home/lucasb/RBE500_Project/install/custom_messages/share/custom_messages/cmake/export_custom_messages__rosidl_generator_pyExport.cmake
[2.478s] -- Installing: /home/lucasb/RBE500_Project/install/custom_messages/share/custom_messages/cmake/export_custom_messages__rosidl_generator_pyExport-noconfig.cmake
[2.478s] -- Installing: /home/lucasb/RBE500_Project/install/custom_messages/share/custom_messages/cmake/rosidl_cmake-extras.cmake
[2.478s] -- Installing: /home/lucasb/RBE500_Project/install/custom_messages/share/custom_messages/cmake/ament_cmake_export_dependencies-extras.cmake
[2.478s] -- Installing: /home/lucasb/RBE500_Project/install/custom_messages/share/custom_messages/cmake/ament_cmake_export_include_directories-extras.cmake
[2.478s] -- Installing: /home/lucasb/RBE500_Project/install/custom_messages/share/custom_messages/cmake/ament_cmake_export_libraries-extras.cmake
[2.478s] -- Installing: /home/lucasb/RBE500_Project/install/custom_messages/share/custom_messages/cmake/ament_cmake_export_targets-extras.cmake
[2.478s] -- Installing: /home/lucasb/RBE500_Project/install/custom_messages/share/custom_messages/cmake/rosidl_cmake_export_typesupport_targets-extras.cmake
[2.478s] -- Installing: /home/lucasb/RBE500_Project/install/custom_messages/share/custom_messages/cmake/rosidl_cmake_export_typesupport_libraries-extras.cmake
[2.478s] -- Installing: /home/lucasb/RBE500_Project/install/custom_messages/share/custom_messages/cmake/custom_messagesConfig.cmake
[2.478s] -- Installing: /home/lucasb/RBE500_Project/install/custom_messages/share/custom_messages/cmake/custom_messagesConfig-version.cmake
[2.478s] -- Installing: /home/lucasb/RBE500_Project/install/custom_messages/share/custom_messages/package.xml
[2.480s] Invoked command in '/home/lucasb/RBE500_Project/build/custom_messages' returned '0': CMAKE_PREFIX_PATH=/home/lucasb/RBE500_Project/install/Manipulator_X:/opt/ros/humble /usr/bin/cmake --install /home/lucasb/RBE500_Project/build/custom_messages
