[0.022s] Invoking command in '/home/lucasb/OpenManipulatorXRoboticArmKinematics/open_mx/build/dynamixel_sdk_custom_interfaces': CMAKE_PREFIX_PATH=${CMAKE_PREFIX_PATH}:/home/lucasb/OpenManipulatorXRoboticArmKinematics/open_mx/install/robot_omx:/home/lucasb/OpenManipulatorXRoboticArmKinematics/open_mx/install/rbe500_example_py:/opt/ros/humble /usr/bin/cmake --build /home/lucasb/OpenManipulatorXRoboticArmKinematics/open_mx/build/dynamixel_sdk_custom_interfaces -- -j20 -l20
[0.075s] [  2%] [34m[1mGenerating C code for ROS interfaces[0m
[0.086s] [  5%] [34m[1mGenerating C++ code for ROS interfaces[0m
[0.097s] [  5%] Built target ament_cmake_python_symlink_dynamixel_sdk_custom_interfaces
[0.319s] [  5%] Built target dynamixel_sdk_custom_interfaces__cpp
[0.331s] [ 10%] [34m[1mGenerating C++ type support for eProsima Fast-RTPS[0m
[0.331s] [ 10%] [34m[1mGenerating C++ introspection for ROS interfaces[0m
[0.331s] [ 12%] [34m[1mGenerating C++ type support dispatch for ROS interfaces[0m
[0.343s] [ 15%] [32mBuilding C object CMakeFiles/dynamixel_sdk_custom_interfaces__rosidl_generator_c.dir/rosidl_generator_c/dynamixel_sdk_custom_interfaces/srv/detail/get_position__functions.c.o[0m
[0.344s] [ 17%] [32mBuilding C object CMakeFiles/dynamixel_sdk_custom_interfaces__rosidl_generator_c.dir/rosidl_generator_c/dynamixel_sdk_custom_interfaces/msg/detail/set_position__functions.c.o[0m
[0.392s] running egg_info
[0.393s] writing dynamixel_sdk_custom_interfaces.egg-info/PKG-INFO
[0.393s] writing dependency_links to dynamixel_sdk_custom_interfaces.egg-info/dependency_links.txt
[0.393s] writing top-level names to dynamixel_sdk_custom_interfaces.egg-info/top_level.txt
[0.394s] reading manifest file 'dynamixel_sdk_custom_interfaces.egg-info/SOURCES.txt'
[0.395s] writing manifest file 'dynamixel_sdk_custom_interfaces.egg-info/SOURCES.txt'
[0.415s] [ 17%] Built target ament_cmake_python_build_dynamixel_sdk_custom_interfaces_egg
[0.417s] [ 20%] [32m[1mLinking C shared library libdynamixel_sdk_custom_interfaces__rosidl_generator_c.so[0m
[0.448s] [ 20%] Built target dynamixel_sdk_custom_interfaces__rosidl_generator_c
[0.459s] [ 25%] [34m[1mGenerating C introspection for ROS interfaces[0m
[0.460s] [ 25%] [34m[1mGenerating C type support dispatch for ROS interfaces[0m
[0.460s] [ 28%] [34m[1mGenerating C type support for eProsima Fast-RTPS[0m
[0.599s] [ 30%] [32mBuilding CXX object CMakeFiles/dynamixel_sdk_custom_interfaces__rosidl_typesupport_cpp.dir/rosidl_typesupport_cpp/dynamixel_sdk_custom_interfaces/msg/set_position__type_support.cpp.o[0m
[0.600s] [ 33%] [32mBuilding CXX object CMakeFiles/dynamixel_sdk_custom_interfaces__rosidl_typesupport_cpp.dir/rosidl_typesupport_cpp/dynamixel_sdk_custom_interfaces/srv/get_position__type_support.cpp.o[0m
[0.677s] [ 35%] [32mBuilding CXX object CMakeFiles/dynamixel_sdk_custom_interfaces__rosidl_typesupport_introspection_cpp.dir/rosidl_typesupport_introspection_cpp/dynamixel_sdk_custom_interfaces/msg/detail/set_position__type_support.cpp.o[0m
[0.679s] [ 38%] [32mBuilding CXX object CMakeFiles/dynamixel_sdk_custom_interfaces__rosidl_typesupport_introspection_cpp.dir/rosidl_typesupport_introspection_cpp/dynamixel_sdk_custom_interfaces/srv/detail/get_position__type_support.cpp.o[0m
[0.752s] [ 41%] [32mBuilding CXX object CMakeFiles/dynamixel_sdk_custom_interfaces__rosidl_typesupport_fastrtps_cpp.dir/rosidl_typesupport_fastrtps_cpp/dynamixel_sdk_custom_interfaces/msg/detail/dds_fastrtps/set_position__type_support.cpp.o[0m
[0.756s] [ 43%] [32mBuilding CXX object CMakeFiles/dynamixel_sdk_custom_interfaces__rosidl_typesupport_fastrtps_cpp.dir/rosidl_typesupport_fastrtps_cpp/dynamixel_sdk_custom_interfaces/srv/detail/dds_fastrtps/get_position__type_support.cpp.o[0m
[0.867s] [ 46%] [32mBuilding C object CMakeFiles/dynamixel_sdk_custom_interfaces__rosidl_typesupport_introspection_c.dir/rosidl_typesupport_introspection_c/dynamixel_sdk_custom_interfaces/msg/detail/set_position__type_support.c.o[0m
[0.868s] [ 48%] [32mBuilding C object CMakeFiles/dynamixel_sdk_custom_interfaces__rosidl_typesupport_introspection_c.dir/rosidl_typesupport_introspection_c/dynamixel_sdk_custom_interfaces/srv/detail/get_position__type_support.c.o[0m
[0.882s] [ 51%] [32mBuilding CXX object CMakeFiles/dynamixel_sdk_custom_interfaces__rosidl_typesupport_c.dir/rosidl_typesupport_c/dynamixel_sdk_custom_interfaces/msg/set_position__type_support.cpp.o[0m
[0.882s] [ 53%] [32mBuilding CXX object CMakeFiles/dynamixel_sdk_custom_interfaces__rosidl_typesupport_fastrtps_c.dir/rosidl_typesupport_fastrtps_c/dynamixel_sdk_custom_interfaces/msg/detail/set_position__type_support_c.cpp.o[0m
[0.886s] [ 56%] [32mBuilding CXX object CMakeFiles/dynamixel_sdk_custom_interfaces__rosidl_typesupport_c.dir/rosidl_typesupport_c/dynamixel_sdk_custom_interfaces/srv/get_position__type_support.cpp.o[0m
[0.886s] [ 58%] [32mBuilding CXX object CMakeFiles/dynamixel_sdk_custom_interfaces__rosidl_typesupport_fastrtps_c.dir/rosidl_typesupport_fastrtps_c/dynamixel_sdk_custom_interfaces/srv/detail/get_position__type_support_c.cpp.o[0m
[0.897s] [ 61%] [32m[1mLinking CXX shared library libdynamixel_sdk_custom_interfaces__rosidl_typesupport_cpp.so[0m
[0.936s] [ 64%] [32m[1mLinking C shared library libdynamixel_sdk_custom_interfaces__rosidl_typesupport_introspection_c.so[0m
[0.940s] [ 66%] [32m[1mLinking CXX shared library libdynamixel_sdk_custom_interfaces__rosidl_typesupport_c.so[0m
[0.970s] [ 66%] Built target dynamixel_sdk_custom_interfaces__rosidl_typesupport_cpp
[0.998s] [ 66%] Built target dynamixel_sdk_custom_interfaces__rosidl_typesupport_c
[1.015s] [ 66%] Built target dynamixel_sdk_custom_interfaces__rosidl_typesupport_introspection_c
[1.325s] [ 69%] [32m[1mLinking CXX shared library libdynamixel_sdk_custom_interfaces__rosidl_typesupport_introspection_cpp.so[0m
[1.337s] [ 71%] [32m[1mLinking CXX shared library libdynamixel_sdk_custom_interfaces__rosidl_typesupport_fastrtps_cpp.so[0m
[1.424s] [ 71%] Built target dynamixel_sdk_custom_interfaces__rosidl_typesupport_introspection_cpp
[1.437s] [ 74%] [32m[1mLinking CXX shared library libdynamixel_sdk_custom_interfaces__rosidl_typesupport_fastrtps_c.so[0m
[1.531s] [ 74%] Built target dynamixel_sdk_custom_interfaces__rosidl_typesupport_fastrtps_cpp
[1.639s] [ 74%] Built target dynamixel_sdk_custom_interfaces__rosidl_typesupport_fastrtps_c
[1.690s] [ 74%] Built target dynamixel_sdk_custom_interfaces
[1.727s] [ 76%] [34m[1mGenerating Python code for ROS interfaces[0m
[4.164s] [ 76%] Built target dynamixel_sdk_custom_interfaces__py
[4.357s] [ 79%] [32mBuilding C object CMakeFiles/dynamixel_sdk_custom_interfaces__rosidl_generator_py.dir/rosidl_generator_py/dynamixel_sdk_custom_interfaces/msg/_set_position_s.c.o[0m
[4.357s] [ 82%] [32mBuilding C object CMakeFiles/dynamixel_sdk_custom_interfaces__rosidl_generator_py.dir/rosidl_generator_py/dynamixel_sdk_custom_interfaces/srv/_get_position_s.c.o[0m
[5.766s] [ 84%] [32m[1mLinking C shared library rosidl_generator_py/dynamixel_sdk_custom_interfaces/libdynamixel_sdk_custom_interfaces__rosidl_generator_py.so[0m
[6.091s] [ 84%] Built target dynamixel_sdk_custom_interfaces__rosidl_generator_py
[6.264s] [ 87%] [32mBuilding C object CMakeFiles/dynamixel_sdk_custom_interfaces__rosidl_typesupport_c__pyext.dir/rosidl_generator_py/dynamixel_sdk_custom_interfaces/_dynamixel_sdk_custom_interfaces_s.ep.rosidl_typesupport_c.c.o[0m
[6.271s] [ 89%] [32mBuilding C object CMakeFiles/dynamixel_sdk_custom_interfaces__rosidl_typesupport_introspection_c__pyext.dir/rosidl_generator_py/dynamixel_sdk_custom_interfaces/_dynamixel_sdk_custom_interfaces_s.ep.rosidl_typesupport_introspection_c.c.o[0m
[6.275s] [ 92%] [32mBuilding C object CMakeFiles/dynamixel_sdk_custom_interfaces__rosidl_typesupport_fastrtps_c__pyext.dir/rosidl_generator_py/dynamixel_sdk_custom_interfaces/_dynamixel_sdk_custom_interfaces_s.ep.rosidl_typesupport_fastrtps_c.c.o[0m
[7.161s] [ 94%] [32m[1mLinking C shared library rosidl_generator_py/dynamixel_sdk_custom_interfaces/dynamixel_sdk_custom_interfaces_s__rosidl_typesupport_c.cpython-310-x86_64-linux-gnu.so[0m
[7.179s] [ 97%] [32m[1mLinking C shared library rosidl_generator_py/dynamixel_sdk_custom_interfaces/dynamixel_sdk_custom_interfaces_s__rosidl_typesupport_introspection_c.cpython-310-x86_64-linux-gnu.so[0m
[7.207s] [100%] [32m[1mLinking C shared library rosidl_generator_py/dynamixel_sdk_custom_interfaces/dynamixel_sdk_custom_interfaces_s__rosidl_typesupport_fastrtps_c.cpython-310-x86_64-linux-gnu.so[0m
[7.417s] [100%] Built target dynamixel_sdk_custom_interfaces__rosidl_typesupport_c__pyext
[7.474s] [100%] Built target dynamixel_sdk_custom_interfaces__rosidl_typesupport_introspection_c__pyext
[7.481s] [100%] Built target dynamixel_sdk_custom_interfaces__rosidl_typesupport_fastrtps_c__pyext
[7.543s] Invoked command in '/home/lucasb/OpenManipulatorXRoboticArmKinematics/open_mx/build/dynamixel_sdk_custom_interfaces' returned '0': CMAKE_PREFIX_PATH=${CMAKE_PREFIX_PATH}:/home/lucasb/OpenManipulatorXRoboticArmKinematics/open_mx/install/robot_omx:/home/lucasb/OpenManipulatorXRoboticArmKinematics/open_mx/install/rbe500_example_py:/opt/ros/humble /usr/bin/cmake --build /home/lucasb/OpenManipulatorXRoboticArmKinematics/open_mx/build/dynamixel_sdk_custom_interfaces -- -j20 -l20
[8.095s] Invoking command in '/home/lucasb/OpenManipulatorXRoboticArmKinematics/open_mx/build/dynamixel_sdk_custom_interfaces': CMAKE_PREFIX_PATH=${CMAKE_PREFIX_PATH}:/home/lucasb/OpenManipulatorXRoboticArmKinematics/open_mx/install/robot_omx:/home/lucasb/OpenManipulatorXRoboticArmKinematics/open_mx/install/rbe500_example_py:/opt/ros/humble /usr/bin/cmake --install /home/lucasb/OpenManipulatorXRoboticArmKinematics/open_mx/build/dynamixel_sdk_custom_interfaces
[8.138s] -- Install configuration: ""
[8.143s] -- Execute custom install script
[8.146s] -- Up-to-date symlink: /home/lucasb/OpenManipulatorXRoboticArmKinematics/open_mx/install/dynamixel_sdk_custom_interfaces/share/ament_index/resource_index/rosidl_interfaces/dynamixel_sdk_custom_interfaces
[8.149s] -- Up-to-date symlink: /home/lucasb/OpenManipulatorXRoboticArmKinematics/open_mx/install/dynamixel_sdk_custom_interfaces/include/dynamixel_sdk_custom_interfaces/dynamixel_sdk_custom_interfaces/msg/detail/set_position__functions.h
[8.151s] -- Up-to-date symlink: /home/lucasb/OpenManipulatorXRoboticArmKinematics/open_mx/install/dynamixel_sdk_custom_interfaces/include/dynamixel_sdk_custom_interfaces/dynamixel_sdk_custom_interfaces/msg/detail/set_position__struct.h
[8.152s] -- Up-to-date symlink: /home/lucasb/OpenManipulatorXRoboticArmKinematics/open_mx/install/dynamixel_sdk_custom_interfaces/include/dynamixel_sdk_custom_interfaces/dynamixel_sdk_custom_interfaces/msg/detail/set_position__type_support.h
[8.152s] -- Up-to-date symlink: /home/lucasb/OpenManipulatorXRoboticArmKinematics/open_mx/install/dynamixel_sdk_custom_interfaces/include/dynamixel_sdk_custom_interfaces/dynamixel_sdk_custom_interfaces/msg/rosidl_generator_c__visibility_control.h
[8.154s] -- Up-to-date symlink: /home/lucasb/OpenManipulatorXRoboticArmKinematics/open_mx/install/dynamixel_sdk_custom_interfaces/include/dynamixel_sdk_custom_interfaces/dynamixel_sdk_custom_interfaces/msg/set_position.h
[8.156s] -- Up-to-date symlink: /home/lucasb/OpenManipulatorXRoboticArmKinematics/open_mx/install/dynamixel_sdk_custom_interfaces/include/dynamixel_sdk_custom_interfaces/dynamixel_sdk_custom_interfaces/srv/detail/get_position__functions.h
[8.158s] -- Up-to-date symlink: /home/lucasb/OpenManipulatorXRoboticArmKinematics/open_mx/install/dynamixel_sdk_custom_interfaces/include/dynamixel_sdk_custom_interfaces/dynamixel_sdk_custom_interfaces/srv/detail/get_position__struct.h
[8.159s] -- Up-to-date symlink: /home/lucasb/OpenManipulatorXRoboticArmKinematics/open_mx/install/dynamixel_sdk_custom_interfaces/include/dynamixel_sdk_custom_interfaces/dynamixel_sdk_custom_interfaces/srv/detail/get_position__type_support.h
[8.160s] -- Up-to-date symlink: /home/lucasb/OpenManipulatorXRoboticArmKinematics/open_mx/install/dynamixel_sdk_custom_interfaces/include/dynamixel_sdk_custom_interfaces/dynamixel_sdk_custom_interfaces/srv/get_position.h
[8.160s] -- Up-to-date symlink: /home/lucasb/OpenManipulatorXRoboticArmKinematics/open_mx/install/dynamixel_sdk_custom_interfaces/share/dynamixel_sdk_custom_interfaces/environment/library_path.sh
[8.161s] -- Up-to-date symlink: /home/lucasb/OpenManipulatorXRoboticArmKinematics/open_mx/install/dynamixel_sdk_custom_interfaces/share/dynamixel_sdk_custom_interfaces/environment/library_path.dsv
[8.163s] -- Up-to-date symlink: /home/lucasb/OpenManipulatorXRoboticArmKinematics/open_mx/install/dynamixel_sdk_custom_interfaces/include/dynamixel_sdk_custom_interfaces/dynamixel_sdk_custom_interfaces/msg/detail/set_position__rosidl_typesupport_fastrtps_c.h
[8.164s] -- Up-to-date symlink: /home/lucasb/OpenManipulatorXRoboticArmKinematics/open_mx/install/dynamixel_sdk_custom_interfaces/include/dynamixel_sdk_custom_interfaces/dynamixel_sdk_custom_interfaces/msg/rosidl_typesupport_fastrtps_c__visibility_control.h
[8.165s] -- Up-to-date symlink: /home/lucasb/OpenManipulatorXRoboticArmKinematics/open_mx/install/dynamixel_sdk_custom_interfaces/include/dynamixel_sdk_custom_interfaces/dynamixel_sdk_custom_interfaces/srv/detail/get_position__rosidl_typesupport_fastrtps_c.h
[8.166s] -- Up-to-date symlink: /home/lucasb/OpenManipulatorXRoboticArmKinematics/open_mx/install/dynamixel_sdk_custom_interfaces/include/dynamixel_sdk_custom_interfaces/dynamixel_sdk_custom_interfaces/msg/detail/set_position__builder.hpp
[8.167s] -- Up-to-date symlink: /home/lucasb/OpenManipulatorXRoboticArmKinematics/open_mx/install/dynamixel_sdk_custom_interfaces/include/dynamixel_sdk_custom_interfaces/dynamixel_sdk_custom_interfaces/msg/detail/set_position__struct.hpp
[8.168s] -- Up-to-date symlink: /home/lucasb/OpenManipulatorXRoboticArmKinematics/open_mx/install/dynamixel_sdk_custom_interfaces/include/dynamixel_sdk_custom_interfaces/dynamixel_sdk_custom_interfaces/msg/detail/set_position__traits.hpp
[8.169s] -- Up-to-date symlink: /home/lucasb/OpenManipulatorXRoboticArmKinematics/open_mx/install/dynamixel_sdk_custom_interfaces/include/dynamixel_sdk_custom_interfaces/dynamixel_sdk_custom_interfaces/msg/set_position.hpp
[8.170s] -- Up-to-date symlink: /home/lucasb/OpenManipulatorXRoboticArmKinematics/open_mx/install/dynamixel_sdk_custom_interfaces/include/dynamixel_sdk_custom_interfaces/dynamixel_sdk_custom_interfaces/srv/detail/get_position__builder.hpp
[8.170s] -- Up-to-date symlink: /home/lucasb/OpenManipulatorXRoboticArmKinematics/open_mx/install/dynamixel_sdk_custom_interfaces/include/dynamixel_sdk_custom_interfaces/dynamixel_sdk_custom_interfaces/srv/detail/get_position__struct.hpp
[8.171s] -- Up-to-date symlink: /home/lucasb/OpenManipulatorXRoboticArmKinematics/open_mx/install/dynamixel_sdk_custom_interfaces/include/dynamixel_sdk_custom_interfaces/dynamixel_sdk_custom_interfaces/srv/detail/get_position__traits.hpp
[8.172s] -- Up-to-date symlink: /home/lucasb/OpenManipulatorXRoboticArmKinematics/open_mx/install/dynamixel_sdk_custom_interfaces/include/dynamixel_sdk_custom_interfaces/dynamixel_sdk_custom_interfaces/srv/get_position.hpp
[8.173s] -- Up-to-date symlink: /home/lucasb/OpenManipulatorXRoboticArmKinematics/open_mx/install/dynamixel_sdk_custom_interfaces/include/dynamixel_sdk_custom_interfaces/dynamixel_sdk_custom_interfaces/msg/detail/set_position__rosidl_typesupport_fastrtps_cpp.hpp
[8.173s] -- Up-to-date symlink: /home/lucasb/OpenManipulatorXRoboticArmKinematics/open_mx/install/dynamixel_sdk_custom_interfaces/include/dynamixel_sdk_custom_interfaces/dynamixel_sdk_custom_interfaces/msg/rosidl_typesupport_fastrtps_cpp__visibility_control.h
[8.174s] -- Up-to-date symlink: /home/lucasb/OpenManipulatorXRoboticArmKinematics/open_mx/install/dynamixel_sdk_custom_interfaces/include/dynamixel_sdk_custom_interfaces/dynamixel_sdk_custom_interfaces/srv/detail/get_position__rosidl_typesupport_fastrtps_cpp.hpp
[8.176s] -- Up-to-date symlink: /home/lucasb/OpenManipulatorXRoboticArmKinematics/open_mx/install/dynamixel_sdk_custom_interfaces/include/dynamixel_sdk_custom_interfaces/dynamixel_sdk_custom_interfaces/msg/detail/set_position__rosidl_typesupport_introspection_c.h
[8.177s] -- Up-to-date symlink: /home/lucasb/OpenManipulatorXRoboticArmKinematics/open_mx/install/dynamixel_sdk_custom_interfaces/include/dynamixel_sdk_custom_interfaces/dynamixel_sdk_custom_interfaces/msg/rosidl_typesupport_introspection_c__visibility_control.h
[8.178s] -- Up-to-date symlink: /home/lucasb/OpenManipulatorXRoboticArmKinematics/open_mx/install/dynamixel_sdk_custom_interfaces/include/dynamixel_sdk_custom_interfaces/dynamixel_sdk_custom_interfaces/srv/detail/get_position__rosidl_typesupport_introspection_c.h
[8.179s] -- Up-to-date symlink: /home/lucasb/OpenManipulatorXRoboticArmKinematics/open_mx/install/dynamixel_sdk_custom_interfaces/include/dynamixel_sdk_custom_interfaces/dynamixel_sdk_custom_interfaces/msg/detail/set_position__rosidl_typesupport_introspection_cpp.hpp
[8.180s] -- Up-to-date symlink: /home/lucasb/OpenManipulatorXRoboticArmKinematics/open_mx/install/dynamixel_sdk_custom_interfaces/include/dynamixel_sdk_custom_interfaces/dynamixel_sdk_custom_interfaces/srv/detail/get_position__rosidl_typesupport_introspection_cpp.hpp
[8.181s] -- Up-to-date symlink: /home/lucasb/OpenManipulatorXRoboticArmKinematics/open_mx/install/dynamixel_sdk_custom_interfaces/share/dynamixel_sdk_custom_interfaces/environment/pythonpath.sh
[8.182s] -- Up-to-date symlink: /home/lucasb/OpenManipulatorXRoboticArmKinematics/open_mx/install/dynamixel_sdk_custom_interfaces/share/dynamixel_sdk_custom_interfaces/environment/pythonpath.dsv
[8.183s] -- Up-to-date symlink: /home/lucasb/OpenManipulatorXRoboticArmKinematics/open_mx/install/dynamixel_sdk_custom_interfaces/local/lib/python3.10/dist-packages/dynamixel_sdk_custom_interfaces-3.7.60-py3.10.egg-info/PKG-INFO
[8.184s] -- Up-to-date symlink: /home/lucasb/OpenManipulatorXRoboticArmKinematics/open_mx/install/dynamixel_sdk_custom_interfaces/local/lib/python3.10/dist-packages/dynamixel_sdk_custom_interfaces-3.7.60-py3.10.egg-info/SOURCES.txt
[8.185s] -- Up-to-date symlink: /home/lucasb/OpenManipulatorXRoboticArmKinematics/open_mx/install/dynamixel_sdk_custom_interfaces/local/lib/python3.10/dist-packages/dynamixel_sdk_custom_interfaces-3.7.60-py3.10.egg-info/dependency_links.txt
[8.186s] -- Up-to-date symlink: /home/lucasb/OpenManipulatorXRoboticArmKinematics/open_mx/install/dynamixel_sdk_custom_interfaces/local/lib/python3.10/dist-packages/dynamixel_sdk_custom_interfaces-3.7.60-py3.10.egg-info/top_level.txt
[8.187s] -- Up-to-date symlink: /home/lucasb/OpenManipulatorXRoboticArmKinematics/open_mx/install/dynamixel_sdk_custom_interfaces/local/lib/python3.10/dist-packages/dynamixel_sdk_custom_interfaces/__init__.py
[8.188s] -- Up-to-date symlink: /home/lucasb/OpenManipulatorXRoboticArmKinematics/open_mx/install/dynamixel_sdk_custom_interfaces/local/lib/python3.10/dist-packages/dynamixel_sdk_custom_interfaces/_dynamixel_sdk_custom_interfaces_s.ep.rosidl_typesupport_c.c
[8.190s] -- Up-to-date symlink: /home/lucasb/OpenManipulatorXRoboticArmKinematics/open_mx/install/dynamixel_sdk_custom_interfaces/local/lib/python3.10/dist-packages/dynamixel_sdk_custom_interfaces/_dynamixel_sdk_custom_interfaces_s.ep.rosidl_typesupport_fastrtps_c.c
[8.191s] -- Up-to-date symlink: /home/lucasb/OpenManipulatorXRoboticArmKinematics/open_mx/install/dynamixel_sdk_custom_interfaces/local/lib/python3.10/dist-packages/dynamixel_sdk_custom_interfaces/_dynamixel_sdk_custom_interfaces_s.ep.rosidl_typesupport_introspection_c.c
[8.192s] -- Up-to-date symlink: /home/lucasb/OpenManipulatorXRoboticArmKinematics/open_mx/install/dynamixel_sdk_custom_interfaces/local/lib/python3.10/dist-packages/dynamixel_sdk_custom_interfaces/dynamixel_sdk_custom_interfaces_s__rosidl_typesupport_c.cpython-310-x86_64-linux-gnu.so
[8.193s] -- Up-to-date symlink: /home/lucasb/OpenManipulatorXRoboticArmKinematics/open_mx/install/dynamixel_sdk_custom_interfaces/local/lib/python3.10/dist-packages/dynamixel_sdk_custom_interfaces/dynamixel_sdk_custom_interfaces_s__rosidl_typesupport_fastrtps_c.cpython-310-x86_64-linux-gnu.so
[8.195s] -- Up-to-date symlink: /home/lucasb/OpenManipulatorXRoboticArmKinematics/open_mx/install/dynamixel_sdk_custom_interfaces/local/lib/python3.10/dist-packages/dynamixel_sdk_custom_interfaces/dynamixel_sdk_custom_interfaces_s__rosidl_typesupport_introspection_c.cpython-310-x86_64-linux-gnu.so
[8.195s] -- Up-to-date symlink: /home/lucasb/OpenManipulatorXRoboticArmKinematics/open_mx/install/dynamixel_sdk_custom_interfaces/local/lib/python3.10/dist-packages/dynamixel_sdk_custom_interfaces/libdynamixel_sdk_custom_interfaces__rosidl_generator_py.so
[8.196s] -- Up-to-date symlink: /home/lucasb/OpenManipulatorXRoboticArmKinematics/open_mx/install/dynamixel_sdk_custom_interfaces/local/lib/python3.10/dist-packages/dynamixel_sdk_custom_interfaces/msg/__init__.py
[8.197s] -- Up-to-date symlink: /home/lucasb/OpenManipulatorXRoboticArmKinematics/open_mx/install/dynamixel_sdk_custom_interfaces/local/lib/python3.10/dist-packages/dynamixel_sdk_custom_interfaces/msg/_set_position.py
[8.197s] -- Up-to-date symlink: /home/lucasb/OpenManipulatorXRoboticArmKinematics/open_mx/install/dynamixel_sdk_custom_interfaces/local/lib/python3.10/dist-packages/dynamixel_sdk_custom_interfaces/msg/_set_position_s.c
[8.197s] -- Up-to-date symlink: /home/lucasb/OpenManipulatorXRoboticArmKinematics/open_mx/install/dynamixel_sdk_custom_interfaces/local/lib/python3.10/dist-packages/dynamixel_sdk_custom_interfaces/srv/__init__.py
[8.198s] -- Up-to-date symlink: /home/lucasb/OpenManipulatorXRoboticArmKinematics/open_mx/install/dynamixel_sdk_custom_interfaces/local/lib/python3.10/dist-packages/dynamixel_sdk_custom_interfaces/srv/_get_position.py
[8.198s] -- Up-to-date symlink: /home/lucasb/OpenManipulatorXRoboticArmKinematics/open_mx/install/dynamixel_sdk_custom_interfaces/local/lib/python3.10/dist-packages/dynamixel_sdk_custom_interfaces/srv/_get_position_s.c
[8.199s] -- Up-to-date symlink: /home/lucasb/OpenManipulatorXRoboticArmKinematics/open_mx/install/dynamixel_sdk_custom_interfaces/local/lib/python3.10/dist-packages/dynamixel_sdk_custom_interfaces/dynamixel_sdk_custom_interfaces_s__rosidl_typesupport_fastrtps_c.cpython-310-x86_64-linux-gnu.so
[8.200s] -- Up-to-date symlink: /home/lucasb/OpenManipulatorXRoboticArmKinematics/open_mx/install/dynamixel_sdk_custom_interfaces/local/lib/python3.10/dist-packages/dynamixel_sdk_custom_interfaces/dynamixel_sdk_custom_interfaces_s__rosidl_typesupport_introspection_c.cpython-310-x86_64-linux-gnu.so
[8.201s] -- Up-to-date symlink: /home/lucasb/OpenManipulatorXRoboticArmKinematics/open_mx/install/dynamixel_sdk_custom_interfaces/local/lib/python3.10/dist-packages/dynamixel_sdk_custom_interfaces/dynamixel_sdk_custom_interfaces_s__rosidl_typesupport_c.cpython-310-x86_64-linux-gnu.so
[8.201s] -- Up-to-date symlink: /home/lucasb/OpenManipulatorXRoboticArmKinematics/open_mx/install/dynamixel_sdk_custom_interfaces/share/dynamixel_sdk_custom_interfaces/msg/SetPosition.idl
[8.202s] -- Up-to-date symlink: /home/lucasb/OpenManipulatorXRoboticArmKinematics/open_mx/install/dynamixel_sdk_custom_interfaces/share/dynamixel_sdk_custom_interfaces/srv/GetPosition.idl
[8.203s] -- Up-to-date symlink: /home/lucasb/OpenManipulatorXRoboticArmKinematics/open_mx/install/dynamixel_sdk_custom_interfaces/share/dynamixel_sdk_custom_interfaces/msg/SetPosition.msg
[8.204s] -- Up-to-date symlink: /home/lucasb/OpenManipulatorXRoboticArmKinematics/open_mx/install/dynamixel_sdk_custom_interfaces/share/dynamixel_sdk_custom_interfaces/srv/GetPosition.srv
[8.204s] -- Up-to-date symlink: /home/lucasb/OpenManipulatorXRoboticArmKinematics/open_mx/install/dynamixel_sdk_custom_interfaces/share/dynamixel_sdk_custom_interfaces/srv/GetPosition_Request.msg
[8.205s] -- Up-to-date symlink: /home/lucasb/OpenManipulatorXRoboticArmKinematics/open_mx/install/dynamixel_sdk_custom_interfaces/share/dynamixel_sdk_custom_interfaces/srv/GetPosition_Response.msg
[8.206s] -- Up-to-date symlink: /home/lucasb/OpenManipulatorXRoboticArmKinematics/open_mx/install/dynamixel_sdk_custom_interfaces/share/ament_index/resource_index/package_run_dependencies/dynamixel_sdk_custom_interfaces
[8.207s] -- Up-to-date symlink: /home/lucasb/OpenManipulatorXRoboticArmKinematics/open_mx/install/dynamixel_sdk_custom_interfaces/share/ament_index/resource_index/parent_prefix_path/dynamixel_sdk_custom_interfaces
[8.208s] -- Up-to-date symlink: /home/lucasb/OpenManipulatorXRoboticArmKinematics/open_mx/install/dynamixel_sdk_custom_interfaces/share/dynamixel_sdk_custom_interfaces/environment/ament_prefix_path.sh
[8.208s] -- Up-to-date symlink: /home/lucasb/OpenManipulatorXRoboticArmKinematics/open_mx/install/dynamixel_sdk_custom_interfaces/share/dynamixel_sdk_custom_interfaces/environment/ament_prefix_path.dsv
[8.210s] -- Up-to-date symlink: /home/lucasb/OpenManipulatorXRoboticArmKinematics/open_mx/install/dynamixel_sdk_custom_interfaces/share/dynamixel_sdk_custom_interfaces/environment/path.sh
[8.210s] -- Up-to-date symlink: /home/lucasb/OpenManipulatorXRoboticArmKinematics/open_mx/install/dynamixel_sdk_custom_interfaces/share/dynamixel_sdk_custom_interfaces/environment/path.dsv
[8.212s] -- Up-to-date symlink: /home/lucasb/OpenManipulatorXRoboticArmKinematics/open_mx/install/dynamixel_sdk_custom_interfaces/share/dynamixel_sdk_custom_interfaces/local_setup.bash
[8.212s] -- Up-to-date symlink: /home/lucasb/OpenManipulatorXRoboticArmKinematics/open_mx/install/dynamixel_sdk_custom_interfaces/share/dynamixel_sdk_custom_interfaces/local_setup.sh
[8.213s] -- Up-to-date symlink: /home/lucasb/OpenManipulatorXRoboticArmKinematics/open_mx/install/dynamixel_sdk_custom_interfaces/share/dynamixel_sdk_custom_interfaces/local_setup.zsh
[8.213s] -- Up-to-date symlink: /home/lucasb/OpenManipulatorXRoboticArmKinematics/open_mx/install/dynamixel_sdk_custom_interfaces/share/dynamixel_sdk_custom_interfaces/local_setup.dsv
[8.213s] -- Symlinking: /home/lucasb/OpenManipulatorXRoboticArmKinematics/open_mx/install/dynamixel_sdk_custom_interfaces/share/dynamixel_sdk_custom_interfaces/package.dsv
[8.268s] -- Up-to-date symlink: /home/lucasb/OpenManipulatorXRoboticArmKinematics/open_mx/install/dynamixel_sdk_custom_interfaces/share/ament_index/resource_index/packages/dynamixel_sdk_custom_interfaces
[8.269s] -- Up-to-date symlink: /home/lucasb/OpenManipulatorXRoboticArmKinematics/open_mx/install/dynamixel_sdk_custom_interfaces/share/dynamixel_sdk_custom_interfaces/cmake/rosidl_cmake-extras.cmake
[8.271s] -- Up-to-date symlink: /home/lucasb/OpenManipulatorXRoboticArmKinematics/open_mx/install/dynamixel_sdk_custom_interfaces/share/dynamixel_sdk_custom_interfaces/cmake/ament_cmake_export_dependencies-extras.cmake
[8.272s] -- Up-to-date symlink: /home/lucasb/OpenManipulatorXRoboticArmKinematics/open_mx/install/dynamixel_sdk_custom_interfaces/share/dynamixel_sdk_custom_interfaces/cmake/ament_cmake_export_include_directories-extras.cmake
[8.273s] -- Up-to-date symlink: /home/lucasb/OpenManipulatorXRoboticArmKinematics/open_mx/install/dynamixel_sdk_custom_interfaces/share/dynamixel_sdk_custom_interfaces/cmake/ament_cmake_export_libraries-extras.cmake
[8.274s] -- Up-to-date symlink: /home/lucasb/OpenManipulatorXRoboticArmKinematics/open_mx/install/dynamixel_sdk_custom_interfaces/share/dynamixel_sdk_custom_interfaces/cmake/ament_cmake_export_targets-extras.cmake
[8.275s] -- Up-to-date symlink: /home/lucasb/OpenManipulatorXRoboticArmKinematics/open_mx/install/dynamixel_sdk_custom_interfaces/share/dynamixel_sdk_custom_interfaces/cmake/rosidl_cmake_export_typesupport_targets-extras.cmake
[8.276s] -- Up-to-date symlink: /home/lucasb/OpenManipulatorXRoboticArmKinematics/open_mx/install/dynamixel_sdk_custom_interfaces/share/dynamixel_sdk_custom_interfaces/cmake/rosidl_cmake_export_typesupport_libraries-extras.cmake
[8.277s] -- Up-to-date symlink: /home/lucasb/OpenManipulatorXRoboticArmKinematics/open_mx/install/dynamixel_sdk_custom_interfaces/share/dynamixel_sdk_custom_interfaces/cmake/dynamixel_sdk_custom_interfacesConfig.cmake
[8.278s] -- Up-to-date symlink: /home/lucasb/OpenManipulatorXRoboticArmKinematics/open_mx/install/dynamixel_sdk_custom_interfaces/share/dynamixel_sdk_custom_interfaces/cmake/dynamixel_sdk_custom_interfacesConfig-version.cmake
[8.278s] -- Up-to-date symlink: /home/lucasb/OpenManipulatorXRoboticArmKinematics/open_mx/install/dynamixel_sdk_custom_interfaces/share/dynamixel_sdk_custom_interfaces/package.xml
[8.279s] -- Installing: /home/lucasb/OpenManipulatorXRoboticArmKinematics/open_mx/install/dynamixel_sdk_custom_interfaces/lib/libdynamixel_sdk_custom_interfaces__rosidl_generator_c.so
[8.281s] -- Set runtime path of "/home/lucasb/OpenManipulatorXRoboticArmKinematics/open_mx/install/dynamixel_sdk_custom_interfaces/lib/libdynamixel_sdk_custom_interfaces__rosidl_generator_c.so" to ""
[8.282s] -- Installing: /home/lucasb/OpenManipulatorXRoboticArmKinematics/open_mx/install/dynamixel_sdk_custom_interfaces/lib/libdynamixel_sdk_custom_interfaces__rosidl_typesupport_fastrtps_c.so
[8.284s] -- Set runtime path of "/home/lucasb/OpenManipulatorXRoboticArmKinematics/open_mx/install/dynamixel_sdk_custom_interfaces/lib/libdynamixel_sdk_custom_interfaces__rosidl_typesupport_fastrtps_c.so" to ""
[8.285s] -- Installing: /home/lucasb/OpenManipulatorXRoboticArmKinematics/open_mx/install/dynamixel_sdk_custom_interfaces/lib/libdynamixel_sdk_custom_interfaces__rosidl_typesupport_fastrtps_cpp.so
[8.285s] -- Set runtime path of "/home/lucasb/OpenManipulatorXRoboticArmKinematics/open_mx/install/dynamixel_sdk_custom_interfaces/lib/libdynamixel_sdk_custom_interfaces__rosidl_typesupport_fastrtps_cpp.so" to ""
[8.287s] -- Installing: /home/lucasb/OpenManipulatorXRoboticArmKinematics/open_mx/install/dynamixel_sdk_custom_interfaces/lib/libdynamixel_sdk_custom_interfaces__rosidl_typesupport_introspection_c.so
[8.288s] -- Set runtime path of "/home/lucasb/OpenManipulatorXRoboticArmKinematics/open_mx/install/dynamixel_sdk_custom_interfaces/lib/libdynamixel_sdk_custom_interfaces__rosidl_typesupport_introspection_c.so" to ""
[8.289s] -- Installing: /home/lucasb/OpenManipulatorXRoboticArmKinematics/open_mx/install/dynamixel_sdk_custom_interfaces/lib/libdynamixel_sdk_custom_interfaces__rosidl_typesupport_c.so
[8.290s] -- Set runtime path of "/home/lucasb/OpenManipulatorXRoboticArmKinematics/open_mx/install/dynamixel_sdk_custom_interfaces/lib/libdynamixel_sdk_custom_interfaces__rosidl_typesupport_c.so" to ""
[8.291s] -- Installing: /home/lucasb/OpenManipulatorXRoboticArmKinematics/open_mx/install/dynamixel_sdk_custom_interfaces/lib/libdynamixel_sdk_custom_interfaces__rosidl_typesupport_introspection_cpp.so
[8.291s] -- Set runtime path of "/home/lucasb/OpenManipulatorXRoboticArmKinematics/open_mx/install/dynamixel_sdk_custom_interfaces/lib/libdynamixel_sdk_custom_interfaces__rosidl_typesupport_introspection_cpp.so" to ""
[8.292s] -- Installing: /home/lucasb/OpenManipulatorXRoboticArmKinematics/open_mx/install/dynamixel_sdk_custom_interfaces/lib/libdynamixel_sdk_custom_interfaces__rosidl_typesupport_cpp.so
[8.294s] -- Set runtime path of "/home/lucasb/OpenManipulatorXRoboticArmKinematics/open_mx/install/dynamixel_sdk_custom_interfaces/lib/libdynamixel_sdk_custom_interfaces__rosidl_typesupport_cpp.so" to ""
[8.521s] Listing '/home/lucasb/OpenManipulatorXRoboticArmKinematics/open_mx/install/dynamixel_sdk_custom_interfaces/local/lib/python3.10/dist-packages/dynamixel_sdk_custom_interfaces'...
[8.522s] Compiling '/home/lucasb/OpenManipulatorXRoboticArmKinematics/open_mx/install/dynamixel_sdk_custom_interfaces/local/lib/python3.10/dist-packages/dynamixel_sdk_custom_interfaces/__init__.py'...
[8.522s] Listing '/home/lucasb/OpenManipulatorXRoboticArmKinematics/open_mx/install/dynamixel_sdk_custom_interfaces/local/lib/python3.10/dist-packages/dynamixel_sdk_custom_interfaces/msg'...
[8.523s] Compiling '/home/lucasb/OpenManipulatorXRoboticArmKinematics/open_mx/install/dynamixel_sdk_custom_interfaces/local/lib/python3.10/dist-packages/dynamixel_sdk_custom_interfaces/msg/__init__.py'...
[8.523s] Compiling '/home/lucasb/OpenManipulatorXRoboticArmKinematics/open_mx/install/dynamixel_sdk_custom_interfaces/local/lib/python3.10/dist-packages/dynamixel_sdk_custom_interfaces/msg/_set_position.py'...
[8.524s] Listing '/home/lucasb/OpenManipulatorXRoboticArmKinematics/open_mx/install/dynamixel_sdk_custom_interfaces/local/lib/python3.10/dist-packages/dynamixel_sdk_custom_interfaces/srv'...
[8.525s] Compiling '/home/lucasb/OpenManipulatorXRoboticArmKinematics/open_mx/install/dynamixel_sdk_custom_interfaces/local/lib/python3.10/dist-packages/dynamixel_sdk_custom_interfaces/srv/__init__.py'...
[8.525s] Compiling '/home/lucasb/OpenManipulatorXRoboticArmKinematics/open_mx/install/dynamixel_sdk_custom_interfaces/local/lib/python3.10/dist-packages/dynamixel_sdk_custom_interfaces/srv/_get_position.py'...
[8.547s] -- Installing: /home/lucasb/OpenManipulatorXRoboticArmKinematics/open_mx/install/dynamixel_sdk_custom_interfaces/lib/libdynamixel_sdk_custom_interfaces__rosidl_generator_py.so
[8.549s] -- Set runtime path of "/home/lucasb/OpenManipulatorXRoboticArmKinematics/open_mx/install/dynamixel_sdk_custom_interfaces/lib/libdynamixel_sdk_custom_interfaces__rosidl_generator_py.so" to ""
[8.551s] -- Up-to-date: /home/lucasb/OpenManipulatorXRoboticArmKinematics/open_mx/install/dynamixel_sdk_custom_interfaces/share/dynamixel_sdk_custom_interfaces/cmake/export_dynamixel_sdk_custom_interfaces__rosidl_generator_cExport.cmake
[8.552s] -- Up-to-date: /home/lucasb/OpenManipulatorXRoboticArmKinematics/open_mx/install/dynamixel_sdk_custom_interfaces/share/dynamixel_sdk_custom_interfaces/cmake/export_dynamixel_sdk_custom_interfaces__rosidl_generator_cExport-noconfig.cmake
[8.553s] -- Up-to-date: /home/lucasb/OpenManipulatorXRoboticArmKinematics/open_mx/install/dynamixel_sdk_custom_interfaces/share/dynamixel_sdk_custom_interfaces/cmake/export_dynamixel_sdk_custom_interfaces__rosidl_typesupport_fastrtps_cExport.cmake
[8.554s] -- Up-to-date: /home/lucasb/OpenManipulatorXRoboticArmKinematics/open_mx/install/dynamixel_sdk_custom_interfaces/share/dynamixel_sdk_custom_interfaces/cmake/export_dynamixel_sdk_custom_interfaces__rosidl_typesupport_fastrtps_cExport-noconfig.cmake
[8.557s] -- Up-to-date: /home/lucasb/OpenManipulatorXRoboticArmKinematics/open_mx/install/dynamixel_sdk_custom_interfaces/share/dynamixel_sdk_custom_interfaces/cmake/export_dynamixel_sdk_custom_interfaces__rosidl_generator_cppExport.cmake
[8.558s] -- Up-to-date: /home/lucasb/OpenManipulatorXRoboticArmKinematics/open_mx/install/dynamixel_sdk_custom_interfaces/share/dynamixel_sdk_custom_interfaces/cmake/export_dynamixel_sdk_custom_interfaces__rosidl_typesupport_fastrtps_cppExport.cmake
[8.559s] -- Up-to-date: /home/lucasb/OpenManipulatorXRoboticArmKinematics/open_mx/install/dynamixel_sdk_custom_interfaces/share/dynamixel_sdk_custom_interfaces/cmake/export_dynamixel_sdk_custom_interfaces__rosidl_typesupport_fastrtps_cppExport-noconfig.cmake
[8.560s] -- Up-to-date: /home/lucasb/OpenManipulatorXRoboticArmKinematics/open_mx/install/dynamixel_sdk_custom_interfaces/share/dynamixel_sdk_custom_interfaces/cmake/dynamixel_sdk_custom_interfaces__rosidl_typesupport_introspection_cExport.cmake
[8.560s] -- Up-to-date: /home/lucasb/OpenManipulatorXRoboticArmKinematics/open_mx/install/dynamixel_sdk_custom_interfaces/share/dynamixel_sdk_custom_interfaces/cmake/dynamixel_sdk_custom_interfaces__rosidl_typesupport_introspection_cExport-noconfig.cmake
[8.561s] -- Up-to-date: /home/lucasb/OpenManipulatorXRoboticArmKinematics/open_mx/install/dynamixel_sdk_custom_interfaces/share/dynamixel_sdk_custom_interfaces/cmake/dynamixel_sdk_custom_interfaces__rosidl_typesupport_cExport.cmake
[8.562s] -- Up-to-date: /home/lucasb/OpenManipulatorXRoboticArmKinematics/open_mx/install/dynamixel_sdk_custom_interfaces/share/dynamixel_sdk_custom_interfaces/cmake/dynamixel_sdk_custom_interfaces__rosidl_typesupport_cExport-noconfig.cmake
[8.563s] -- Up-to-date: /home/lucasb/OpenManipulatorXRoboticArmKinematics/open_mx/install/dynamixel_sdk_custom_interfaces/share/dynamixel_sdk_custom_interfaces/cmake/dynamixel_sdk_custom_interfaces__rosidl_typesupport_introspection_cppExport.cmake
[8.563s] -- Up-to-date: /home/lucasb/OpenManipulatorXRoboticArmKinematics/open_mx/install/dynamixel_sdk_custom_interfaces/share/dynamixel_sdk_custom_interfaces/cmake/dynamixel_sdk_custom_interfaces__rosidl_typesupport_introspection_cppExport-noconfig.cmake
[8.564s] -- Up-to-date: /home/lucasb/OpenManipulatorXRoboticArmKinematics/open_mx/install/dynamixel_sdk_custom_interfaces/share/dynamixel_sdk_custom_interfaces/cmake/dynamixel_sdk_custom_interfaces__rosidl_typesupport_cppExport.cmake
[8.564s] -- Up-to-date: /home/lucasb/OpenManipulatorXRoboticArmKinematics/open_mx/install/dynamixel_sdk_custom_interfaces/share/dynamixel_sdk_custom_interfaces/cmake/dynamixel_sdk_custom_interfaces__rosidl_typesupport_cppExport-noconfig.cmake
[8.565s] -- Up-to-date: /home/lucasb/OpenManipulatorXRoboticArmKinematics/open_mx/install/dynamixel_sdk_custom_interfaces/share/dynamixel_sdk_custom_interfaces/cmake/export_dynamixel_sdk_custom_interfaces__rosidl_generator_pyExport.cmake
[8.565s] -- Up-to-date: /home/lucasb/OpenManipulatorXRoboticArmKinematics/open_mx/install/dynamixel_sdk_custom_interfaces/share/dynamixel_sdk_custom_interfaces/cmake/export_dynamixel_sdk_custom_interfaces__rosidl_generator_pyExport-noconfig.cmake
[8.575s] Invoked command in '/home/lucasb/OpenManipulatorXRoboticArmKinematics/open_mx/build/dynamixel_sdk_custom_interfaces' returned '0': CMAKE_PREFIX_PATH=${CMAKE_PREFIX_PATH}:/home/lucasb/OpenManipulatorXRoboticArmKinematics/open_mx/install/robot_omx:/home/lucasb/OpenManipulatorXRoboticArmKinematics/open_mx/install/rbe500_example_py:/opt/ros/humble /usr/bin/cmake --install /home/lucasb/OpenManipulatorXRoboticArmKinematics/open_mx/build/dynamixel_sdk_custom_interfaces
